==============================================================
File generated by Vivado(TM) HLS - High-Level Synthesis from C, C++ and SystemC
Version: 2016.1
Copyright (C) 1986-2016 Xilinx, Inc. All Rights Reserved.

==============================================================

@I [SYN-201] Setting up clock 'default' with a period of 10ns.
@I [HLS-10] Setting target device to 'xc7a35ticsg324-1l'
@I [SYN-201] Setting up clock 'default' with a period of 10ns.
@I [HLS-10] Analyzing design file 'i2c_slave_core.c' ... 
@I [HLS-10] Validating synthesis directives ...
@I [HLS-10] Starting code transformations ...
@I [XFORM-603] Inlining function 'read_i2c' into 'i2c_slave_core' (i2c_slave_core.c:466).
@I [XFORM-603] Inlining function 'read_i2c' into 'i2c_slave_core' (i2c_slave_core.c:460).
@I [XFORM-603] Inlining function 'read_i2c' into 'i2c_slave_core' (i2c_slave_core.c:438).
@I [XFORM-603] Inlining function 'read_i2c' into 'i2c_slave_core' (i2c_slave_core.c:430).
@I [XFORM-603] Inlining function 'read_i2c' into 'i2c_slave_core' (i2c_slave_core.c:415).
@I [XFORM-603] Inlining function 'read_i2c' into 'i2c_slave_core' (i2c_slave_core.c:411).
@I [XFORM-603] Inlining function 'read_i2c' into 'i2c_slave_core' (i2c_slave_core.c:396).
@I [XFORM-603] Inlining function 'read_i2c' into 'i2c_slave_core' (i2c_slave_core.c:389).
@I [XFORM-603] Inlining function 'read_i2c' into 'i2c_slave_core' (i2c_slave_core.c:377).
@I [XFORM-603] Inlining function 'read_i2c' into 'i2c_slave_core' (i2c_slave_core.c:370).
@I [XFORM-603] Inlining function 'read_i2c' into 'i2c_slave_core' (i2c_slave_core.c:344).
@I [XFORM-603] Inlining function 'read_i2c' into 'i2c_slave_core' (i2c_slave_core.c:340).
@I [XFORM-603] Inlining function 'read_i2c' into 'i2c_slave_core' (i2c_slave_core.c:325).
@I [XFORM-603] Inlining function 'read_i2c' into 'i2c_slave_core' (i2c_slave_core.c:317).
@I [XFORM-603] Inlining function 'read_i2c' into 'i2c_slave_core' (i2c_slave_core.c:299).
@I [XFORM-603] Inlining function 'read_i2c' into 'i2c_slave_core' (i2c_slave_core.c:293).
@I [XFORM-603] Inlining function 'read_i2c' into 'i2c_slave_core' (i2c_slave_core.c:286).
@I [XFORM-603] Inlining function 'read_i2c' into 'i2c_slave_core' (i2c_slave_core.c:275).
@I [XFORM-603] Inlining function 'read_i2c' into 'i2c_slave_core' (i2c_slave_core.c:271).
@I [XFORM-603] Inlining function 'read_i2c' into 'i2c_slave_core' (i2c_slave_core.c:260).
@I [XFORM-603] Inlining function 'read_i2c' into 'i2c_slave_core' (i2c_slave_core.c:253).
@I [XFORM-603] Inlining function 'read_i2c' into 'i2c_slave_core' (i2c_slave_core.c:242).
@I [XFORM-603] Inlining function 'read_i2c' into 'i2c_slave_core' (i2c_slave_core.c:238).
@I [XFORM-603] Inlining function 'read_i2c' into 'i2c_slave_core' (i2c_slave_core.c:228).
@I [XFORM-603] Inlining function 'read_i2c' into 'i2c_slave_core' (i2c_slave_core.c:221).
@I [XFORM-603] Inlining function 'read_i2c' into 'i2c_slave_core' (i2c_slave_core.c:209).
@I [XFORM-603] Inlining function 'read_i2c' into 'i2c_slave_core' (i2c_slave_core.c:202).
@I [XFORM-603] Inlining function 'read_i2c' into 'i2c_slave_core' (i2c_slave_core.c:191).
@I [XFORM-603] Inlining function 'read_i2c' into 'i2c_slave_core' (i2c_slave_core.c:184).
@I [XFORM-603] Inlining function 'read_i2c' into 'i2c_slave_core' (i2c_slave_core.c:179).
@I [HLS-10] Checking synthesizability ...
@I [XFORM-401] Performing if-conversion on hyperblock from (i2c_slave_core.c:450:4) to (i2c_slave_core.c:459:4) in function 'i2c_slave_core'... converting 3 basic blocks.
@I [XFORM-401] Performing if-conversion on hyperblock from (i2c_slave_core.c:76:2) to (i2c_slave_core.c:410:3) in function 'i2c_slave_core'... converting 3 basic blocks.
@W [XFORM-561] 'Loop-1' (i2c_slave_core.c:178:3) in function 'i2c_slave_core' is an infinite loop.
@W [XFORM-562] Loop 'Loop-1.2' (i2c_slave_core.c:185) in function 'i2c_slave_core' has unknown bound because it has multiple exiting blocks.
@W [XFORM-562] Loop 'Loop-1.3' (i2c_slave_core.c:192) in function 'i2c_slave_core' has unknown bound because it has multiple exiting blocks.
@W [XFORM-562] Loop 'Loop-1.13' (i2c_slave_core.c:295) in function 'i2c_slave_core' has unknown bound because it has multiple exiting blocks.
@W [XFORM-562] Loop 'Loop-1.20.1.1' (i2c_slave_core.c:431) in function 'i2c_slave_core' has unknown bound because it has multiple exiting blocks.
@W [XFORM-562] Loop 'Loop-1.20.1.2' (i2c_slave_core.c:439) in function 'i2c_slave_core' has unknown bound because it has multiple exiting blocks.
@W [XFORM-562] Loop 'Loop-1.20' (i2c_slave_core.c:428) in function 'i2c_slave_core' has unknown bound because it has multiple exiting blocks.
@W [XFORM-562] Loop 'Loop-1.21.1.2' (i2c_slave_core.c:326) in function 'i2c_slave_core' has unknown bound because it has multiple exiting blocks.
@W [XFORM-562] Loop 'Loop-1.21.1' (i2c_slave_core.c:314) in function 'i2c_slave_core' has unknown bound because it has multiple exiting blocks.
@I [HLS-111] Elapsed time: 15.633 seconds; current memory usage: 98.7 MB.
@I [HLS-10] Starting hardware synthesis ...
@I [HLS-10] Synthesizing 'i2c_slave_core' ...
@I [HLS-10] ----------------------------------------------------------------
@I [HLS-10] -- Scheduling module 'i2c_slave_core_read_mem' 
@I [HLS-10] ----------------------------------------------------------------
@I [SCHED-11] Starting scheduling ...
@I [SCHED-11] Finished scheduling.
@I [HLS-111] Elapsed time: 0.301 seconds; current memory usage: 101 MB.
@I [HLS-10] ----------------------------------------------------------------
@I [HLS-10] -- Exploring micro-architecture for module 'i2c_slave_core_read_mem' 
@I [HLS-10] ----------------------------------------------------------------
@I [BIND-100] Starting micro-architecture generation ...
@I [BIND-101] Performing variable lifetime analysis.
@I [BIND-101] Exploring resource sharing.
@I [BIND-101] Binding ...
@I [BIND-100] Finished micro-architecture generation.
@I [HLS-111] Elapsed time: 0.085 seconds; current memory usage: 101 MB.
@I [HLS-10] ----------------------------------------------------------------
@I [HLS-10] -- Scheduling module 'i2c_slave_core_write_mem' 
@I [HLS-10] ----------------------------------------------------------------
@I [SCHED-11] Starting scheduling ...
@I [SCHED-11] Finished scheduling.
@I [HLS-111] Elapsed time: 0.1 seconds; current memory usage: 101 MB.
@I [HLS-10] ----------------------------------------------------------------
@I [HLS-10] -- Exploring micro-architecture for module 'i2c_slave_core_write_mem' 
@I [HLS-10] ----------------------------------------------------------------
@I [BIND-100] Starting micro-architecture generation ...
@I [BIND-101] Performing variable lifetime analysis.
@I [BIND-101] Exploring resource sharing.
@I [BIND-101] Binding ...
@I [BIND-100] Finished micro-architecture generation.
@I [HLS-111] Elapsed time: 0.116 seconds; current memory usage: 101 MB.
@I [HLS-10] ----------------------------------------------------------------
@I [HLS-10] -- Scheduling module 'i2c_slave_core' 
@I [HLS-10] ----------------------------------------------------------------
@I [SCHED-11] Starting scheduling ...
@I [SCHED-11] Finished scheduling.
@I [HLS-111] Elapsed time: 0.349 seconds; current memory usage: 106 MB.
@I [HLS-10] ----------------------------------------------------------------
@I [HLS-10] -- Exploring micro-architecture for module 'i2c_slave_core' 
@I [HLS-10] ----------------------------------------------------------------
@I [BIND-100] Starting micro-architecture generation ...
@I [BIND-101] Performing variable lifetime analysis.
@I [BIND-101] Exploring resource sharing.
@I [BIND-101] Binding ...
@I [BIND-100] Finished micro-architecture generation.
@I [HLS-111] Elapsed time: 0.438 seconds; current memory usage: 106 MB.
@I [HLS-10] ----------------------------------------------------------------
@I [HLS-10] -- Generating RTL for module 'i2c_slave_core_read_mem' 
@I [HLS-10] ----------------------------------------------------------------
@I [RTGEN-100] Finished creating RTL model for 'i2c_slave_core_read_mem'.
@I [HLS-111] Elapsed time: 0.522 seconds; current memory usage: 105 MB.
@I [HLS-10] ----------------------------------------------------------------
@I [HLS-10] -- Generating RTL for module 'i2c_slave_core_write_mem' 
@I [HLS-10] ----------------------------------------------------------------
@I [RTGEN-100] Finished creating RTL model for 'i2c_slave_core_write_mem'.
@I [HLS-111] Elapsed time: 0.247 seconds; current memory usage: 106 MB.
@I [HLS-10] ----------------------------------------------------------------
@I [HLS-10] -- Generating RTL for module 'i2c_slave_core' 
@I [HLS-10] ----------------------------------------------------------------
@I [RTGEN-500] Setting interface mode on port 'i2c_slave_core/i2c_in' to 'ap_none'.
@I [RTGEN-500] Setting interface mode on port 'i2c_slave_core/i2c_sda_out' to 'ap_none' (register).
@W [RTGEN-101] Port 'i2c_sda_out' with mode 'ap_none' may require an associated data valid signal to correctly communicate with other blocks or a test bench; automatic C/RTL co-simulation may not be able to verify such a port.
@I [RTGEN-500] Setting interface mode on port 'i2c_slave_core/i2c_sda_oe' to 'ap_none' (register).
@W [RTGEN-101] Port 'i2c_sda_oe' with mode 'ap_none' may require an associated data valid signal to correctly communicate with other blocks or a test bench; automatic C/RTL co-simulation may not be able to verify such a port.
@I [RTGEN-500] Setting interface mode on port 'i2c_slave_core/dev_addr_in' to 'ap_none'.
@I [RTGEN-500] Setting interface mode on port 'i2c_slave_core/auto_inc_regad_in' to 'ap_none'.
@I [RTGEN-500] Setting interface mode on port 'i2c_slave_core/mem_addr' to 'ap_none' (register).
@W [RTGEN-101] Port 'mem_addr' with mode 'ap_none' may require an associated data valid signal to correctly communicate with other blocks or a test bench; automatic C/RTL co-simulation may not be able to verify such a port.
@I [RTGEN-500] Setting interface mode on port 'i2c_slave_core/mem_din' to 'ap_none'.
@I [RTGEN-500] Setting interface mode on port 'i2c_slave_core/mem_dout' to 'ap_none' (register).
@W [RTGEN-101] Port 'mem_dout' with mode 'ap_none' may require an associated data valid signal to correctly communicate with other blocks or a test bench; automatic C/RTL co-simulation may not be able to verify such a port.
@I [RTGEN-500] Setting interface mode on port 'i2c_slave_core/mem_wreq' to 'ap_none' (register).
@W [RTGEN-101] Port 'mem_wreq' with mode 'ap_none' may require an associated data valid signal to correctly communicate with other blocks or a test bench; automatic C/RTL co-simulation may not be able to verify such a port.
@I [RTGEN-500] Setting interface mode on port 'i2c_slave_core/mem_wack' to 'ap_none'.
@I [RTGEN-500] Setting interface mode on port 'i2c_slave_core/mem_rreq' to 'ap_none' (register).
@W [RTGEN-101] Port 'mem_rreq' with mode 'ap_none' may require an associated data valid signal to correctly communicate with other blocks or a test bench; automatic C/RTL co-simulation may not be able to verify such a port.
@I [RTGEN-500] Setting interface mode on port 'i2c_slave_core/mem_rack' to 'ap_none'.
@I [RTGEN-500] Setting interface mode on function 'i2c_slave_core' to 'ap_ctrl_hs'.
@W [RTGEN-101] Global scalar 'i2c_in' will be exposed as RTL port.
@W [RTGEN-101] Global scalar 'i2c_sda_out' will be exposed as RTL port.
@W [RTGEN-101] Global scalar 'i2c_sda_oe' will be exposed as RTL port.
@W [RTGEN-101] Global scalar 'dev_addr_in' will be exposed as RTL port.
@W [RTGEN-101] Global scalar 'auto_inc_regad_in' will be exposed as RTL port.
@W [RTGEN-101] Global scalar 'mem_addr' will be exposed as RTL port.
@W [RTGEN-101] Global scalar 'mem_din' will be exposed as RTL port.
@W [RTGEN-101] Global scalar 'mem_dout' will be exposed as RTL port.
@W [RTGEN-101] Global scalar 'mem_wreq' will be exposed as RTL port.
@W [RTGEN-101] Global scalar 'mem_wack' will be exposed as RTL port.
@W [RTGEN-101] Global scalar 'mem_rreq' will be exposed as RTL port.
@W [RTGEN-101] Global scalar 'mem_rack' will be exposed as RTL port.
@W [RTGEN-101] Global scalar 'i2c_val' will not be exposed as RTL port.
@I [RTGEN-100] Finished creating RTL model for 'i2c_slave_core'.
@I [HLS-111] Elapsed time: 0.772 seconds; current memory usage: 105 MB.
@I [HLS-10] Finished generating all RTL models.
@I [SYSC-301] Generating SystemC RTL for i2c_slave_core.
@I [VHDL-304] Generating VHDL RTL for i2c_slave_core.
@I [VLOG-307] Generating Verilog RTL for i2c_slave_core.
@I [HLS-112] Total elapsed time: 21.81 seconds; peak memory usage: 106 MB.
