

================================================================
== Vivado HLS Report for 'i2c_slave_core'
================================================================
* Date:           Fri May 27 18:05:55 2016

* Version:        2016.1 (Build 1538259 on Fri Apr 08 16:12:49 MDT 2016)
* Project:        i2c_slave_core
* Solution:       solution1
* Product family: artix7
* Target device:  xc7a35ticsg324-1l


================================================================
== Performance Estimates
================================================================
+ Timing (ns): 
    * Summary: 
    +--------+-------+----------+------------+
    |  Clock | Target| Estimated| Uncertainty|
    +--------+-------+----------+------------+
    |ap_clk  |  10.00|      3.04|        1.25|
    +--------+-------+----------+------------+

+ Latency (clock cycles): 
    * Summary: 
    +-----+-----+-----+-----+---------+
    |  Latency  |  Interval | Pipeline|
    | min | max | min | max |   Type  |
    +-----+-----+-----+-----+---------+
    |    ?|    ?|    ?|    ?|   none  |
    +-----+-----+-----+-----+---------+

    + Detail: 
        * Instance: 
        +-------------------------------------+--------------------------+-----+-----+-----+-----+---------+
        |                                     |                          |  Latency  |  Interval | Pipeline|
        |               Instance              |          Module          | min | max | min | max |   Type  |
        +-------------------------------------+--------------------------+-----+-----+-----+-----+---------+
        |grp_i2c_slave_core_write_mem_fu_444  |i2c_slave_core_write_mem  |    ?|    ?|    ?|    ?|   none  |
        |grp_i2c_slave_core_read_mem_fu_460   |i2c_slave_core_read_mem   |    ?|    ?|    ?|    ?|   none  |
        +-------------------------------------+--------------------------+-----+-----+-----+-----+---------+

        * Loop: 
        +-------------------------+-----+-----+----------+-----------+-----------+-------+----------+
        |                         |  Latency  | Iteration|  Initiation Interval  |  Trip |          |
        |        Loop Name        | min | max |  Latency |  achieved |   target  | Count | Pipelined|
        +-------------------------+-----+-----+----------+-----------+-----------+-------+----------+
        |- Loop 1                 |    ?|    ?|         ?|          -|          -|  inf  |    no    |
        | + Loop 1.1              |    ?|    ?|         1|          -|          -|      ?|    no    |
        | + Loop 1.2              |    ?|    ?|         1|          -|          -|      ?|    no    |
        | + Loop 1.3              |    ?|    ?|         1|          -|          -|      ?|    no    |
        | + Loop 1.4              |    ?|    ?|         ?|          -|          -|      7|    no    |
        |  ++ Loop 1.4.1          |    ?|    ?|         1|          -|          -|      ?|    no    |
        |  ++ Loop 1.4.2          |    ?|    ?|         1|          -|          -|      ?|    no    |
        | + Loop 1.5              |    ?|    ?|         1|          -|          -|      ?|    no    |
        | + Loop 1.6              |    ?|    ?|         1|          -|          -|      ?|    no    |
        | + Loop 1.7              |    ?|    ?|         1|          -|          -|      ?|    no    |
        | + Loop 1.8              |    ?|    ?|         1|          -|          -|      ?|    no    |
        | + Loop 1.9              |    ?|    ?|         ?|          -|          -|      8|    no    |
        |  ++ Loop 1.9.1          |    ?|    ?|         1|          -|          -|      ?|    no    |
        |  ++ Loop 1.9.2          |    ?|    ?|         1|          -|          -|      ?|    no    |
        | + Loop 1.10             |    ?|    ?|         1|          -|          -|      ?|    no    |
        | + Loop 1.11             |    ?|    ?|         1|          -|          -|      ?|    no    |
        | + Loop 1.12             |    ?|    ?|         1|          -|          -|      ?|    no    |
        | + Loop 1.13             |    ?|    ?|         1|          -|          -|      ?|    no    |
        | + Loop 1.14             |    ?|    ?|         1|          -|          -|      ?|    no    |
        | + label_read_start      |    ?|    ?|         ?|          -|          -|      7|    no    |
        |  ++ label_read_start.1  |    ?|    ?|         1|          -|          -|      ?|    no    |
        |  ++ label_read_start.2  |    ?|    ?|         1|          -|          -|      ?|    no    |
        | + Loop 1.16             |    ?|    ?|         1|          -|          -|      ?|    no    |
        | + Loop 1.17             |    ?|    ?|         1|          -|          -|      ?|    no    |
        | + Loop 1.18             |    ?|    ?|         1|          -|          -|      ?|    no    |
        | + Loop 1.19             |    ?|    ?|         1|          -|          -|      ?|    no    |
        | + Loop 1.20             |    ?|    ?|         ?|          -|          -|      ?|    no    |
        |  ++ Loop 1.20.1         |    ?|    ?|         ?|          -|          -| 1 ~ 8 |    no    |
        |   +++ Loop 1.20.1.1     |    ?|    ?|         1|          -|          -|      ?|    no    |
        |   +++ Loop 1.20.1.2     |    ?|    ?|         1|          -|          -|      ?|    no    |
        |  ++ Loop 1.20.2         |    ?|    ?|         1|          -|          -|      ?|    no    |
        |  ++ Loop 1.20.3         |    ?|    ?|         1|          -|          -|      ?|    no    |
        | + Loop 1.21             |    ?|    ?|         ?|          -|          -|      ?|    no    |
        |  ++ Loop 1.21.1         |    ?|    ?|         ?|          -|          -|      ?|    no    |
        |   +++ Loop 1.21.1.1     |    ?|    ?|         1|          -|          -|      ?|    no    |
        |   +++ Loop 1.21.1.2     |    ?|    ?|         1|          -|          -|      ?|    no    |
        |  ++ Loop 1.21.2         |    ?|    ?|         1|          -|          -|      ?|    no    |
        |  ++ Loop 1.21.3         |    ?|    ?|         1|          -|          -|      ?|    no    |
        +-------------------------+-----+-----+----------+-----------+-----------+-------+----------+



================================================================
== Utilization Estimates
================================================================
* Summary: 
+-----------------+---------+-------+-------+-------+
|       Name      | BRAM_18K| DSP48E|   FF  |  LUT  |
+-----------------+---------+-------+-------+-------+
|DSP              |        -|      -|      -|      -|
|Expression       |        -|      -|      0|    123|
|FIFO             |        -|      -|      -|      -|
|Instance         |        -|      -|     20|      4|
|Memory           |        -|      -|      -|      -|
|Multiplexer      |        -|      -|      -|    231|
|Register         |        -|      -|    298|      -|
+-----------------+---------+-------+-------+-------+
|Total            |        0|      0|    318|    358|
+-----------------+---------+-------+-------+-------+
|Available        |      100|     90|  41600|  20800|
+-----------------+---------+-------+-------+-------+
|Utilization (%)  |        0|      0|   ~0  |      1|
+-----------------+---------+-------+-------+-------+

+ Detail: 
    * Instance: 
    +-------------------------------------+--------------------------+---------+-------+----+----+
    |               Instance              |          Module          | BRAM_18K| DSP48E| FF | LUT|
    +-------------------------------------+--------------------------+---------+-------+----+----+
    |grp_i2c_slave_core_read_mem_fu_460   |i2c_slave_core_read_mem   |        0|      0|  14|   2|
    |grp_i2c_slave_core_write_mem_fu_444  |i2c_slave_core_write_mem  |        0|      0|   6|   2|
    +-------------------------------------+--------------------------+---------+-------+----+----+
    |Total                                |                          |        0|      0|  20|   4|
    +-------------------------------------+--------------------------+---------+-------+----+----+

    * DSP48: 
    N/A

    * Memory: 
    N/A

    * FIFO: 
    N/A

    * Expression: 
    +------------------------+----------+-------+---+----+------------+------------+
    |      Variable Name     | Operation| DSP48E| FF| LUT| Bitwidth P0| Bitwidth P1|
    +------------------------+----------+-------+---+----+------------+------------+
    |bit_cnt_10_fu_801_p2    |     +    |      0|  0|   4|           4|           1|
    |bit_cnt_6_fu_531_p2     |     +    |      0|  0|   3|           3|           1|
    |bit_cnt_7_fu_602_p2     |     +    |      0|  0|   4|           4|           1|
    |bit_cnt_8_fu_935_p2     |     +    |      0|  0|   4|           4|           1|
    |bit_cnt_9_fu_702_p2     |     +    |      0|  0|   3|           3|           1|
    |reg_addr_1_fu_958_p2    |     +    |      0|  0|   8|           8|           1|
    |reg_addr_2_fu_758_p2    |     +    |      0|  0|   8|           8|           1|
    |reg_addr_3_fu_860_p2    |     +    |      0|  0|   8|           8|           1|
    |not_ignore_3_fu_752_p2  |    and   |      0|  0|   1|           1|           1|
    |exitcond1_fu_525_p2     |   icmp   |      0|  0|   2|           3|           2|
    |exitcond2_fu_596_p2     |   icmp   |      0|  0|   2|           4|           5|
    |exitcond_fu_696_p2      |   icmp   |      0|  0|   2|           3|           2|
    |not_2_fu_708_p2         |   icmp   |      0|  0|   3|           7|           7|
    |not_s_fu_537_p2         |   icmp   |      0|  0|   3|           7|           7|
    |tmp_10_fu_842_p2        |   icmp   |      0|  0|   2|           4|           3|
    |brmerge1_fu_925_p2      |    or    |      0|  0|   1|           1|           1|
    |brmerge2_fu_807_p2      |    or    |      0|  0|   1|           1|           1|
    |brmerge3_fu_833_p2      |    or    |      0|  0|   1|           1|           1|
    |brmerge_fu_676_p2       |    or    |      0|  0|   1|           1|           1|
    |ignore_0_s_fu_570_p2    |    or    |      0|  0|   1|           1|           1|
    |p_ignore_2_fu_738_p2    |    or    |      0|  0|   1|           1|           1|
    |reg_data_8_fu_822_p2    |    or    |      0|  0|  12|           8|           1|
    |p_re_2_fu_964_p3        |  select  |      0|  0|   8|           1|           8|
    |re_1_s_fu_763_p3        |  select  |      0|  0|   8|           1|           8|
    |re_6_fu_769_p3          |  select  |      0|  0|   8|           1|           8|
    |re_7_s_fu_866_p3        |  select  |      0|  0|   8|           1|           8|
    |re_8_fu_873_p3          |  select  |      0|  0|   8|           1|           8|
    |grp_fu_488_p2           |    xor   |      0|  0|   2|           1|           2|
    |not_2_not_fu_747_p2     |    xor   |      0|  0|   2|           1|           2|
    |not_ignore_1_fu_579_p2  |    xor   |      0|  0|   2|           1|           2|
    |p_not1_fu_670_p2        |    xor   |      0|  0|   2|           1|           2|
    +------------------------+----------+-------+---+----+------------+------------+
    |Total                   |          |      0|  0| 123|          94|          90|
    +------------------------+----------+-------+---+----+------------+------------+

    * Multiplexer: 
    +-----------------------------------------+-----+-----------+-----+-----------+
    |                   Name                  | LUT | Input Size| Bits| Total Bits|
    +-----------------------------------------+-----+-----------+-----+-----------+
    |ap_NS_fsm                                |  102|         56|    1|         56|
    |bit_cnt_1_reg_266                        |    4|          2|    4|          8|
    |bit_cnt_3_reg_412                        |    4|          2|    4|          8|
    |bit_cnt_4_reg_295                        |    3|          2|    3|          6|
    |bit_cnt_5_reg_348                        |    4|          2|    4|          8|
    |bit_cnt_reg_255                          |    3|          2|    3|          6|
    |de_2_reg_306                             |    7|          2|    7|         14|
    |dev_addr_2_fu_114                        |    7|          2|    7|         14|
    |grp_i2c_slave_core_read_mem_fu_460_addr  |    8|          3|    8|         24|
    |i2c_sda_oe_1_data_in                     |    1|          6|    1|          6|
    |i2c_sda_out_1_data_in                    |    1|          6|    1|          6|
    |mem_addr_1_data_in                       |    8|          4|    8|         32|
    |mem_addr_1_vld_in                        |    1|          4|    1|          4|
    |mem_dout_1_data_in                       |    8|          3|    8|         24|
    |mem_dout_1_vld_in                        |    1|          3|    1|          3|
    |mem_rreq_1_data_in                       |    1|          3|    1|          3|
    |mem_rreq_1_vld_in                        |    1|          3|    1|          3|
    |mem_wreq_1_data_in                       |    1|          3|    1|          3|
    |mem_wreq_1_vld_in                        |    1|          3|    1|          3|
    |p_Val2_33_fu_122                         |    8|          4|    8|         32|
    |p_Val2_61_reg_316                        |    8|          2|    8|         16|
    |re_2_reg_399                             |    8|          3|    8|         24|
    |re_7_reg_338                             |    8|          2|    8|         16|
    |reg_addr_4_fu_118                        |    8|          3|    8|         24|
    |reg_data_1_reg_387                       |    8|          2|    8|         16|
    |reg_data_2_reg_422                       |    8|          2|    8|         16|
    |reg_data_4_reg_360                       |    8|          2|    8|         16|
    |terminate_read_reg_326                   |    1|          2|    1|          2|
    +-----------------------------------------+-----+-----------+-----+-----------+
    |Total                                    |  231|        133|  130|        393|
    +-----------------------------------------+-----+-----------+-----+-----------+

    * Register: 
    +-----------------------------------------------------+----+----+-----+-----------+
    |                         Name                        | FF | LUT| Bits| Const Bits|
    +-----------------------------------------------------+----+----+-----+-----------+
    |ap_CS_fsm                                            |  55|   0|   55|          0|
    |ap_reg_grp_i2c_slave_core_read_mem_fu_460_ap_start   |   1|   0|    1|          0|
    |ap_reg_grp_i2c_slave_core_write_mem_fu_444_ap_start  |   1|   0|    1|          0|
    |bit_cnt_10_reg_1231                                  |   4|   0|    4|          0|
    |bit_cnt_1_reg_266                                    |   4|   0|    4|          0|
    |bit_cnt_2_reg_371                                    |   1|   0|    1|          0|
    |bit_cnt_3_reg_412                                    |   4|   0|    4|          0|
    |bit_cnt_4_reg_295                                    |   3|   0|    3|          0|
    |bit_cnt_5_reg_348                                    |   4|   0|    4|          0|
    |bit_cnt_6_reg_1030                                   |   3|   0|    3|          0|
    |bit_cnt_7_reg_1092                                   |   4|   0|    4|          0|
    |bit_cnt_9_reg_1156                                   |   3|   0|    3|          0|
    |bit_cnt_reg_255                                      |   3|   0|    3|          0|
    |brmerge2_reg_1236                                    |   1|   0|    1|          0|
    |de_2_reg_306                                         |   7|   0|    7|          0|
    |dev_addr_1_reg_1170                                  |   7|   0|    7|          0|
    |dev_addr_2_fu_114                                    |   7|   0|    7|          0|
    |dev_addr_2_load_reg_1021                             |   7|   0|    7|          0|
    |dev_addr_reg_1043                                    |   7|   0|    7|          0|
    |i2c_sda_oe_1_data_reg                                |   1|   0|    1|          0|
    |i2c_sda_oe_1_vld_reg                                 |   0|   0|    1|          1|
    |i2c_sda_out_1_data_reg                               |   1|   0|    1|          0|
    |i2c_sda_out_1_vld_reg                                |   0|   0|    1|          1|
    |ignore_0_s_reg_1059                                  |   1|   0|    1|          0|
    |mem_addr_1_data_reg                                  |   8|   0|    8|          0|
    |mem_addr_1_vld_reg                                   |   0|   0|    1|          1|
    |mem_dout_1_data_reg                                  |   8|   0|    8|          0|
    |mem_dout_1_vld_reg                                   |   0|   0|    1|          1|
    |mem_rreq_1_data_reg                                  |   1|   0|    1|          0|
    |mem_rreq_1_vld_reg                                   |   0|   0|    1|          1|
    |mem_wreq_1_data_reg                                  |   1|   0|    1|          0|
    |mem_wreq_1_vld_reg                                   |   0|   0|    1|          1|
    |not_2_reg_1161                                       |   1|   0|    1|          0|
    |not_ignore_1_reg_1068                                |   1|   0|    1|          0|
    |not_ignore_3_reg_1202                                |   1|   0|    1|          0|
    |not_s_reg_1035                                       |   1|   0|    1|          0|
    |p_Val2_33_fu_122                                     |   8|   0|    8|          0|
    |p_Val2_47_reg_277                                    |   2|   0|    2|          0|
    |p_Val2_52_reg_435                                    |   2|   0|    2|          0|
    |p_Val2_61_reg_316                                    |   8|   0|    8|          0|
    |p_ignore_2_reg_1191                                  |   1|   0|    1|          0|
    |pre_i2c_sda_val_reg_1128                             |   1|   0|    1|          0|
    |re_2_reg_399                                         |   8|   0|    8|          0|
    |re_6_reg_1212                                        |   8|   0|    8|          0|
    |re_7_reg_338                                         |   8|   0|    8|          0|
    |re_8_reg_1270                                        |   8|   0|    8|          0|
    |reg_addr_4_fu_118                                    |   8|   0|    8|          0|
    |reg_addr_4_load_reg_1079                             |   8|   0|    8|          0|
    |reg_addr_reg_1100                                    |   8|   0|    8|          0|
    |reg_data_1_reg_387                                   |   8|   0|    8|          0|
    |reg_data_2_reg_422                                   |   8|   0|    8|          0|
    |reg_data_3_reg_1302                                  |   8|   0|    8|          0|
    |reg_data_4_reg_360                                   |   8|   0|    8|          0|
    |reg_data_5_reg_1207                                  |   8|   0|    8|          0|
    |reg_data_6_reg_1265                                  |   8|   0|    8|          0|
    |reg_data_8_reg_1243                                  |   7|   0|    8|          1|
    |reg_data_reg_1122                                    |   8|   0|    8|          0|
    |terminate_read_1_reg_1278                            |   1|   0|    1|          0|
    |terminate_read_reg_326                               |   1|   0|    1|          0|
    |tmp_2_reg_1002                                       |   1|   0|    1|          0|
    |tmp_30_reg_1138                                      |   1|   0|    1|          0|
    |tmp_44_reg_1186                                      |   1|   0|    1|          0|
    |tmp_5_reg_1014                                       |   1|   0|    1|          0|
    +-----------------------------------------------------+----+----+-----+-----------+
    |Total                                                | 298|   0|  305|          7|
    +-----------------------------------------------------+----+----+-----+-----------+



================================================================
== Interface
================================================================
* Summary: 
+-------------------+-----+-----+------------+-------------------+--------------+
|     RTL Ports     | Dir | Bits|  Protocol  |   Source Object   |    C Type    |
+-------------------+-----+-----+------------+-------------------+--------------+
|ap_clk             |  in |    1| ap_ctrl_hs |   i2c_slave_core  | return value |
|ap_rst             |  in |    1| ap_ctrl_hs |   i2c_slave_core  | return value |
|ap_start           |  in |    1| ap_ctrl_hs |   i2c_slave_core  | return value |
|ap_done            | out |    1| ap_ctrl_hs |   i2c_slave_core  | return value |
|ap_idle            | out |    1| ap_ctrl_hs |   i2c_slave_core  | return value |
|ap_ready           | out |    1| ap_ctrl_hs |   i2c_slave_core  | return value |
|i2c_in             |  in |    2|   ap_none  |       i2c_in      |    pointer   |
|i2c_sda_out_i      |  in |    1|   ap_none  |    i2c_sda_out    |    pointer   |
|i2c_sda_out_o      | out |    1|   ap_none  |    i2c_sda_out    |    pointer   |
|i2c_sda_oe_i       |  in |    1|   ap_none  |     i2c_sda_oe    |    pointer   |
|i2c_sda_oe_o       | out |    1|   ap_none  |     i2c_sda_oe    |    pointer   |
|dev_addr_in        |  in |    7|   ap_none  |    dev_addr_in    |    pointer   |
|auto_inc_regad_in  |  in |    1|   ap_none  | auto_inc_regad_in |    pointer   |
|mem_addr_i         |  in |    8|   ap_none  |      mem_addr     |    pointer   |
|mem_addr_o         | out |    8|   ap_none  |      mem_addr     |    pointer   |
|mem_din            |  in |    8|   ap_none  |      mem_din      |    pointer   |
|mem_dout_i         |  in |    8|   ap_none  |      mem_dout     |    pointer   |
|mem_dout_o         | out |    8|   ap_none  |      mem_dout     |    pointer   |
|mem_wreq_i         |  in |    1|   ap_none  |      mem_wreq     |    pointer   |
|mem_wreq_o         | out |    1|   ap_none  |      mem_wreq     |    pointer   |
|mem_wack           |  in |    1|   ap_none  |      mem_wack     |    pointer   |
|mem_rreq_i         |  in |    1|   ap_none  |      mem_rreq     |    pointer   |
|mem_rreq_o         | out |    1|   ap_none  |      mem_rreq     |    pointer   |
|mem_rack           |  in |    1|   ap_none  |      mem_rack     |    pointer   |
+-------------------+-----+-----+------------+-------------------+--------------+

