@I [HLS-0] Workspace D:/21_streamer_car5_artix7/fpga_arty/lcddrv/solution1 opened at Fri May 27 17:26:30 +0100 2016
@I [HLS-100] Command "config_clock -quiet -name default -period 10 -default=false "
@I [SYN-201] Setting up clock 'default' with a period of 10ns.
@I [HLS-100] Command 'config_clock' returned 0; elapsed 0Total elapsed time: 1.508 sec.
@I [HLS-100] Command "open_platform DefaultPlatform "
@I [HLS-100] Command 'open_platform' returned 0; elapsed 0Total elapsed time: 1.511 sec.
@I [HLS-100] Command "import_lib C:/Xilinx/Vivado_HLS/2016.1/common/technology/xilinx/artix7/artix7 "
@I [HLS-100] Command "source C:/Xilinx/Vivado_HLS/2016.1/common/technology/xilinx/common/xilinx.lib "
@I [HLS-100] Command "source C:/Xilinx/Vivado_HLS/2016.1/common/technology/xilinx/interface/xilinx_interface.lib "
@I [HLS-100] Command "source C:/Xilinx/Vivado_HLS/2016.1/common/technology/xilinx/interface/plb46.lib "
@I [HLS-100] Command 'ap_source' returned 0; elapsed 0.001Total elapsed time: 1.518 sec.
@I [HLS-100] Command "source C:/Xilinx/Vivado_HLS/2016.1/common/technology/xilinx/interface/fsl.lib "
@I [HLS-100] Command 'ap_source' returned 0; elapsed 0Total elapsed time: 1.520 sec.
@I [HLS-100] Command "source C:/Xilinx/Vivado_HLS/2016.1/common/technology/xilinx/interface/axi4.lib "
@I [HLS-100] Command 'ap_source' returned 0; elapsed 0.001Total elapsed time: 1.522 sec.
@I [HLS-100] Command "source C:/Xilinx/Vivado_HLS/2016.1/common/technology/xilinx/interface/maxi.lib "
@I [HLS-100] Command 'ap_source' returned 0; elapsed 0.001Total elapsed time: 1.525 sec.
@I [HLS-100] Command "source C:/Xilinx/Vivado_HLS/2016.1/common/technology/xilinx/interface/saxilite.lib "
@I [HLS-100] Command 'ap_source' returned 0; elapsed 0Total elapsed time: 1.527 sec.
@I [HLS-100] Command 'ap_source' returned 0; elapsed 0.012Total elapsed time: 1.528 sec.
@I [HLS-100] Command "source C:/Xilinx/Vivado_HLS/2016.1/common/technology/xilinx/common/dsp48.lib "
@I [HLS-100] Command 'ap_source' returned 0; elapsed 0.001Total elapsed time: 1.530 sec.
@I [HLS-100] Command "source C:/Xilinx/Vivado_HLS/2016.1/common/technology/xilinx/ip/dds_compiler.lib "
@I [HLS-100] Command 'ap_source' returned 0; elapsed 0Total elapsed time: 1.532 sec.
@I [HLS-100] Command "source C:/Xilinx/Vivado_HLS/2016.1/common/technology/xilinx/ip/xfft.lib "
@I [HLS-100] Command 'ap_source' returned 0; elapsed 0.001Total elapsed time: 1.533 sec.
@I [HLS-100] Command "source C:/Xilinx/Vivado_HLS/2016.1/common/technology/xilinx/ip/xfir.lib "
@I [HLS-100] Command 'ap_source' returned 0; elapsed 0Total elapsed time: 1.535 sec.
@I [HLS-100] Command 'ap_source' returned 0; elapsed 0.025Total elapsed time: 1.539 sec.
@I [HLS-100] Command "source C:/Xilinx/Vivado_HLS/2016.1/common/technology/xilinx/common/xilinx_old.lib "
@I [HLS-100] Command 'ap_source' returned 0; elapsed 0.002Total elapsed time: 1.545 sec.
@I [HLS-100] Command "source C:/Xilinx/Vivado_HLS/2016.1/common/technology/xilinx/common/xilinx_vivado.lib "
@I [HLS-100] Command 'ap_source' returned 0; elapsed 0.002Total elapsed time: 1.551 sec.
@I [HLS-100] Command "source C:/Xilinx/Vivado_HLS/2016.1/common/technology/xilinx/common/xilinx.hlp "
@I [HLS-100] Command "source C:/Xilinx/Vivado_HLS/2016.1/common/technology/xilinx/common/target_info.tcl "
@I [HLS-100] Command 'ap_source' returned 0; elapsed 0.002Total elapsed time: 1.560 sec.
@I [HLS-100] Command "source C:/Xilinx/Vivado_HLS/2016.1/common/technology/xilinx/interface/xilinx_interface.hlp "
@I [HLS-100] Command "source C:/Xilinx/Vivado_HLS/2016.1/common/technology/xilinx/interface/maxi.hlp "
@I [HLS-100] Command 'ap_source' returned 0; elapsed 0Total elapsed time: 1.563 sec.
@I [HLS-100] Command "source C:/Xilinx/Vivado_HLS/2016.1/common/technology/xilinx/interface/saxilite.hlp "
@I [HLS-100] Command 'ap_source' returned 0; elapsed 0Total elapsed time: 1.565 sec.
@I [HLS-100] Command 'ap_source' returned 0; elapsed 0.004Total elapsed time: 1.566 sec.
@I [HLS-100] Command "source C:/Xilinx/Vivado_HLS/2016.1/common/technology/xilinx/common/dsp48.hlp "
@I [HLS-100] Command 'ap_source' returned 0; elapsed 0.002Total elapsed time: 1.570 sec.
@I [HLS-100] Command 'ap_source' returned 0; elapsed 0.015Total elapsed time: 1.572 sec.
@I [HLS-100] Command "source C:/Xilinx/Vivado_HLS/2016.1/common/technology/xilinx/artix7/dsp48e1.hlp "
@I [HLS-100] Command 'ap_source' returned 0; elapsed 0Total elapsed time: 1.576 sec.
@I [HLS-100] Command "get_default_platform "
@I [HLS-100] Command 'get_default_platform' returned 0; elapsed 0Total elapsed time: 1.578 sec.
@I [HLS-100] Command "config_chip_info -quiet -resource  {SLICE 15850} {LUT 63400}     {FF 126800} {DSP48E 240}    {BRAM 270}  "
@I [HLS-100] Command 'config_chip_info' returned 0; elapsed 0Total elapsed time: 1.580 sec.
@I [HLS-100] Command "config_chip_info -quiet -speed medium "
@I [HLS-100] Command 'config_chip_info' returned 0; elapsed 0Total elapsed time: 1.581 sec.
@I [HLS-100] Command 'import_lib' returned 0; elapsed 0.074Total elapsed time: 1.586 sec.
@I [HLS-100] Command "source C:/Xilinx/Vivado_HLS/2016.1/common/technology/xilinx/artix7/artix7.gen "
@I [HLS-100] Command "source C:/Xilinx/Vivado_HLS/2016.1/common/technology/xilinx/common/virtex.gen "
@I [HLS-100] Command "source C:/Xilinx/Vivado_HLS/2016.1/common/technology/xilinx/common/xilinx.gen "
@I [HLS-100] Command "source C:/Xilinx/Vivado_HLS/2016.1/common/technology/xilinx/interface/plb46.gen "
@I [HLS-100] Command 'ap_source' returned 0; elapsed 0.003Total elapsed time: 1.596 sec.
@I [HLS-100] Command "source C:/Xilinx/Vivado_HLS/2016.1/common/technology/xilinx/interface/fsl.gen "
@I [HLS-100] Command 'ap_source' returned 0; elapsed 0.001Total elapsed time: 1.599 sec.
@I [HLS-100] Command "source C:/Xilinx/Vivado_HLS/2016.1/common/technology/xilinx/interface/axi4.gen "
@I [HLS-100] Command 'ap_source' returned 0; elapsed 0.007Total elapsed time: 1.606 sec.
@I [HLS-100] Command "source C:/Xilinx/Vivado_HLS/2016.1/common/technology/xilinx/interface/nativeAXI4.gen "
@I [HLS-100] Command "source C:/Xilinx/Vivado_HLS/2016.1/common/technology/xilinx/interface/saxilite.gen "
@I [HLS-100] Command 'ap_source' returned 0; elapsed 0.009Total elapsed time: 1.618 sec.
@I [HLS-100] Command "source C:/Xilinx/Vivado_HLS/2016.1/common/technology/xilinx/interface/maxi.gen "
@I [HLS-100] Command 'ap_source' returned 0; elapsed 0.018Total elapsed time: 1.637 sec.
@I [HLS-100] Command 'ap_source' returned 0; elapsed 0.03Total elapsed time: 1.638 sec.
@I [HLS-100] Command "source C:/Xilinx/Vivado_HLS/2016.1/common/technology/xilinx/scripts/xilinxcoregen.gen "
@I [HLS-100] Command 'ap_source' returned 0; elapsed 0.023Total elapsed time: 1.662 sec.
@I [HLS-100] Command "source C:/Xilinx/Vivado_HLS/2016.1/common/technology/xilinx/interface/XilEDKCoreGen.gen "
@I [HLS-100] Command 'ap_source' returned 0; elapsed 0.02Total elapsed time: 1.683 sec.
@I [HLS-100] Command "source C:/Xilinx/Vivado_HLS/2016.1/common/technology/xilinx/ip/dds_compiler.gen "
@I [HLS-100] Command 'ap_source' returned 0; elapsed 0.008Total elapsed time: 1.693 sec.
@I [HLS-100] Command "source C:/Xilinx/Vivado_HLS/2016.1/common/technology/xilinx/ip/util.gen "
@I [HLS-100] Command 'ap_source' returned 0; elapsed 0Total elapsed time: 1.694 sec.
@I [HLS-100] Command "source C:/Xilinx/Vivado_HLS/2016.1/common/technology/xilinx/ip/xfft.gen "
@I [HLS-100] Command 'ap_source' returned 0; elapsed 0.281Total elapsed time: 1.977 sec.
@I [HLS-100] Command "source C:/Xilinx/Vivado_HLS/2016.1/common/technology/xilinx/ip/xfir.gen "
@I [HLS-100] Command 'ap_source' returned 0; elapsed 0.002Total elapsed time: 1.981 sec.
@I [HLS-100] Command 'ap_source' returned 0; elapsed 0.389Total elapsed time: 1.981 sec.
@I [HLS-100] Command "source C:/Xilinx/Vivado_HLS/2016.1/common/technology/xilinx/common/dsp48.gen "
@I [HLS-100] Command 'ap_source' returned 0; elapsed 0.001Total elapsed time: 1.986 sec.
@I [HLS-100] Command 'ap_source' returned 0; elapsed 0.397Total elapsed time: 1.986 sec.
@I [HLS-100] Command 'ap_source' returned 0; elapsed 0.399Total elapsed time: 1.987 sec.
@I [HLS-100] Command "open_platform DefaultPlatform "
@I [HLS-100] Command 'open_platform' returned 0; elapsed 0.001Total elapsed time: 1.988 sec.
@I [HLS-100] Command "import_lib C:/Xilinx/Vivado_HLS/2016.1/common/technology/xilinx/artix7/artix7_fpv6 "
@I [HLS-100] Command "source C:/Xilinx/Vivado_HLS/2016.1/common/technology/xilinx/common/xilinx_fpv7.lib "
@I [HLS-100] Command "source C:/Xilinx/Vivado_HLS/2016.1/common/technology/xilinx/common/xilinx_hp.lib "
@I [HLS-100] Command 'ap_source' returned 0; elapsed 0.001Total elapsed time: 1.993 sec.
@I [HLS-100] Command 'ap_source' returned 0; elapsed 0.007Total elapsed time: 1.997 sec.
@I [HLS-100] Command "source C:/Xilinx/Vivado_HLS/2016.1/common/technology/xilinx/common/xilinx_fpv.hlp "
@I [HLS-100] Command "source C:/Xilinx/Vivado_HLS/2016.1/common/technology/xilinx/common/xilinx.hlp "
@I [HLS-100] Command "source C:/Xilinx/Vivado_HLS/2016.1/common/technology/xilinx/common/target_info.tcl "
@I [HLS-100] Command 'ap_source' returned 0; elapsed 0.008Total elapsed time: 2.22 sec.
@I [HLS-100] Command "source C:/Xilinx/Vivado_HLS/2016.1/common/technology/xilinx/interface/xilinx_interface.hlp "
@I [HLS-100] Command "source C:/Xilinx/Vivado_HLS/2016.1/common/technology/xilinx/interface/maxi.hlp "
@I [HLS-100] Command 'ap_source' returned 0; elapsed 0Total elapsed time: 2.24 sec.
@I [HLS-100] Command "source C:/Xilinx/Vivado_HLS/2016.1/common/technology/xilinx/interface/saxilite.hlp "
@I [HLS-100] Command 'ap_source' returned 0; elapsed 0Total elapsed time: 2.25 sec.
@I [HLS-100] Command 'ap_source' returned 0; elapsed 0.003Total elapsed time: 2.25 sec.
@I [HLS-100] Command "source C:/Xilinx/Vivado_HLS/2016.1/common/technology/xilinx/common/dsp48.hlp "
@I [HLS-100] Command 'ap_source' returned 0; elapsed 0Total elapsed time: 2.27 sec.
@I [HLS-100] Command 'ap_source' returned 0; elapsed 0.015Total elapsed time: 2.27 sec.
@I [HLS-100] Command 'ap_source' returned 0; elapsed 0.015Total elapsed time: 2.27 sec.
@I [HLS-100] Command "source C:/Xilinx/Vivado_HLS/2016.1/common/technology/xilinx/artix7/artix7_hp.hlp "
@I [HLS-100] Command 'ap_source' returned 0; elapsed 0Total elapsed time: 2.27 sec.
@I [HLS-100] Command 'import_lib' returned 0; elapsed 0.053Total elapsed time: 2.42 sec.
@I [HLS-100] Command "source C:/Xilinx/Vivado_HLS/2016.1/common/technology/xilinx/artix7/artix7_fpv6.gen "
@I [HLS-100] Command "source C:/Xilinx/Vivado_HLS/2016.1/common/technology/xilinx/common/xilinx_fpv6.gen "
@I [HLS-100] Command 'ap_source' returned 0; elapsed 0Total elapsed time: 2.42 sec.
@I [HLS-100] Command 'ap_source' returned 0; elapsed 0Total elapsed time: 2.42 sec.
@I [HLS-100] Command "set_part xc7a35ticsg324-1l "
@I [HLS-100] Command "add_library xilinx/artix7/artix7:xc7a35ti:csg324:-1l "
@I [HLS-100] Command "get_default_platform "
@I [HLS-100] Command 'get_default_platform' returned 0; elapsed 0Total elapsed time: 2.58 sec.
@I [HLS-100] Command "license_isbetapart xc7a35ti "
@I [HLS-100] Command 'license_isbetapart' returned 1; elapsed 0.031Total elapsed time: 2.105 sec.
@I [HLS-100] Command "get_default_platform "
@I [HLS-100] Command 'get_default_platform' returned 0; elapsed 0Total elapsed time: 2.124 sec.
@I [HLS-100] Command "config_chip_info -quiet -resource  {SLICE 5200}  {LUT 20800}     {FF 41600}  {DSP48E 90}     {BRAM 100}  "
@I [HLS-100] Command 'config_chip_info' returned 0; elapsed 0Total elapsed time: 2.126 sec.
@I [HLS-100] Command "config_chip_info -quiet -speed slow "
@I [HLS-100] Command 'config_chip_info' returned 0; elapsed 0Total elapsed time: 2.127 sec.
@I [HLS-100] Command 'add_library' returned 0; elapsed 0.069Total elapsed time: 2.127 sec.
@I [HLS-100] Command "add_library xilinx/artix7/artix7_fpv6 "
@I [HLS-100] Command "get_default_platform "
@I [HLS-100] Command 'get_default_platform' returned 0; elapsed 0Total elapsed time: 2.127 sec.
@I [HLS-100] Command 'add_library' returned 0; elapsed 0Total elapsed time: 2.127 sec.
@I [HLS-10] Setting target device to 'xc7a35ticsg324-1l'
@I [HLS-100] Command 'set_part' returned 0; elapsed 0.084Total elapsed time: 2.143 sec.
@I [HLS-100] Command "get_default_platform "
@I [HLS-100] Command 'get_default_platform' returned 0; elapsed 0Total elapsed time: 2.143 sec.
@I [HLS-100] Command "config_chip_info -quiet -resource  {SLICE 5200}  {LUT 20800}     {FF 41600}  {DSP48E 90}     {BRAM 100}  "
@I [HLS-100] Command 'config_chip_info' returned 0; elapsed 0Total elapsed time: 2.143 sec.
@I [HLS-100] Command "config_chip_info -quiet -speed slow "
@I [HLS-100] Command 'config_chip_info' returned 0; elapsed 0Total elapsed time: 2.143 sec.
@I [HLS-100] Command 'open_solution' returned 0; elapsed 0.683Total elapsed time: 2.143 sec.
@I [HLS-100] Command "set_part xc7a35ticsg324-1l -tool vivado "
@I [HLS-100] Command "add_library xilinx/artix7/artix7:xc7a35ti:csg324:-1l "
@I [HLS-100] Command "get_default_platform "
@I [HLS-100] Command 'get_default_platform' returned 0; elapsed 0Total elapsed time: 2.158 sec.
@I [HLS-100] Command "license_isbetapart xc7a35ti "
@I [HLS-100] Command 'license_isbetapart' returned 1; elapsed 0Total elapsed time: 2.158 sec.
@I [HLS-100] Command "get_default_platform "
@I [HLS-100] Command 'get_default_platform' returned 0; elapsed 0Total elapsed time: 2.174 sec.
@I [HLS-100] Command "config_chip_info -quiet -resource  {SLICE 5200}  {LUT 20800}     {FF 41600}  {DSP48E 90}     {BRAM 100}  "
@I [HLS-100] Command 'config_chip_info' returned 0; elapsed 0Total elapsed time: 2.174 sec.
@I [HLS-100] Command "config_chip_info -quiet -speed slow "
@I [HLS-100] Command 'config_chip_info' returned 0; elapsed 0Total elapsed time: 2.174 sec.
@I [HLS-100] Command 'add_library' returned 0; elapsed 0.015Total elapsed time: 2.174 sec.
@I [HLS-100] Command "add_library xilinx/artix7/artix7_fpv6 "
@I [HLS-100] Command "get_default_platform "
@I [HLS-100] Command 'get_default_platform' returned 0; elapsed 0Total elapsed time: 2.174 sec.
@I [HLS-100] Command 'add_library' returned 0; elapsed 0Total elapsed time: 2.174 sec.
@I [HLS-100] Command 'set_part' returned 0; elapsed 0.047Total elapsed time: 2.189 sec.
@I [HLS-100] Command "create_clock -period 10 -name default "
@I [HLS-100] Command "config_clock -quiet -name default -period 10 -default=false "
@I [SYN-201] Setting up clock 'default' with a period of 10ns.
@I [HLS-100] Command 'config_clock' returned 0; elapsed 0Total elapsed time: 2.205 sec.
@I [HLS-100] Command 'create_clock' returned 0; elapsed 0.016Total elapsed time: 2.205 sec.
@I [HLS-100] Command "csynth_design "
@I [HLS-100] Command "elaborate -effort=medium -skip_syncheck=0 -keep_printf=0 -lm=0 -skip_cdt=0 -skip_transform=0 -ng=0 -g=0 -opt_fp=0 "
@I [HLS-10] Analyzing design file 'lcddrv.c' ... 
@0 [HLS-0] Analyzing design file 'lcddrv.c' ... 
@I [HLS-0] Compiling one TU...
@I [HLS-0] 
Checking before pre-process: exec clang -fno-limit-debug-info -gcc-toolchain "C:/Xilinx/Vivado_HLS/2016.1/msys" -hls    -fno-math-errno -c -emit-llvm -O0  -mllvm -disable-llvm-optzns -std=gnu89   -DAESL_SYN -D__SYNTHESIS__ -D__HLS_SYN__ -I "C:/Xilinx/Vivado_HLS/2016.1/common/technology/autopilot" -I "C:/Xilinx/Vivado_HLS/2016.1/common/technology/autopilot/ap_sysc" -include etc/autopilot_ssdm_op.h -D__cdecl=  "lcddrv.c"  -o "D:/21_streamer_car5_artix7/fpga_arty/lcddrv/solution1/.autopilot/db/lcddrv.pp.00.o"

@I [HLS-100] Command "is_encrypted D:/21_streamer_car5_artix7/fpga_arty/lcddrv/solution1/.autopilot/db/lcddrv.pp.00.o "
@I [HLS-100] Command 'is_encrypted' returned 0; elapsed 0Total elapsed time: 2.960 sec.
@I [HLS-0] Syntax Checker time: 0 seconds per iteration
@I [HLS-0] 
Source preprocessing: exec clang -fno-limit-debug-info -gcc-toolchain "C:/Xilinx/Vivado_HLS/2016.1/msys" -hls -fno-exceptions  -D__llvm__  -CC -E "lcddrv.c"     -fno-math-errno -c -emit-llvm -O0  -mllvm -disable-llvm-optzns -std=gnu89   -DAESL_SYN -D__SYNTHESIS__ -D__HLS_SYN__ -I "C:/Xilinx/Vivado_HLS/2016.1/common/technology/autopilot" -I "C:/Xilinx/Vivado_HLS/2016.1/common/technology/autopilot/ap_sysc" -include etc/autopilot_ssdm_op.h -D__cdecl=  -o "D:/21_streamer_car5_artix7/fpga_arty/lcddrv/solution1/.autopilot/db/lcddrv.pp.0.c"

@I [HLS-0] GCC PP time: 0 seconds per iteration
@I [HLS-100] Command "list_core -type functional_unit "
@I [HLS-100] Command 'list_core' returned 0; elapsed 0Total elapsed time: 3.647 sec.
@I [HLS-0] Marker-Pragma convertor: D:/21_streamer_car5_artix7/fpga_arty/lcddrv/solution1/.autopilot/db/lcddrv.pp.0.c D:/21_streamer_car5_artix7/fpga_arty/lcddrv/solution1/.autopilot/db/lcddrv.pp.0.c.ap-line.c D:/21_streamer_car5_artix7/fpga_arty/lcddrv/solution1/.autopilot/db/lcddrv.pp.0.c.ap-line.c.CXX 1
@I [HLS-0] 
Source processor: exec C:/Xilinx/Vivado_HLS/2016.1/tps/win64/jre/bin/java -Xmx512m -classpath   "C:/Xilinx/Vivado_HLS/2016.1/lib/classes/autopilot.sourceprocessor.jar;C:/Xilinx/Vivado_HLS/2016.1/lib/classes/org.eclipse.cdt.core_5.3.0.xilinx_patch.jar;C:/Xilinx/Vivado_HLS/2016.1/lib/classes/org.eclipse.core.runtime_3.7.0.v20110110.jar;C:/Xilinx/Vivado_HLS/2016.1/lib/classes/org.eclipse.equinox.common_3.6.0.v20110523.jar;C:/Xilinx/Vivado_HLS/2016.1/lib/classes/com.ibm.icu_4.4.2.v20110208.jar;C:/Xilinx/Vivado_HLS/2016.1/lib/classes/jargs.jar;C:/Xilinx/Vivado_HLS/2016.1/win64/tools/eclipse/plugins/org.eclipse.emf.common_2.10.1.v20150123-0348.jar;C:/Xilinx/Vivado_HLS/2016.1/win64/tools/eclipse/plugins/org.eclipse.emf.ecore_2.10.2.v20150123-0348.jar;C:/Xilinx/Vivado_HLS/2016.1/win64/tools/eclipse/plugins/org.eclipse.emf.ecore.xmi_2.10.2.v20150123-0348.jar;C:/Xilinx/Vivado_HLS/2016.1/win64/tools/eclipse/plugins/com.autoesl.autopilot.ui.directiveFileModel_1.0.0.jar;C:/Xilinx/Vivado_HLS/2016.1/win64/tools/eclipse/plugins/com.autoesl.autopilot.ui.common_1.0.0.jar"  autopilot.sourceprocessor.CParser  "D:/21_streamer_car5_artix7/fpga_arty/lcddrv/solution1/.autopilot/db/lcddrv.pp.0.c.ap-line.c"  -m "lcddrv" -o "D:/21_streamer_car5_artix7/fpga_arty/lcddrv/solution1/.autopilot/db/lcddrv.pp.0.c.ap-cdt.c" -c --pp --directive D:/21_streamer_car5_artix7/fpga_arty/lcddrv/solution1/solution1.directive --source D:/21_streamer_car5_artix7/fpga_arty/lcddrv.c --error D:/21_streamer_car5_artix7/fpga_arty/lcddrv/solution1/.autopilot/db --funcunit "AddSub AddSub_DSP AddSubnS DAddSub_fulldsp DAddSub_nodsp DDiv DExp_fulldsp DExp_meddsp DExp_nodsp DLog_fulldsp DLog_meddsp DLog_nodsp DMul_fulldsp DMul_maxdsp DMul_meddsp DMul_nodsp DRSqrt DRecip DSqrt DivnS FAddSub_fulldsp FAddSub_nodsp FDiv FExp_fulldsp FExp_meddsp FExp_nodsp FLog_fulldsp FLog_meddsp FLog_nodsp FMul_fulldsp FMul_maxdsp FMul_meddsp FMul_nodsp FRSqrt_fulldsp FRSqrt_nodsp FRecip_fulldsp FRecip_nodsp FSqrt HAddSub_nodsp HDiv HMul_fulldsp HMul_maxdsp HMul_nodsp HSqrt Mul Mul2S Mul3S Mul4S Mul5S Mul6S Mul_LUT MulnS MuxnS" --ca --gf --pd --p2d D:/21_streamer_car5_artix7/fpga_arty/lcddrv/solution1/.autopilot/db --sd --scff D:/21_streamer_car5_artix7/fpga_arty/lcddrv/solution1/.autopilot/db/.systemc_flag --ad

@I [HLS-0] Marker-Pragma convertor: D:/21_streamer_car5_artix7/fpga_arty/lcddrv/solution1/.autopilot/db/lcddrv.pp.0.c.ap-cdt.c D:/21_streamer_car5_artix7/fpga_arty/lcddrv/solution1/.autopilot/db/lcddrv.pragma.0.c D:/21_streamer_car5_artix7/fpga_arty/lcddrv/solution1/.autopilot/db/lcddrv.pragma.0.c.ap-line.CXX 0
@I [HLS-100] Command "source D:/21_streamer_car5_artix7/fpga_arty/lcddrv/solution1/.autopilot/db/pragma.status.tcl "
@I [HLS-100] Command 'ap_source' returned 0; elapsed 0Total elapsed time: 7.100 sec.
@I [HLS-0] CDT processor time: 3 seconds per iteration
@I [HLS-0] Pragma handling time: 0 seconds per iteration
@I [HLS-0] 
Source preprocessing: exec clang -fno-limit-debug-info -gcc-toolchain "C:/Xilinx/Vivado_HLS/2016.1/msys" -hls -fno-exceptions  -D__llvm__  -CC -E "D:/21_streamer_car5_artix7/fpga_arty/lcddrv/solution1/.autopilot/db/lcddrv.pragma.1.c"     -fno-math-errno -c -emit-llvm -O0  -mllvm -disable-llvm-optzns -std=gnu89   -DAESL_SYN -D__SYNTHESIS__ -D__HLS_SYN__ -I "C:/Xilinx/Vivado_HLS/2016.1/common/technology/autopilot" -I "C:/Xilinx/Vivado_HLS/2016.1/common/technology/autopilot/ap_sysc" -include etc/autopilot_ssdm_op.h -D__cdecl=  -o "D:/21_streamer_car5_artix7/fpga_arty/lcddrv/solution1/.autopilot/db/lcddrv.pragma.2.c"

@I [HLS-0] exec clang -fno-limit-debug-info -gcc-toolchain C:/Xilinx/Vivado_HLS/2016.1/msys -hls -hls-analyze-label -hls-analyze-pragma -fno-exceptions  -D__llvm__  -w  "D:/21_streamer_car5_artix7/fpga_arty/lcddrv/solution1/.autopilot/db/lcddrv.pragma.2.c"    -fno-math-errno -c -emit-llvm -O0  -mllvm -disable-llvm-optzns -std=gnu89  -DAESL_SYN -D__SYNTHESIS__ -D__HLS_SYN__ -I "C:/Xilinx/Vivado_HLS/2016.1/common/technology/autopilot" -I "C:/Xilinx/Vivado_HLS/2016.1/common/technology/autopilot/ap_sysc" -include etc/autopilot_ssdm_op.h -g -o "D:/21_streamer_car5_artix7/fpga_arty/lcddrv/solution1/.autopilot/db/lcddrv.g.bc"
@I [HLS-10] Validating synthesis directives ...
@0 [HLS-0] Validating synthesis directives ...
@I [HLS-100] Command "source D:/21_streamer_car5_artix7/fpga_arty/lcddrv/solution1/.autopilot/db/pragma.status.tcl "
@I [HLS-100] Command 'ap_source' returned 0; elapsed 0Total elapsed time: 8.704 sec.
@I [HLS-0] Linking all ...
@I [HLS-0] exec llvm-ld  "D:/21_streamer_car5_artix7/fpga_arty/lcddrv/solution1/.autopilot/db/lcddrv.bc"  -disable-opt  -LC:/Xilinx/Vivado_HLS/2016.1/win64/lib -lm_basic -o "D:/21_streamer_car5_artix7/fpga_arty/lcddrv/solution1/.autopilot/db/a.o.pre"
@I [HLS-0] Link time: 0 seconds per iteration
@I [HLS-0] Linking all ...
@I [HLS-0] exec llvm-ld  "D:/21_streamer_car5_artix7/fpga_arty/lcddrv/solution1/.autopilot/db/lcddrv.g.bc"  -disable-opt  -LC:/Xilinx/Vivado_HLS/2016.1/win64/lib -lm_basic -o "D:/21_streamer_car5_artix7/fpga_arty/lcddrv/solution1/.autopilot/db/a.g.pre"
@I [HLS-0] Link time: 0 seconds per iteration
@I [HLS-100] Command "opt_and_import_c a -opt_level=2 -skip_syncheck=0 -ng=0 -keep_printf=0 "
@I [HLS-100] Command "cleanup_all_models "
@I [HLS-100] Command 'cleanup_all_models' returned 0; elapsed 0Total elapsed time: 9.922 sec.
@I [HLS-10] Starting code transformations ...
@0 [HLS-0] Starting code transformations ...
@I [HLS-0] std xform: transform -hls -share-std-xform -always-inline -promote-dbg-pointer  -interface-preproc  -scalarrepl -mem2reg -keep-read-access -instcombine -dce  -promote-dbg-pointer  -bitop-raise  -indvars -loop-simplify -xunroll  -constprop -instcombine -simplifycfg -indvars  -simplifycfg -dce -globaldce  -basicaa  -simplifycfg -mem2reg -globalopt  -global-constprop -deadargelim -instcombine -simplifycfg  -prune-eh -simplifycfg  -scalarrepl -instcombine -reassociate -licm  -simplifycfg -loop-simplify -indvars -instcombine  -simplifycfg -mem2reg -loop-simplify -indvars -instcombine  -gvn -gvn -instcombine -adce  -break-crit-edges  -simplifycfg -loop-delete  -global-array-opt -dce -dse -adce  -find-syn-modules -top lcddrv  -deadargelim  -mem2reg -instcombine -dce  -presyn-prepare -auto-rom-infer  -interface-preproc  -syn-check -check-rec-only  -find-region -simplifycfg -func-extr -function-inline  -globaldce -mem2reg -instcombine -dce   -gvn -globaldce -adce -adse  -constprop -instcombine -bit-constprop  -instcombine -dce -simplifycfg -bitop-raise  -simplifycfg -dce -loop-delete -reassociate  -globalopt -global-privatize -mem2reg -dce  -global-constprop -pointer-simplify -constprop -dce  -func-inst -deadargelim  -promote-dbg-pointer  -norm-name   D:/21_streamer_car5_artix7/fpga_arty/lcddrv/solution1/.autopilot/db/a.g.0.bc -o D:/21_streamer_car5_artix7/fpga_arty/lcddrv/solution1/.autopilot/db/a.g.1.bc -f  -phase std-opt
@I [HLS-0] Std xform time: 0 seconds per iteration
@I [HLS-100] Command "is_encrypted D:/21_streamer_car5_artix7/fpga_arty/lcddrv/solution1/.autopilot/db/a.g.1.bc "
@I [HLS-100] Command 'is_encrypted' returned 0; elapsed 0Total elapsed time: 10.361 sec.
@I [HLS-10] Checking synthesizability ...
@0 [HLS-0] Checking synthesizability ...
@I [HLS-0] syn check 1/2: transform -hls -syn-check -check-rec-only -disaggr -scalarrepl -norm-name -dce  -mem2reg -instcombine  -function-uniquify -directive-preproc -mem2reg -dse -dce -auto-rom-infer -dce  -array-normalize -instcombine -dce  -array-seg-normalize -instcombine -dce  -array-flatten -instcombine -dce  -array-burst -dce  -deadargelim -promote-global-argument  -simplifycfg -mem2reg -globaldce -resolve-double-ptr  -dce -deadargelim -dce -instcombine  -function-inline -globaldce -dce  -doublePtrSimplify -doublePtrElim -dce  -doublePtrSimplify -promote-dbg-pointer  -dce -scalarrepl -dse -adse -instcombine  -ptrLegalization  -simplifycfg -dce -instcombine  -pointer-simplify -ptrArgReplace -dce -instcombine   -disaggr -scalarrepl -norm-name -dce  -mem2reg -instcombine -ptrLegalization   -simplifycfg -deadargelim  -instcombine -dce -inst-simplify  -function-uniquify -directive-preproc -mem2reg -dse -dce  -globaldce    D:/21_streamer_car5_artix7/fpga_arty/lcddrv/solution1/.autopilot/db/a.g.1.bc -o D:/21_streamer_car5_artix7/fpga_arty/lcddrv/solution1/.autopilot/db/a.g.2.prechk.bc -f
@I [HLS-0] Syn check 1/2 time: 0 seconds per iteration
@I [HLS-0] syn check 2/2: transform -syn-check   D:/21_streamer_car5_artix7/fpga_arty/lcddrv/solution1/.autopilot/db/a.g.2.prechk.bc -o D:/21_streamer_car5_artix7/fpga_arty/lcddrv/solution1/.autopilot/db/a.g.2.bc -f  -phase syn-check
@I [HLS-0] Syn check 2/2 time: 0 seconds per iteration
@I [HLS-0] Compiler optimizing ...
@I [HLS-0] Share syncheck's 1.bc for syn flow: copy D:/21_streamer_car5_artix7/fpga_arty/lcddrv/solution1/.autopilot/db/a.g.1.bc to D:/21_streamer_car5_artix7/fpga_arty/lcddrv/solution1/.autopilot/db/a.o.1.bc
@I [HLS-0] presyn 1: transform -hls -tmp D:/21_streamer_car5_artix7/fpga_arty/lcddrv/solution1/.autopilot/db -type-info  -function-uniquify -directive-preproc -mem2reg -dse -dce  -disaggr -scalarrepl -norm-name -deadargelim  -mem2reg -instcombine -dce -auto-rom-infer -dce -function-uniquify  -resource-proc  -simplifycfg -mem2reg -globaldce -resolve-double-ptr -dce -deadargelim -dce -instcombine  -clib-intrinsic-prepare -dce  -func-buffer -dce -array-normalize  -func-legal -instcombine -gvn -constprop -dce   -ptrArgReplace -mem2reg -instcombine -dce  -array-seg-normalize -deadargelim  -instcombine -dce  -pointer-simplify -dce  -port-alignment -dce  -interface-preproc  -data-pack -instcombine -dce   -basicaa -aggr-aa -aggrmodref-aa -aggr-aa -gvn -gvn  -basicaa -aggr-aa -aggrmodref-aa -aggr-aa -dse -adse -adce  -loop-simplify -indvars -instcombine  -gvn -loop-simplify -mem2reg -dce -simplifycfg  -find-region -instcombine  -auto-loop-pipeline  -inst-simplify  -interface-preproc  -indvars -auto-loop-unroll -loop-simplify -loop-bound -xunroll  -constprop -instcombine -simplifycfg -indvars  -simplifycfg -dce -globaldce  -attach-range  -gvn -inst-simplify  -constprop -simplifycfg -dce  -pointer-simplify -dce  -globalopt -constprop -dce  -array-promote -constprop -instcombine -dce  -ptrArgReplace -mem2reg  -instcombine -simplifycfg -dce  -auto-par -instcombine -dce  -array-transform-check  -array-reshape -instcombine -simplifycfg -dce  -ptrArgReplace -deadargelim -mem2reg  -instcombine -simplifycfg -dce   -indvars -loop-simplify -loop-bound -xunroll  -constprop -instcombine -simplifycfg -indvars  -simplifycfg -dce -globaldce  -duplicate-dataflow-processes -globaldce  -array-partition -instcombine -simplifycfg -dce  -ptrArgReplace -global-constprop -deadargelim -mem2reg  -func-legal -instcombine -dce -global-constprop -deadargelim -mem2reg  -instcombine -simplifycfg -dce   -globalopt -constprop -dce  -array-promote -constprop -instcombine -dce  -ptrArgReplace -mem2reg  -instcombine -simplifycfg -dce   -mem-intrinsic-preproc -dce  -global-privatize  -mem2reg -globaldce  -promote-global-argument  -ptrArgReplace -mem2reg -instcombine -dce  -globalopt -mergereturn -simplify-global-access -mem2reg -dce  -pointer-simplify -dce  -functionattrs  -basicaa -aggr-aa -aggrmodref-aa -aggr-aa -gvn -gvn  -basicaa -aggr-aa -aggrmodref-aa -aggr-aa -dse -adse -adce  -inst-simplify -dce -norm-name  -function-inline -globaldce  -func-inst -constprop -instcombine -simplifycfg -dce  -func-legal -dce   -loop-bound  -arraycheck -bitwidthmin -on-by-dataflow  -loop-delete -instcombine -simplifycfg  -globaldce -dce -gvn -deadargelim -dce -loop-simplify -clean-region -simplifycfg -propagate-stable-arguments  -loop-stream -instcombine -simplifycfg -dce -globaldce  -stream-intrinsic-preproc -dce  -check-ap-stream -loop-simplify -eliminate-keepreads  -extract-dataflow-in-loop -loop-simplify -dce -gvn -deadargelim -dse  -check-dataflow-syntax  -legalize-stream-variable -legalize-global -legalize-global-1  -extract-subproc -dce -dead-channel-elimination  -canonicalize-gep -globaldce -dce -gvn -deadargelim  -scalar-propagation -deadargelim -globaldce -mem2reg  -check-dataflow-channels -function-stream -dce -globaldce  -prop-fifo-spec -internal-stream-gen  -canonicalize-gep -globaldce -dce -gvn -deadargelim   -mergereturn -indvars -loop-simplify -instcombine  -array-stream -instcombine -simplifycfg -dce  -bundle-memfifo-ops -deadargelim    -function-uniquify -directive-preproc -mem2reg -dse -dce  -group-axi-access    -licm -simplifycfg -dce -loop-delete  -norm-name  D:/21_streamer_car5_artix7/fpga_arty/lcddrv/solution1/.autopilot/db/a.o.1.bc -o D:/21_streamer_car5_artix7/fpga_arty/lcddrv/solution1/.autopilot/db/a.o.1.tmp.bc -f
@I [HLS-0] Presyn 1 time: 0 seconds per iteration
@I [HLS-0] presyn 2: transform -hls -keep-callgraph -scalarrepl -mem2reg  -port-alignment -attach-range -dce  -pipe-mux-gen  -indvars -loop-bound  -inst-simplify -instcombine -dce  -merge-array-access -mem2reg -dce  -clean-region -mergereturn -if-conv  -instcombine -dce -constprop  -basicaa -aggr-aa -aggrmodref-aa -aggr-aa -gvn -gvn  -basicaa -aggr-aa -aggrmodref-aa -aggr-aa -dse -adse -adce  -scalarrepl -mem2reg  -global-constprop -deadargelim -deadargelim  -instcombine -dce -simplifycfg    -ptrArgReplace -mem2reg -function-inline  -globaldce -mem2reg -instcombine -dce -expr-balance  -instcombine -dce  -bitwidthmin  -interface-preproc -directive-preproc  -inst-rectify -instcombine -dce  -functionattrs  -constprop -instcombine -bit-constprop  -simplify-global-access  -globalopt -globaldce  -inst-simplify -instcombine -elimdeaddata -dce  -loop-delete -simplifycfg -loop-simplify -auto-burst   -norm-name D:/21_streamer_car5_artix7/fpga_arty/lcddrv/solution1/.autopilot/db/a.o.1.tmp.bc -o D:/21_streamer_car5_artix7/fpga_arty/lcddrv/solution1/.autopilot/db/a.o.2.bc -f  -phase presyn
@I [HLS-0] Presyn 2 time: 0 seconds per iteration
@I [HLS-100] Command "is_encrypted D:/21_streamer_car5_artix7/fpga_arty/lcddrv/solution1/.autopilot/db/a.o.2.bc "
@I [HLS-100] Command 'is_encrypted' returned 0; elapsed 0Total elapsed time: 11.326 sec.
@I [HLS-0] build ssdm: transform -hls  -function-uniquify -auto-function-inline -globaldce  -ptrArgReplace -mem2reg -instcombine -dce  -reset-lda  -loop-simplify -indvars -licm -loop-dep  -loop-bound -licm -loop-simplify -flattenloopnest  -array-flatten -gvn -instcombine -dce  -array-map -dce -func-legal  -gvn -adce -instcombine -cfgopt -simplifycfg -loop-simplify   -array-burst -promote-global-argument -dce  -axi4-lower -array-seg-normalize  -basicaa -aggrmodref-aa -globalsmodref-aa -aggr-aa -gvn -gvn  -basicaa -aggrmodref-aa -globalsmodref-aa -aggr-aa -dse -adse -adce -licm  -inst-simplify -dce  -globaldce -instcombine -array-stream -eliminate-keepreads -instcombine  -dce   -deadargelim -doublePtrSimplify  -doublePtrElim -dce -doublePtrSimplify -promote-dbg-pointer  -dce -scalarrepl -mem2reg -disaggr -norm-name -mem2reg  -instcombine  -dse -adse -adce -ptrLegalization -dce -auto-rom-infer -array-flatten -dce -instcombine  -loop-rot -constprop -cfgopt -simplifycfg -loop-simplify -indvars -pointer-simplify -dce -loop-bound  -loop-simplify -loop-preproc  -constprop -global-constprop -gvn -mem2reg -instcombine -dce  -loop-merge -dce  -bitwidthmin  -deadargelim -dce  -scalar-propagation -deadargelim -globaldce -mem2reg  -interface-preproc -interface-gen  -deadargelim -directive-preproc -inst-simplify -dce  -gvn -mem2reg -instcombine -dce -adse  -loop-bound  -instcombine -cfgopt -simplifycfg -loop-simplify  -clean-region -io-protocol  -find-region -mem2reg  -bitop-raise  -inst-simplify -inst-rectify -instcombine -adce -deadargelim  -loop-simplify -phi-opt -bitop-raise  -cfgopt -simplifycfg -strip-dead-prototypes  -interface-lower -bitop-lower -intrinsic-lower -auto-function-inline  -basicaa -aggrmodref-aa -globalsmodref-aa -aggr-aa  -inst-simplify -simplifycfg   -mergereturn -inst-simplify -inst-rectify  -dce -bitop-lower  -loop-rewind -pointer-simplify -dce -cfgopt  -read-loop-dep -dce -bitwidth -norm-name -legalize    -cdfg-build  D:/21_streamer_car5_artix7/fpga_arty/lcddrv/solution1/.autopilot/db/a.o.2.bc -o D:/21_streamer_car5_artix7/fpga_arty/lcddrv/solution1/.autopilot/db/a.o.3.bc -f  -phase build-ssdm
@W [XFORM-561] 'Loop-1' (lcddrv.c:185:8) in function 'lcddrv' is an infinite loop.
@I [HLS-0] Build ssdm time: 0 seconds per iteration
@I [HLS-100] Command "is_encrypted D:/21_streamer_car5_artix7/fpga_arty/lcddrv/solution1/.autopilot/db/a.o.3.bc "
@I [HLS-100] Command 'is_encrypted' returned 0; elapsed 0Total elapsed time: 11.966 sec.
@I [HLS-0] Finish building internal data model.
@I [HLS-100] Command 'opt_and_import_c' returned 0; elapsed 2.084Total elapsed time: 12.6 sec.
@I [HLS-111] Elapsed time: 12.035 seconds; current memory usage: 110 MB.
@I [HLS-100] Command 'elaborate' returned 0; elapsed 9.816Total elapsed time: 12.21 sec.
@I [HLS-100] Command "autosyn "
@I [HLS-10] Starting hardware synthesis ...
@0 [HLS-0] Starting hardware synthesis ...
@I [HLS-0] Synthesizing C/C++ design ...
@I [HLS-10] Synthesizing 'lcddrv' ...
@0 [HLS-0] Synthesizing 'lcddrv' ...
@I [HLS-100] Command "ap_set_top_model lcddrv "
@I [HLS-100] Command 'ap_set_top_model' returned 0; elapsed 0Total elapsed time: 12.31 sec.
@I [HLS-100] Command "get_model_list lcddrv -filter all-wo-channel -topdown "
@I [HLS-100] Command 'get_model_list' returned 0; elapsed 0Total elapsed time: 12.34 sec.
@I [HLS-100] Command "preproc_iomode -model lcddrv "
@I [HLS-100] Command 'preproc_iomode' returned 0; elapsed 0.001Total elapsed time: 12.36 sec.
@I [HLS-100] Command "preproc_iomode -model lcddrv_read_mem "
@I [HLS-100] Command 'preproc_iomode' returned 0; elapsed 0.001Total elapsed time: 12.39 sec.
@I [HLS-100] Command "preproc_iomode -model lcddrv_init_lcd "
@I [HLS-100] Command 'preproc_iomode' returned 0; elapsed 0.001Total elapsed time: 12.41 sec.
@I [HLS-100] Command "preproc_iomode -model lcddrv_lcd_send_cmd "
@I [HLS-100] Command 'preproc_iomode' returned 0; elapsed 0.002Total elapsed time: 12.45 sec.
@I [HLS-100] Command "preproc_iomode -model lcddrv_wait_tmr "
@I [HLS-100] Command 'preproc_iomode' returned 0; elapsed 0Total elapsed time: 12.47 sec.
@I [HLS-100] Command "get_model_list lcddrv -filter all-wo-channel "
@I [HLS-100] Command 'get_model_list' returned 0; elapsed 0Total elapsed time: 12.50 sec.
@I [HLS-0] Model list for configure: lcddrv_wait_tmr lcddrv_lcd_send_cmd lcddrv_init_lcd lcddrv_read_mem lcddrv
@I [HLS-0] Configuring Module : lcddrv_wait_tmr ...
@I [HLS-100] Command "set_default_model lcddrv_wait_tmr "
@I [HLS-100] Command 'set_default_model' returned 0; elapsed 0Total elapsed time: 12.52 sec.
@I [HLS-100] Command "apply_spec_resource_limit lcddrv_wait_tmr "
@I [HLS-100] Command 'apply_spec_resource_limit' returned 0; elapsed 0Total elapsed time: 12.54 sec.
@I [HLS-0] Configuring Module : lcddrv_lcd_send_cmd ...
@I [HLS-100] Command "set_default_model lcddrv_lcd_send_cmd "
@I [HLS-100] Command 'set_default_model' returned 0; elapsed 0Total elapsed time: 12.55 sec.
@I [HLS-100] Command "apply_spec_resource_limit lcddrv_lcd_send_cmd "
@I [HLS-100] Command 'apply_spec_resource_limit' returned 0; elapsed 0Total elapsed time: 12.56 sec.
@I [HLS-0] Configuring Module : lcddrv_init_lcd ...
@I [HLS-100] Command "set_default_model lcddrv_init_lcd "
@I [HLS-100] Command 'set_default_model' returned 0; elapsed 0Total elapsed time: 12.57 sec.
@I [HLS-100] Command "apply_spec_resource_limit lcddrv_init_lcd "
@I [HLS-100] Command 'apply_spec_resource_limit' returned 0; elapsed 0Total elapsed time: 12.58 sec.
@I [HLS-0] Configuring Module : lcddrv_read_mem ...
@I [HLS-100] Command "set_default_model lcddrv_read_mem "
@I [HLS-100] Command 'set_default_model' returned 0; elapsed 0Total elapsed time: 12.60 sec.
@I [HLS-100] Command "apply_spec_resource_limit lcddrv_read_mem "
@I [HLS-100] Command 'apply_spec_resource_limit' returned 0; elapsed 0Total elapsed time: 12.61 sec.
@I [HLS-0] Configuring Module : lcddrv ...
@I [HLS-100] Command "set_default_model lcddrv "
@I [HLS-100] Command 'set_default_model' returned 0; elapsed 0Total elapsed time: 12.62 sec.
@I [HLS-100] Command "apply_spec_resource_limit lcddrv "
@I [HLS-100] Command 'apply_spec_resource_limit' returned 0; elapsed 0Total elapsed time: 12.64 sec.
@I [HLS-0] Model list for preprocess: lcddrv_wait_tmr lcddrv_lcd_send_cmd lcddrv_init_lcd lcddrv_read_mem lcddrv
@I [HLS-0] Preprocessing Module: lcddrv_wait_tmr ...
@I [HLS-100] Command "set_default_model lcddrv_wait_tmr "
@I [HLS-100] Command 'set_default_model' returned 0; elapsed 0Total elapsed time: 12.65 sec.
@I [HLS-100] Command "cdfg_preprocess -model lcddrv_wait_tmr "
@I [HLS-100] Command 'cdfg_preprocess' returned 0; elapsed 0Total elapsed time: 12.67 sec.
@I [HLS-100] Command "rtl_gen_preprocess lcddrv_wait_tmr "
@I [HLS-100] Command 'rtl_gen_preprocess' returned 0; elapsed 0.002Total elapsed time: 12.69 sec.
@I [HLS-0] Preprocessing Module: lcddrv_lcd_send_cmd ...
@I [HLS-100] Command "set_default_model lcddrv_lcd_send_cmd "
@I [HLS-100] Command 'set_default_model' returned 0; elapsed 0Total elapsed time: 12.71 sec.
@I [HLS-100] Command "cdfg_preprocess -model lcddrv_lcd_send_cmd "
@I [HLS-100] Command 'cdfg_preprocess' returned 0; elapsed 0.001Total elapsed time: 12.74 sec.
@I [HLS-100] Command "rtl_gen_preprocess lcddrv_lcd_send_cmd "
@I [HLS-100] Command 'rtl_gen_preprocess' returned 0; elapsed 0.001Total elapsed time: 12.77 sec.
@I [HLS-0] Preprocessing Module: lcddrv_init_lcd ...
@I [HLS-100] Command "set_default_model lcddrv_init_lcd "
@I [HLS-100] Command 'set_default_model' returned 0; elapsed 0Total elapsed time: 12.78 sec.
@I [HLS-100] Command "cdfg_preprocess -model lcddrv_init_lcd "
@I [HLS-100] Command 'cdfg_preprocess' returned 0; elapsed 0Total elapsed time: 12.80 sec.
@I [HLS-100] Command "rtl_gen_preprocess lcddrv_init_lcd "
@I [HLS-100] Command 'rtl_gen_preprocess' returned 0; elapsed 0.001Total elapsed time: 12.82 sec.
@I [HLS-0] Preprocessing Module: lcddrv_read_mem ...
@I [HLS-100] Command "set_default_model lcddrv_read_mem "
@I [HLS-100] Command 'set_default_model' returned 0; elapsed 0Total elapsed time: 12.83 sec.
@I [HLS-100] Command "cdfg_preprocess -model lcddrv_read_mem "
@I [HLS-100] Command 'cdfg_preprocess' returned 0; elapsed 0Total elapsed time: 12.85 sec.
@I [HLS-100] Command "rtl_gen_preprocess lcddrv_read_mem "
@I [HLS-100] Command 'rtl_gen_preprocess' returned 0; elapsed 0.002Total elapsed time: 12.89 sec.
@I [HLS-0] Preprocessing Module: lcddrv ...
@I [HLS-100] Command "set_default_model lcddrv "
@I [HLS-100] Command 'set_default_model' returned 0; elapsed 0Total elapsed time: 12.91 sec.
@I [HLS-100] Command "cdfg_preprocess -model lcddrv "
@I [HLS-100] Command 'cdfg_preprocess' returned 0; elapsed 0.012Total elapsed time: 12.105 sec.
@I [HLS-100] Command "rtl_gen_preprocess lcddrv "
@I [HLS-100] Command 'rtl_gen_preprocess' returned 0; elapsed 0.001Total elapsed time: 12.108 sec.
@I [HLS-0] Model list for synthesis: lcddrv_wait_tmr lcddrv_lcd_send_cmd lcddrv_init_lcd lcddrv_read_mem lcddrv
@I [HLS-10] ----------------------------------------------------------------
@0 [HLS-0] ----------------------------------------------------------------
@I [HLS-10] -- Scheduling module 'lcddrv_wait_tmr' 
@0 [HLS-0] -- Scheduling module 'lcddrv_wait_tmr' 
@I [HLS-10] ----------------------------------------------------------------
@0 [HLS-0] ----------------------------------------------------------------
@I [HLS-100] Command "set_default_model lcddrv_wait_tmr "
@I [HLS-100] Command 'set_default_model' returned 0; elapsed 0Total elapsed time: 12.112 sec.
@I [HLS-100] Command "schedule -model lcddrv_wait_tmr "
@I [SCHED-11] Starting scheduling ...
@I [SCHED-11] Finished scheduling.
@I [HLS-100] Command 'schedule' returned 0; elapsed 0.034Total elapsed time: 12.148 sec.
@I [HLS-111] Elapsed time: 0.18 seconds; current memory usage: 112 MB.
@I [HLS-100] Command "report -o D:/21_streamer_car5_artix7/fpga_arty/lcddrv/solution1/.autopilot/db/lcddrv_wait_tmr.verbose.sched.rpt -verbose -f "
@I [HLS-100] Command 'report' returned 0; elapsed 0.021Total elapsed time: 12.242 sec.
@I [HLS-100] Command "db_write -o D:/21_streamer_car5_artix7/fpga_arty/lcddrv/solution1/.autopilot/db/lcddrv_wait_tmr.sched.adb -f "
@I [HLS-100] Command 'db_write' returned 0; elapsed 0.029Total elapsed time: 12.274 sec.
@I [HLS-0] Finish scheduling lcddrv_wait_tmr.
@I [HLS-10] ----------------------------------------------------------------
@0 [HLS-0] ----------------------------------------------------------------
@I [HLS-10] -- Exploring micro-architecture for module 'lcddrv_wait_tmr' 
@0 [HLS-0] -- Exploring micro-architecture for module 'lcddrv_wait_tmr' 
@I [HLS-10] ----------------------------------------------------------------
@0 [HLS-0] ----------------------------------------------------------------
@I [HLS-100] Command "set_default_model lcddrv_wait_tmr "
@I [HLS-100] Command 'set_default_model' returned 0; elapsed 0Total elapsed time: 12.286 sec.
@I [HLS-100] Command "bind -model lcddrv_wait_tmr "
@I [BIND-110] clear=
@I [BIND-110] debug=
@I [BIND-110] drf=
@I [BIND-110] effort=
@I [BIND-110] fast_refine=
@I [BIND-110] fu_weight=[ 0.0 -- 1.0 ]
@I [BIND-110] global_opt=
@I [BIND-110] gsearch=
@I [BIND-110] help=
@I [BIND-110] help-hidden=
@I [BIND-110] min_mem_port=
@I [BIND-110] min_op=
@I [BIND-110] minreg=
@I [BIND-110] ml=
@I [BIND-110] model=lcddrv_wait_tmr
@I [BIND-110] no_false_path=
@I [BIND-110] no_min_op=
@I [BIND-110] normalize=
@I [BIND-110] quiet=
@I [BIND-110] refine=
@I [BIND-110] reg_weight=[ 0.0 -- 1.0 ]
@I [BIND-110] search=
@I [BIND-110] tight_delay=
@I [BIND-110] verbose=
@I [BIND-110] wFF=
@I [BIND-110] wFU=
@I [BIND-110] wMUX=
@I [BIND-110] wNET=
@I [BIND-100] Starting micro-architecture generation ...
@I [BIND-101] Performing variable lifetime analysis.
@I [BIND-101] Exploring resource sharing.
@I [BIND-101] Binding ...
@I [BIND-100] Finished micro-architecture generation.
@I [HLS-100] Command 'bind' returned 0; elapsed 0.012Total elapsed time: 12.301 sec.
@I [HLS-111] Elapsed time: 0.116 seconds; current memory usage: 112 MB.
@I [HLS-100] Command "report -o D:/21_streamer_car5_artix7/fpga_arty/lcddrv/solution1/.autopilot/db/lcddrv_wait_tmr.verbose.bind.rpt -verbose -f "
@I [HLS-100] Command 'report' returned 0; elapsed 0.026Total elapsed time: 12.351 sec.
@I [HLS-100] Command "db_write -o D:/21_streamer_car5_artix7/fpga_arty/lcddrv/solution1/.autopilot/db/lcddrv_wait_tmr.bind.adb -f "
@I [HLS-100] Command 'db_write' returned 0; elapsed 0.031Total elapsed time: 12.384 sec.
@I [HLS-0] Finish binding lcddrv_wait_tmr.
@I [HLS-10] ----------------------------------------------------------------
@0 [HLS-0] ----------------------------------------------------------------
@I [HLS-10] -- Scheduling module 'lcddrv_lcd_send_cmd' 
@0 [HLS-0] -- Scheduling module 'lcddrv_lcd_send_cmd' 
@I [HLS-10] ----------------------------------------------------------------
@0 [HLS-0] ----------------------------------------------------------------
@I [HLS-100] Command "set_default_model lcddrv_lcd_send_cmd "
@I [HLS-100] Command 'set_default_model' returned 0; elapsed 0Total elapsed time: 12.388 sec.
@I [HLS-100] Command "schedule -model lcddrv_lcd_send_cmd "
@I [SCHED-11] Starting scheduling ...
@I [SCHED-11] Finished scheduling.
@I [HLS-100] Command 'schedule' returned 0; elapsed 0.026Total elapsed time: 12.416 sec.
@I [HLS-111] Elapsed time: 0.11 seconds; current memory usage: 112 MB.
@I [HLS-100] Command "report -o D:/21_streamer_car5_artix7/fpga_arty/lcddrv/solution1/.autopilot/db/lcddrv_lcd_send_cmd.verbose.sched.rpt -verbose -f "
@I [HLS-100] Command 'report' returned 0; elapsed 0.021Total elapsed time: 12.465 sec.
@I [HLS-100] Command "db_write -o D:/21_streamer_car5_artix7/fpga_arty/lcddrv/solution1/.autopilot/db/lcddrv_lcd_send_cmd.sched.adb -f "
@I [HLS-100] Command 'db_write' returned 0; elapsed 0.031Total elapsed time: 12.497 sec.
@I [HLS-0] Finish scheduling lcddrv_lcd_send_cmd.
@I [HLS-10] ----------------------------------------------------------------
@0 [HLS-0] ----------------------------------------------------------------
@I [HLS-10] -- Exploring micro-architecture for module 'lcddrv_lcd_send_cmd' 
@0 [HLS-0] -- Exploring micro-architecture for module 'lcddrv_lcd_send_cmd' 
@I [HLS-10] ----------------------------------------------------------------
@0 [HLS-0] ----------------------------------------------------------------
@I [HLS-100] Command "set_default_model lcddrv_lcd_send_cmd "
@I [HLS-100] Command 'set_default_model' returned 0; elapsed 0Total elapsed time: 12.512 sec.
@I [HLS-100] Command "bind -model lcddrv_lcd_send_cmd "
@I [BIND-110] clear=
@I [BIND-110] debug=
@I [BIND-110] drf=
@I [BIND-110] effort=
@I [BIND-110] fast_refine=
@I [BIND-110] fu_weight=[ 0.0 -- 1.0 ]
@I [BIND-110] global_opt=
@I [BIND-110] gsearch=
@I [BIND-110] help=
@I [BIND-110] help-hidden=
@I [BIND-110] min_mem_port=
@I [BIND-110] min_op=
@I [BIND-110] minreg=
@I [BIND-110] ml=
@I [BIND-110] model=lcddrv_lcd_send_cmd
@I [BIND-110] no_false_path=
@I [BIND-110] no_min_op=
@I [BIND-110] normalize=
@I [BIND-110] quiet=
@I [BIND-110] refine=
@I [BIND-110] reg_weight=[ 0.0 -- 1.0 ]
@I [BIND-110] search=
@I [BIND-110] tight_delay=
@I [BIND-110] verbose=
@I [BIND-110] wFF=
@I [BIND-110] wFU=
@I [BIND-110] wMUX=
@I [BIND-110] wNET=
@I [BIND-100] Starting micro-architecture generation ...
@I [BIND-101] Performing variable lifetime analysis.
@I [BIND-101] Exploring resource sharing.
@I [BIND-101] Binding ...
@I [BIND-100] Finished micro-architecture generation.
@I [HLS-100] Command 'bind' returned 0; elapsed 0.016Total elapsed time: 12.528 sec.
@I [HLS-111] Elapsed time: 0.114 seconds; current memory usage: 112 MB.
@I [HLS-100] Command "report -o D:/21_streamer_car5_artix7/fpga_arty/lcddrv/solution1/.autopilot/db/lcddrv_lcd_send_cmd.verbose.bind.rpt -verbose -f "
@I [HLS-100] Command 'report' returned 0; elapsed 0.031Total elapsed time: 12.581 sec.
@I [HLS-100] Command "db_write -o D:/21_streamer_car5_artix7/fpga_arty/lcddrv/solution1/.autopilot/db/lcddrv_lcd_send_cmd.bind.adb -f "
@I [HLS-100] Command 'db_write' returned 0; elapsed 0.047Total elapsed time: 12.628 sec.
@I [HLS-0] Finish binding lcddrv_lcd_send_cmd.
@I [HLS-10] ----------------------------------------------------------------
@0 [HLS-0] ----------------------------------------------------------------
@I [HLS-10] -- Scheduling module 'lcddrv_init_lcd' 
@0 [HLS-0] -- Scheduling module 'lcddrv_init_lcd' 
@I [HLS-10] ----------------------------------------------------------------
@0 [HLS-0] ----------------------------------------------------------------
@I [HLS-100] Command "set_default_model lcddrv_init_lcd "
@I [HLS-100] Command 'set_default_model' returned 0; elapsed 0Total elapsed time: 12.628 sec.
@I [HLS-100] Command "schedule -model lcddrv_init_lcd "
@I [SCHED-11] Starting scheduling ...
@I [SCHED-11] Finished scheduling.
@I [HLS-100] Command 'schedule' returned 0; elapsed 0.038Total elapsed time: 12.666 sec.
@I [HLS-111] Elapsed time: 0.131 seconds; current memory usage: 112 MB.
@I [HLS-100] Command "report -o D:/21_streamer_car5_artix7/fpga_arty/lcddrv/solution1/.autopilot/db/lcddrv_init_lcd.verbose.sched.rpt -verbose -f "
@I [HLS-100] Command 'report' returned 0; elapsed 0.015Total elapsed time: 12.713 sec.
@I [HLS-100] Command "db_write -o D:/21_streamer_car5_artix7/fpga_arty/lcddrv/solution1/.autopilot/db/lcddrv_init_lcd.sched.adb -f "
@I [HLS-100] Command 'db_write' returned 0; elapsed 0.038Total elapsed time: 12.751 sec.
@I [HLS-0] Finish scheduling lcddrv_init_lcd.
@I [HLS-10] ----------------------------------------------------------------
@0 [HLS-0] ----------------------------------------------------------------
@I [HLS-10] -- Exploring micro-architecture for module 'lcddrv_init_lcd' 
@0 [HLS-0] -- Exploring micro-architecture for module 'lcddrv_init_lcd' 
@I [HLS-10] ----------------------------------------------------------------
@0 [HLS-0] ----------------------------------------------------------------
@I [HLS-100] Command "set_default_model lcddrv_init_lcd "
@I [HLS-100] Command 'set_default_model' returned 0; elapsed 0Total elapsed time: 12.766 sec.
@I [HLS-100] Command "bind -model lcddrv_init_lcd "
@I [BIND-110] clear=
@I [BIND-110] debug=
@I [BIND-110] drf=
@I [BIND-110] effort=
@I [BIND-110] fast_refine=
@I [BIND-110] fu_weight=[ 0.0 -- 1.0 ]
@I [BIND-110] global_opt=
@I [BIND-110] gsearch=
@I [BIND-110] help=
@I [BIND-110] help-hidden=
@I [BIND-110] min_mem_port=
@I [BIND-110] min_op=
@I [BIND-110] minreg=
@I [BIND-110] ml=
@I [BIND-110] model=lcddrv_init_lcd
@I [BIND-110] no_false_path=
@I [BIND-110] no_min_op=
@I [BIND-110] normalize=
@I [BIND-110] quiet=
@I [BIND-110] refine=
@I [BIND-110] reg_weight=[ 0.0 -- 1.0 ]
@I [BIND-110] search=
@I [BIND-110] tight_delay=
@I [BIND-110] verbose=
@I [BIND-110] wFF=
@I [BIND-110] wFU=
@I [BIND-110] wMUX=
@I [BIND-110] wNET=
@I [BIND-100] Starting micro-architecture generation ...
@I [BIND-101] Performing variable lifetime analysis.
@I [BIND-101] Exploring resource sharing.
@I [BIND-101] Binding ...
@I [BIND-100] Finished micro-architecture generation.
@I [HLS-100] Command 'bind' returned 0; elapsed 0.031Total elapsed time: 12.797 sec.
@I [HLS-111] Elapsed time: 0.116 seconds; current memory usage: 112 MB.
@I [HLS-100] Command "report -o D:/21_streamer_car5_artix7/fpga_arty/lcddrv/solution1/.autopilot/db/lcddrv_init_lcd.verbose.bind.rpt -verbose -f "
@I [HLS-100] Command 'report' returned 0; elapsed 0.038Total elapsed time: 12.851 sec.
@I [HLS-100] Command "db_write -o D:/21_streamer_car5_artix7/fpga_arty/lcddrv/solution1/.autopilot/db/lcddrv_init_lcd.bind.adb -f "
@I [HLS-100] Command 'db_write' returned 0; elapsed 0.046Total elapsed time: 12.898 sec.
@I [HLS-0] Finish binding lcddrv_init_lcd.
@I [HLS-10] ----------------------------------------------------------------
@0 [HLS-0] ----------------------------------------------------------------
@I [HLS-10] -- Scheduling module 'lcddrv_read_mem' 
@0 [HLS-0] -- Scheduling module 'lcddrv_read_mem' 
@I [HLS-10] ----------------------------------------------------------------
@0 [HLS-0] ----------------------------------------------------------------
@I [HLS-100] Command "set_default_model lcddrv_read_mem "
@I [HLS-100] Command 'set_default_model' returned 0; elapsed 0Total elapsed time: 12.913 sec.
@I [HLS-100] Command "schedule -model lcddrv_read_mem "
@I [SCHED-11] Starting scheduling ...
@I [SCHED-11] Finished scheduling.
@I [HLS-100] Command 'schedule' returned 0; elapsed 0.034Total elapsed time: 12.947 sec.
@I [HLS-111] Elapsed time: 0.153 seconds; current memory usage: 113 MB.
@I [HLS-100] Command "report -o D:/21_streamer_car5_artix7/fpga_arty/lcddrv/solution1/.autopilot/db/lcddrv_read_mem.verbose.sched.rpt -verbose -f "
@I [HLS-100] Command 'report' returned 0; elapsed 0.031Total elapsed time: 13.14 sec.
@I [HLS-100] Command "db_write -o D:/21_streamer_car5_artix7/fpga_arty/lcddrv/solution1/.autopilot/db/lcddrv_read_mem.sched.adb -f "
@I [HLS-100] Command 'db_write' returned 0; elapsed 0.033Total elapsed time: 13.46 sec.
@I [HLS-0] Finish scheduling lcddrv_read_mem.
@I [HLS-10] ----------------------------------------------------------------
@0 [HLS-0] ----------------------------------------------------------------
@I [HLS-10] -- Exploring micro-architecture for module 'lcddrv_read_mem' 
@0 [HLS-0] -- Exploring micro-architecture for module 'lcddrv_read_mem' 
@I [HLS-10] ----------------------------------------------------------------
@0 [HLS-0] ----------------------------------------------------------------
@I [HLS-100] Command "set_default_model lcddrv_read_mem "
@I [HLS-100] Command 'set_default_model' returned 0; elapsed 0Total elapsed time: 13.51 sec.
@I [HLS-100] Command "bind -model lcddrv_read_mem "
@I [BIND-110] clear=
@I [BIND-110] debug=
@I [BIND-110] drf=
@I [BIND-110] effort=
@I [BIND-110] fast_refine=
@I [BIND-110] fu_weight=[ 0.0 -- 1.0 ]
@I [BIND-110] global_opt=
@I [BIND-110] gsearch=
@I [BIND-110] help=
@I [BIND-110] help-hidden=
@I [BIND-110] min_mem_port=
@I [BIND-110] min_op=
@I [BIND-110] minreg=
@I [BIND-110] ml=
@I [BIND-110] model=lcddrv_read_mem
@I [BIND-110] no_false_path=
@I [BIND-110] no_min_op=
@I [BIND-110] normalize=
@I [BIND-110] quiet=
@I [BIND-110] refine=
@I [BIND-110] reg_weight=[ 0.0 -- 1.0 ]
@I [BIND-110] search=
@I [BIND-110] tight_delay=
@I [BIND-110] verbose=
@I [BIND-110] wFF=
@I [BIND-110] wFU=
@I [BIND-110] wMUX=
@I [BIND-110] wNET=
@I [BIND-100] Starting micro-architecture generation ...
@I [BIND-101] Performing variable lifetime analysis.
@I [BIND-101] Exploring resource sharing.
@I [BIND-101] Binding ...
@I [BIND-100] Finished micro-architecture generation.
@I [HLS-100] Command 'bind' returned 0; elapsed 0Total elapsed time: 13.51 sec.
@I [HLS-111] Elapsed time: 0.116 seconds; current memory usage: 113 MB.
@I [HLS-100] Command "report -o D:/21_streamer_car5_artix7/fpga_arty/lcddrv/solution1/.autopilot/db/lcddrv_read_mem.verbose.bind.rpt -verbose -f "
@I [HLS-100] Command 'report' returned 0; elapsed 0.016Total elapsed time: 13.98 sec.
@I [HLS-100] Command "db_write -o D:/21_streamer_car5_artix7/fpga_arty/lcddrv/solution1/.autopilot/db/lcddrv_read_mem.bind.adb -f "
@I [HLS-100] Command 'db_write' returned 0; elapsed 0.049Total elapsed time: 13.147 sec.
@I [HLS-0] Finish binding lcddrv_read_mem.
@I [HLS-10] ----------------------------------------------------------------
@0 [HLS-0] ----------------------------------------------------------------
@I [HLS-10] -- Scheduling module 'lcddrv' 
@0 [HLS-0] -- Scheduling module 'lcddrv' 
@I [HLS-10] ----------------------------------------------------------------
@0 [HLS-0] ----------------------------------------------------------------
@I [HLS-100] Command "set_default_model lcddrv "
@I [HLS-100] Command 'set_default_model' returned 0; elapsed 0.001Total elapsed time: 13.151 sec.
@I [HLS-100] Command "schedule -model lcddrv "
@I [SCHED-11] Starting scheduling ...
@I [SCHED-11] Finished scheduling.
@I [HLS-100] Command 'schedule' returned 0; elapsed 0.047Total elapsed time: 13.198 sec.
@I [HLS-111] Elapsed time: 0.132 seconds; current memory usage: 113 MB.
@I [HLS-100] Command "report -o D:/21_streamer_car5_artix7/fpga_arty/lcddrv/solution1/.autopilot/db/lcddrv.verbose.sched.rpt -verbose -f "
@I [HLS-100] Command 'report' returned 0; elapsed 0.022Total elapsed time: 13.252 sec.
@I [HLS-100] Command "db_write -o D:/21_streamer_car5_artix7/fpga_arty/lcddrv/solution1/.autopilot/db/lcddrv.sched.adb -f "
@I [HLS-100] Command 'db_write' returned 0; elapsed 0.047Total elapsed time: 13.314 sec.
@I [HLS-0] Finish scheduling lcddrv.
@I [HLS-10] ----------------------------------------------------------------
@0 [HLS-0] ----------------------------------------------------------------
@I [HLS-10] -- Exploring micro-architecture for module 'lcddrv' 
@0 [HLS-0] -- Exploring micro-architecture for module 'lcddrv' 
@I [HLS-10] ----------------------------------------------------------------
@0 [HLS-0] ----------------------------------------------------------------
@I [HLS-100] Command "set_default_model lcddrv "
@I [HLS-100] Command 'set_default_model' returned 0; elapsed 0Total elapsed time: 13.330 sec.
@I [HLS-100] Command "bind -model lcddrv "
@I [BIND-110] clear=
@I [BIND-110] debug=
@I [BIND-110] drf=
@I [BIND-110] effort=
@I [BIND-110] fast_refine=
@I [BIND-110] fu_weight=[ 0.0 -- 1.0 ]
@I [BIND-110] global_opt=
@I [BIND-110] gsearch=
@I [BIND-110] help=
@I [BIND-110] help-hidden=
@I [BIND-110] min_mem_port=
@I [BIND-110] min_op=
@I [BIND-110] minreg=
@I [BIND-110] ml=
@I [BIND-110] model=lcddrv
@I [BIND-110] no_false_path=
@I [BIND-110] no_min_op=
@I [BIND-110] normalize=
@I [BIND-110] quiet=
@I [BIND-110] refine=
@I [BIND-110] reg_weight=[ 0.0 -- 1.0 ]
@I [BIND-110] search=
@I [BIND-110] tight_delay=
@I [BIND-110] verbose=
@I [BIND-110] wFF=
@I [BIND-110] wFU=
@I [BIND-110] wMUX=
@I [BIND-110] wNET=
@I [BIND-100] Starting micro-architecture generation ...
@I [BIND-101] Performing variable lifetime analysis.
@I [BIND-101] Exploring resource sharing.
@I [BIND-101] Binding ...
@I [BIND-100] Finished micro-architecture generation.
@I [HLS-100] Command 'bind' returned 0; elapsed 0.07Total elapsed time: 13.399 sec.
@I [HLS-111] Elapsed time: 0.2 seconds; current memory usage: 113 MB.
@I [HLS-100] Command "report -o D:/21_streamer_car5_artix7/fpga_arty/lcddrv/solution1/.autopilot/db/lcddrv.verbose.bind.rpt -verbose -f "
@I [HLS-100] Command 'report' returned 0; elapsed 0.069Total elapsed time: 13.484 sec.
@I [HLS-100] Command "db_write -o D:/21_streamer_car5_artix7/fpga_arty/lcddrv/solution1/.autopilot/db/lcddrv.bind.adb -f "
@I [HLS-100] Command 'db_write' returned 0; elapsed 0.069Total elapsed time: 13.553 sec.
@I [HLS-0] Finish binding lcddrv.
@I [HLS-100] Command "get_model_list lcddrv -filter all-wo-channel "
@I [HLS-100] Command 'get_model_list' returned 0; elapsed 0Total elapsed time: 13.553 sec.
@I [HLS-0] Preprocessing for RTLGen ...
@I [HLS-100] Command "rtl_gen_preprocess lcddrv_wait_tmr "
@I [HLS-100] Command 'rtl_gen_preprocess' returned 0; elapsed 0Total elapsed time: 13.553 sec.
@I [HLS-100] Command "rtl_gen_preprocess lcddrv_lcd_send_cmd "
@I [HLS-100] Command 'rtl_gen_preprocess' returned 0; elapsed 0Total elapsed time: 13.553 sec.
@I [HLS-100] Command "rtl_gen_preprocess lcddrv_init_lcd "
@I [HLS-100] Command 'rtl_gen_preprocess' returned 0; elapsed 0Total elapsed time: 13.553 sec.
@I [HLS-100] Command "rtl_gen_preprocess lcddrv_read_mem "
@I [HLS-100] Command 'rtl_gen_preprocess' returned 0; elapsed 0.016Total elapsed time: 13.568 sec.
@I [HLS-100] Command "rtl_gen_preprocess lcddrv "
@I [HLS-100] Command 'rtl_gen_preprocess' returned 0; elapsed 0Total elapsed time: 13.568 sec.
@I [HLS-0] Model list for RTL generation: lcddrv_wait_tmr lcddrv_lcd_send_cmd lcddrv_init_lcd lcddrv_read_mem lcddrv
@I [HLS-10] ----------------------------------------------------------------
@0 [HLS-0] ----------------------------------------------------------------
@I [HLS-10] -- Generating RTL for module 'lcddrv_wait_tmr' 
@0 [HLS-0] -- Generating RTL for module 'lcddrv_wait_tmr' 
@I [HLS-10] ----------------------------------------------------------------
@0 [HLS-0] ----------------------------------------------------------------
@I [HLS-100] Command "create_rtl_model lcddrv_wait_tmr -vendor xilinx -mg_file D:/21_streamer_car5_artix7/fpga_arty/lcddrv/solution1/.autopilot/db/lcddrv_wait_tmr.compgen.tcl "
@I [RTGEN-100] Finished creating RTL model for 'lcddrv_wait_tmr'.
@I [HLS-100] Command 'create_rtl_model' returned 0; elapsed 0.016Total elapsed time: 13.599 sec.
@I [HLS-111] Elapsed time: 0.201 seconds; current memory usage: 113 MB.
@I [HLS-100] Command "source D:/21_streamer_car5_artix7/fpga_arty/lcddrv/solution1/.autopilot/db/lcddrv.rtl_wrap.cfg.tcl "
@I [HLS-100] Command 'ap_source' returned 0; elapsed 0.015Total elapsed time: 13.631 sec.
@I [HLS-100] Command "gen_rtl lcddrv_wait_tmr -style xilinx -tracefl mytrace -tracefmt vcd -traceopt all -f -lang sc -o D:/21_streamer_car5_artix7/fpga_arty/lcddrv/solution1/syn/systemc/lcddrv_wait_tmr -synmodules lcddrv_wait_tmr lcddrv_lcd_send_cmd lcddrv_init_lcd lcddrv_read_mem lcddrv "
@I [HLS-100] Command 'gen_rtl' returned 0; elapsed 0.022Total elapsed time: 13.653 sec.
@I [HLS-100] Command "gen_rtl lcddrv_wait_tmr -style xilinx -f -lang vhdl -o D:/21_streamer_car5_artix7/fpga_arty/lcddrv/solution1/syn/vhdl/lcddrv_wait_tmr "
@I [HLS-100] Command 'gen_rtl' returned 0; elapsed 0Total elapsed time: 13.653 sec.
@I [HLS-100] Command "gen_rtl lcddrv_wait_tmr -style xilinx -f -lang vlog -o D:/21_streamer_car5_artix7/fpga_arty/lcddrv/solution1/syn/verilog/lcddrv_wait_tmr "
@I [HLS-100] Command 'gen_rtl' returned 0; elapsed 0Total elapsed time: 13.668 sec.
@I [HLS-100] Command "gen_tb_info lcddrv_wait_tmr -o D:/21_streamer_car5_artix7/fpga_arty/lcddrv/solution1/.autopilot/db/lcddrv_wait_tmr -p D:/21_streamer_car5_artix7/fpga_arty/lcddrv/solution1/.autopilot/db "
@I [HLS-100] Command 'gen_tb_info' returned 0; elapsed 0.016Total elapsed time: 13.684 sec.
@I [HLS-100] Command "report -model lcddrv_wait_tmr -o D:/21_streamer_car5_artix7/fpga_arty/lcddrv/solution1/syn/report/lcddrv_wait_tmr_csynth.rpt -f "
@I [HLS-100] Command 'report' returned 0; elapsed 0.015Total elapsed time: 13.700 sec.
@I [HLS-100] Command "report -model lcddrv_wait_tmr -o D:/21_streamer_car5_artix7/fpga_arty/lcddrv/solution1/syn/report/lcddrv_wait_tmr_csynth.xml -f -x "
@I [HLS-100] Command 'report' returned 0; elapsed 0Total elapsed time: 13.715 sec.
@I [HLS-100] Command "report -model lcddrv_wait_tmr -o D:/21_streamer_car5_artix7/fpga_arty/lcddrv/solution1/.autopilot/db/lcddrv_wait_tmr.verbose.rpt -verbose -f "
@I [HLS-100] Command 'report' returned 0; elapsed 0.037Total elapsed time: 13.769 sec.
@I [HLS-100] Command "db_write -model lcddrv_wait_tmr -o D:/21_streamer_car5_artix7/fpga_arty/lcddrv/solution1/.autopilot/db/lcddrv_wait_tmr.adb -f "
@I [HLS-100] Command 'db_write' returned 0; elapsed 0.032Total elapsed time: 13.800 sec.
@I [HLS-10] ----------------------------------------------------------------
@0 [HLS-0] ----------------------------------------------------------------
@I [HLS-10] -- Generating RTL for module 'lcddrv_lcd_send_cmd' 
@0 [HLS-0] -- Generating RTL for module 'lcddrv_lcd_send_cmd' 
@I [HLS-10] ----------------------------------------------------------------
@0 [HLS-0] ----------------------------------------------------------------
@I [HLS-100] Command "create_rtl_model lcddrv_lcd_send_cmd -vendor xilinx -mg_file D:/21_streamer_car5_artix7/fpga_arty/lcddrv/solution1/.autopilot/db/lcddrv_lcd_send_cmd.compgen.tcl "
@I [RTGEN-100] Finished creating RTL model for 'lcddrv_lcd_send_cmd'.
@I [HLS-100] Command 'create_rtl_model' returned 0; elapsed 0.02Total elapsed time: 13.869 sec.
@I [HLS-111] Elapsed time: 0.285 seconds; current memory usage: 113 MB.
@I [HLS-100] Command "source D:/21_streamer_car5_artix7/fpga_arty/lcddrv/solution1/.autopilot/db/lcddrv.rtl_wrap.cfg.tcl "
@I [HLS-100] Command 'ap_source' returned 0; elapsed 0Total elapsed time: 13.900 sec.
@I [HLS-100] Command "gen_rtl lcddrv_lcd_send_cmd -style xilinx -tracefl mytrace -tracefmt vcd -traceopt all -f -lang sc -o D:/21_streamer_car5_artix7/fpga_arty/lcddrv/solution1/syn/systemc/lcddrv_lcd_send_cmd -synmodules lcddrv_wait_tmr lcddrv_lcd_send_cmd lcddrv_init_lcd lcddrv_read_mem lcddrv "
@I [HLS-100] Command 'gen_rtl' returned 0; elapsed 0.016Total elapsed time: 13.916 sec.
@I [HLS-100] Command "gen_rtl lcddrv_lcd_send_cmd -style xilinx -f -lang vhdl -o D:/21_streamer_car5_artix7/fpga_arty/lcddrv/solution1/syn/vhdl/lcddrv_lcd_send_cmd "
@I [HLS-100] Command 'gen_rtl' returned 0; elapsed 0.015Total elapsed time: 13.931 sec.
@I [HLS-100] Command "gen_rtl lcddrv_lcd_send_cmd -style xilinx -f -lang vlog -o D:/21_streamer_car5_artix7/fpga_arty/lcddrv/solution1/syn/verilog/lcddrv_lcd_send_cmd "
@I [HLS-100] Command 'gen_rtl' returned 0; elapsed 0.022Total elapsed time: 13.954 sec.
@I [HLS-100] Command "gen_tb_info lcddrv_lcd_send_cmd -o D:/21_streamer_car5_artix7/fpga_arty/lcddrv/solution1/.autopilot/db/lcddrv_lcd_send_cmd -p D:/21_streamer_car5_artix7/fpga_arty/lcddrv/solution1/.autopilot/db "
@I [HLS-100] Command 'gen_tb_info' returned 0; elapsed 0.016Total elapsed time: 13.969 sec.
@I [HLS-100] Command "report -model lcddrv_lcd_send_cmd -o D:/21_streamer_car5_artix7/fpga_arty/lcddrv/solution1/syn/report/lcddrv_lcd_send_cmd_csynth.rpt -f "
@I [HLS-100] Command 'report' returned 0; elapsed 0.016Total elapsed time: 13.985 sec.
@I [HLS-100] Command "report -model lcddrv_lcd_send_cmd -o D:/21_streamer_car5_artix7/fpga_arty/lcddrv/solution1/syn/report/lcddrv_lcd_send_cmd_csynth.xml -f -x "
@I [HLS-100] Command 'report' returned 0; elapsed 0.015Total elapsed time: 14.1 sec.
@I [HLS-100] Command "report -model lcddrv_lcd_send_cmd -o D:/21_streamer_car5_artix7/fpga_arty/lcddrv/solution1/.autopilot/db/lcddrv_lcd_send_cmd.verbose.rpt -verbose -f "
@I [HLS-100] Command 'report' returned 0; elapsed 0.031Total elapsed time: 14.32 sec.
@I [HLS-100] Command "db_write -model lcddrv_lcd_send_cmd -o D:/21_streamer_car5_artix7/fpga_arty/lcddrv/solution1/.autopilot/db/lcddrv_lcd_send_cmd.adb -f "
@I [HLS-100] Command 'db_write' returned 0; elapsed 0.038Total elapsed time: 14.70 sec.
@I [HLS-10] ----------------------------------------------------------------
@0 [HLS-0] ----------------------------------------------------------------
@I [HLS-10] -- Generating RTL for module 'lcddrv_init_lcd' 
@0 [HLS-0] -- Generating RTL for module 'lcddrv_init_lcd' 
@I [HLS-10] ----------------------------------------------------------------
@0 [HLS-0] ----------------------------------------------------------------
@I [HLS-100] Command "create_rtl_model lcddrv_init_lcd -vendor xilinx -mg_file D:/21_streamer_car5_artix7/fpga_arty/lcddrv/solution1/.autopilot/db/lcddrv_init_lcd.compgen.tcl "
@I [RTGEN-100] Finished creating RTL model for 'lcddrv_init_lcd'.
@I [HLS-100] Command 'create_rtl_model' returned 0; elapsed 0.2Total elapsed time: 14.317 sec.
@I [HLS-111] Elapsed time: 0.432 seconds; current memory usage: 113 MB.
@I [HLS-100] Command "source D:/21_streamer_car5_artix7/fpga_arty/lcddrv/solution1/.autopilot/db/lcddrv.rtl_wrap.cfg.tcl "
@I [HLS-100] Command 'ap_source' returned 0; elapsed 0.003Total elapsed time: 14.352 sec.
@I [HLS-100] Command "gen_rtl lcddrv_init_lcd -style xilinx -tracefl mytrace -tracefmt vcd -traceopt all -f -lang sc -o D:/21_streamer_car5_artix7/fpga_arty/lcddrv/solution1/syn/systemc/lcddrv_init_lcd -synmodules lcddrv_wait_tmr lcddrv_lcd_send_cmd lcddrv_init_lcd lcddrv_read_mem lcddrv "
@I [HLS-100] Command 'gen_rtl' returned 0; elapsed 0.016Total elapsed time: 14.370 sec.
@I [HLS-100] Command "gen_rtl lcddrv_init_lcd -style xilinx -f -lang vhdl -o D:/21_streamer_car5_artix7/fpga_arty/lcddrv/solution1/syn/vhdl/lcddrv_init_lcd "
@I [HLS-100] Command 'gen_rtl' returned 0; elapsed 0.015Total elapsed time: 14.386 sec.
@I [HLS-100] Command "gen_rtl lcddrv_init_lcd -style xilinx -f -lang vlog -o D:/21_streamer_car5_artix7/fpga_arty/lcddrv/solution1/syn/verilog/lcddrv_init_lcd "
@I [HLS-100] Command 'gen_rtl' returned 0; elapsed 0.032Total elapsed time: 14.417 sec.
@I [HLS-100] Command "gen_tb_info lcddrv_init_lcd -o D:/21_streamer_car5_artix7/fpga_arty/lcddrv/solution1/.autopilot/db/lcddrv_init_lcd -p D:/21_streamer_car5_artix7/fpga_arty/lcddrv/solution1/.autopilot/db "
@I [HLS-100] Command 'gen_tb_info' returned 0; elapsed 0.015Total elapsed time: 14.433 sec.
@I [HLS-100] Command "report -model lcddrv_init_lcd -o D:/21_streamer_car5_artix7/fpga_arty/lcddrv/solution1/syn/report/lcddrv_init_lcd_csynth.rpt -f "
@I [HLS-100] Command 'report' returned 0; elapsed 0.022Total elapsed time: 14.455 sec.
@I [HLS-100] Command "report -model lcddrv_init_lcd -o D:/21_streamer_car5_artix7/fpga_arty/lcddrv/solution1/syn/report/lcddrv_init_lcd_csynth.xml -f -x "
@I [HLS-100] Command 'report' returned 0; elapsed 0.016Total elapsed time: 14.470 sec.
@I [HLS-100] Command "report -model lcddrv_init_lcd -o D:/21_streamer_car5_artix7/fpga_arty/lcddrv/solution1/.autopilot/db/lcddrv_init_lcd.verbose.rpt -verbose -f "
@I [HLS-100] Command 'report' returned 0; elapsed 0.047Total elapsed time: 14.517 sec.
@I [HLS-100] Command "db_write -model lcddrv_init_lcd -o D:/21_streamer_car5_artix7/fpga_arty/lcddrv/solution1/.autopilot/db/lcddrv_init_lcd.adb -f "
@I [HLS-100] Command 'db_write' returned 0; elapsed 0.053Total elapsed time: 14.571 sec.
@I [HLS-10] ----------------------------------------------------------------
@0 [HLS-0] ----------------------------------------------------------------
@I [HLS-10] -- Generating RTL for module 'lcddrv_read_mem' 
@0 [HLS-0] -- Generating RTL for module 'lcddrv_read_mem' 
@I [HLS-10] ----------------------------------------------------------------
@0 [HLS-0] ----------------------------------------------------------------
@I [HLS-100] Command "create_rtl_model lcddrv_read_mem -vendor xilinx -mg_file D:/21_streamer_car5_artix7/fpga_arty/lcddrv/solution1/.autopilot/db/lcddrv_read_mem.compgen.tcl "
@I [RTGEN-100] Finished creating RTL model for 'lcddrv_read_mem'.
@I [HLS-100] Command 'create_rtl_model' returned 0; elapsed 0.032Total elapsed time: 14.649 sec.
@I [HLS-111] Elapsed time: 0.307 seconds; current memory usage: 113 MB.
@I [HLS-100] Command "source D:/21_streamer_car5_artix7/fpga_arty/lcddrv/solution1/.autopilot/db/lcddrv.rtl_wrap.cfg.tcl "
@I [HLS-100] Command 'ap_source' returned 0; elapsed 0.016Total elapsed time: 14.671 sec.
@I [HLS-100] Command "gen_rtl lcddrv_read_mem -style xilinx -tracefl mytrace -tracefmt vcd -traceopt all -f -lang sc -o D:/21_streamer_car5_artix7/fpga_arty/lcddrv/solution1/syn/systemc/lcddrv_read_mem -synmodules lcddrv_wait_tmr lcddrv_lcd_send_cmd lcddrv_init_lcd lcddrv_read_mem lcddrv "
@I [HLS-100] Command 'gen_rtl' returned 0; elapsed 0.015Total elapsed time: 14.686 sec.
@I [HLS-100] Command "gen_rtl lcddrv_read_mem -style xilinx -f -lang vhdl -o D:/21_streamer_car5_artix7/fpga_arty/lcddrv/solution1/syn/vhdl/lcddrv_read_mem "
@I [HLS-100] Command 'gen_rtl' returned 0; elapsed 0.016Total elapsed time: 14.702 sec.
@I [HLS-100] Command "gen_rtl lcddrv_read_mem -style xilinx -f -lang vlog -o D:/21_streamer_car5_artix7/fpga_arty/lcddrv/solution1/syn/verilog/lcddrv_read_mem "
@I [HLS-100] Command 'gen_rtl' returned 0; elapsed 0.015Total elapsed time: 14.718 sec.
@I [HLS-100] Command "gen_tb_info lcddrv_read_mem -o D:/21_streamer_car5_artix7/fpga_arty/lcddrv/solution1/.autopilot/db/lcddrv_read_mem -p D:/21_streamer_car5_artix7/fpga_arty/lcddrv/solution1/.autopilot/db "
@I [HLS-100] Command 'gen_tb_info' returned 0; elapsed 0.016Total elapsed time: 14.733 sec.
@I [HLS-100] Command "report -model lcddrv_read_mem -o D:/21_streamer_car5_artix7/fpga_arty/lcddrv/solution1/syn/report/lcddrv_read_mem_csynth.rpt -f "
@I [HLS-100] Command 'report' returned 0; elapsed 0.022Total elapsed time: 14.755 sec.
@I [HLS-100] Command "report -model lcddrv_read_mem -o D:/21_streamer_car5_artix7/fpga_arty/lcddrv/solution1/syn/report/lcddrv_read_mem_csynth.xml -f -x "
@I [HLS-100] Command 'report' returned 0; elapsed 0Total elapsed time: 14.755 sec.
@I [HLS-100] Command "report -model lcddrv_read_mem -o D:/21_streamer_car5_artix7/fpga_arty/lcddrv/solution1/.autopilot/db/lcddrv_read_mem.verbose.rpt -verbose -f "
@I [HLS-100] Command 'report' returned 0; elapsed 0.031Total elapsed time: 14.787 sec.
@I [HLS-100] Command "db_write -model lcddrv_read_mem -o D:/21_streamer_car5_artix7/fpga_arty/lcddrv/solution1/.autopilot/db/lcddrv_read_mem.adb -f "
@I [HLS-100] Command 'db_write' returned 0; elapsed 0.031Total elapsed time: 14.834 sec.
@I [HLS-10] ----------------------------------------------------------------
@0 [HLS-0] ----------------------------------------------------------------
@I [HLS-10] -- Generating RTL for module 'lcddrv' 
@0 [HLS-0] -- Generating RTL for module 'lcddrv' 
@I [HLS-10] ----------------------------------------------------------------
@0 [HLS-0] ----------------------------------------------------------------
@I [HLS-100] Command "create_rtl_model lcddrv -vendor xilinx -mg_file D:/21_streamer_car5_artix7/fpga_arty/lcddrv/solution1/.autopilot/db/lcddrv.compgen.tcl "
@I [RTGEN-500] Setting interface mode on port 'lcddrv/dummy_tmr_out' to 'ap_none' (register).
@W [RTGEN-101] Port 'dummy_tmr_out' with mode 'ap_none' may require an associated data valid signal to correctly communicate with other blocks or a test bench; automatic C/RTL co-simulation may not be able to verify such a port.
@I [RTGEN-500] Setting interface mode on port 'lcddrv/rs' to 'ap_none' (register).
@W [RTGEN-101] Port 'rs' with mode 'ap_none' may require an associated data valid signal to correctly communicate with other blocks or a test bench; automatic C/RTL co-simulation may not be able to verify such a port.
@I [RTGEN-500] Setting interface mode on port 'lcddrv/en' to 'ap_none' (register).
@W [RTGEN-101] Port 'en' with mode 'ap_none' may require an associated data valid signal to correctly communicate with other blocks or a test bench; automatic C/RTL co-simulation may not be able to verify such a port.
@I [RTGEN-500] Setting interface mode on port 'lcddrv/data' to 'ap_none' (register).
@W [RTGEN-101] Port 'data' with mode 'ap_none' may require an associated data valid signal to correctly communicate with other blocks or a test bench; automatic C/RTL co-simulation may not be able to verify such a port.
@I [RTGEN-500] Setting interface mode on port 'lcddrv/ind' to 'ap_none' (register).
@I [RTGEN-500] Setting interface mode on port 'lcddrv/mem_addr' to 'ap_none' (register).
@W [RTGEN-101] Port 'mem_addr' with mode 'ap_none' may require an associated data valid signal to correctly communicate with other blocks or a test bench; automatic C/RTL co-simulation may not be able to verify such a port.
@I [RTGEN-500] Setting interface mode on port 'lcddrv/mem_din' to 'ap_none'.
@I [RTGEN-500] Setting interface mode on port 'lcddrv/mem_req' to 'ap_none' (register).
@W [RTGEN-101] Port 'mem_req' with mode 'ap_none' may require an associated data valid signal to correctly communicate with other blocks or a test bench; automatic C/RTL co-simulation may not be able to verify such a port.
@I [RTGEN-500] Setting interface mode on port 'lcddrv/mem_ack' to 'ap_none'.
@I [RTGEN-500] Setting interface mode on function 'lcddrv' to 'ap_ctrl_hs'.
@W [RTGEN-101] Global scalar 'dummy_tmr_out' will be exposed as RTL port.
@W [RTGEN-101] Global scalar 'rs' will be exposed as RTL port.
@W [RTGEN-101] Global scalar 'en' will be exposed as RTL port.
@W [RTGEN-101] Global scalar 'data' will be exposed as RTL port.
@W [RTGEN-101] Global scalar 'ind' will be exposed as RTL port.
@W [RTGEN-101] Global scalar 'mem_addr' will be exposed as RTL port.
@W [RTGEN-101] Global scalar 'mem_din' will be exposed as RTL port.
@W [RTGEN-101] Global scalar 'mem_req' will be exposed as RTL port.
@W [RTGEN-101] Global scalar 'mem_ack' will be exposed as RTL port.
@I [RTGEN-100] Finished creating RTL model for 'lcddrv'.
@I [HLS-100] Command 'create_rtl_model' returned 0; elapsed 0.276Total elapsed time: 15.147 sec.
@I [HLS-111] Elapsed time: 0.559 seconds; current memory usage: 114 MB.
@I [HLS-100] Command "source D:/21_streamer_car5_artix7/fpga_arty/lcddrv/solution1/.autopilot/db/lcddrv.rtl_wrap.cfg.tcl "
@I [HLS-100] Command 'ap_source' returned 0; elapsed 0.003Total elapsed time: 15.229 sec.
@I [HLS-100] Command "gen_rtl lcddrv -istop -style xilinx -tracefl mytrace -tracefmt vcd -traceopt all -f -lang sc -o D:/21_streamer_car5_artix7/fpga_arty/lcddrv/solution1/syn/systemc/lcddrv -synmodules lcddrv_wait_tmr lcddrv_lcd_send_cmd lcddrv_init_lcd lcddrv_read_mem lcddrv "
@I [HLS-100] Command 'gen_rtl' returned 0; elapsed 0.022Total elapsed time: 15.254 sec.
@I [HLS-100] Command "gen_rtl lcddrv -istop -style xilinx -f -lang vhdl -o D:/21_streamer_car5_artix7/fpga_arty/lcddrv/solution1/syn/vhdl/lcddrv "
@I [HLS-100] Command 'gen_rtl' returned 0; elapsed 0.024Total elapsed time: 15.282 sec.
@I [HLS-100] Command "gen_rtl lcddrv -istop -style xilinx -f -lang vlog -o D:/21_streamer_car5_artix7/fpga_arty/lcddrv/solution1/syn/verilog/lcddrv "
@I [HLS-100] Command 'gen_rtl' returned 0; elapsed 0.031Total elapsed time: 15.313 sec.
@I [HLS-100] Command "export_constraint_db -o D:/21_streamer_car5_artix7/fpga_arty/lcddrv/solution1/.autopilot/db/lcddrv.constraint.tcl -f -tool general "
@I [HLS-100] Command 'export_constraint_db' returned 0; elapsed 0Total elapsed time: 15.329 sec.
@I [HLS-100] Command "report -model lcddrv -o D:/21_streamer_car5_artix7/fpga_arty/lcddrv/solution1/.autopilot/db/lcddrv.design.xml -verbose -f -dv "
@I [HLS-100] Command 'report' returned 0; elapsed 0.053Total elapsed time: 15.382 sec.
@I [HLS-100] Command "report -model lcddrv -o D:/21_streamer_car5_artix7/fpga_arty/lcddrv/solution1/.autopilot/db/lcddrv.sdaccel.xml -verbose -f -sdaccel "
@I [HLS-100] Command 'report' returned 0; elapsed 0.031Total elapsed time: 15.414 sec.
@I [HLS-100] Command "gen_tb_info lcddrv -o D:/21_streamer_car5_artix7/fpga_arty/lcddrv/solution1/.autopilot/db/lcddrv -p D:/21_streamer_car5_artix7/fpga_arty/lcddrv/solution1/.autopilot/db "
@I [HLS-100] Command 'gen_tb_info' returned 0; elapsed 0.032Total elapsed time: 15.445 sec.
@I [HLS-100] Command "report -model lcddrv -o D:/21_streamer_car5_artix7/fpga_arty/lcddrv/solution1/syn/report/lcddrv_csynth.rpt -f "
@I [HLS-100] Command 'report' returned 0; elapsed 0.037Total elapsed time: 15.483 sec.
@I [HLS-100] Command "report -model lcddrv -o D:/21_streamer_car5_artix7/fpga_arty/lcddrv/solution1/syn/report/lcddrv_csynth.xml -f -x "
@I [HLS-100] Command 'report' returned 0; elapsed 0.016Total elapsed time: 15.498 sec.
@I [HLS-100] Command "report -model lcddrv -o D:/21_streamer_car5_artix7/fpga_arty/lcddrv/solution1/.autopilot/db/lcddrv.verbose.rpt -verbose -f "
@I [HLS-100] Command 'report' returned 0; elapsed 0.085Total elapsed time: 15.583 sec.
@I [HLS-100] Command "db_write -model lcddrv -o D:/21_streamer_car5_artix7/fpga_arty/lcddrv/solution1/.autopilot/db/lcddrv.adb -f "
@I [HLS-100] Command 'db_write' returned 0; elapsed 0.081Total elapsed time: 15.664 sec.
@I [HLS-100] Command "sc_get_clocks lcddrv "
@I [HLS-100] Command 'sc_get_clocks' returned 0; elapsed 0Total elapsed time: 15.763 sec.
@I [HLS-100] Command "sc_get_portdomain lcddrv "
@I [HLS-100] Command 'sc_get_portdomain' returned 0; elapsed 0Total elapsed time: 15.765 sec.
@I [HLS-0] Model list for RTL component generation: lcddrv_wait_tmr lcddrv_lcd_send_cmd lcddrv_init_lcd lcddrv_read_mem lcddrv
@I [HLS-0] Handling components in module [lcddrv_wait_tmr] ... 
@I [HLS-100] Command "source D:/21_streamer_car5_artix7/fpga_arty/lcddrv/solution1/.autopilot/db/lcddrv_wait_tmr.compgen.tcl "
@I [HLS-100] Command 'ap_source' returned 0; elapsed 0Total elapsed time: 15.783 sec.
@I [HLS-0] Handling components in module [lcddrv_lcd_send_cmd] ... 
@I [HLS-100] Command "source D:/21_streamer_car5_artix7/fpga_arty/lcddrv/solution1/.autopilot/db/lcddrv_lcd_send_cmd.compgen.tcl "
@I [HLS-100] Command 'ap_source' returned 0; elapsed 0.016Total elapsed time: 15.799 sec.
@I [HLS-0] Handling components in module [lcddrv_init_lcd] ... 
@I [HLS-100] Command "source D:/21_streamer_car5_artix7/fpga_arty/lcddrv/solution1/.autopilot/db/lcddrv_init_lcd.compgen.tcl "
@I [HLS-100] Command 'ap_source' returned 0; elapsed 0Total elapsed time: 15.799 sec.
@I [HLS-0] Handling components in module [lcddrv_read_mem] ... 
@I [HLS-100] Command "source D:/21_streamer_car5_artix7/fpga_arty/lcddrv/solution1/.autopilot/db/lcddrv_read_mem.compgen.tcl "
@I [HLS-100] Command 'ap_source' returned 0; elapsed 0.015Total elapsed time: 15.815 sec.
@I [HLS-0] Handling components in module [lcddrv] ... 
@I [HLS-100] Command "source D:/21_streamer_car5_artix7/fpga_arty/lcddrv/solution1/.autopilot/db/lcddrv.compgen.tcl "
@I [HLS-100] Command 'ap_source' returned 0; elapsed 0Total elapsed time: 15.815 sec.
@I [HLS-0] Append model lcddrv_wait_tmr
@I [HLS-0] Append model lcddrv_lcd_send_cmd
@I [HLS-0] Append model lcddrv_init_lcd
@I [HLS-0] Append model lcddrv_read_mem
@I [HLS-0] Append model lcddrv
@I [HLS-0] Generating RTL model list ...
@I [HLS-0] All models in this session: lcddrv_wait_tmr lcddrv_lcd_send_cmd lcddrv_init_lcd lcddrv_read_mem lcddrv
@I [HLS-0] To file: write model lcddrv_wait_tmr
@I [HLS-0] To file: write model lcddrv_lcd_send_cmd
@I [HLS-0] To file: write model lcddrv_init_lcd
@I [HLS-0] To file: write model lcddrv_read_mem
@I [HLS-0] To file: write model lcddrv
@I [HLS-0] Finished generating RTL model list.


@I [HLS-0] RTL Generation done.
@I [HLS-0] CAS Generation done.
@I [HLS-0] CBC Generation done.
@I [HLS-100] Command "export_ssdm D:/21_streamer_car5_artix7/fpga_arty/lcddrv/solution1/.autopilot/db/a.export.ll "
@I [HLS-100] Command 'export_ssdm' returned 0; elapsed 0.016Total elapsed time: 15.862 sec.
@I [HLS-100] Command "source D:/21_streamer_car5_artix7/fpga_arty/lcddrv/solution1/.autopilot/db/global.setting.tcl "
@I [HLS-100] Command 'ap_source' returned 0; elapsed 0Total elapsed time: 15.868 sec.
@I [HLS-100] Command "source C:/Xilinx/Vivado_HLS/2016.1/common/technology/generic/autopilot/common.gen "
@I [HLS-100] Command "source C:/Xilinx/Vivado_HLS/2016.1/common/technology/generic/autopilot/APCoreGen.gen "
@I [HLS-100] Command 'ap_source' returned 0; elapsed 0Total elapsed time: 15.868 sec.
@I [HLS-100] Command 'ap_source' returned 0; elapsed 0Total elapsed time: 15.868 sec.
@I [HLS-100] Command "source C:/Xilinx/Vivado_HLS/2016.1/common/technology/generic/autopilot/op.gen "
@I [HLS-100] Command 'ap_source' returned 0; elapsed 0Total elapsed time: 15.868 sec.
@I [HLS-100] Command "source C:/Xilinx/Vivado_HLS/2016.1/common/technology/generic/autopilot/op_simcore.gen "
@I [HLS-100] Command 'ap_source' returned 0; elapsed 0Total elapsed time: 15.868 sec.
@I [HLS-100] Command "source C:/Xilinx/Vivado_HLS/2016.1/common/technology/generic/autopilot/interface.gen "
@I [HLS-100] Command 'ap_source' returned 0; elapsed 0.015Total elapsed time: 15.884 sec.
@I [HLS-100] Command "source D:/21_streamer_car5_artix7/fpga_arty/lcddrv/solution1/.autopilot/db/global.setting.tcl "
@I [HLS-100] Command 'ap_source' returned 0; elapsed 0Total elapsed time: 15.884 sec.
@I [HLS-100] Command "source C:/Xilinx/Vivado_HLS/2016.1/common/technology/xilinx/artix7/artix7.gen "
@I [HLS-100] Command "source C:/Xilinx/Vivado_HLS/2016.1/common/technology/xilinx/common/virtex.gen "
@I [HLS-100] Command "source C:/Xilinx/Vivado_HLS/2016.1/common/technology/xilinx/common/xilinx.gen "
@I [HLS-100] Command "source C:/Xilinx/Vivado_HLS/2016.1/common/technology/xilinx/interface/plb46.gen "
@I [HLS-100] Command 'ap_source' returned 0; elapsed 0Total elapsed time: 15.884 sec.
@I [HLS-100] Command "source C:/Xilinx/Vivado_HLS/2016.1/common/technology/xilinx/interface/fsl.gen "
@I [HLS-100] Command 'ap_source' returned 0; elapsed 0Total elapsed time: 15.884 sec.
@I [HLS-100] Command "source C:/Xilinx/Vivado_HLS/2016.1/common/technology/xilinx/interface/axi4.gen "
@I [HLS-100] Command 'ap_source' returned 0; elapsed 0Total elapsed time: 15.884 sec.
@I [HLS-100] Command "source C:/Xilinx/Vivado_HLS/2016.1/common/technology/xilinx/interface/nativeAXI4.gen "
@I [HLS-100] Command "source C:/Xilinx/Vivado_HLS/2016.1/common/technology/xilinx/interface/saxilite.gen "
@I [HLS-100] Command 'ap_source' returned 0; elapsed 0.016Total elapsed time: 15.899 sec.
@I [HLS-100] Command "source C:/Xilinx/Vivado_HLS/2016.1/common/technology/xilinx/interface/maxi.gen "
@I [HLS-100] Command 'ap_source' returned 0; elapsed 0.016Total elapsed time: 15.915 sec.
@I [HLS-100] Command 'ap_source' returned 0; elapsed 0.032Total elapsed time: 15.915 sec.
@I [HLS-100] Command "source C:/Xilinx/Vivado_HLS/2016.1/common/technology/xilinx/scripts/xilinxcoregen.gen "
@I [HLS-100] Command 'ap_source' returned 0; elapsed 0.031Total elapsed time: 15.946 sec.
@I [HLS-100] Command "source C:/Xilinx/Vivado_HLS/2016.1/common/technology/xilinx/interface/XilEDKCoreGen.gen "
@I [HLS-100] Command 'ap_source' returned 0; elapsed 0.022Total elapsed time: 15.968 sec.
@I [HLS-100] Command "source C:/Xilinx/Vivado_HLS/2016.1/common/technology/xilinx/ip/dds_compiler.gen "
@I [HLS-100] Command 'ap_source' returned 0; elapsed 0.016Total elapsed time: 15.984 sec.
@I [HLS-100] Command "source C:/Xilinx/Vivado_HLS/2016.1/common/technology/xilinx/ip/util.gen "
@I [HLS-100] Command 'ap_source' returned 0; elapsed 0Total elapsed time: 15.984 sec.
@I [HLS-100] Command "source C:/Xilinx/Vivado_HLS/2016.1/common/technology/xilinx/ip/xfft.gen "
@I [HLS-100] Command 'ap_source' returned 0; elapsed 0.263Total elapsed time: 16.247 sec.
@I [HLS-100] Command "source C:/Xilinx/Vivado_HLS/2016.1/common/technology/xilinx/ip/xfir.gen "
@I [HLS-100] Command 'ap_source' returned 0; elapsed 0Total elapsed time: 16.247 sec.
@I [HLS-100] Command 'ap_source' returned 0; elapsed 0.364Total elapsed time: 16.247 sec.
@I [HLS-100] Command "source C:/Xilinx/Vivado_HLS/2016.1/common/technology/xilinx/common/dsp48.gen "
@I [HLS-100] Command 'ap_source' returned 0; elapsed 0Total elapsed time: 16.247 sec.
@I [HLS-100] Command 'ap_source' returned 0; elapsed 0.364Total elapsed time: 16.247 sec.
@I [HLS-100] Command 'ap_source' returned 0; elapsed 0.364Total elapsed time: 16.247 sec.
@I [HLS-100] Command "source C:/Xilinx/Vivado_HLS/2016.1/common/technology/xilinx/artix7/artix7_fpv6.gen "
@I [HLS-100] Command "source C:/Xilinx/Vivado_HLS/2016.1/common/technology/xilinx/common/xilinx_fpv6.gen "
@I [HLS-100] Command 'ap_source' returned 0; elapsed 0.017Total elapsed time: 16.265 sec.
@I [HLS-100] Command 'ap_source' returned 0; elapsed 0.018Total elapsed time: 16.266 sec.
@I [HLS-100] Command "source D:/21_streamer_car5_artix7/fpga_arty/lcddrv/solution1/.autopilot/db/global.setting.tcl "
@I [HLS-100] Command 'ap_source' returned 0; elapsed 0Total elapsed time: 16.269 sec.
@I [HLS-100] Command "source D:/21_streamer_car5_artix7/fpga_arty/lcddrv/solution1/.autopilot/db/global.setting.tcl "
@I [HLS-100] Command 'ap_source' returned 0; elapsed 0Total elapsed time: 16.269 sec.
@I [HLS-100] Command "source D:/21_streamer_car5_artix7/fpga_arty/lcddrv/solution1/.autopilot/db/global.setting.tcl "
@I [HLS-100] Command 'ap_source' returned 0; elapsed 0Total elapsed time: 16.269 sec.
@I [HLS-100] Command "source D:/21_streamer_car5_artix7/fpga_arty/lcddrv/solution1/.autopilot/db/global.setting.tcl "
@I [HLS-100] Command 'ap_source' returned 0; elapsed 0Total elapsed time: 16.269 sec.
@I [HLS-100] Command "source D:/21_streamer_car5_artix7/fpga_arty/lcddrv/solution1/.autopilot/db/lcddrv_wait_tmr.compgen.tcl "
@I [HLS-100] Command 'ap_source' returned 0; elapsed 0Total elapsed time: 16.284 sec.
@I [HLS-100] Command "source D:/21_streamer_car5_artix7/fpga_arty/lcddrv/solution1/.autopilot/db/lcddrv_lcd_send_cmd.compgen.tcl "
@I [HLS-100] Command 'ap_source' returned 0; elapsed 0Total elapsed time: 16.284 sec.
@I [HLS-100] Command "source D:/21_streamer_car5_artix7/fpga_arty/lcddrv/solution1/.autopilot/db/lcddrv_init_lcd.compgen.tcl "
@I [HLS-100] Command 'ap_source' returned 0; elapsed 0Total elapsed time: 16.284 sec.
@I [HLS-100] Command "source D:/21_streamer_car5_artix7/fpga_arty/lcddrv/solution1/.autopilot/db/lcddrv_read_mem.compgen.tcl "
@I [HLS-100] Command 'ap_source' returned 0; elapsed 0Total elapsed time: 16.284 sec.
@I [HLS-100] Command "source D:/21_streamer_car5_artix7/fpga_arty/lcddrv/solution1/.autopilot/db/lcddrv.compgen.tcl "
@I [HLS-100] Command 'ap_source' returned 0; elapsed 0Total elapsed time: 16.284 sec.
@I [HLS-10] Finished generating all RTL models.
@0 [HLS-0] Finished generating all RTL models.
@I [SYSC-301] Generating SystemC RTL for lcddrv.
@I [VHDL-304] Generating VHDL RTL for lcddrv.
@I [VLOG-307] Generating Verilog RTL for lcddrv.
@I [HLS-100] Command 'autosyn' returned 0; elapsed 4.278Total elapsed time: 16.300 sec.
@I [HLS-100] Command 'csynth_design' returned 0; elapsed 14.095Total elapsed time: 16.300 sec.
@I [HLS-100] Command 'ap_source' returned 0; elapsed 14.896Total elapsed time: 16.316 sec.
@I [HLS-100] Command "cleanup_all "
@I [HLS-100] Command 'cleanup_all' returned 0; elapsed 0.016Total elapsed time: 16.331 sec.
