

================================================================
== Vivado HLS Report for 'motor_ctrl_wait_tmr'
================================================================
* Date:           Fri May 27 23:00:22 2016

* Version:        2016.1 (Build 1538259 on Fri Apr 08 16:12:49 MDT 2016)
* Project:        motor_ctrl
* Solution:       solution1
* Product family: artix7
* Target device:  xc7a35ticsg324-1l


================================================================
== Performance Estimates
================================================================
+ Timing (ns): 
    * Summary: 
    +--------+-------+----------+------------+
    |  Clock | Target| Estimated| Uncertainty|
    +--------+-------+----------+------------+
    |ap_clk  |  10.00|      2.78|        1.25|
    +--------+-------+----------+------------+

+ Latency (clock cycles): 
    * Summary: 
    +--------+--------+--------+--------+---------+
    |     Latency     |     Interval    | Pipeline|
    |   min  |   max  |   min  |   max  |   Type  |
    +--------+--------+--------+--------+---------+
    |  100001|  100001|  100001|  100001|   none  |
    +--------+--------+--------+--------+---------+

    + Detail: 
        * Instance: 
        N/A

        * Loop: 
        +----------+--------+--------+----------+-----------+-----------+--------+----------+
        |          |     Latency     | Iteration|  Initiation Interval  |  Trip  |          |
        | Loop Name|   min  |   max  |  Latency |  achieved |   target  |  Count | Pipelined|
        +----------+--------+--------+----------+-----------+-----------+--------+----------+
        |- Loop 1  |  100000|  100000|         1|          -|          -|  100000|    no    |
        +----------+--------+--------+----------+-----------+-----------+--------+----------+



================================================================
== Utilization Estimates
================================================================
* Summary: 
+-----------------+---------+-------+-------+-------+
|       Name      | BRAM_18K| DSP48E|   FF  |  LUT  |
+-----------------+---------+-------+-------+-------+
|DSP              |        -|      -|      -|      -|
|Expression       |        -|      -|      0|     25|
|FIFO             |        -|      -|      -|      -|
|Instance         |        -|      -|      -|      -|
|Memory           |        -|      -|      -|      -|
|Multiplexer      |        -|      -|      -|     19|
|Register         |        -|      -|     19|      -|
+-----------------+---------+-------+-------+-------+
|Total            |        0|      0|     19|     44|
+-----------------+---------+-------+-------+-------+
|Available        |      100|     90|  41600|  20800|
+-----------------+---------+-------+-------+-------+
|Utilization (%)  |        0|      0|   ~0  |   ~0  |
+-----------------+---------+-------+-------+-------+

+ Detail: 
    * Instance: 
    N/A

    * DSP48: 
    N/A

    * Memory: 
    N/A

    * FIFO: 
    N/A

    * Expression: 
    +-------------------+----------+-------+---+----+------------+------------+
    |   Variable Name   | Operation| DSP48E| FF| LUT| Bitwidth P0| Bitwidth P1|
    +-------------------+----------+-------+---+----+------------+------------+
    |t_1_fu_52_p2       |     +    |      0|  0|  17|          17|           1|
    |exitcond_fu_46_p2  |   icmp   |      0|  0|   6|          17|          16|
    |not_s_fu_58_p2     |    xor   |      0|  0|   2|           1|           2|
    +-------------------+----------+-------+---+----+------------+------------+
    |Total              |          |      0|  0|  25|          35|          19|
    +-------------------+----------+-------+---+----+------------+------------+

    * Multiplexer: 
    +-----------------+----+-----------+-----+-----------+
    |       Name      | LUT| Input Size| Bits| Total Bits|
    +-----------------+----+-----------+-----+-----------+
    |ap_NS_fsm        |   1|          3|    1|          3|
    |dummy_tmr_out_o  |   1|          2|    1|          2|
    |t_reg_35         |  17|          2|   17|         34|
    +-----------------+----+-----------+-----+-----------+
    |Total            |  19|          7|   19|         39|
    +-----------------+----+-----------+-----+-----------+

    * Register: 
    +-----------+----+----+-----+-----------+
    |    Name   | FF | LUT| Bits| Const Bits|
    +-----------+----+----+-----+-----------+
    |ap_CS_fsm  |   2|   0|    2|          0|
    |t_reg_35   |  17|   0|   17|          0|
    +-----------+----+----+-----+-----------+
    |Total      |  19|   0|   19|          0|
    +-----------+----+----+-----+-----------+



================================================================
== Interface
================================================================
* Summary: 
+------------------------+-----+-----+------------+---------------------+--------------+
|        RTL Ports       | Dir | Bits|  Protocol  |    Source Object    |    C Type    |
+------------------------+-----+-----+------------+---------------------+--------------+
|ap_clk                  |  in |    1| ap_ctrl_hs | motor_ctrl_wait_tmr | return value |
|ap_rst                  |  in |    1| ap_ctrl_hs | motor_ctrl_wait_tmr | return value |
|ap_start                |  in |    1| ap_ctrl_hs | motor_ctrl_wait_tmr | return value |
|ap_done                 | out |    1| ap_ctrl_hs | motor_ctrl_wait_tmr | return value |
|ap_idle                 | out |    1| ap_ctrl_hs | motor_ctrl_wait_tmr | return value |
|ap_ready                | out |    1| ap_ctrl_hs | motor_ctrl_wait_tmr | return value |
|dummy_tmr_out_i         |  in |    1|   ap_ovld  |    dummy_tmr_out    |    pointer   |
|dummy_tmr_out_o         | out |    1|   ap_ovld  |    dummy_tmr_out    |    pointer   |
|dummy_tmr_out_o_ap_vld  | out |    1|   ap_ovld  |    dummy_tmr_out    |    pointer   |
+------------------------+-----+-----+------------+---------------------+--------------+

