

================================================================
== Vivado HLS Report for 'bno055_uart_uart_read_reg16'
================================================================
* Date:           Fri May 27 17:23:08 2016

* Version:        2016.1 (Build 1538259 on Fri Apr 08 16:12:49 MDT 2016)
* Project:        bno055_uart
* Solution:       solution1
* Product family: artix7
* Target device:  xc7a35ticsg324-1l


================================================================
== Performance Estimates
================================================================
+ Timing (ns): 
    * Summary: 
    +--------+-------+----------+------------+
    |  Clock | Target| Estimated| Uncertainty|
    +--------+-------+----------+------------+
    |ap_clk  |  10.00|      2.89|        1.25|
    +--------+-------+----------+------------+

+ Latency (clock cycles): 
    * Summary: 
    +-----+-----+-----+-----+---------+
    |  Latency  |  Interval | Pipeline|
    | min | max | min | max |   Type  |
    +-----+-----+-----+-----+---------+
    |    ?|    ?|    ?|    ?|   none  |
    +-----+-----+-----+-----+---------+

    + Detail: 
        * Instance: 
        +-----------------------------------------+-------------------------------+-----+------------+-----+------------+---------+
        |                                         |                               |      Latency     |     Interval     | Pipeline|
        |                 Instance                |             Module            | min |     max    | min |     max    |   Type  |
        +-----------------------------------------+-------------------------------+-----+------------+-----+------------+---------+
        |grp_bno055_uart_uart_receive_byte_fu_43  |bno055_uart_uart_receive_byte  |    ?|           ?|    ?|           ?|   none  |
        |grp_bno055_uart_uart_send_byte_fu_51     |bno055_uart_uart_send_byte     |   60|  1000000050|   60|  1000000050|   none  |
        |grp_bno055_uart_wait_tmr_fu_64           |bno055_uart_wait_tmr           |    3|   100000002|    3|   100000002|   none  |
        +-----------------------------------------+-------------------------------+-----+------------+-----+------------+---------+

        * Loop: 
        N/A



================================================================
== Utilization Estimates
================================================================
* Summary: 
+-----------------+---------+-------+-------+-------+
|       Name      | BRAM_18K| DSP48E|   FF  |  LUT  |
+-----------------+---------+-------+-------+-------+
|DSP              |        -|      -|      -|      -|
|Expression       |        -|      -|      0|      6|
|FIFO             |        -|      -|      -|      -|
|Instance         |        -|      -|    217|    350|
|Memory           |        -|      -|      -|      -|
|Multiplexer      |        -|      -|      -|     77|
|Register         |        -|      -|     64|      -|
+-----------------+---------+-------+-------+-------+
|Total            |        0|      0|    281|    433|
+-----------------+---------+-------+-------+-------+
|Available        |      100|     90|  41600|  20800|
+-----------------+---------+-------+-------+-------+
|Utilization (%)  |        0|      0|   ~0  |      2|
+-----------------+---------+-------+-------+-------+

+ Detail: 
    * Instance: 
    +-----------------------------------------+-------------------------------+---------+-------+-----+-----+
    |                 Instance                |             Module            | BRAM_18K| DSP48E|  FF | LUT |
    +-----------------------------------------+-------------------------------+---------+-------+-----+-----+
    |grp_bno055_uart_uart_receive_byte_fu_43  |bno055_uart_uart_receive_byte  |        0|      0|  124|  189|
    |grp_bno055_uart_uart_send_byte_fu_51     |bno055_uart_uart_send_byte     |        0|      0|   63|   93|
    |grp_bno055_uart_wait_tmr_fu_64           |bno055_uart_wait_tmr           |        0|      0|   30|   68|
    +-----------------------------------------+-------------------------------+---------+-------+-----+-----+
    |Total                                    |                               |        0|      0|  217|  350|
    +-----------------------------------------+-------------------------------+---------+-------+-----+-----+

    * DSP48: 
    N/A

    * Memory: 
    N/A

    * FIFO: 
    N/A

    * Expression: 
    +----------------+----------+-------+---+----+------------+------------+
    |  Variable Name | Operation| DSP48E| FF| LUT| Bitwidth P0| Bitwidth P1|
    +----------------+----------+-------+---+----+------------+------------+
    |tmp_fu_72_p2    |   icmp   |      0|  0|   3|           8|           8|
    |tmp_s_fu_78_p2  |   icmp   |      0|  0|   3|           8|           6|
    +----------------+----------+-------+---+----+------------+------------+
    |Total           |          |      0|  0|   6|          16|          14|
    +----------------+----------+-------+---+----+------------+------------+

    * Multiplexer: 
    +-------------------------------------------+----+-----------+-----+-----------+
    |                    Name                   | LUT| Input Size| Bits| Total Bits|
    +-------------------------------------------+----+-----------+-----+-----------+
    |ap_NS_fsm                                  |  18|         21|    1|         21|
    |ap_return                                  |  16|          2|   16|         32|
    |dummy_tmr_out_o                            |   1|          4|    1|          4|
    |dummy_tmr_out_o_ap_vld                     |   1|          4|    1|          4|
    |grp_bno055_uart_uart_send_byte_fu_51_data  |   8|          5|    8|         40|
    |p_0_phi_fu_35_p6                           |  16|          2|   16|         32|
    |p_0_reg_32                                 |  16|          3|   16|         48|
    |uart_tx_ap_vld                             |   1|          2|    1|          2|
    +-------------------------------------------+----+-----------+-----+-----------+
    |Total                                      |  77|         43|   60|        183|
    +-------------------------------------------+----+-----------+-----+-----------+

    * Register: 
    +---------------------------------------------------------+----+----+-----+-----------+
    |                           Name                          | FF | LUT| Bits| Const Bits|
    +---------------------------------------------------------+----+----+-----+-----------+
    |ap_CS_fsm                                                |  20|   0|   20|          0|
    |ap_reg_grp_bno055_uart_uart_receive_byte_fu_43_ap_start  |   1|   0|    1|          0|
    |ap_reg_grp_bno055_uart_uart_send_byte_fu_51_ap_start     |   1|   0|    1|          0|
    |ap_reg_grp_bno055_uart_wait_tmr_fu_64_ap_start           |   1|   0|    1|          0|
    |ap_return_preg                                           |  16|   0|   16|          0|
    |bh_reg_117                                               |   8|   0|    8|          0|
    |p_0_reg_32                                               |  16|   0|   16|          0|
    |tmp_reg_100                                              |   1|   0|    1|          0|
    +---------------------------------------------------------+----+----+-----+-----------+
    |Total                                                    |  64|   0|   64|          0|
    +---------------------------------------------------------+----+----+-----+-----------+



================================================================
== Interface
================================================================
* Summary: 
+------------------------+-----+-----+------------+-----------------------------+--------------+
|        RTL Ports       | Dir | Bits|  Protocol  |        Source Object        |    C Type    |
+------------------------+-----+-----+------------+-----------------------------+--------------+
|ap_clk                  |  in |    1| ap_ctrl_hs | bno055_uart_uart_read_reg16 | return value |
|ap_rst                  |  in |    1| ap_ctrl_hs | bno055_uart_uart_read_reg16 | return value |
|ap_start                |  in |    1| ap_ctrl_hs | bno055_uart_uart_read_reg16 | return value |
|ap_done                 | out |    1| ap_ctrl_hs | bno055_uart_uart_read_reg16 | return value |
|ap_idle                 | out |    1| ap_ctrl_hs | bno055_uart_uart_read_reg16 | return value |
|ap_ready                | out |    1| ap_ctrl_hs | bno055_uart_uart_read_reg16 | return value |
|ap_return               | out |   16| ap_ctrl_hs | bno055_uart_uart_read_reg16 | return value |
|uart_tx                 | out |    1|   ap_vld   |           uart_tx           |    pointer   |
|uart_tx_ap_vld          | out |    1|   ap_vld   |           uart_tx           |    pointer   |
|dummy_tmr_out_i         |  in |    1|   ap_ovld  |        dummy_tmr_out        |    pointer   |
|dummy_tmr_out_o         | out |    1|   ap_ovld  |        dummy_tmr_out        |    pointer   |
|dummy_tmr_out_o_ap_vld  | out |    1|   ap_ovld  |        dummy_tmr_out        |    pointer   |
|uart_rx                 |  in |    1|   ap_none  |           uart_rx           |    pointer   |
+------------------------+-----+-----+------------+-----------------------------+--------------+

