

================================================================
== Vivado HLS Report for 'lcddrv_lcd_send_cmd'
================================================================
* Date:           Fri May 27 17:26:41 2016

* Version:        2016.1 (Build 1538259 on Fri Apr 08 16:12:49 MDT 2016)
* Project:        lcddrv
* Solution:       solution1
* Product family: artix7
* Target device:  xc7a35ticsg324-1l


================================================================
== Performance Estimates
================================================================
+ Timing (ns): 
    * Summary: 
    +--------+-------+----------+------------+
    |  Clock | Target| Estimated| Uncertainty|
    +--------+-------+----------+------------+
    |ap_clk  |  10.00|      2.86|        1.25|
    +--------+-------+----------+------------+

+ Latency (clock cycles): 
    * Summary: 
    +------+----------+------+----------+---------+
    |     Latency     |     Interval    | Pipeline|
    |  min |    max   |  min |    max   |   Type  |
    +------+----------+------+----------+---------+
    |  4016|  40000016|  4016|  40000016|   none  |
    +------+----------+------+----------+---------+

    + Detail: 
        * Instance: 
        N/A

        * Loop: 
        N/A

============================================================
+ Verbose Summary: Synthesis Manager
============================================================
InlineROM: 1
ExposeGlobal: 0
============================================================
+ Verbose Summary: CDFG Model
============================================================
IsTopModel: 0
ResetActiveHigh: 1
IsCombinational: 0
IsDatapathOnly: 0
HasWiredReturn: 1
HasMFsm: 0
HasVarLatency: 1
IsPipeline: 0
IsRtlPipelined: 0
IsInstanceOverlapped: 0
IsDontTouch: 0
HasImplIP: 0
IsGatedGlobalClock: 0


============================================================
+ Verbose Summary: Schedule
============================================================
* Number of FSM states: 9
* Pipeline: 0
* Dataflow Pipeline: 0

* FSM state transitions: 
1 --> 
	2  / true
2 --> 
	3  / true
3 --> 
	4  / true
4 --> 
	5  / true
5 --> 
	6  / true
6 --> 
	7  / true
7 --> 
	8  / true
8 --> 
	9  / true
9 --> 
* FSM state operations: 

 <State 1>: 1.48ns
ST_1: wd_read [1/1] 1.48ns
:0  %wd_read = call i4 @_ssdm_op_Read.ap_auto.i4(i4 %wd) nounwind

ST_1: mode_read [1/1] 1.48ns
:1  %mode_read = call i1 @_ssdm_op_Read.ap_auto.i1(i1 %mode) nounwind


 <State 2>: 2.65ns
ST_2: stg_12 [1/1] 0.00ns
:2  call void (...)* @_ssdm_op_Wait(i32 1)

ST_2: stg_13 [1/1] 0.00ns
:3  call void @_ssdm_op_Write.ap_none.volatile.i1P(i1* @en, i1 false) nounwind

ST_2: stg_14 [2/2] 2.65ns
:5  call fastcc void @lcddrv_wait_tmr(i25 1000) nounwind


 <State 3>: 2.65ns
ST_3: stg_15 [1/1] 0.00ns
:4  call void (...)* @_ssdm_op_Wait(i32 1)

ST_3: stg_16 [1/2] 2.65ns
:5  call fastcc void @lcddrv_wait_tmr(i25 1000) nounwind


 <State 4>: 2.65ns
ST_4: stg_17 [1/1] 0.00ns
:6  call void (...)* @_ssdm_op_Wait(i32 1)

ST_4: stg_18 [1/1] 0.00ns
:7  call void @_ssdm_op_Write.ap_none.volatile.i1P(i1* @en, i1 false) nounwind

ST_4: stg_19 [1/1] 0.00ns
:8  call void @_ssdm_op_Write.ap_none.volatile.i1P(i1* @rs, i1 %mode_read) nounwind

ST_4: stg_20 [1/1] 0.00ns
:9  call void @_ssdm_op_Write.ap_none.volatile.i4P(i4* @data, i4 %wd_read) nounwind

ST_4: stg_21 [2/2] 2.65ns
:11  call fastcc void @lcddrv_wait_tmr(i25 1000) nounwind


 <State 5>: 2.65ns
ST_5: stg_22 [1/1] 0.00ns
:10  call void (...)* @_ssdm_op_Wait(i32 1)

ST_5: stg_23 [1/2] 2.65ns
:11  call fastcc void @lcddrv_wait_tmr(i25 1000) nounwind


 <State 6>: 2.65ns
ST_6: stg_24 [1/1] 0.00ns
:12  call void (...)* @_ssdm_op_Wait(i32 1)

ST_6: stg_25 [1/1] 0.00ns
:13  call void @_ssdm_op_Write.ap_none.volatile.i1P(i1* @en, i1 true) nounwind

ST_6: stg_26 [1/1] 0.00ns
:14  call void @_ssdm_op_Write.ap_none.volatile.i1P(i1* @rs, i1 %mode_read) nounwind

ST_6: stg_27 [1/1] 0.00ns
:15  call void @_ssdm_op_Write.ap_none.volatile.i4P(i4* @data, i4 %wd_read) nounwind

ST_6: stg_28 [2/2] 2.65ns
:17  call fastcc void @lcddrv_wait_tmr(i25 1000) nounwind


 <State 7>: 2.65ns
ST_7: stg_29 [1/1] 0.00ns
:16  call void (...)* @_ssdm_op_Wait(i32 1)

ST_7: stg_30 [1/2] 2.65ns
:17  call fastcc void @lcddrv_wait_tmr(i25 1000) nounwind


 <State 8>: 2.65ns
ST_8: stg_31 [1/1] 0.00ns
:18  call void (...)* @_ssdm_op_Wait(i32 1)

ST_8: stg_32 [1/1] 0.00ns
:19  call void @_ssdm_op_Write.ap_none.volatile.i1P(i1* @en, i1 false) nounwind

ST_8: stg_33 [1/1] 0.00ns
:20  call void @_ssdm_op_Write.ap_none.volatile.i1P(i1* @rs, i1 %mode_read) nounwind

ST_8: stg_34 [1/1] 0.00ns
:21  call void @_ssdm_op_Write.ap_none.volatile.i4P(i4* @data, i4 %wd_read) nounwind

ST_8: stg_35 [2/2] 2.65ns
:23  call fastcc void @lcddrv_wait_tmr(i25 1000) nounwind


 <State 9>: 2.65ns
ST_9: stg_36 [1/1] 0.00ns
:22  call void (...)* @_ssdm_op_Wait(i32 1)

ST_9: stg_37 [1/2] 2.65ns
:23  call fastcc void @lcddrv_wait_tmr(i25 1000) nounwind

ST_9: stg_38 [1/1] 0.00ns
:24  ret void



============================================================
+ Verbose Summary: Binding
============================================================
STG Binding: 
---------------- STG Properties BEGIN ----------------
- Is combinational: 0
- Is one-state seq: 0
- Is datapath-only: 0
- Is clock enabled: 0
- Is pipelined: 0
- Is top level: 0
Port [ Return ] is wired: 1; IO mode=ap_ctrl_hs:ce=0
Port [ mode]:  wired=1; compound=0; hidden=0; nouse=0; global=0; static=0; extern=0; dir=0; type=0; pingpong=0; private_global=0; IO mode=ap_none:ce=0
Port [ wd]:  wired=1; compound=0; hidden=0; nouse=0; global=0; static=0; extern=0; dir=0; type=0; pingpong=0; private_global=0; IO mode=ap_none:ce=0
Port [ en]:  wired=1; compound=0; hidden=0; nouse=0; global=1; static=0; extern=0; dir=1; type=0; pingpong=0; private_global=0; linkage=0; visibility=0; IO mode=ap_vld:ce=0
Port [ dummy_tmr_out]:  wired=1; compound=0; hidden=0; nouse=0; global=1; static=0; extern=0; dir=2; type=0; pingpong=0; private_global=0; linkage=0; visibility=0; IO mode=ap_ovld:ce=0
Port [ rs]:  wired=1; compound=0; hidden=0; nouse=0; global=1; static=0; extern=0; dir=1; type=0; pingpong=0; private_global=0; linkage=0; visibility=0; IO mode=ap_vld:ce=0
Port [ data]:  wired=1; compound=0; hidden=0; nouse=0; global=1; static=0; extern=0; dir=1; type=0; pingpong=0; private_global=0; linkage=0; visibility=0; IO mode=ap_vld:ce=0
---------------- STG Properties END ------------------

---------------- Datapath Model BEGIN ----------------

<LifeTime>
<method=bitvector/>
wd_read   (read ) [ 0011111110]
mode_read (read ) [ 0011111110]
stg_12    (wait ) [ 0000000000]
stg_13    (write) [ 0000000000]
stg_15    (wait ) [ 0000000000]
stg_16    (call ) [ 0000000000]
stg_17    (wait ) [ 0000000000]
stg_18    (write) [ 0000000000]
stg_19    (write) [ 0000000000]
stg_20    (write) [ 0000000000]
stg_22    (wait ) [ 0000000000]
stg_23    (call ) [ 0000000000]
stg_24    (wait ) [ 0000000000]
stg_25    (write) [ 0000000000]
stg_26    (write) [ 0000000000]
stg_27    (write) [ 0000000000]
stg_29    (wait ) [ 0000000000]
stg_30    (call ) [ 0000000000]
stg_31    (wait ) [ 0000000000]
stg_32    (write) [ 0000000000]
stg_33    (write) [ 0000000000]
stg_34    (write) [ 0000000000]
stg_36    (wait ) [ 0000000000]
stg_37    (call ) [ 0000000000]
stg_38    (ret  ) [ 0000000000]
</LifeTime>

<model>

<comp_list>
<comp id="0" class="1000" name="mode">
<pin_list>
<pin id="1" dir="1" index="0" bw="1" slack="0"/>
</pin_list>
<bind>
<StgValue><ssdm name="mode"/></StgValue>
</bind>
</comp>

<comp id="2" class="1000" name="wd">
<pin_list>
<pin id="3" dir="1" index="0" bw="1" slack="0"/>
</pin_list>
<bind>
<StgValue><ssdm name="wd"/></StgValue>
</bind>
</comp>

<comp id="4" class="1000" name="en">
<pin_list>
<pin id="5" dir="1" index="0" bw="1" slack="0"/>
</pin_list>
<bind>
<StgValue><ssdm name="en"/></StgValue>
</bind>
</comp>

<comp id="6" class="1000" name="dummy_tmr_out">
<pin_list>
<pin id="7" dir="1" index="0" bw="1" slack="0"/>
</pin_list>
<bind>
<StgValue><ssdm name="dummy_tmr_out"/></StgValue>
</bind>
</comp>

<comp id="8" class="1000" name="rs">
<pin_list>
<pin id="9" dir="1" index="0" bw="1" slack="0"/>
</pin_list>
<bind>
<StgValue><ssdm name="rs"/></StgValue>
</bind>
</comp>

<comp id="10" class="1000" name="data">
<pin_list>
<pin id="11" dir="1" index="0" bw="1" slack="0"/>
</pin_list>
<bind>
<StgValue><ssdm name="data"/></StgValue>
</bind>
</comp>

<comp id="12" class="1001" name="const_12">
<pin_list>
<pin id="13" dir="1" index="0" bw="1" slack="0"/>
</pin_list>
<bind>
<StgValue><ssdm name="_ssdm_op_Read.ap_auto.i4"/></StgValue>
</bind>
</comp>

<comp id="14" class="1001" name="const_14">
<pin_list>
<pin id="15" dir="1" index="0" bw="1" slack="0"/>
</pin_list>
<bind>
<StgValue><ssdm name="_ssdm_op_Read.ap_auto.i1"/></StgValue>
</bind>
</comp>

<comp id="16" class="1001" name="const_16">
<pin_list>
<pin id="17" dir="1" index="0" bw="1" slack="2147483647"/>
</pin_list>
<bind>
<StgValue><ssdm name="_ssdm_op_Wait"/></StgValue>
</bind>
</comp>

<comp id="18" class="1001" name="const_18">
<pin_list>
<pin id="19" dir="1" index="0" bw="1" slack="2147483647"/>
</pin_list>
<bind>
<StgValue><ssdm name=""/></StgValue>
</bind>
</comp>

<comp id="20" class="1001" name="const_20">
<pin_list>
<pin id="21" dir="1" index="0" bw="1" slack="0"/>
</pin_list>
<bind>
<StgValue><ssdm name="_ssdm_op_Write.ap_none.volatile.i1P"/></StgValue>
</bind>
</comp>

<comp id="22" class="1001" name="const_22">
<pin_list>
<pin id="23" dir="1" index="0" bw="1" slack="0"/>
</pin_list>
<bind>
<StgValue><ssdm name=""/></StgValue>
</bind>
</comp>

<comp id="24" class="1001" name="const_24">
<pin_list>
<pin id="25" dir="1" index="0" bw="1" slack="0"/>
</pin_list>
<bind>
<StgValue><ssdm name="lcddrv_wait_tmr"/></StgValue>
</bind>
</comp>

<comp id="26" class="1001" name="const_26">
<pin_list>
<pin id="27" dir="1" index="0" bw="1" slack="0"/>
</pin_list>
<bind>
<StgValue><ssdm name=""/></StgValue>
</bind>
</comp>

<comp id="28" class="1001" name="const_28">
<pin_list>
<pin id="29" dir="1" index="0" bw="1" slack="0"/>
</pin_list>
<bind>
<StgValue><ssdm name="_ssdm_op_Write.ap_none.volatile.i4P"/></StgValue>
</bind>
</comp>

<comp id="30" class="1001" name="const_30">
<pin_list>
<pin id="31" dir="1" index="0" bw="1" slack="0"/>
</pin_list>
<bind>
<StgValue><ssdm name=""/></StgValue>
</bind>
</comp>

<comp id="32" class="1004" name="wd_read_read_fu_32">
<pin_list>
<pin id="33" dir="0" index="0" bw="4" slack="0"/>
<pin id="34" dir="0" index="1" bw="4" slack="0"/>
<pin id="35" dir="1" index="2" bw="4" slack="3"/>
</pin_list>
<bind>
<opcode="read(1150) " fcode="read"/>
<opset="wd_read/1 "/>
</bind>
</comp>

<comp id="38" class="1004" name="mode_read_read_fu_38">
<pin_list>
<pin id="39" dir="0" index="0" bw="1" slack="0"/>
<pin id="40" dir="0" index="1" bw="1" slack="0"/>
<pin id="41" dir="1" index="2" bw="1" slack="3"/>
</pin_list>
<bind>
<opcode="read(1150) " fcode="read"/>
<opset="mode_read/1 "/>
</bind>
</comp>

<comp id="44" class="1004" name="grp_write_fu_44">
<pin_list>
<pin id="45" dir="0" index="0" bw="0" slack="0"/>
<pin id="46" dir="0" index="1" bw="1" slack="0"/>
<pin id="47" dir="0" index="2" bw="1" slack="0"/>
<pin id="48" dir="1" index="3" bw="0" slack="2147483647"/>
</pin_list>
<bind>
<opcode="write(1151) " fcode="write"/>
<opset="stg_13/2 stg_18/4 stg_25/6 stg_32/8 "/>
</bind>
</comp>

<comp id="52" class="1004" name="grp_write_fu_52">
<pin_list>
<pin id="53" dir="0" index="0" bw="0" slack="0"/>
<pin id="54" dir="0" index="1" bw="1" slack="0"/>
<pin id="55" dir="0" index="2" bw="1" slack="3"/>
<pin id="56" dir="1" index="3" bw="0" slack="2147483647"/>
</pin_list>
<bind>
<opcode="write(1151) " fcode="write"/>
<opset="stg_19/4 stg_26/6 stg_33/8 "/>
</bind>
</comp>

<comp id="59" class="1004" name="grp_write_fu_59">
<pin_list>
<pin id="60" dir="0" index="0" bw="0" slack="0"/>
<pin id="61" dir="0" index="1" bw="4" slack="0"/>
<pin id="62" dir="0" index="2" bw="4" slack="3"/>
<pin id="63" dir="1" index="3" bw="0" slack="2147483647"/>
</pin_list>
<bind>
<opcode="write(1151) " fcode="write"/>
<opset="stg_20/4 stg_27/6 stg_34/8 "/>
</bind>
</comp>

<comp id="67" class="1004" name="grp_lcddrv_wait_tmr_fu_67">
<pin_list>
<pin id="68" dir="0" index="0" bw="0" slack="0"/>
<pin id="69" dir="0" index="1" bw="11" slack="0"/>
<pin id="70" dir="0" index="2" bw="1" slack="0"/>
<pin id="71" dir="1" index="3" bw="0" slack="2147483647"/>
</pin_list>
<bind>
<opcode="call(48) " fcode="call"/>
<opset="stg_14/2 stg_21/4 stg_28/6 stg_35/8 "/>
</bind>
</comp>

<comp id="75" class="1005" name="wd_read_reg_75">
<pin_list>
<pin id="76" dir="0" index="0" bw="4" slack="3"/>
<pin id="77" dir="1" index="1" bw="4" slack="3"/>
</pin_list>
<bind>
<opset="wd_read "/>
</bind>
</comp>

<comp id="80" class="1005" name="mode_read_reg_80">
<pin_list>
<pin id="81" dir="0" index="0" bw="1" slack="3"/>
<pin id="82" dir="1" index="1" bw="1" slack="3"/>
</pin_list>
<bind>
<opset="mode_read "/>
</bind>
</comp>

</comp_list>

<net_list>
<net id="36"><net_src comp="12" pin="0"/><net_sink comp="32" pin=0"/></net>

<net id="37"><net_src comp="2" pin="0"/><net_sink comp="32" pin=1"/></net>

<net id="42"><net_src comp="14" pin="0"/><net_sink comp="38" pin=0"/></net>

<net id="43"><net_src comp="0" pin="0"/><net_sink comp="38" pin=1"/></net>

<net id="49"><net_src comp="20" pin="0"/><net_sink comp="44" pin=0"/></net>

<net id="50"><net_src comp="4" pin="0"/><net_sink comp="44" pin=1"/></net>

<net id="51"><net_src comp="22" pin="0"/><net_sink comp="44" pin=2"/></net>

<net id="57"><net_src comp="20" pin="0"/><net_sink comp="52" pin=0"/></net>

<net id="58"><net_src comp="8" pin="0"/><net_sink comp="52" pin=1"/></net>

<net id="64"><net_src comp="28" pin="0"/><net_sink comp="59" pin=0"/></net>

<net id="65"><net_src comp="10" pin="0"/><net_sink comp="59" pin=1"/></net>

<net id="66"><net_src comp="30" pin="0"/><net_sink comp="44" pin=2"/></net>

<net id="72"><net_src comp="24" pin="0"/><net_sink comp="67" pin=0"/></net>

<net id="73"><net_src comp="26" pin="0"/><net_sink comp="67" pin=1"/></net>

<net id="74"><net_src comp="6" pin="0"/><net_sink comp="67" pin=2"/></net>

<net id="78"><net_src comp="32" pin="2"/><net_sink comp="75" pin=0"/></net>

<net id="79"><net_src comp="75" pin="1"/><net_sink comp="59" pin=2"/></net>

<net id="83"><net_src comp="38" pin="2"/><net_sink comp="80" pin=0"/></net>

<net id="84"><net_src comp="80" pin="1"/><net_sink comp="52" pin=2"/></net>

</net_list>

</model> 
---------------- Datapath Model END ------------------

* FSMD analyzer results:
  - Output states:
	Port: en | {2 4 6 8 }
	Port: dummy_tmr_out | {2 3 4 5 6 7 8 9 }
	Port: rs | {4 6 8 }
	Port: data | {4 6 8 }
 - Input state : 
	Port: lcddrv_lcd_send_cmd : mode | {1 }
	Port: lcddrv_lcd_send_cmd : wd | {1 }
	Port: lcddrv_lcd_send_cmd : dummy_tmr_out | {2 3 4 5 6 7 8 9 }
  - Chain level:
	State 1
	State 2
	State 3
	State 4
	State 5
	State 6
	State 7
	State 8
	State 9


============================================================
+ Verbose Summary: Datapath Resource usage 
============================================================

* Functional unit list:
|----------|---------------------------|---------|---------|
| Operation|      Functional Unit      |    FF   |   LUT   |
|----------|---------------------------|---------|---------|
|   call   | grp_lcddrv_wait_tmr_fu_67 |    73   |    34   |
|----------|---------------------------|---------|---------|
|   read   |     wd_read_read_fu_32    |    0    |    0    |
|          |    mode_read_read_fu_38   |    0    |    0    |
|----------|---------------------------|---------|---------|
|          |      grp_write_fu_44      |    0    |    0    |
|   write  |      grp_write_fu_52      |    0    |    0    |
|          |      grp_write_fu_59      |    0    |    0    |
|----------|---------------------------|---------|---------|
|   Total  |                           |    73   |    34   |
|----------|---------------------------|---------|---------|

Memories:
N/A

* Register list:
+----------------+--------+
|                |   FF   |
+----------------+--------+
|mode_read_reg_80|    1   |
| wd_read_reg_75 |    4   |
+----------------+--------+
|      Total     |    5   |
+----------------+--------+

* Multiplexer (MUX) list: 
|-----------------|------|------|------|--------||---------|
|       Comp      |  Pin | Size |  BW  | S x BW ||  Delay  |
|-----------------|------|------|------|--------||---------|
| grp_write_fu_44 |  p2  |   2  |   1  |    2   |
|-----------------|------|------|------|--------||---------|
|      Total      |      |      |      |    2   ||  1.571  |
|-----------------|------|------|------|--------||---------|



* Summary:
+-----------+--------+--------+--------+
|           |  Delay |   FF   |   LUT  |
+-----------+--------+--------+--------+
|  Function |    -   |   73   |   34   |
|   Memory  |    -   |    -   |    -   |
|Multiplexer|    1   |    -   |    -   |
|  Register |    -   |    5   |    -   |
+-----------+--------+--------+--------+
|   Total   |    1   |   78   |   34   |
+-----------+--------+--------+--------+
