

================================================================
== Vivado HLS Report for 'motor_ctrl_bin2char'
================================================================
* Date:           Fri May 27 23:00:21 2016

* Version:        2016.1 (Build 1538259 on Fri Apr 08 16:12:49 MDT 2016)
* Project:        motor_ctrl
* Solution:       solution1
* Product family: artix7
* Target device:  xc7a35ticsg324-1l


================================================================
== Performance Estimates
================================================================
+ Timing (ns): 
    * Summary: 
    +--------+-------+----------+------------+
    |  Clock | Target| Estimated| Uncertainty|
    +--------+-------+----------+------------+
    |ap_clk  |  10.00|      3.88|        1.25|
    +--------+-------+----------+------------+

+ Latency (clock cycles): 
    * Summary: 
    +-----+-----+-----+-----+---------+
    |  Latency  |  Interval | Pipeline|
    | min | max | min | max |   Type  |
    +-----+-----+-----+-----+---------+
    |    0|    0|    0|    0|   none  |
    +-----+-----+-----+-----+---------+

    + Detail: 
        * Instance: 
        N/A

        * Loop: 
        N/A



================================================================
== Utilization Estimates
================================================================
* Summary: 
+-----------------+---------+-------+-------+-------+
|       Name      | BRAM_18K| DSP48E|   FF  |  LUT  |
+-----------------+---------+-------+-------+-------+
|DSP              |        -|      -|      -|      -|
|Expression       |        -|      -|      -|      -|
|FIFO             |        -|      -|      -|      -|
|Instance         |        -|      -|      -|      -|
|Memory           |        -|      -|      -|      -|
|Multiplexer      |        -|      -|      -|     35|
|Register         |        -|      -|      -|      -|
+-----------------+---------+-------+-------+-------+
|Total            |        0|      0|      0|     35|
+-----------------+---------+-------+-------+-------+
|Available        |      100|     90|  41600|  20800|
+-----------------+---------+-------+-------+-------+
|Utilization (%)  |        0|      0|      0|   ~0  |
+-----------------+---------+-------+-------+-------+

+ Detail: 
    * Instance: 
    N/A

    * DSP48: 
    N/A

    * Memory: 
    N/A

    * FIFO: 
    N/A

    * Expression: 
    N/A

    * Multiplexer: 
    +----------------------+----+-----------+-----+-----------+
    |         Name         | LUT| Input Size| Bits| Total Bits|
    +----------------------+----+-----------+-----+-----------+
    |retval_phi_fu_75_p32  |  35|         17|    7|        119|
    +----------------------+----+-----------+-----+-----------+
    |Total                 |  35|         17|    7|        119|
    +----------------------+----+-----------+-----+-----------+

    * Register: 
    N/A



================================================================
== Interface
================================================================
* Summary: 
+-----------+-----+-----+------------+---------------------+--------------+
| RTL Ports | Dir | Bits|  Protocol  |    Source Object    |    C Type    |
+-----------+-----+-----+------------+---------------------+--------------+
|val_r      |  in |    4|   ap_none  |        val_r        |    scalar    |
|ap_return  | out |    7| ap_ctrl_hs | motor_ctrl_bin2char | return value |
+-----------+-----+-----+------------+---------------------+--------------+

============================================================
+ Verbose Summary: Synthesis Manager
============================================================
InlineROM: 1
ExposeGlobal: 0
============================================================
+ Verbose Summary: CDFG Model
============================================================
IsTopModel: 0
ResetActiveHigh: 1
IsCombinational: 1
IsDatapathOnly: 2
HasWiredReturn: 1
HasMFsm: 0
HasVarLatency: 0
IsPipeline: 0
IsRtlPipelined: 0
IsInstanceOverlapped: 0
IsDontTouch: 0
HasImplIP: 0
IsGatedGlobalClock: 0


============================================================
+ Verbose Summary: Schedule
============================================================
* Number of FSM states: 1
* Pipeline: 0
* Dataflow Pipeline: 0

* FSM state transitions: 
1 --> 
* FSM state operations: 

 <State 1>: 3.88ns
ST_1: val_read [1/1] 1.48ns
:0  %val_read = call i4 @_ssdm_op_Read.ap_auto.i4(i4 %val)

ST_1: stg_3 [1/1] 2.40ns
:1  switch i4 %val_read, label %15 [
    i4 0, label %._crit_edge
    i4 1, label %1
    i4 2, label %2
    i4 3, label %3
    i4 4, label %4
    i4 5, label %5
    i4 6, label %6
    i4 7, label %7
    i4 -8, label %8
    i4 -7, label %9
    i4 -6, label %10
    i4 -5, label %11
    i4 -4, label %12
    i4 -3, label %13
    i4 -2, label %14
  ]

ST_1: stg_4 [1/1] 2.23ns
:0  br label %._crit_edge

ST_1: stg_5 [1/1] 2.23ns
:0  br label %._crit_edge

ST_1: stg_6 [1/1] 2.23ns
:0  br label %._crit_edge

ST_1: stg_7 [1/1] 2.23ns
:0  br label %._crit_edge

ST_1: stg_8 [1/1] 2.23ns
:0  br label %._crit_edge

ST_1: stg_9 [1/1] 2.23ns
:0  br label %._crit_edge

ST_1: stg_10 [1/1] 2.23ns
:0  br label %._crit_edge

ST_1: stg_11 [1/1] 2.23ns
:0  br label %._crit_edge

ST_1: stg_12 [1/1] 2.23ns
:0  br label %._crit_edge

ST_1: stg_13 [1/1] 2.23ns
:0  br label %._crit_edge

ST_1: stg_14 [1/1] 2.23ns
:0  br label %._crit_edge

ST_1: stg_15 [1/1] 2.23ns
:0  br label %._crit_edge

ST_1: stg_16 [1/1] 2.23ns
:0  br label %._crit_edge

ST_1: stg_17 [1/1] 2.23ns
:0  br label %._crit_edge

ST_1: stg_18 [1/1] 2.23ns
:0  br label %._crit_edge

ST_1: retval [1/1] 0.00ns
._crit_edge:0  %retval = phi i7 [ -58, %15 ], [ -59, %14 ], [ -60, %13 ], [ -61, %12 ], [ -62, %11 ], [ -63, %10 ], [ 57, %9 ], [ 56, %8 ], [ 55, %7 ], [ 54, %6 ], [ 53, %5 ], [ 52, %4 ], [ 51, %3 ], [ 50, %2 ], [ 49, %1 ], [ 48, %0 ]

ST_1: stg_20 [1/1] 0.00ns
._crit_edge:1  ret i7 %retval



============================================================
+ Verbose Summary: Binding
============================================================
STG Binding: 
---------------- STG Properties BEGIN ----------------
- Is combinational: 1
- Is one-state seq: 0
- Is datapath-only: 0
- Is clock enabled: 0
- Is pipelined: 0
- Is top level: 0
Port [ Return ] is wired: 1; IO mode=ap_ctrl_hs:ce=0
Port [ val_r]:  wired=1; compound=0; hidden=0; nouse=0; global=0; static=0; extern=0; dir=0; type=0; pingpong=0; private_global=0; IO mode=ap_none:ce=0
---------------- STG Properties END ------------------

---------------- Datapath Model BEGIN ----------------

<LifeTime>
<method=bitvector/>
val_read (read  ) [ 01]
stg_3    (switch) [ 00]
stg_4    (br    ) [ 00]
stg_5    (br    ) [ 00]
stg_6    (br    ) [ 00]
stg_7    (br    ) [ 00]
stg_8    (br    ) [ 00]
stg_9    (br    ) [ 00]
stg_10   (br    ) [ 00]
stg_11   (br    ) [ 00]
stg_12   (br    ) [ 00]
stg_13   (br    ) [ 00]
stg_14   (br    ) [ 00]
stg_15   (br    ) [ 00]
stg_16   (br    ) [ 00]
stg_17   (br    ) [ 00]
stg_18   (br    ) [ 00]
retval   (phi   ) [ 00]
stg_20   (ret   ) [ 00]
</LifeTime>

<model>

<comp_list>
<comp id="0" class="1000" name="val_r">
<pin_list>
<pin id="1" dir="1" index="0" bw="1" slack="0"/>
</pin_list>
<bind>
<StgValue><ssdm name="val_r"/></StgValue>
</bind>
</comp>

<comp id="2" class="1001" name="const_2">
<pin_list>
<pin id="3" dir="1" index="0" bw="1" slack="0"/>
</pin_list>
<bind>
<StgValue><ssdm name="_ssdm_op_Read.ap_auto.i4"/></StgValue>
</bind>
</comp>

<comp id="4" class="1001" name="const_4">
<pin_list>
<pin id="5" dir="1" index="0" bw="1" slack="2147483647"/>
</pin_list>
<bind>
<StgValue><ssdm name=""/></StgValue>
</bind>
</comp>

<comp id="6" class="1001" name="const_6">
<pin_list>
<pin id="7" dir="1" index="0" bw="1" slack="2147483647"/>
</pin_list>
<bind>
<StgValue><ssdm name=""/></StgValue>
</bind>
</comp>

<comp id="8" class="1001" name="const_8">
<pin_list>
<pin id="9" dir="1" index="0" bw="1" slack="2147483647"/>
</pin_list>
<bind>
<StgValue><ssdm name=""/></StgValue>
</bind>
</comp>

<comp id="10" class="1001" name="const_10">
<pin_list>
<pin id="11" dir="1" index="0" bw="1" slack="2147483647"/>
</pin_list>
<bind>
<StgValue><ssdm name=""/></StgValue>
</bind>
</comp>

<comp id="12" class="1001" name="const_12">
<pin_list>
<pin id="13" dir="1" index="0" bw="1" slack="2147483647"/>
</pin_list>
<bind>
<StgValue><ssdm name=""/></StgValue>
</bind>
</comp>

<comp id="14" class="1001" name="const_14">
<pin_list>
<pin id="15" dir="1" index="0" bw="1" slack="2147483647"/>
</pin_list>
<bind>
<StgValue><ssdm name=""/></StgValue>
</bind>
</comp>

<comp id="16" class="1001" name="const_16">
<pin_list>
<pin id="17" dir="1" index="0" bw="1" slack="2147483647"/>
</pin_list>
<bind>
<StgValue><ssdm name=""/></StgValue>
</bind>
</comp>

<comp id="18" class="1001" name="const_18">
<pin_list>
<pin id="19" dir="1" index="0" bw="1" slack="2147483647"/>
</pin_list>
<bind>
<StgValue><ssdm name=""/></StgValue>
</bind>
</comp>

<comp id="20" class="1001" name="const_20">
<pin_list>
<pin id="21" dir="1" index="0" bw="1" slack="2147483647"/>
</pin_list>
<bind>
<StgValue><ssdm name=""/></StgValue>
</bind>
</comp>

<comp id="22" class="1001" name="const_22">
<pin_list>
<pin id="23" dir="1" index="0" bw="1" slack="2147483647"/>
</pin_list>
<bind>
<StgValue><ssdm name=""/></StgValue>
</bind>
</comp>

<comp id="24" class="1001" name="const_24">
<pin_list>
<pin id="25" dir="1" index="0" bw="1" slack="2147483647"/>
</pin_list>
<bind>
<StgValue><ssdm name=""/></StgValue>
</bind>
</comp>

<comp id="26" class="1001" name="const_26">
<pin_list>
<pin id="27" dir="1" index="0" bw="1" slack="2147483647"/>
</pin_list>
<bind>
<StgValue><ssdm name=""/></StgValue>
</bind>
</comp>

<comp id="28" class="1001" name="const_28">
<pin_list>
<pin id="29" dir="1" index="0" bw="1" slack="2147483647"/>
</pin_list>
<bind>
<StgValue><ssdm name=""/></StgValue>
</bind>
</comp>

<comp id="30" class="1001" name="const_30">
<pin_list>
<pin id="31" dir="1" index="0" bw="1" slack="2147483647"/>
</pin_list>
<bind>
<StgValue><ssdm name=""/></StgValue>
</bind>
</comp>

<comp id="32" class="1001" name="const_32">
<pin_list>
<pin id="33" dir="1" index="0" bw="1" slack="2147483647"/>
</pin_list>
<bind>
<StgValue><ssdm name=""/></StgValue>
</bind>
</comp>

<comp id="34" class="1001" name="const_34">
<pin_list>
<pin id="35" dir="1" index="0" bw="1" slack="0"/>
</pin_list>
<bind>
<StgValue><ssdm name=""/></StgValue>
</bind>
</comp>

<comp id="36" class="1001" name="const_36">
<pin_list>
<pin id="37" dir="1" index="0" bw="1" slack="0"/>
</pin_list>
<bind>
<StgValue><ssdm name=""/></StgValue>
</bind>
</comp>

<comp id="38" class="1001" name="const_38">
<pin_list>
<pin id="39" dir="1" index="0" bw="1" slack="0"/>
</pin_list>
<bind>
<StgValue><ssdm name=""/></StgValue>
</bind>
</comp>

<comp id="40" class="1001" name="const_40">
<pin_list>
<pin id="41" dir="1" index="0" bw="1" slack="0"/>
</pin_list>
<bind>
<StgValue><ssdm name=""/></StgValue>
</bind>
</comp>

<comp id="42" class="1001" name="const_42">
<pin_list>
<pin id="43" dir="1" index="0" bw="1" slack="0"/>
</pin_list>
<bind>
<StgValue><ssdm name=""/></StgValue>
</bind>
</comp>

<comp id="44" class="1001" name="const_44">
<pin_list>
<pin id="45" dir="1" index="0" bw="1" slack="0"/>
</pin_list>
<bind>
<StgValue><ssdm name=""/></StgValue>
</bind>
</comp>

<comp id="46" class="1001" name="const_46">
<pin_list>
<pin id="47" dir="1" index="0" bw="1" slack="0"/>
</pin_list>
<bind>
<StgValue><ssdm name=""/></StgValue>
</bind>
</comp>

<comp id="48" class="1001" name="const_48">
<pin_list>
<pin id="49" dir="1" index="0" bw="1" slack="0"/>
</pin_list>
<bind>
<StgValue><ssdm name=""/></StgValue>
</bind>
</comp>

<comp id="50" class="1001" name="const_50">
<pin_list>
<pin id="51" dir="1" index="0" bw="1" slack="0"/>
</pin_list>
<bind>
<StgValue><ssdm name=""/></StgValue>
</bind>
</comp>

<comp id="52" class="1001" name="const_52">
<pin_list>
<pin id="53" dir="1" index="0" bw="1" slack="0"/>
</pin_list>
<bind>
<StgValue><ssdm name=""/></StgValue>
</bind>
</comp>

<comp id="54" class="1001" name="const_54">
<pin_list>
<pin id="55" dir="1" index="0" bw="1" slack="0"/>
</pin_list>
<bind>
<StgValue><ssdm name=""/></StgValue>
</bind>
</comp>

<comp id="56" class="1001" name="const_56">
<pin_list>
<pin id="57" dir="1" index="0" bw="1" slack="0"/>
</pin_list>
<bind>
<StgValue><ssdm name=""/></StgValue>
</bind>
</comp>

<comp id="58" class="1001" name="const_58">
<pin_list>
<pin id="59" dir="1" index="0" bw="1" slack="0"/>
</pin_list>
<bind>
<StgValue><ssdm name=""/></StgValue>
</bind>
</comp>

<comp id="60" class="1001" name="const_60">
<pin_list>
<pin id="61" dir="1" index="0" bw="1" slack="0"/>
</pin_list>
<bind>
<StgValue><ssdm name=""/></StgValue>
</bind>
</comp>

<comp id="62" class="1001" name="const_62">
<pin_list>
<pin id="63" dir="1" index="0" bw="1" slack="0"/>
</pin_list>
<bind>
<StgValue><ssdm name=""/></StgValue>
</bind>
</comp>

<comp id="64" class="1001" name="const_64">
<pin_list>
<pin id="65" dir="1" index="0" bw="1" slack="0"/>
</pin_list>
<bind>
<StgValue><ssdm name=""/></StgValue>
</bind>
</comp>

<comp id="66" class="1004" name="val_read_read_fu_66">
<pin_list>
<pin id="67" dir="0" index="0" bw="4" slack="0"/>
<pin id="68" dir="0" index="1" bw="4" slack="0"/>
<pin id="69" dir="1" index="2" bw="4" slack="2147483647"/>
</pin_list>
<bind>
<opcode="read(1150) " fcode="read"/>
<opset="val_read/1 "/>
</bind>
</comp>

<comp id="72" class="1005" name="retval_reg_72">
<pin_list>
<pin id="73" dir="0" index="0" bw="7" slack="2147483647"/>
<pin id="74" dir="1" index="1" bw="7" slack="2147483647"/>
</pin_list>
<bind>
<opset="retval (phireg) "/>
</bind>
</comp>

<comp id="75" class="1004" name="retval_phi_fu_75">
<pin_list>
<pin id="76" dir="0" index="0" bw="7" slack="0"/>
<pin id="77" dir="0" index="1" bw="0" slack="2147483647"/>
<pin id="78" dir="0" index="2" bw="7" slack="0"/>
<pin id="79" dir="0" index="3" bw="0" slack="2147483647"/>
<pin id="80" dir="0" index="4" bw="7" slack="0"/>
<pin id="81" dir="0" index="5" bw="0" slack="2147483647"/>
<pin id="82" dir="0" index="6" bw="7" slack="0"/>
<pin id="83" dir="0" index="7" bw="0" slack="2147483647"/>
<pin id="84" dir="0" index="8" bw="7" slack="0"/>
<pin id="85" dir="0" index="9" bw="0" slack="2147483647"/>
<pin id="86" dir="0" index="10" bw="7" slack="0"/>
<pin id="87" dir="0" index="11" bw="0" slack="2147483647"/>
<pin id="88" dir="0" index="12" bw="7" slack="0"/>
<pin id="89" dir="0" index="13" bw="0" slack="2147483647"/>
<pin id="90" dir="0" index="14" bw="7" slack="0"/>
<pin id="91" dir="0" index="15" bw="0" slack="2147483647"/>
<pin id="92" dir="0" index="16" bw="7" slack="0"/>
<pin id="93" dir="0" index="17" bw="0" slack="2147483647"/>
<pin id="94" dir="0" index="18" bw="7" slack="0"/>
<pin id="95" dir="0" index="19" bw="0" slack="2147483647"/>
<pin id="96" dir="0" index="20" bw="7" slack="0"/>
<pin id="97" dir="0" index="21" bw="0" slack="2147483647"/>
<pin id="98" dir="0" index="22" bw="7" slack="0"/>
<pin id="99" dir="0" index="23" bw="0" slack="2147483647"/>
<pin id="100" dir="0" index="24" bw="7" slack="0"/>
<pin id="101" dir="0" index="25" bw="0" slack="2147483647"/>
<pin id="102" dir="0" index="26" bw="7" slack="0"/>
<pin id="103" dir="0" index="27" bw="0" slack="2147483647"/>
<pin id="104" dir="0" index="28" bw="7" slack="0"/>
<pin id="105" dir="0" index="29" bw="0" slack="2147483647"/>
<pin id="106" dir="0" index="30" bw="7" slack="0"/>
<pin id="107" dir="0" index="31" bw="0" slack="2147483647"/>
<pin id="108" dir="1" index="32" bw="7" slack="2147483647"/>
</pin_list>
<bind>
<opcode="phi(47) " fcode="phi"/>
<opset="retval/1 "/>
</bind>
</comp>

</comp_list>

<net_list>
<net id="70"><net_src comp="2" pin="0"/><net_sink comp="66" pin=0"/></net>

<net id="71"><net_src comp="0" pin="0"/><net_sink comp="66" pin=1"/></net>

<net id="109"><net_src comp="34" pin="0"/><net_sink comp="75" pin=0"/></net>

<net id="110"><net_src comp="36" pin="0"/><net_sink comp="75" pin=2"/></net>

<net id="111"><net_src comp="38" pin="0"/><net_sink comp="75" pin=4"/></net>

<net id="112"><net_src comp="40" pin="0"/><net_sink comp="75" pin=6"/></net>

<net id="113"><net_src comp="42" pin="0"/><net_sink comp="75" pin=8"/></net>

<net id="114"><net_src comp="44" pin="0"/><net_sink comp="75" pin=10"/></net>

<net id="115"><net_src comp="46" pin="0"/><net_sink comp="75" pin=12"/></net>

<net id="116"><net_src comp="48" pin="0"/><net_sink comp="75" pin=14"/></net>

<net id="117"><net_src comp="50" pin="0"/><net_sink comp="75" pin=16"/></net>

<net id="118"><net_src comp="52" pin="0"/><net_sink comp="75" pin=18"/></net>

<net id="119"><net_src comp="54" pin="0"/><net_sink comp="75" pin=20"/></net>

<net id="120"><net_src comp="56" pin="0"/><net_sink comp="75" pin=22"/></net>

<net id="121"><net_src comp="58" pin="0"/><net_sink comp="75" pin=24"/></net>

<net id="122"><net_src comp="60" pin="0"/><net_sink comp="75" pin=26"/></net>

<net id="123"><net_src comp="62" pin="0"/><net_sink comp="75" pin=28"/></net>

<net id="124"><net_src comp="64" pin="0"/><net_sink comp="75" pin=30"/></net>

</net_list>

</model> 
---------------- Datapath Model END ------------------

* FSMD analyzer results:
  - Output states:
 - Input state : 
	Port: motor_ctrl_bin2char : val_r | {1 }
  - Chain level:
	State 1
		retval : 1
		stg_20 : 2


============================================================
+ Verbose Summary: Datapath Resource usage 
============================================================

* Functional unit list:
|----------|---------------------|
| Operation|   Functional Unit   |
|----------|---------------------|
|   read   | val_read_read_fu_66 |
|----------|---------------------|
|   Total  |                     |
|----------|---------------------|

Memories:
N/A

* Register list:
+-------------+--------+
|             |   FF   |
+-------------+--------+
|retval_reg_72|    7   |
+-------------+--------+
|    Total    |    7   |
+-------------+--------+

* Multiplexer (MUX) list: 
|--------|------|------|------|--------|
|  Comp  |  Pin | Size |  BW  | S x BW |
|--------|------|------|------|--------|
|  Total |      |      |      |    0   |
|--------|------|------|------|--------|



* Summary:
+-----------+--------+
|           |   FF   |
+-----------+--------+
|  Function |    -   |
|   Memory  |    -   |
|Multiplexer|    -   |
|  Register |    7   |
+-----------+--------+
|   Total   |    7   |
+-----------+--------+
