

================================================================
== Vivado HLS Report for 'bno055_uart_uart_receive_byte'
================================================================
* Date:           Fri May 27 17:23:03 2016

* Version:        2016.1 (Build 1538259 on Fri Apr 08 16:12:49 MDT 2016)
* Project:        bno055_uart
* Solution:       solution1
* Product family: artix7
* Target device:  xc7a35ticsg324-1l


================================================================
== Performance Estimates
================================================================
+ Timing (ns): 
    * Summary: 
    +--------+-------+----------+------------+
    |  Clock | Target| Estimated| Uncertainty|
    +--------+-------+----------+------------+
    |ap_clk  |  10.00|      2.89|        1.25|
    +--------+-------+----------+------------+

+ Latency (clock cycles): 
    * Summary: 
    +-----+-----+-----+-----+---------+
    |  Latency  |  Interval | Pipeline|
    | min | max | min | max |   Type  |
    +-----+-----+-----+-----+---------+
    |    ?|    ?|    ?|    ?|   none  |
    +-----+-----+-----+-----+---------+

    + Detail: 
        * Instance: 
        N/A

        * Loop: 
        +----------+-----+------------------+----------------+-----------+-----------+--------------+----------+
        |          |         Latency        |    Iteration   |  Initiation Interval  |     Trip     |          |
        | Loop Name| min |        max       |     Latency    |  achieved |   target  |     Count    | Pipelined|
        +----------+-----+------------------+----------------+-----------+-----------+--------------+----------+
        |- Loop 1  |    ?|                 ?|               1|          -|          -|             ?|    no    |
        |- Loop 2  |    2|  1000000050000002|  2 ~ 100000005 |          -|          -| 1 ~ 10000000 |    no    |
        |- Loop 3  |   88|        1600000072| 11 ~ 200000009 |          -|          -|             8|    no    |
        +----------+-----+------------------+----------------+-----------+-----------+--------------+----------+

============================================================
+ Verbose Summary: Synthesis Manager
============================================================
InlineROM: 1
ExposeGlobal: 0
============================================================
+ Verbose Summary: CDFG Model
============================================================
IsTopModel: 0
ResetActiveHigh: 1
IsCombinational: 0
IsDatapathOnly: 0
HasWiredReturn: 1
HasMFsm: 0
HasVarLatency: 1
IsPipeline: 0
IsRtlPipelined: 0
IsInstanceOverlapped: 0
IsDontTouch: 0
HasImplIP: 0
IsGatedGlobalClock: 0


============================================================
+ Verbose Summary: Schedule
============================================================
* Number of FSM states: 12
* Pipeline: 0
* Dataflow Pipeline: 0

* FSM state transitions: 
1 --> 
	2  / true
2 --> 
	2  / (!tmp)
	3  / (tmp)
3 --> 
	6  / (!tmp_1)
	4  / (tmp_1 & !tmp_2)
	5  / (tmp_1 & tmp_2)
4 --> 
	5  / true
5 --> 
	6  / (!tmp_2 & !tmp_3)
	3  / (tmp_2) | (tmp_3)
6 --> 
	7  / true
7 --> 
	8  / true
8 --> 
	9  / (!exitcond)
9 --> 
	10  / true
10 --> 
	11  / true
11 --> 
	12  / true
12 --> 
	8  / true
* FSM state operations: 

 <State 1>: 0.00ns
ST_1: stg_13 [1/1] 0.00ns
:0  br label %._crit_edge


 <State 2>: 2.61ns
ST_2: stg_14 [1/1] 0.00ns
._crit_edge:0  call void (...)* @_ssdm_op_Wait(i32 1)

ST_2: tmp [1/1] 1.04ns
._crit_edge:1  %tmp = call fastcc zeroext i1 @bno055_uart_read_uart_rx()

ST_2: stg_16 [1/1] 1.57ns
._crit_edge:2  br i1 %tmp, label %.preheader, label %._crit_edge


 <State 3>: 2.85ns
ST_3: timer [1/1] 0.00ns
.preheader:0  %timer = phi i24 [ %timer_1, %._crit_edge1 ], [ 0, %._crit_edge ]

ST_3: tmp_1 [1/1] 2.85ns
.preheader:1  %tmp_1 = icmp ult i24 %timer, -6777216

ST_3: empty [1/1] 0.00ns
.preheader:2  %empty = call i32 (...)* @_ssdm_op_SpecLoopTripCount(i64 1, i64 10000000, i64 5000000) nounwind

ST_3: timer_1 [1/1] 2.15ns
.preheader:3  %timer_1 = add i24 %timer, 1

ST_3: stg_21 [1/1] 0.00ns
.preheader:4  br i1 %tmp_1, label %1, label %.loopexit

ST_3: stg_22 [1/1] 0.00ns
:0  call void (...)* @_ssdm_op_Wait(i32 1)

ST_3: tmp_2 [1/1] 1.04ns
:1  %tmp_2 = call fastcc zeroext i1 @bno055_uart_read_uart_rx()

ST_3: stg_24 [1/1] 0.00ns
:2  br i1 %tmp_2, label %._crit_edge1, label %2


 <State 4>: 2.65ns
ST_4: stg_25 [1/1] 0.00ns
:0  call void (...)* @_ssdm_op_Wait(i32 1)

ST_4: stg_26 [2/2] 2.65ns
:1  call fastcc void @bno055_uart_wait_tmr(i28 217) nounwind


 <State 5>: 2.65ns
ST_5: stg_27 [1/2] 2.65ns
:1  call fastcc void @bno055_uart_wait_tmr(i28 217) nounwind

ST_5: stg_28 [1/1] 0.00ns
:2  call void (...)* @_ssdm_op_Wait(i32 1)

ST_5: tmp_3 [1/1] 1.04ns
:3  %tmp_3 = call fastcc zeroext i1 @bno055_uart_read_uart_rx()

ST_5: stg_30 [1/1] 0.00ns
:4  br i1 %tmp_3, label %._crit_edge1, label %.loopexit

ST_5: stg_31 [1/1] 0.00ns
._crit_edge1:0  br label %.preheader


 <State 6>: 2.65ns
ST_6: stg_32 [1/1] 0.00ns
.loopexit:0  call void (...)* @_ssdm_op_Wait(i32 1)

ST_6: stg_33 [2/2] 2.65ns
.loopexit:1  call fastcc void @bno055_uart_wait_tmr(i28 651) nounwind


 <State 7>: 2.65ns
ST_7: stg_34 [1/2] 2.65ns
.loopexit:1  call fastcc void @bno055_uart_wait_tmr(i28 651) nounwind

ST_7: stg_35 [1/1] 0.00ns
.loopexit:2  call void (...)* @_ssdm_op_Wait(i32 1)

ST_7: stg_36 [1/1] 1.57ns
.loopexit:3  br label %3


 <State 8>: 2.41ns
ST_8: data [1/1] 0.00ns
:0  %data = phi i8 [ 0, %.loopexit ], [ %data_1, %4 ]

ST_8: i [1/1] 0.00ns
:1  %i = phi i4 [ 0, %.loopexit ], [ %i_2, %4 ]

ST_8: exitcond [1/1] 2.33ns
:2  %exitcond = icmp eq i4 %i, -8

ST_8: empty_9 [1/1] 0.00ns
:3  %empty_9 = call i32 (...)* @_ssdm_op_SpecLoopTripCount(i64 8, i64 8, i64 8) nounwind

ST_8: i_2 [1/1] 0.75ns
:4  %i_2 = add i4 %i, 1

ST_8: stg_42 [1/1] 0.00ns
:5  br i1 %exitcond, label %5, label %4

ST_8: stg_43 [1/1] 0.00ns
:0  call void (...)* @_ssdm_op_Wait(i32 1)

ST_8: tmp_5 [1/1] 1.04ns
:3  %tmp_5 = call fastcc zeroext i1 @bno055_uart_read_uart_rx()

ST_8: tmp_6 [1/1] 0.00ns
:5  %tmp_6 = call i7 @_ssdm_op_PartSelect.i7.i8.i32.i32(i8 %data, i32 1, i32 7)

ST_8: tmp_4 [1/1] 1.37ns
:6  %tmp_4 = select i1 %tmp_5, i1 true, i1 false

ST_8: data_1 [1/1] 0.00ns
:7  %data_1 = call i8 @_ssdm_op_BitConcatenate.i8.i1.i7(i1 %tmp_4, i7 %tmp_6)

ST_8: stg_48 [1/1] 0.00ns
:0  ret i8 %data


 <State 9>: 2.65ns
ST_9: stg_49 [2/2] 2.65ns
:1  call fastcc void @bno055_uart_wait_tmr(i28 434) nounwind

ST_9: stg_50 [1/1] 0.00ns
:2  call void (...)* @_ssdm_op_Wait(i32 1)


 <State 10>: 2.65ns
ST_10: stg_51 [1/2] 2.65ns
:1  call fastcc void @bno055_uart_wait_tmr(i28 434) nounwind

ST_10: stg_52 [1/1] 0.00ns
:4  call void (...)* @_ssdm_op_Wait(i32 1)


 <State 11>: 2.65ns
ST_11: stg_53 [1/1] 0.00ns
:8  call void (...)* @_ssdm_op_Wait(i32 1)

ST_11: stg_54 [2/2] 2.65ns
:9  call fastcc void @bno055_uart_wait_tmr(i28 434) nounwind


 <State 12>: 2.65ns
ST_12: stg_55 [1/2] 2.65ns
:9  call fastcc void @bno055_uart_wait_tmr(i28 434) nounwind

ST_12: stg_56 [1/1] 0.00ns
:10  call void (...)* @_ssdm_op_Wait(i32 1)

ST_12: stg_57 [1/1] 0.00ns
:11  br label %3



============================================================
+ Verbose Summary: Binding
============================================================
STG Binding: 
---------------- STG Properties BEGIN ----------------
- Is combinational: 0
- Is one-state seq: 0
- Is datapath-only: 0
- Is clock enabled: 0
- Is pipelined: 0
- Is top level: 0
Port [ Return ] is wired: 1; IO mode=ap_ctrl_hs:ce=0
Port [ uart_rx]:  wired=1; compound=0; hidden=0; nouse=0; global=1; static=0; extern=0; dir=0; type=0; pingpong=0; private_global=0; linkage=15; visibility=0; IO mode=ap_none:ce=0
Port [ dummy_tmr_out]:  wired=1; compound=0; hidden=0; nouse=0; global=1; static=0; extern=0; dir=2; type=0; pingpong=0; private_global=0; linkage=0; visibility=0; IO mode=ap_ovld:ce=0
---------------- STG Properties END ------------------

---------------- Datapath Model BEGIN ----------------

<LifeTime>
<method=bitvector/>
stg_13   (br               ) [ 0000000000000]
stg_14   (wait             ) [ 0000000000000]
tmp      (call             ) [ 0010000000000]
stg_16   (br               ) [ 0011110000000]
timer    (phi              ) [ 0001000000000]
tmp_1    (icmp             ) [ 0001110000000]
empty    (speclooptripcount) [ 0000000000000]
timer_1  (add              ) [ 0011110000000]
stg_21   (br               ) [ 0000000000000]
stg_22   (wait             ) [ 0000000000000]
tmp_2    (call             ) [ 0001110000000]
stg_24   (br               ) [ 0000000000000]
stg_25   (wait             ) [ 0000000000000]
stg_27   (call             ) [ 0000000000000]
stg_28   (wait             ) [ 0000000000000]
tmp_3    (call             ) [ 0001110000000]
stg_30   (br               ) [ 0000000000000]
stg_31   (br               ) [ 0011110000000]
stg_32   (wait             ) [ 0000000000000]
stg_34   (call             ) [ 0000000000000]
stg_35   (wait             ) [ 0000000000000]
stg_36   (br               ) [ 0000000111111]
data     (phi              ) [ 0000000010000]
i        (phi              ) [ 0000000010000]
exitcond (icmp             ) [ 0000000011111]
empty_9  (speclooptripcount) [ 0000000000000]
i_2      (add              ) [ 0000000111111]
stg_42   (br               ) [ 0000000000000]
stg_43   (wait             ) [ 0000000000000]
tmp_5    (call             ) [ 0000000000000]
tmp_6    (partselect       ) [ 0000000000000]
tmp_4    (select           ) [ 0000000000000]
data_1   (bitconcatenate   ) [ 0000000111111]
stg_48   (ret              ) [ 0000000000000]
stg_50   (wait             ) [ 0000000000000]
stg_51   (call             ) [ 0000000000000]
stg_52   (wait             ) [ 0000000000000]
stg_53   (wait             ) [ 0000000000000]
stg_55   (call             ) [ 0000000000000]
stg_56   (wait             ) [ 0000000000000]
stg_57   (br               ) [ 0000000111111]
</LifeTime>

<model>

<comp_list>
<comp id="0" class="1000" name="uart_rx">
<pin_list>
<pin id="1" dir="1" index="0" bw="1" slack="0"/>
</pin_list>
<bind>
<StgValue><ssdm name="uart_rx"/></StgValue>
</bind>
</comp>

<comp id="2" class="1000" name="dummy_tmr_out">
<pin_list>
<pin id="3" dir="1" index="0" bw="1" slack="0"/>
</pin_list>
<bind>
<StgValue><ssdm name="dummy_tmr_out"/></StgValue>
</bind>
</comp>

<comp id="4" class="1001" name="const_4">
<pin_list>
<pin id="5" dir="1" index="0" bw="1" slack="2147483647"/>
</pin_list>
<bind>
<StgValue><ssdm name="_ssdm_op_Wait"/></StgValue>
</bind>
</comp>

<comp id="6" class="1001" name="const_6">
<pin_list>
<pin id="7" dir="1" index="0" bw="1" slack="0"/>
</pin_list>
<bind>
<StgValue><ssdm name=""/></StgValue>
</bind>
</comp>

<comp id="8" class="1001" name="const_8">
<pin_list>
<pin id="9" dir="1" index="0" bw="1" slack="0"/>
</pin_list>
<bind>
<StgValue><ssdm name="bno055_uart_read_uart_rx"/></StgValue>
</bind>
</comp>

<comp id="10" class="1001" name="const_10">
<pin_list>
<pin id="11" dir="1" index="0" bw="1" slack="1"/>
</pin_list>
<bind>
<StgValue><ssdm name=""/></StgValue>
</bind>
</comp>

<comp id="12" class="1001" name="const_12">
<pin_list>
<pin id="13" dir="1" index="0" bw="1" slack="0"/>
</pin_list>
<bind>
<StgValue><ssdm name=""/></StgValue>
</bind>
</comp>

<comp id="14" class="1001" name="const_14">
<pin_list>
<pin id="15" dir="1" index="0" bw="1" slack="2147483647"/>
</pin_list>
<bind>
<StgValue><ssdm name="_ssdm_op_SpecLoopTripCount"/></StgValue>
</bind>
</comp>

<comp id="16" class="1001" name="const_16">
<pin_list>
<pin id="17" dir="1" index="0" bw="1" slack="2147483647"/>
</pin_list>
<bind>
<StgValue><ssdm name=""/></StgValue>
</bind>
</comp>

<comp id="18" class="1001" name="const_18">
<pin_list>
<pin id="19" dir="1" index="0" bw="1" slack="2147483647"/>
</pin_list>
<bind>
<StgValue><ssdm name=""/></StgValue>
</bind>
</comp>

<comp id="20" class="1001" name="const_20">
<pin_list>
<pin id="21" dir="1" index="0" bw="1" slack="2147483647"/>
</pin_list>
<bind>
<StgValue><ssdm name=""/></StgValue>
</bind>
</comp>

<comp id="22" class="1001" name="const_22">
<pin_list>
<pin id="23" dir="1" index="0" bw="1" slack="0"/>
</pin_list>
<bind>
<StgValue><ssdm name=""/></StgValue>
</bind>
</comp>

<comp id="24" class="1001" name="const_24">
<pin_list>
<pin id="25" dir="1" index="0" bw="1" slack="0"/>
</pin_list>
<bind>
<StgValue><ssdm name="bno055_uart_wait_tmr"/></StgValue>
</bind>
</comp>

<comp id="26" class="1001" name="const_26">
<pin_list>
<pin id="27" dir="1" index="0" bw="1" slack="0"/>
</pin_list>
<bind>
<StgValue><ssdm name=""/></StgValue>
</bind>
</comp>

<comp id="28" class="1001" name="const_28">
<pin_list>
<pin id="29" dir="1" index="0" bw="1" slack="0"/>
</pin_list>
<bind>
<StgValue><ssdm name=""/></StgValue>
</bind>
</comp>

<comp id="30" class="1001" name="const_30">
<pin_list>
<pin id="31" dir="1" index="0" bw="1" slack="1"/>
</pin_list>
<bind>
<StgValue><ssdm name=""/></StgValue>
</bind>
</comp>

<comp id="32" class="1001" name="const_32">
<pin_list>
<pin id="33" dir="1" index="0" bw="1" slack="1"/>
</pin_list>
<bind>
<StgValue><ssdm name=""/></StgValue>
</bind>
</comp>

<comp id="34" class="1001" name="const_34">
<pin_list>
<pin id="35" dir="1" index="0" bw="1" slack="0"/>
</pin_list>
<bind>
<StgValue><ssdm name=""/></StgValue>
</bind>
</comp>

<comp id="36" class="1001" name="const_36">
<pin_list>
<pin id="37" dir="1" index="0" bw="1" slack="2147483647"/>
</pin_list>
<bind>
<StgValue><ssdm name=""/></StgValue>
</bind>
</comp>

<comp id="38" class="1001" name="const_38">
<pin_list>
<pin id="39" dir="1" index="0" bw="1" slack="0"/>
</pin_list>
<bind>
<StgValue><ssdm name=""/></StgValue>
</bind>
</comp>

<comp id="40" class="1001" name="const_40">
<pin_list>
<pin id="41" dir="1" index="0" bw="1" slack="0"/>
</pin_list>
<bind>
<StgValue><ssdm name="_ssdm_op_PartSelect.i7.i8.i32.i32"/></StgValue>
</bind>
</comp>

<comp id="42" class="1001" name="const_42">
<pin_list>
<pin id="43" dir="1" index="0" bw="1" slack="0"/>
</pin_list>
<bind>
<StgValue><ssdm name=""/></StgValue>
</bind>
</comp>

<comp id="44" class="1001" name="const_44">
<pin_list>
<pin id="45" dir="1" index="0" bw="1" slack="0"/>
</pin_list>
<bind>
<StgValue><ssdm name=""/></StgValue>
</bind>
</comp>

<comp id="46" class="1001" name="const_46">
<pin_list>
<pin id="47" dir="1" index="0" bw="1" slack="0"/>
</pin_list>
<bind>
<StgValue><ssdm name=""/></StgValue>
</bind>
</comp>

<comp id="48" class="1001" name="const_48">
<pin_list>
<pin id="49" dir="1" index="0" bw="1" slack="0"/>
</pin_list>
<bind>
<StgValue><ssdm name="_ssdm_op_BitConcatenate.i8.i1.i7"/></StgValue>
</bind>
</comp>

<comp id="50" class="1001" name="const_50">
<pin_list>
<pin id="51" dir="1" index="0" bw="1" slack="0"/>
</pin_list>
<bind>
<StgValue><ssdm name=""/></StgValue>
</bind>
</comp>

<comp id="52" class="1005" name="timer_reg_52">
<pin_list>
<pin id="53" dir="0" index="0" bw="24" slack="1"/>
<pin id="54" dir="1" index="1" bw="24" slack="1"/>
</pin_list>
<bind>
<opset="timer (phireg) "/>
</bind>
</comp>

<comp id="56" class="1004" name="timer_phi_fu_56">
<pin_list>
<pin id="57" dir="0" index="0" bw="24" slack="0"/>
<pin id="58" dir="0" index="1" bw="0" slack="2147483647"/>
<pin id="59" dir="0" index="2" bw="1" slack="1"/>
<pin id="60" dir="0" index="3" bw="0" slack="2147483647"/>
<pin id="61" dir="1" index="4" bw="24" slack="0"/>
</pin_list>
<bind>
<opcode="phi(47) " fcode="phi"/>
<opset="timer/3 "/>
</bind>
</comp>

<comp id="63" class="1005" name="data_reg_63">
<pin_list>
<pin id="64" dir="0" index="0" bw="8" slack="1"/>
<pin id="65" dir="1" index="1" bw="8" slack="1"/>
</pin_list>
<bind>
<opset="data (phireg) "/>
</bind>
</comp>

<comp id="67" class="1004" name="data_phi_fu_67">
<pin_list>
<pin id="68" dir="0" index="0" bw="1" slack="1"/>
<pin id="69" dir="0" index="1" bw="0" slack="2147483647"/>
<pin id="70" dir="0" index="2" bw="8" slack="0"/>
<pin id="71" dir="0" index="3" bw="0" slack="2147483647"/>
<pin id="72" dir="1" index="4" bw="8" slack="0"/>
</pin_list>
<bind>
<opcode="phi(47) " fcode="phi"/>
<opset="data/8 "/>
</bind>
</comp>

<comp id="74" class="1005" name="i_reg_74">
<pin_list>
<pin id="75" dir="0" index="0" bw="4" slack="1"/>
<pin id="76" dir="1" index="1" bw="4" slack="1"/>
</pin_list>
<bind>
<opset="i (phireg) "/>
</bind>
</comp>

<comp id="78" class="1004" name="i_phi_fu_78">
<pin_list>
<pin id="79" dir="0" index="0" bw="1" slack="1"/>
<pin id="80" dir="0" index="1" bw="0" slack="2147483647"/>
<pin id="81" dir="0" index="2" bw="4" slack="0"/>
<pin id="82" dir="0" index="3" bw="0" slack="2147483647"/>
<pin id="83" dir="1" index="4" bw="4" slack="0"/>
</pin_list>
<bind>
<opcode="phi(47) " fcode="phi"/>
<opset="i/8 "/>
</bind>
</comp>

<comp id="85" class="1004" name="grp_bno055_uart_wait_tmr_fu_85">
<pin_list>
<pin id="86" dir="0" index="0" bw="0" slack="0"/>
<pin id="87" dir="0" index="1" bw="11" slack="0"/>
<pin id="88" dir="0" index="2" bw="1" slack="0"/>
<pin id="89" dir="1" index="3" bw="0" slack="2147483647"/>
</pin_list>
<bind>
<opcode="call(48) " fcode="call"/>
<opset="stg_26/4 stg_33/6 stg_49/9 stg_54/11 "/>
</bind>
</comp>

<comp id="95" class="1004" name="grp_bno055_uart_read_uart_rx_fu_95">
<pin_list>
<pin id="96" dir="0" index="0" bw="1" slack="0"/>
<pin id="97" dir="0" index="1" bw="1" slack="0"/>
<pin id="98" dir="1" index="2" bw="1" slack="0"/>
</pin_list>
<bind>
<opcode="call(48) " fcode="call"/>
<opset="tmp/2 tmp_2/3 tmp_3/5 tmp_5/8 "/>
</bind>
</comp>

<comp id="101" class="1004" name="tmp_1_fu_101">
<pin_list>
<pin id="102" dir="0" index="0" bw="24" slack="0"/>
<pin id="103" dir="0" index="1" bw="24" slack="0"/>
<pin id="104" dir="1" index="2" bw="1" slack="2147483647"/>
</pin_list>
<bind>
<opcode="icmp(45) " fcode="icmp"/>
<opset="tmp_1/3 "/>
</bind>
</comp>

<comp id="107" class="1004" name="timer_1_fu_107">
<pin_list>
<pin id="108" dir="0" index="0" bw="24" slack="0"/>
<pin id="109" dir="0" index="1" bw="1" slack="0"/>
<pin id="110" dir="1" index="2" bw="24" slack="0"/>
</pin_list>
<bind>
<opcode="add(8) " fcode="add"/>
<opset="timer_1/3 "/>
</bind>
</comp>

<comp id="113" class="1004" name="exitcond_fu_113">
<pin_list>
<pin id="114" dir="0" index="0" bw="4" slack="0"/>
<pin id="115" dir="0" index="1" bw="4" slack="0"/>
<pin id="116" dir="1" index="2" bw="1" slack="2147483647"/>
</pin_list>
<bind>
<opcode="icmp(45) " fcode="icmp"/>
<opset="exitcond/8 "/>
</bind>
</comp>

<comp id="119" class="1004" name="i_2_fu_119">
<pin_list>
<pin id="120" dir="0" index="0" bw="4" slack="0"/>
<pin id="121" dir="0" index="1" bw="1" slack="0"/>
<pin id="122" dir="1" index="2" bw="4" slack="0"/>
</pin_list>
<bind>
<opcode="add(8) " fcode="add"/>
<opset="i_2/8 "/>
</bind>
</comp>

<comp id="125" class="1004" name="tmp_6_fu_125">
<pin_list>
<pin id="126" dir="0" index="0" bw="7" slack="0"/>
<pin id="127" dir="0" index="1" bw="8" slack="0"/>
<pin id="128" dir="0" index="2" bw="1" slack="0"/>
<pin id="129" dir="0" index="3" bw="4" slack="0"/>
<pin id="130" dir="1" index="4" bw="7" slack="0"/>
</pin_list>
<bind>
<opcode="partselect(1002) " fcode="partselect"/>
<opset="tmp_6/8 "/>
</bind>
</comp>

<comp id="135" class="1004" name="tmp_4_fu_135">
<pin_list>
<pin id="136" dir="0" index="0" bw="1" slack="0"/>
<pin id="137" dir="0" index="1" bw="1" slack="0"/>
<pin id="138" dir="0" index="2" bw="1" slack="0"/>
<pin id="139" dir="1" index="3" bw="1" slack="0"/>
</pin_list>
<bind>
<opcode="select(49) " fcode="select"/>
<opset="tmp_4/8 "/>
</bind>
</comp>

<comp id="143" class="1004" name="data_1_fu_143">
<pin_list>
<pin id="144" dir="0" index="0" bw="8" slack="0"/>
<pin id="145" dir="0" index="1" bw="1" slack="0"/>
<pin id="146" dir="0" index="2" bw="7" slack="0"/>
<pin id="147" dir="1" index="3" bw="8" slack="0"/>
</pin_list>
<bind>
<opcode="bitconcatenate(1004) " fcode="bitconcatenate"/>
<opset="data_1/8 "/>
</bind>
</comp>

<comp id="157" class="1005" name="timer_1_reg_157">
<pin_list>
<pin id="158" dir="0" index="0" bw="24" slack="0"/>
<pin id="159" dir="1" index="1" bw="24" slack="0"/>
</pin_list>
<bind>
<opset="timer_1 "/>
</bind>
</comp>

<comp id="162" class="1005" name="tmp_2_reg_162">
<pin_list>
<pin id="163" dir="0" index="0" bw="1" slack="2"/>
<pin id="164" dir="1" index="1" bw="1" slack="2147483647"/>
</pin_list>
<bind>
<opset="tmp_2 "/>
</bind>
</comp>

<comp id="172" class="1005" name="i_2_reg_172">
<pin_list>
<pin id="173" dir="0" index="0" bw="4" slack="0"/>
<pin id="174" dir="1" index="1" bw="4" slack="0"/>
</pin_list>
<bind>
<opset="i_2 "/>
</bind>
</comp>

<comp id="177" class="1005" name="data_1_reg_177">
<pin_list>
<pin id="178" dir="0" index="0" bw="8" slack="0"/>
<pin id="179" dir="1" index="1" bw="8" slack="0"/>
</pin_list>
<bind>
<opset="data_1 "/>
</bind>
</comp>

</comp_list>

<net_list>
<net id="55"><net_src comp="10" pin="0"/><net_sink comp="52" pin=0"/></net>

<net id="62"><net_src comp="52" pin="1"/><net_sink comp="56" pin=2"/></net>

<net id="66"><net_src comp="30" pin="0"/><net_sink comp="63" pin=0"/></net>

<net id="73"><net_src comp="63" pin="1"/><net_sink comp="67" pin=0"/></net>

<net id="77"><net_src comp="32" pin="0"/><net_sink comp="74" pin=0"/></net>

<net id="84"><net_src comp="74" pin="1"/><net_sink comp="78" pin=0"/></net>

<net id="90"><net_src comp="24" pin="0"/><net_sink comp="85" pin=0"/></net>

<net id="91"><net_src comp="26" pin="0"/><net_sink comp="85" pin=1"/></net>

<net id="92"><net_src comp="2" pin="0"/><net_sink comp="85" pin=2"/></net>

<net id="93"><net_src comp="28" pin="0"/><net_sink comp="85" pin=1"/></net>

<net id="94"><net_src comp="50" pin="0"/><net_sink comp="85" pin=1"/></net>

<net id="99"><net_src comp="8" pin="0"/><net_sink comp="95" pin=0"/></net>

<net id="100"><net_src comp="0" pin="0"/><net_sink comp="95" pin=1"/></net>

<net id="105"><net_src comp="56" pin="4"/><net_sink comp="101" pin=0"/></net>

<net id="106"><net_src comp="12" pin="0"/><net_sink comp="101" pin=1"/></net>

<net id="111"><net_src comp="56" pin="4"/><net_sink comp="107" pin=0"/></net>

<net id="112"><net_src comp="22" pin="0"/><net_sink comp="107" pin=1"/></net>

<net id="117"><net_src comp="78" pin="4"/><net_sink comp="113" pin=0"/></net>

<net id="118"><net_src comp="34" pin="0"/><net_sink comp="113" pin=1"/></net>

<net id="123"><net_src comp="78" pin="4"/><net_sink comp="119" pin=0"/></net>

<net id="124"><net_src comp="38" pin="0"/><net_sink comp="119" pin=1"/></net>

<net id="131"><net_src comp="40" pin="0"/><net_sink comp="125" pin=0"/></net>

<net id="132"><net_src comp="67" pin="4"/><net_sink comp="125" pin=1"/></net>

<net id="133"><net_src comp="6" pin="0"/><net_sink comp="125" pin=2"/></net>

<net id="134"><net_src comp="42" pin="0"/><net_sink comp="125" pin=3"/></net>

<net id="140"><net_src comp="95" pin="2"/><net_sink comp="135" pin=0"/></net>

<net id="141"><net_src comp="44" pin="0"/><net_sink comp="135" pin=1"/></net>

<net id="142"><net_src comp="46" pin="0"/><net_sink comp="135" pin=2"/></net>

<net id="148"><net_src comp="48" pin="0"/><net_sink comp="143" pin=0"/></net>

<net id="149"><net_src comp="135" pin="3"/><net_sink comp="143" pin=1"/></net>

<net id="150"><net_src comp="125" pin="4"/><net_sink comp="143" pin=2"/></net>

<net id="160"><net_src comp="107" pin="2"/><net_sink comp="157" pin=0"/></net>

<net id="161"><net_src comp="157" pin="1"/><net_sink comp="56" pin=0"/></net>

<net id="165"><net_src comp="95" pin="2"/><net_sink comp="162" pin=0"/></net>

<net id="175"><net_src comp="119" pin="2"/><net_sink comp="172" pin=0"/></net>

<net id="176"><net_src comp="172" pin="1"/><net_sink comp="78" pin=2"/></net>

<net id="180"><net_src comp="143" pin="3"/><net_sink comp="177" pin=0"/></net>

<net id="181"><net_src comp="177" pin="1"/><net_sink comp="67" pin=2"/></net>

</net_list>

</model> 
---------------- Datapath Model END ------------------

* FSMD analyzer results:
  - Output states:
	Port: dummy_tmr_out | {4 5 6 7 9 10 11 12 }
 - Input state : 
	Port: bno055_uart_uart_receive_byte : uart_rx | {2 3 5 8 }
	Port: bno055_uart_uart_receive_byte : dummy_tmr_out | {4 5 6 7 9 10 11 12 }
  - Chain level:
	State 1
	State 2
		stg_16 : 1
	State 3
		tmp_1 : 1
		timer_1 : 1
		stg_21 : 2
		stg_24 : 1
	State 4
	State 5
		stg_30 : 1
	State 6
	State 7
	State 8
		exitcond : 1
		i_2 : 1
		stg_42 : 2
		tmp_6 : 1
		tmp_4 : 1
		data_1 : 2
		stg_48 : 1
	State 9
	State 10
	State 11
	State 12


============================================================
+ Verbose Summary: Datapath Resource usage 
============================================================

* Functional unit list:
|----------|------------------------------------|---------|---------|
| Operation|           Functional Unit          |    FF   |   LUT   |
|----------|------------------------------------|---------|---------|
|   call   |   grp_bno055_uart_wait_tmr_fu_85   |    82   |    38   |
|          | grp_bno055_uart_read_uart_rx_fu_95 |    0    |    0    |
|----------|------------------------------------|---------|---------|
|    add   |           timer_1_fu_107           |    0    |    24   |
|          |             i_2_fu_119             |    0    |    4    |
|----------|------------------------------------|---------|---------|
|   icmp   |            tmp_1_fu_101            |    0    |    9    |
|          |           exitcond_fu_113          |    0    |    2    |
|----------|------------------------------------|---------|---------|
|  select  |            tmp_4_fu_135            |    0    |    1    |
|----------|------------------------------------|---------|---------|
|partselect|            tmp_6_fu_125            |    0    |    0    |
|----------|------------------------------------|---------|---------|
|bitconcatenate|            data_1_fu_143           |    0    |    0    |
|----------|------------------------------------|---------|---------|
|   Total  |                                    |    82   |    78   |
|----------|------------------------------------|---------|---------|

Memories:
N/A

* Register list:
+---------------+--------+
|               |   FF   |
+---------------+--------+
| data_1_reg_177|    8   |
|  data_reg_63  |    8   |
|  i_2_reg_172  |    4   |
|    i_reg_74   |    4   |
|timer_1_reg_157|   24   |
|  timer_reg_52 |   24   |
| tmp_2_reg_162 |    1   |
+---------------+--------+
|     Total     |   73   |
+---------------+--------+

* Multiplexer (MUX) list: 
|--------------------------------|------|------|------|--------||---------|
|              Comp              |  Pin | Size |  BW  | S x BW ||  Delay  |
|--------------------------------|------|------|------|--------||---------|
| grp_bno055_uart_wait_tmr_fu_85 |  p1  |   3  |  11  |   33   |
|--------------------------------|------|------|------|--------||---------|
|              Total             |      |      |      |   33   ||  1.571  |
|--------------------------------|------|------|------|--------||---------|



* Summary:
+-----------+--------+--------+--------+
|           |  Delay |   FF   |   LUT  |
+-----------+--------+--------+--------+
|  Function |    -   |   82   |   78   |
|   Memory  |    -   |    -   |    -   |
|Multiplexer|    1   |    -   |    -   |
|  Register |    -   |   73   |    -   |
+-----------+--------+--------+--------+
|   Total   |    1   |   155  |   78   |
+-----------+--------+--------+--------+
