

================================================================
== Vivado HLS Report for 'bno055_uart_uart_read_reg16'
================================================================
* Date:           Fri May 27 17:23:08 2016

* Version:        2016.1 (Build 1538259 on Fri Apr 08 16:12:49 MDT 2016)
* Project:        bno055_uart
* Solution:       solution1
* Product family: artix7
* Target device:  xc7a35ticsg324-1l


================================================================
== Performance Estimates
================================================================
+ Timing (ns): 
    * Summary: 
    +--------+-------+----------+------------+
    |  Clock | Target| Estimated| Uncertainty|
    +--------+-------+----------+------------+
    |ap_clk  |  10.00|      2.89|        1.25|
    +--------+-------+----------+------------+

+ Latency (clock cycles): 
    * Summary: 
    +-----+-----+-----+-----+---------+
    |  Latency  |  Interval | Pipeline|
    | min | max | min | max |   Type  |
    +-----+-----+-----+-----+---------+
    |    ?|    ?|    ?|    ?|   none  |
    +-----+-----+-----+-----+---------+

    + Detail: 
        * Instance: 
        +-----------------------------------------+-------------------------------+-----+------------+-----+------------+---------+
        |                                         |                               |      Latency     |     Interval     | Pipeline|
        |                 Instance                |             Module            | min |     max    | min |     max    |   Type  |
        +-----------------------------------------+-------------------------------+-----+------------+-----+------------+---------+
        |grp_bno055_uart_uart_receive_byte_fu_43  |bno055_uart_uart_receive_byte  |    ?|           ?|    ?|           ?|   none  |
        |grp_bno055_uart_uart_send_byte_fu_51     |bno055_uart_uart_send_byte     |   60|  1000000050|   60|  1000000050|   none  |
        |grp_bno055_uart_wait_tmr_fu_64           |bno055_uart_wait_tmr           |    3|   100000002|    3|   100000002|   none  |
        +-----------------------------------------+-------------------------------+-----+------------+-----+------------+---------+

        * Loop: 
        N/A



================================================================
== Utilization Estimates
================================================================
* Summary: 
+-----------------+---------+-------+-------+-------+
|       Name      | BRAM_18K| DSP48E|   FF  |  LUT  |
+-----------------+---------+-------+-------+-------+
|DSP              |        -|      -|      -|      -|
|Expression       |        -|      -|      0|      6|
|FIFO             |        -|      -|      -|      -|
|Instance         |        -|      -|    217|    350|
|Memory           |        -|      -|      -|      -|
|Multiplexer      |        -|      -|      -|     77|
|Register         |        -|      -|     64|      -|
+-----------------+---------+-------+-------+-------+
|Total            |        0|      0|    281|    433|
+-----------------+---------+-------+-------+-------+
|Available        |      100|     90|  41600|  20800|
+-----------------+---------+-------+-------+-------+
|Utilization (%)  |        0|      0|   ~0  |      2|
+-----------------+---------+-------+-------+-------+

+ Detail: 
    * Instance: 
    +-----------------------------------------+-------------------------------+---------+-------+-----+-----+
    |                 Instance                |             Module            | BRAM_18K| DSP48E|  FF | LUT |
    +-----------------------------------------+-------------------------------+---------+-------+-----+-----+
    |grp_bno055_uart_uart_receive_byte_fu_43  |bno055_uart_uart_receive_byte  |        0|      0|  124|  189|
    |grp_bno055_uart_uart_send_byte_fu_51     |bno055_uart_uart_send_byte     |        0|      0|   63|   93|
    |grp_bno055_uart_wait_tmr_fu_64           |bno055_uart_wait_tmr           |        0|      0|   30|   68|
    +-----------------------------------------+-------------------------------+---------+-------+-----+-----+
    |Total                                    |                               |        0|      0|  217|  350|
    +-----------------------------------------+-------------------------------+---------+-------+-----+-----+

    * DSP48: 
    N/A

    * Memory: 
    N/A

    * FIFO: 
    N/A

    * Expression: 
    +----------------+----------+-------+---+----+------------+------------+
    |  Variable Name | Operation| DSP48E| FF| LUT| Bitwidth P0| Bitwidth P1|
    +----------------+----------+-------+---+----+------------+------------+
    |tmp_fu_72_p2    |   icmp   |      0|  0|   3|           8|           8|
    |tmp_s_fu_78_p2  |   icmp   |      0|  0|   3|           8|           6|
    +----------------+----------+-------+---+----+------------+------------+
    |Total           |          |      0|  0|   6|          16|          14|
    +----------------+----------+-------+---+----+------------+------------+

    * Multiplexer: 
    +-------------------------------------------+----+-----------+-----+-----------+
    |                    Name                   | LUT| Input Size| Bits| Total Bits|
    +-------------------------------------------+----+-----------+-----+-----------+
    |ap_NS_fsm                                  |  18|         21|    1|         21|
    |ap_return                                  |  16|          2|   16|         32|
    |dummy_tmr_out_o                            |   1|          4|    1|          4|
    |dummy_tmr_out_o_ap_vld                     |   1|          4|    1|          4|
    |grp_bno055_uart_uart_send_byte_fu_51_data  |   8|          5|    8|         40|
    |p_0_phi_fu_35_p6                           |  16|          2|   16|         32|
    |p_0_reg_32                                 |  16|          3|   16|         48|
    |uart_tx_ap_vld                             |   1|          2|    1|          2|
    +-------------------------------------------+----+-----------+-----+-----------+
    |Total                                      |  77|         43|   60|        183|
    +-------------------------------------------+----+-----------+-----+-----------+

    * Register: 
    +---------------------------------------------------------+----+----+-----+-----------+
    |                           Name                          | FF | LUT| Bits| Const Bits|
    +---------------------------------------------------------+----+----+-----+-----------+
    |ap_CS_fsm                                                |  20|   0|   20|          0|
    |ap_reg_grp_bno055_uart_uart_receive_byte_fu_43_ap_start  |   1|   0|    1|          0|
    |ap_reg_grp_bno055_uart_uart_send_byte_fu_51_ap_start     |   1|   0|    1|          0|
    |ap_reg_grp_bno055_uart_wait_tmr_fu_64_ap_start           |   1|   0|    1|          0|
    |ap_return_preg                                           |  16|   0|   16|          0|
    |bh_reg_117                                               |   8|   0|    8|          0|
    |p_0_reg_32                                               |  16|   0|   16|          0|
    |tmp_reg_100                                              |   1|   0|    1|          0|
    +---------------------------------------------------------+----+----+-----+-----------+
    |Total                                                    |  64|   0|   64|          0|
    +---------------------------------------------------------+----+----+-----+-----------+



================================================================
== Interface
================================================================
* Summary: 
+------------------------+-----+-----+------------+-----------------------------+--------------+
|        RTL Ports       | Dir | Bits|  Protocol  |        Source Object        |    C Type    |
+------------------------+-----+-----+------------+-----------------------------+--------------+
|ap_clk                  |  in |    1| ap_ctrl_hs | bno055_uart_uart_read_reg16 | return value |
|ap_rst                  |  in |    1| ap_ctrl_hs | bno055_uart_uart_read_reg16 | return value |
|ap_start                |  in |    1| ap_ctrl_hs | bno055_uart_uart_read_reg16 | return value |
|ap_done                 | out |    1| ap_ctrl_hs | bno055_uart_uart_read_reg16 | return value |
|ap_idle                 | out |    1| ap_ctrl_hs | bno055_uart_uart_read_reg16 | return value |
|ap_ready                | out |    1| ap_ctrl_hs | bno055_uart_uart_read_reg16 | return value |
|ap_return               | out |   16| ap_ctrl_hs | bno055_uart_uart_read_reg16 | return value |
|uart_tx                 | out |    1|   ap_vld   |           uart_tx           |    pointer   |
|uart_tx_ap_vld          | out |    1|   ap_vld   |           uart_tx           |    pointer   |
|dummy_tmr_out_i         |  in |    1|   ap_ovld  |        dummy_tmr_out        |    pointer   |
|dummy_tmr_out_o         | out |    1|   ap_ovld  |        dummy_tmr_out        |    pointer   |
|dummy_tmr_out_o_ap_vld  | out |    1|   ap_ovld  |        dummy_tmr_out        |    pointer   |
|uart_rx                 |  in |    1|   ap_none  |           uart_rx           |    pointer   |
+------------------------+-----+-----+------------+-----------------------------+--------------+

============================================================
+ Verbose Summary: Synthesis Manager
============================================================
InlineROM: 1
ExposeGlobal: 0
============================================================
+ Verbose Summary: CDFG Model
============================================================
IsTopModel: 0
ResetActiveHigh: 1
IsCombinational: 2
IsDatapathOnly: 2
HasWiredReturn: 1
HasMFsm: 0
HasVarLatency: 1
IsPipeline: 0
IsRtlPipelined: 0
IsInstanceOverlapped: 0
IsDontTouch: 0
HasImplIP: 0
IsGatedGlobalClock: 0


============================================================
+ Verbose Summary: Schedule
============================================================
* Number of FSM states: 20
* Pipeline: 0
* Dataflow Pipeline: 0

* FSM state transitions: 
1 --> 
	2  / true
2 --> 
	3  / true
3 --> 
	4  / true
4 --> 
	5  / true
5 --> 
	6  / true
6 --> 
	7  / true
7 --> 
	8  / true
8 --> 
	9  / true
9 --> 
	10  / true
10 --> 
	11  / true
11 --> 
	12  / true
12 --> 
	15  / (tmp)
	13  / (!tmp & tmp_s)
	20  / (!tmp & !tmp_s)
13 --> 
	14  / true
14 --> 
	20  / true
15 --> 
	16  / true
16 --> 
	17  / true
17 --> 
	18  / true
18 --> 
	19  / true
19 --> 
	20  / true
20 --> 
* FSM state operations: 

 <State 1>: 1.28ns
ST_1: stg_21 [2/2] 1.28ns
:0  call fastcc void @bno055_uart_uart_send_byte(i8 zeroext -86)


 <State 2>: 0.00ns
ST_2: stg_22 [1/2] 0.00ns
:0  call fastcc void @bno055_uart_uart_send_byte(i8 zeroext -86)


 <State 3>: 1.28ns
ST_3: stg_23 [2/2] 1.28ns
:2  call fastcc void @bno055_uart_uart_send_byte(i8 zeroext 1)


 <State 4>: 0.00ns
ST_4: stg_24 [1/2] 0.00ns
:2  call fastcc void @bno055_uart_uart_send_byte(i8 zeroext 1)


 <State 5>: 1.28ns
ST_5: stg_25 [2/2] 1.28ns
:4  call fastcc void @bno055_uart_uart_send_byte(i8 zeroext 26)


 <State 6>: 0.00ns
ST_6: stg_26 [1/2] 0.00ns
:4  call fastcc void @bno055_uart_uart_send_byte(i8 zeroext 26)


 <State 7>: 1.28ns
ST_7: stg_27 [1/1] 0.00ns
:1  call void (...)* @_ssdm_op_Wait(i32 1)

ST_7: stg_28 [2/2] 1.28ns
:6  call fastcc void @bno055_uart_uart_send_byte(i8 zeroext 2)


 <State 8>: 0.00ns
ST_8: stg_29 [1/1] 0.00ns
:3  call void (...)* @_ssdm_op_Wait(i32 1)

ST_8: stg_30 [1/2] 0.00ns
:6  call fastcc void @bno055_uart_uart_send_byte(i8 zeroext 2)


 <State 9>: 2.65ns
ST_9: stg_31 [1/1] 0.00ns
:5  call void (...)* @_ssdm_op_Wait(i32 1)

ST_9: stg_32 [2/2] 2.65ns
:8  call fastcc void @bno055_uart_wait_tmr(i28 1) nounwind


 <State 10>: 2.65ns
ST_10: stg_33 [1/1] 0.00ns
:7  call void (...)* @_ssdm_op_Wait(i32 1)

ST_10: stg_34 [1/2] 2.65ns
:8  call fastcc void @bno055_uart_wait_tmr(i28 1) nounwind


 <State 11>: 1.16ns
ST_11: stg_35 [1/1] 0.00ns
:9  call void (...)* @_ssdm_op_Wait(i32 1)

ST_11: buf [2/2] 1.16ns
:10  %buf = call fastcc zeroext i8 @bno055_uart_uart_receive_byte()


 <State 12>: 2.47ns
ST_12: buf [1/2] 0.00ns
:10  %buf = call fastcc zeroext i8 @bno055_uart_uart_receive_byte()

ST_12: stg_38 [1/1] 0.00ns
:11  call void (...)* @_ssdm_op_Wait(i32 1)

ST_12: tmp [1/1] 2.47ns
:12  %tmp = icmp eq i8 %buf, -69

ST_12: stg_40 [1/1] 0.00ns
:13  br i1 %tmp, label %1, label %2

ST_12: tmp_s [1/1] 2.47ns
:0  %tmp_s = icmp eq i8 %buf, -18

ST_12: stg_42 [1/1] 0.00ns
:1  br i1 %tmp_s, label %3, label %4

ST_12: tmp_2 [1/1] 0.00ns
:0  %tmp_2 = zext i8 %buf to i16

ST_12: stg_44 [1/1] 1.57ns
:1  br label %5


 <State 13>: 1.16ns
ST_13: buf_1 [2/2] 1.16ns
:1  %buf_1 = call fastcc zeroext i8 @bno055_uart_uart_receive_byte()


 <State 14>: 1.57ns
ST_14: stg_46 [1/1] 0.00ns
:0  call void (...)* @_ssdm_op_Wait(i32 1)

ST_14: buf_1 [1/2] 0.00ns
:1  %buf_1 = call fastcc zeroext i8 @bno055_uart_uart_receive_byte()

ST_14: tmp_1 [1/1] 0.00ns
:2  %tmp_1 = zext i8 %buf_1 to i16

ST_14: stg_49 [1/1] 1.57ns
:3  br label %5


 <State 15>: 1.16ns
ST_15: empty [2/2] 1.16ns
:1  %empty = call fastcc zeroext i8 @bno055_uart_uart_receive_byte()


 <State 16>: 0.00ns
ST_16: empty [1/2] 0.00ns
:1  %empty = call fastcc zeroext i8 @bno055_uart_uart_receive_byte()


 <State 17>: 1.16ns
ST_17: bh [2/2] 1.16ns
:3  %bh = call fastcc zeroext i8 @bno055_uart_uart_receive_byte()


 <State 18>: 0.00ns
ST_18: stg_53 [1/1] 0.00ns
:0  call void (...)* @_ssdm_op_Wait(i32 1)

ST_18: bh [1/2] 0.00ns
:3  %bh = call fastcc zeroext i8 @bno055_uart_uart_receive_byte()


 <State 19>: 1.16ns
ST_19: stg_55 [1/1] 0.00ns
:2  call void (...)* @_ssdm_op_Wait(i32 1)

ST_19: bl [2/2] 1.16ns
:5  %bl = call fastcc zeroext i8 @bno055_uart_uart_receive_byte()


 <State 20>: 1.57ns
ST_20: stg_57 [1/1] 0.00ns
:4  call void (...)* @_ssdm_op_Wait(i32 1)

ST_20: bl [1/2] 0.00ns
:5  %bl = call fastcc zeroext i8 @bno055_uart_uart_receive_byte()

ST_20: tmp_9 [1/1] 0.00ns
:6  %tmp_9 = call i16 @_ssdm_op_BitConcatenate.i16.i8.i8(i8 %bh, i8 %bl)

ST_20: stg_60 [1/1] 1.57ns
:7  br label %5

ST_20: p_0 [1/1] 0.00ns
:0  %p_0 = phi i16 [ %tmp_9, %1 ], [ %tmp_1, %3 ], [ %tmp_2, %4 ]

ST_20: stg_62 [1/1] 0.00ns
:1  ret i16 %p_0



============================================================
+ Verbose Summary: Binding
============================================================
STG Binding: 
---------------- STG Properties BEGIN ----------------
- Is combinational: 0
- Is one-state seq: 0
- Is datapath-only: 0
- Is clock enabled: 0
- Is pipelined: 0
- Is top level: 0
Port [ Return ] is wired: 1; IO mode=ap_ctrl_hs:ce=0
Port [ uart_tx]:  wired=1; compound=0; hidden=0; nouse=0; global=1; static=0; extern=0; dir=1; type=0; pingpong=0; private_global=0; linkage=15; visibility=0; IO mode=ap_vld:ce=0
Port [ dummy_tmr_out]:  wired=1; compound=0; hidden=0; nouse=0; global=1; static=0; extern=0; dir=2; type=0; pingpong=0; private_global=0; linkage=0; visibility=0; IO mode=ap_ovld:ce=0
Port [ uart_rx]:  wired=1; compound=0; hidden=0; nouse=0; global=1; static=0; extern=0; dir=0; type=0; pingpong=0; private_global=0; linkage=15; visibility=0; IO mode=ap_none:ce=0
---------------- STG Properties END ------------------

---------------- Datapath Model BEGIN ----------------

<LifeTime>
<method=bitvector/>
stg_22 (call          ) [ 000000000000000000000]
stg_24 (call          ) [ 000000000000000000000]
stg_26 (call          ) [ 000000000000000000000]
stg_27 (wait          ) [ 000000000000000000000]
stg_29 (wait          ) [ 000000000000000000000]
stg_30 (call          ) [ 000000000000000000000]
stg_31 (wait          ) [ 000000000000000000000]
stg_33 (wait          ) [ 000000000000000000000]
stg_34 (call          ) [ 000000000000000000000]
stg_35 (wait          ) [ 000000000000000000000]
buf    (call          ) [ 000000000000000000000]
stg_38 (wait          ) [ 000000000000000000000]
tmp    (icmp          ) [ 000000000000111111111]
stg_40 (br            ) [ 000000000000000000000]
tmp_s  (icmp          ) [ 000000000000100000000]
stg_42 (br            ) [ 000000000000000000000]
tmp_2  (zext          ) [ 000000000000111111111]
stg_44 (br            ) [ 000000000000111111111]
stg_46 (wait          ) [ 000000000000000000000]
buf_1  (call          ) [ 000000000000000000000]
tmp_1  (zext          ) [ 000000000000101000001]
stg_49 (br            ) [ 000000000000101000001]
empty  (call          ) [ 000000000000000000000]
stg_53 (wait          ) [ 000000000000000000000]
bh     (call          ) [ 000000000000000000011]
stg_55 (wait          ) [ 000000000000000000000]
stg_57 (wait          ) [ 000000000000000000000]
bl     (call          ) [ 000000000000000000000]
tmp_9  (bitconcatenate) [ 000000000000000000000]
stg_60 (br            ) [ 000000000000000000000]
p_0    (phi           ) [ 000000000000000000001]
stg_62 (ret           ) [ 000000000000000000000]
</LifeTime>

<model>

<comp_list>
<comp id="0" class="1000" name="uart_tx">
<pin_list>
<pin id="1" dir="1" index="0" bw="1" slack="0"/>
</pin_list>
<bind>
<StgValue><ssdm name="uart_tx"/></StgValue>
</bind>
</comp>

<comp id="2" class="1000" name="dummy_tmr_out">
<pin_list>
<pin id="3" dir="1" index="0" bw="1" slack="0"/>
</pin_list>
<bind>
<StgValue><ssdm name="dummy_tmr_out"/></StgValue>
</bind>
</comp>

<comp id="4" class="1000" name="uart_rx">
<pin_list>
<pin id="5" dir="1" index="0" bw="1" slack="0"/>
</pin_list>
<bind>
<StgValue><ssdm name="uart_rx"/></StgValue>
</bind>
</comp>

<comp id="6" class="1001" name="const_6">
<pin_list>
<pin id="7" dir="1" index="0" bw="1" slack="0"/>
</pin_list>
<bind>
<StgValue><ssdm name="bno055_uart_uart_send_byte"/></StgValue>
</bind>
</comp>

<comp id="8" class="1001" name="const_8">
<pin_list>
<pin id="9" dir="1" index="0" bw="1" slack="0"/>
</pin_list>
<bind>
<StgValue><ssdm name=""/></StgValue>
</bind>
</comp>

<comp id="10" class="1001" name="const_10">
<pin_list>
<pin id="11" dir="1" index="0" bw="1" slack="0"/>
</pin_list>
<bind>
<StgValue><ssdm name=""/></StgValue>
</bind>
</comp>

<comp id="12" class="1001" name="const_12">
<pin_list>
<pin id="13" dir="1" index="0" bw="1" slack="0"/>
</pin_list>
<bind>
<StgValue><ssdm name=""/></StgValue>
</bind>
</comp>

<comp id="14" class="1001" name="const_14">
<pin_list>
<pin id="15" dir="1" index="0" bw="1" slack="2147483647"/>
</pin_list>
<bind>
<StgValue><ssdm name="_ssdm_op_Wait"/></StgValue>
</bind>
</comp>

<comp id="16" class="1001" name="const_16">
<pin_list>
<pin id="17" dir="1" index="0" bw="1" slack="2147483647"/>
</pin_list>
<bind>
<StgValue><ssdm name=""/></StgValue>
</bind>
</comp>

<comp id="18" class="1001" name="const_18">
<pin_list>
<pin id="19" dir="1" index="0" bw="1" slack="0"/>
</pin_list>
<bind>
<StgValue><ssdm name=""/></StgValue>
</bind>
</comp>

<comp id="20" class="1001" name="const_20">
<pin_list>
<pin id="21" dir="1" index="0" bw="1" slack="0"/>
</pin_list>
<bind>
<StgValue><ssdm name="bno055_uart_wait_tmr"/></StgValue>
</bind>
</comp>

<comp id="22" class="1001" name="const_22">
<pin_list>
<pin id="23" dir="1" index="0" bw="1" slack="0"/>
</pin_list>
<bind>
<StgValue><ssdm name=""/></StgValue>
</bind>
</comp>

<comp id="24" class="1001" name="const_24">
<pin_list>
<pin id="25" dir="1" index="0" bw="1" slack="0"/>
</pin_list>
<bind>
<StgValue><ssdm name="bno055_uart_uart_receive_byte"/></StgValue>
</bind>
</comp>

<comp id="26" class="1001" name="const_26">
<pin_list>
<pin id="27" dir="1" index="0" bw="1" slack="0"/>
</pin_list>
<bind>
<StgValue><ssdm name=""/></StgValue>
</bind>
</comp>

<comp id="28" class="1001" name="const_28">
<pin_list>
<pin id="29" dir="1" index="0" bw="1" slack="0"/>
</pin_list>
<bind>
<StgValue><ssdm name=""/></StgValue>
</bind>
</comp>

<comp id="30" class="1001" name="const_30">
<pin_list>
<pin id="31" dir="1" index="0" bw="1" slack="0"/>
</pin_list>
<bind>
<StgValue><ssdm name="_ssdm_op_BitConcatenate.i16.i8.i8"/></StgValue>
</bind>
</comp>

<comp id="32" class="1005" name="p_0_reg_32">
<pin_list>
<pin id="33" dir="0" index="0" bw="16" slack="2147483647"/>
<pin id="34" dir="1" index="1" bw="16" slack="2147483647"/>
</pin_list>
<bind>
<opset="p_0 (phireg) "/>
</bind>
</comp>

<comp id="35" class="1004" name="p_0_phi_fu_35">
<pin_list>
<pin id="36" dir="0" index="0" bw="16" slack="0"/>
<pin id="37" dir="0" index="1" bw="0" slack="2147483647"/>
<pin id="38" dir="0" index="2" bw="8" slack="4"/>
<pin id="39" dir="0" index="3" bw="0" slack="2147483647"/>
<pin id="40" dir="0" index="4" bw="8" slack="6"/>
<pin id="41" dir="0" index="5" bw="0" slack="2147483647"/>
<pin id="42" dir="1" index="6" bw="16" slack="2147483647"/>
</pin_list>
<bind>
<opcode="phi(47) " fcode="phi"/>
<opset="p_0/20 "/>
</bind>
</comp>

<comp id="43" class="1004" name="grp_bno055_uart_uart_receive_byte_fu_43">
<pin_list>
<pin id="44" dir="0" index="0" bw="8" slack="0"/>
<pin id="45" dir="0" index="1" bw="1" slack="0"/>
<pin id="46" dir="0" index="2" bw="1" slack="0"/>
<pin id="47" dir="1" index="3" bw="8" slack="0"/>
</pin_list>
<bind>
<opcode="call(48) " fcode="call"/>
<opset="buf/11 buf_1/13 empty/15 bh/17 bl/19 "/>
</bind>
</comp>

<comp id="51" class="1004" name="grp_bno055_uart_uart_send_byte_fu_51">
<pin_list>
<pin id="52" dir="0" index="0" bw="0" slack="0"/>
<pin id="53" dir="0" index="1" bw="8" slack="0"/>
<pin id="54" dir="0" index="2" bw="1" slack="0"/>
<pin id="55" dir="0" index="3" bw="1" slack="0"/>
<pin id="56" dir="1" index="4" bw="0" slack="2147483647"/>
</pin_list>
<bind>
<opcode="call(48) " fcode="call"/>
<opset="stg_21/1 stg_23/3 stg_25/5 stg_28/7 "/>
</bind>
</comp>

<comp id="64" class="1004" name="grp_bno055_uart_wait_tmr_fu_64">
<pin_list>
<pin id="65" dir="0" index="0" bw="0" slack="0"/>
<pin id="66" dir="0" index="1" bw="1" slack="0"/>
<pin id="67" dir="0" index="2" bw="1" slack="0"/>
<pin id="68" dir="1" index="3" bw="0" slack="2147483647"/>
</pin_list>
<bind>
<opcode="call(48) " fcode="call"/>
<opset="stg_32/9 "/>
</bind>
</comp>

<comp id="72" class="1004" name="tmp_fu_72">
<pin_list>
<pin id="73" dir="0" index="0" bw="8" slack="0"/>
<pin id="74" dir="0" index="1" bw="8" slack="0"/>
<pin id="75" dir="1" index="2" bw="1" slack="6"/>
</pin_list>
<bind>
<opcode="icmp(45) " fcode="icmp"/>
<opset="tmp/12 "/>
</bind>
</comp>

<comp id="78" class="1004" name="tmp_s_fu_78">
<pin_list>
<pin id="79" dir="0" index="0" bw="8" slack="0"/>
<pin id="80" dir="0" index="1" bw="8" slack="0"/>
<pin id="81" dir="1" index="2" bw="1" slack="2147483647"/>
</pin_list>
<bind>
<opcode="icmp(45) " fcode="icmp"/>
<opset="tmp_s/12 "/>
</bind>
</comp>

<comp id="84" class="1004" name="tmp_2_fu_84">
<pin_list>
<pin id="85" dir="0" index="0" bw="8" slack="0"/>
<pin id="86" dir="1" index="1" bw="16" slack="6"/>
</pin_list>
<bind>
<opcode="zext(34) " fcode="zext"/>
<opset="tmp_2/12 "/>
</bind>
</comp>

<comp id="88" class="1004" name="tmp_1_fu_88">
<pin_list>
<pin id="89" dir="0" index="0" bw="8" slack="0"/>
<pin id="90" dir="1" index="1" bw="16" slack="4"/>
</pin_list>
<bind>
<opcode="zext(34) " fcode="zext"/>
<opset="tmp_1/14 "/>
</bind>
</comp>

<comp id="92" class="1004" name="tmp_9_fu_92">
<pin_list>
<pin id="93" dir="0" index="0" bw="16" slack="0"/>
<pin id="94" dir="0" index="1" bw="8" slack="2"/>
<pin id="95" dir="0" index="2" bw="8" slack="0"/>
<pin id="96" dir="1" index="3" bw="16" slack="0"/>
</pin_list>
<bind>
<opcode="bitconcatenate(1004) " fcode="bitconcatenate"/>
<opset="tmp_9/20 "/>
</bind>
</comp>

<comp id="100" class="1005" name="tmp_reg_100">
<pin_list>
<pin id="101" dir="0" index="0" bw="1" slack="6"/>
<pin id="102" dir="1" index="1" bw="1" slack="2147483647"/>
</pin_list>
<bind>
<opset="tmp "/>
</bind>
</comp>

<comp id="107" class="1005" name="tmp_2_reg_107">
<pin_list>
<pin id="108" dir="0" index="0" bw="16" slack="6"/>
<pin id="109" dir="1" index="1" bw="16" slack="6"/>
</pin_list>
<bind>
<opset="tmp_2 "/>
</bind>
</comp>

<comp id="112" class="1005" name="tmp_1_reg_112">
<pin_list>
<pin id="113" dir="0" index="0" bw="16" slack="4"/>
<pin id="114" dir="1" index="1" bw="16" slack="4"/>
</pin_list>
<bind>
<opset="tmp_1 "/>
</bind>
</comp>

<comp id="117" class="1005" name="bh_reg_117">
<pin_list>
<pin id="118" dir="0" index="0" bw="8" slack="2"/>
<pin id="119" dir="1" index="1" bw="8" slack="2"/>
</pin_list>
<bind>
<opset="bh "/>
</bind>
</comp>

</comp_list>

<net_list>
<net id="48"><net_src comp="24" pin="0"/><net_sink comp="43" pin=0"/></net>

<net id="49"><net_src comp="4" pin="0"/><net_sink comp="43" pin=1"/></net>

<net id="50"><net_src comp="2" pin="0"/><net_sink comp="43" pin=2"/></net>

<net id="57"><net_src comp="6" pin="0"/><net_sink comp="51" pin=0"/></net>

<net id="58"><net_src comp="8" pin="0"/><net_sink comp="51" pin=1"/></net>

<net id="59"><net_src comp="0" pin="0"/><net_sink comp="51" pin=2"/></net>

<net id="60"><net_src comp="2" pin="0"/><net_sink comp="51" pin=3"/></net>

<net id="61"><net_src comp="10" pin="0"/><net_sink comp="51" pin=1"/></net>

<net id="62"><net_src comp="12" pin="0"/><net_sink comp="51" pin=1"/></net>

<net id="63"><net_src comp="18" pin="0"/><net_sink comp="51" pin=1"/></net>

<net id="69"><net_src comp="20" pin="0"/><net_sink comp="64" pin=0"/></net>

<net id="70"><net_src comp="22" pin="0"/><net_sink comp="64" pin=1"/></net>

<net id="71"><net_src comp="2" pin="0"/><net_sink comp="64" pin=2"/></net>

<net id="76"><net_src comp="43" pin="3"/><net_sink comp="72" pin=0"/></net>

<net id="77"><net_src comp="26" pin="0"/><net_sink comp="72" pin=1"/></net>

<net id="82"><net_src comp="43" pin="3"/><net_sink comp="78" pin=0"/></net>

<net id="83"><net_src comp="28" pin="0"/><net_sink comp="78" pin=1"/></net>

<net id="87"><net_src comp="43" pin="3"/><net_sink comp="84" pin=0"/></net>

<net id="91"><net_src comp="43" pin="3"/><net_sink comp="88" pin=0"/></net>

<net id="97"><net_src comp="30" pin="0"/><net_sink comp="92" pin=0"/></net>

<net id="98"><net_src comp="43" pin="3"/><net_sink comp="92" pin=2"/></net>

<net id="99"><net_src comp="92" pin="3"/><net_sink comp="35" pin=0"/></net>

<net id="103"><net_src comp="72" pin="2"/><net_sink comp="100" pin=0"/></net>

<net id="110"><net_src comp="84" pin="1"/><net_sink comp="107" pin=0"/></net>

<net id="111"><net_src comp="107" pin="1"/><net_sink comp="35" pin=4"/></net>

<net id="115"><net_src comp="88" pin="1"/><net_sink comp="112" pin=0"/></net>

<net id="116"><net_src comp="112" pin="1"/><net_sink comp="35" pin=2"/></net>

<net id="120"><net_src comp="43" pin="3"/><net_sink comp="117" pin=0"/></net>

<net id="121"><net_src comp="117" pin="1"/><net_sink comp="92" pin=1"/></net>

</net_list>

</model> 
---------------- Datapath Model END ------------------

* FSMD analyzer results:
  - Output states:
	Port: uart_tx | {1 2 3 4 5 6 7 8 }
	Port: dummy_tmr_out | {1 2 3 4 5 6 7 8 9 10 11 12 13 14 15 16 17 18 19 20 }
	Port: uart_rx | {}
 - Input state : 
	Port: bno055_uart_uart_read_reg16 : uart_tx | {}
	Port: bno055_uart_uart_read_reg16 : dummy_tmr_out | {1 2 3 4 5 6 7 8 9 10 11 12 13 14 15 16 17 18 19 20 }
	Port: bno055_uart_uart_read_reg16 : uart_rx | {11 12 13 14 15 16 17 18 19 20 }
  - Chain level:
	State 1
	State 2
	State 3
	State 4
	State 5
	State 6
	State 7
	State 8
	State 9
	State 10
	State 11
	State 12
		tmp : 1
		stg_40 : 2
		tmp_s : 1
		stg_42 : 2
		tmp_2 : 1
	State 13
	State 14
		tmp_1 : 1
	State 15
	State 16
	State 17
	State 18
	State 19
	State 20
		tmp_9 : 1
		p_0 : 2
		stg_62 : 3


============================================================
+ Verbose Summary: Datapath Resource usage 
============================================================

* Functional unit list:
|----------|-----------------------------------------|---------|---------|---------|
| Operation|             Functional Unit             |  Delay  |    FF   |   LUT   |
|----------|-----------------------------------------|---------|---------|---------|
|          | grp_bno055_uart_uart_receive_byte_fu_43 |  1.571  |   155   |    78   |
|   call   |   grp_bno055_uart_uart_send_byte_fu_51  |  1.571  |   114   |    45   |
|          |      grp_bno055_uart_wait_tmr_fu_64     |    0    |    82   |    38   |
|----------|-----------------------------------------|---------|---------|---------|
|   icmp   |                tmp_fu_72                |    0    |    0    |    3    |
|          |               tmp_s_fu_78               |    0    |    0    |    3    |
|----------|-----------------------------------------|---------|---------|---------|
|   zext   |               tmp_2_fu_84               |    0    |    0    |    0    |
|          |               tmp_1_fu_88               |    0    |    0    |    0    |
|----------|-----------------------------------------|---------|---------|---------|
|bitconcatenate|               tmp_9_fu_92               |    0    |    0    |    0    |
|----------|-----------------------------------------|---------|---------|---------|
|   Total  |                                         |  3.142  |   351   |   167   |
|----------|-----------------------------------------|---------|---------|---------|

Memories:
N/A

* Register list:
+-------------+--------+
|             |   FF   |
+-------------+--------+
|  bh_reg_117 |    8   |
|  p_0_reg_32 |   16   |
|tmp_1_reg_112|   16   |
|tmp_2_reg_107|   16   |
| tmp_reg_100 |    1   |
+-------------+--------+
|    Total    |   57   |
+-------------+--------+

* Multiplexer (MUX) list: 
|--------------------------------------|------|------|------|--------||---------||---------|
|                 Comp                 |  Pin | Size |  BW  | S x BW ||  Delay  ||   LUT   |
|--------------------------------------|------|------|------|--------||---------||---------|
| grp_bno055_uart_uart_send_byte_fu_51 |  p1  |   4  |   8  |   32   ||    8    |
|--------------------------------------|------|------|------|--------||---------||---------|
|                 Total                |      |      |      |   32   ||  1.571  ||    8    |
|--------------------------------------|------|------|------|--------||---------||---------|



* Summary:
+-----------+--------+--------+--------+
|           |  Delay |   FF   |   LUT  |
+-----------+--------+--------+--------+
|  Function |    3   |   351  |   167  |
|   Memory  |    -   |    -   |    -   |
|Multiplexer|    1   |    -   |    8   |
|  Register |    -   |   57   |    -   |
+-----------+--------+--------+--------+
|   Total   |    4   |   408  |   175  |
+-----------+--------+--------+--------+
