

================================================================
== Vivado HLS Report for 'bno055_uart_uart_read_reg'
================================================================
* Date:           Fri May 27 17:23:03 2016

* Version:        2016.1 (Build 1538259 on Fri Apr 08 16:12:49 MDT 2016)
* Project:        bno055_uart
* Solution:       solution1
* Product family: artix7
* Target device:  xc7a35ticsg324-1l


================================================================
== Performance Estimates
================================================================
+ Timing (ns): 
    * Summary: 
    +--------+-------+----------+------------+
    |  Clock | Target| Estimated| Uncertainty|
    +--------+-------+----------+------------+
    |ap_clk  |  10.00|      4.04|        1.25|
    +--------+-------+----------+------------+

+ Latency (clock cycles): 
    * Summary: 
    +-----+-----+-----+-----+---------+
    |  Latency  |  Interval | Pipeline|
    | min | max | min | max |   Type  |
    +-----+-----+-----+-----+---------+
    |    ?|    ?|    ?|    ?|   none  |
    +-----+-----+-----+-----+---------+

    + Detail: 
        * Instance: 
        N/A

        * Loop: 
        N/A

============================================================
+ Verbose Summary: Synthesis Manager
============================================================
InlineROM: 1
ExposeGlobal: 0
============================================================
+ Verbose Summary: CDFG Model
============================================================
IsTopModel: 0
ResetActiveHigh: 1
IsCombinational: 0
IsDatapathOnly: 0
HasWiredReturn: 1
HasMFsm: 0
HasVarLatency: 1
IsPipeline: 0
IsRtlPipelined: 0
IsInstanceOverlapped: 0
IsDontTouch: 0
HasImplIP: 0
IsGatedGlobalClock: 0


============================================================
+ Verbose Summary: Schedule
============================================================
* Number of FSM states: 18
* Pipeline: 0
* Dataflow Pipeline: 0

* FSM state transitions: 
1 --> 
	2  / true
2 --> 
	3  / true
3 --> 
	4  / true
4 --> 
	5  / true
5 --> 
	6  / true
6 --> 
	7  / true
7 --> 
	8  / true
8 --> 
	9  / true
9 --> 
	10  / true
10 --> 
	11  / true
11 --> 
	12  / true
12 --> 
	15  / (tmp)
	13  / (!tmp & tmp_s)
	18  / (!tmp & !tmp_s)
13 --> 
	14  / true
14 --> 
	18  / true
15 --> 
	16  / true
16 --> 
	17  / true
17 --> 
	18  / true
18 --> 
* FSM state operations: 

 <State 1>: 1.28ns
ST_1: stg_19 [2/2] 1.28ns
:1  call fastcc void @bno055_uart_uart_send_byte(i8 zeroext -86)


 <State 2>: 0.00ns
ST_2: stg_20 [1/2] 0.00ns
:1  call fastcc void @bno055_uart_uart_send_byte(i8 zeroext -86)


 <State 3>: 1.28ns
ST_3: stg_21 [2/2] 1.28ns
:3  call fastcc void @bno055_uart_uart_send_byte(i8 zeroext 1)


 <State 4>: 0.00ns
ST_4: stg_22 [1/2] 0.00ns
:3  call fastcc void @bno055_uart_uart_send_byte(i8 zeroext 1)


 <State 5>: 2.32ns
ST_5: reg_addr_read [1/1] 1.04ns
:0  %reg_addr_read = call i8 @_ssdm_op_Read.ap_auto.i8(i8 %reg_addr) nounwind

ST_5: stg_24 [2/2] 1.28ns
:5  call fastcc void @bno055_uart_uart_send_byte(i8 zeroext %reg_addr_read)


 <State 6>: 0.00ns
ST_6: stg_25 [1/2] 0.00ns
:5  call fastcc void @bno055_uart_uart_send_byte(i8 zeroext %reg_addr_read)


 <State 7>: 1.28ns
ST_7: stg_26 [1/1] 0.00ns
:2  call void (...)* @_ssdm_op_Wait(i32 1)

ST_7: stg_27 [2/2] 1.28ns
:7  call fastcc void @bno055_uart_uart_send_byte(i8 zeroext 1)


 <State 8>: 0.00ns
ST_8: stg_28 [1/1] 0.00ns
:4  call void (...)* @_ssdm_op_Wait(i32 1)

ST_8: stg_29 [1/2] 0.00ns
:7  call fastcc void @bno055_uart_uart_send_byte(i8 zeroext 1)


 <State 9>: 2.65ns
ST_9: stg_30 [1/1] 0.00ns
:6  call void (...)* @_ssdm_op_Wait(i32 1)

ST_9: stg_31 [2/2] 2.65ns
:9  call fastcc void @bno055_uart_wait_tmr(i28 1) nounwind


 <State 10>: 2.65ns
ST_10: stg_32 [1/1] 0.00ns
:8  call void (...)* @_ssdm_op_Wait(i32 1)

ST_10: stg_33 [1/2] 2.65ns
:9  call fastcc void @bno055_uart_wait_tmr(i28 1) nounwind


 <State 11>: 0.00ns
ST_11: stg_34 [1/1] 0.00ns
:10  call void (...)* @_ssdm_op_Wait(i32 1)

ST_11: buf [2/2] 0.00ns
:11  %buf = call fastcc zeroext i8 @bno055_uart_uart_receive_byte()


 <State 12>: 4.04ns
ST_12: buf [1/2] 0.00ns
:11  %buf = call fastcc zeroext i8 @bno055_uart_uart_receive_byte()

ST_12: stg_37 [1/1] 0.00ns
:12  call void (...)* @_ssdm_op_Wait(i32 1)

ST_12: tmp [1/1] 2.47ns
:13  %tmp = icmp eq i8 %buf, -69

ST_12: stg_39 [1/1] 0.00ns
:14  br i1 %tmp, label %1, label %2

ST_12: tmp_s [1/1] 2.47ns
:0  %tmp_s = icmp eq i8 %buf, -18

ST_12: stg_41 [1/1] 1.57ns
:1  br i1 %tmp_s, label %3, label %._crit_edge


 <State 13>: 0.00ns
ST_13: buf_3 [2/2] 0.00ns
:1  %buf_3 = call fastcc zeroext i8 @bno055_uart_uart_receive_byte()


 <State 14>: 1.57ns
ST_14: stg_43 [1/1] 0.00ns
:0  call void (...)* @_ssdm_op_Wait(i32 1)

ST_14: buf_3 [1/2] 0.00ns
:1  %buf_3 = call fastcc zeroext i8 @bno055_uart_uart_receive_byte()

ST_14: stg_45 [1/1] 1.57ns
:2  br label %._crit_edge


 <State 15>: 0.00ns
ST_15: empty [2/2] 0.00ns
:1  %empty = call fastcc zeroext i8 @bno055_uart_uart_receive_byte()


 <State 16>: 0.00ns
ST_16: empty [1/2] 0.00ns
:1  %empty = call fastcc zeroext i8 @bno055_uart_uart_receive_byte()


 <State 17>: 0.00ns
ST_17: stg_48 [1/1] 0.00ns
:0  call void (...)* @_ssdm_op_Wait(i32 1)

ST_17: buf_2 [2/2] 0.00ns
:3  %buf_2 = call fastcc zeroext i8 @bno055_uart_uart_receive_byte()


 <State 18>: 1.57ns
ST_18: stg_50 [1/1] 0.00ns
:2  call void (...)* @_ssdm_op_Wait(i32 1)

ST_18: buf_2 [1/2] 0.00ns
:3  %buf_2 = call fastcc zeroext i8 @bno055_uart_uart_receive_byte()

ST_18: stg_52 [1/1] 1.57ns
:4  br label %._crit_edge

ST_18: p_0 [1/1] 0.00ns
._crit_edge:0  %p_0 = phi i8 [ %buf_2, %1 ], [ %buf_3, %3 ], [ %buf, %2 ]

ST_18: stg_54 [1/1] 0.00ns
._crit_edge:1  ret i8 %p_0



============================================================
+ Verbose Summary: Binding
============================================================
STG Binding: 
---------------- STG Properties BEGIN ----------------
- Is combinational: 0
- Is one-state seq: 0
- Is datapath-only: 0
- Is clock enabled: 0
- Is pipelined: 0
- Is top level: 0
Port [ Return ] is wired: 1; IO mode=ap_ctrl_hs:ce=0
Port [ reg_addr]:  wired=1; compound=0; hidden=0; nouse=0; global=0; static=0; extern=0; dir=0; type=0; pingpong=0; private_global=0; IO mode=ap_none:ce=0
Port [ uart_tx]:  wired=1; compound=0; hidden=0; nouse=0; global=1; static=0; extern=0; dir=1; type=0; pingpong=0; private_global=0; linkage=15; visibility=0; IO mode=ap_vld:ce=0
Port [ dummy_tmr_out]:  wired=1; compound=0; hidden=0; nouse=0; global=1; static=0; extern=0; dir=2; type=0; pingpong=0; private_global=0; linkage=0; visibility=0; IO mode=ap_ovld:ce=0
Port [ uart_rx]:  wired=1; compound=0; hidden=0; nouse=0; global=1; static=0; extern=0; dir=0; type=0; pingpong=0; private_global=0; linkage=15; visibility=0; IO mode=ap_none:ce=0
---------------- STG Properties END ------------------

---------------- Datapath Model BEGIN ----------------

<LifeTime>
<method=bitvector/>
stg_20        (call) [ 0000000000000000000]
stg_22        (call) [ 0000000000000000000]
reg_addr_read (read) [ 0000001000000000000]
stg_25        (call) [ 0000000000000000000]
stg_26        (wait) [ 0000000000000000000]
stg_28        (wait) [ 0000000000000000000]
stg_29        (call) [ 0000000000000000000]
stg_30        (wait) [ 0000000000000000000]
stg_32        (wait) [ 0000000000000000000]
stg_33        (call) [ 0000000000000000000]
stg_34        (wait) [ 0000000000000000000]
buf           (call) [ 0000000000001111111]
stg_37        (wait) [ 0000000000000000000]
tmp           (icmp) [ 0000000000001111111]
stg_39        (br  ) [ 0000000000000000000]
tmp_s         (icmp) [ 0000000000001000000]
stg_41        (br  ) [ 0000000000001111111]
stg_43        (wait) [ 0000000000000000000]
buf_3         (call) [ 0000000000001010001]
stg_45        (br  ) [ 0000000000001010001]
empty         (call) [ 0000000000000000000]
stg_48        (wait) [ 0000000000000000000]
stg_50        (wait) [ 0000000000000000000]
buf_2         (call) [ 0000000000000000000]
stg_52        (br  ) [ 0000000000000000000]
p_0           (phi ) [ 0000000000000000001]
stg_54        (ret ) [ 0000000000000000000]
</LifeTime>

<model>

<comp_list>
<comp id="0" class="1000" name="reg_addr">
<pin_list>
<pin id="1" dir="1" index="0" bw="1" slack="0"/>
</pin_list>
<bind>
<StgValue><ssdm name="reg_addr"/></StgValue>
</bind>
</comp>

<comp id="2" class="1000" name="uart_tx">
<pin_list>
<pin id="3" dir="1" index="0" bw="1" slack="0"/>
</pin_list>
<bind>
<StgValue><ssdm name="uart_tx"/></StgValue>
</bind>
</comp>

<comp id="4" class="1000" name="dummy_tmr_out">
<pin_list>
<pin id="5" dir="1" index="0" bw="1" slack="0"/>
</pin_list>
<bind>
<StgValue><ssdm name="dummy_tmr_out"/></StgValue>
</bind>
</comp>

<comp id="6" class="1000" name="uart_rx">
<pin_list>
<pin id="7" dir="1" index="0" bw="1" slack="0"/>
</pin_list>
<bind>
<StgValue><ssdm name="uart_rx"/></StgValue>
</bind>
</comp>

<comp id="8" class="1001" name="const_8">
<pin_list>
<pin id="9" dir="1" index="0" bw="1" slack="0"/>
</pin_list>
<bind>
<StgValue><ssdm name="bno055_uart_uart_send_byte"/></StgValue>
</bind>
</comp>

<comp id="10" class="1001" name="const_10">
<pin_list>
<pin id="11" dir="1" index="0" bw="1" slack="0"/>
</pin_list>
<bind>
<StgValue><ssdm name=""/></StgValue>
</bind>
</comp>

<comp id="12" class="1001" name="const_12">
<pin_list>
<pin id="13" dir="1" index="0" bw="1" slack="0"/>
</pin_list>
<bind>
<StgValue><ssdm name=""/></StgValue>
</bind>
</comp>

<comp id="14" class="1001" name="const_14">
<pin_list>
<pin id="15" dir="1" index="0" bw="1" slack="0"/>
</pin_list>
<bind>
<StgValue><ssdm name="_ssdm_op_Read.ap_auto.i8"/></StgValue>
</bind>
</comp>

<comp id="16" class="1001" name="const_16">
<pin_list>
<pin id="17" dir="1" index="0" bw="1" slack="2147483647"/>
</pin_list>
<bind>
<StgValue><ssdm name="_ssdm_op_Wait"/></StgValue>
</bind>
</comp>

<comp id="18" class="1001" name="const_18">
<pin_list>
<pin id="19" dir="1" index="0" bw="1" slack="2147483647"/>
</pin_list>
<bind>
<StgValue><ssdm name=""/></StgValue>
</bind>
</comp>

<comp id="20" class="1001" name="const_20">
<pin_list>
<pin id="21" dir="1" index="0" bw="1" slack="0"/>
</pin_list>
<bind>
<StgValue><ssdm name="bno055_uart_wait_tmr"/></StgValue>
</bind>
</comp>

<comp id="22" class="1001" name="const_22">
<pin_list>
<pin id="23" dir="1" index="0" bw="1" slack="0"/>
</pin_list>
<bind>
<StgValue><ssdm name=""/></StgValue>
</bind>
</comp>

<comp id="24" class="1001" name="const_24">
<pin_list>
<pin id="25" dir="1" index="0" bw="1" slack="0"/>
</pin_list>
<bind>
<StgValue><ssdm name="bno055_uart_uart_receive_byte"/></StgValue>
</bind>
</comp>

<comp id="26" class="1001" name="const_26">
<pin_list>
<pin id="27" dir="1" index="0" bw="1" slack="0"/>
</pin_list>
<bind>
<StgValue><ssdm name=""/></StgValue>
</bind>
</comp>

<comp id="28" class="1001" name="const_28">
<pin_list>
<pin id="29" dir="1" index="0" bw="1" slack="0"/>
</pin_list>
<bind>
<StgValue><ssdm name=""/></StgValue>
</bind>
</comp>

<comp id="30" class="1004" name="reg_addr_read_read_fu_30">
<pin_list>
<pin id="31" dir="0" index="0" bw="8" slack="0"/>
<pin id="32" dir="0" index="1" bw="8" slack="0"/>
<pin id="33" dir="1" index="2" bw="8" slack="0"/>
</pin_list>
<bind>
<opcode="read(1150) " fcode="read"/>
<opset="reg_addr_read/5 "/>
</bind>
</comp>

<comp id="36" class="1005" name="p_0_reg_36">
<pin_list>
<pin id="37" dir="0" index="0" bw="8" slack="2147483647"/>
<pin id="38" dir="1" index="1" bw="8" slack="2147483647"/>
</pin_list>
<bind>
<opset="p_0 (phireg) "/>
</bind>
</comp>

<comp id="39" class="1004" name="p_0_phi_fu_39">
<pin_list>
<pin id="40" dir="0" index="0" bw="8" slack="0"/>
<pin id="41" dir="0" index="1" bw="0" slack="2147483647"/>
<pin id="42" dir="0" index="2" bw="8" slack="2"/>
<pin id="43" dir="0" index="3" bw="0" slack="2147483647"/>
<pin id="44" dir="0" index="4" bw="8" slack="4"/>
<pin id="45" dir="0" index="5" bw="0" slack="2147483647"/>
<pin id="46" dir="1" index="6" bw="8" slack="2147483647"/>
</pin_list>
<bind>
<opcode="phi(47) " fcode="phi"/>
<opset="p_0/18 "/>
</bind>
</comp>

<comp id="47" class="1004" name="grp_bno055_uart_uart_receive_byte_fu_47">
<pin_list>
<pin id="48" dir="0" index="0" bw="8" slack="0"/>
<pin id="49" dir="0" index="1" bw="1" slack="0"/>
<pin id="50" dir="0" index="2" bw="1" slack="0"/>
<pin id="51" dir="1" index="3" bw="8" slack="0"/>
</pin_list>
<bind>
<opcode="call(48) " fcode="call"/>
<opset="buf/11 buf_3/13 empty/15 buf_2/17 "/>
</bind>
</comp>

<comp id="56" class="1004" name="grp_bno055_uart_uart_send_byte_fu_56">
<pin_list>
<pin id="57" dir="0" index="0" bw="0" slack="0"/>
<pin id="58" dir="0" index="1" bw="8" slack="0"/>
<pin id="59" dir="0" index="2" bw="1" slack="0"/>
<pin id="60" dir="0" index="3" bw="1" slack="0"/>
<pin id="61" dir="1" index="4" bw="0" slack="2147483647"/>
</pin_list>
<bind>
<opcode="call(48) " fcode="call"/>
<opset="stg_19/1 stg_21/3 stg_24/5 stg_27/7 "/>
</bind>
</comp>

<comp id="68" class="1004" name="grp_bno055_uart_wait_tmr_fu_68">
<pin_list>
<pin id="69" dir="0" index="0" bw="0" slack="0"/>
<pin id="70" dir="0" index="1" bw="1" slack="0"/>
<pin id="71" dir="0" index="2" bw="1" slack="0"/>
<pin id="72" dir="1" index="3" bw="0" slack="2147483647"/>
</pin_list>
<bind>
<opcode="call(48) " fcode="call"/>
<opset="stg_31/9 "/>
</bind>
</comp>

<comp id="76" class="1004" name="tmp_fu_76">
<pin_list>
<pin id="77" dir="0" index="0" bw="8" slack="0"/>
<pin id="78" dir="0" index="1" bw="8" slack="0"/>
<pin id="79" dir="1" index="2" bw="1" slack="4"/>
</pin_list>
<bind>
<opcode="icmp(45) " fcode="icmp"/>
<opset="tmp/12 "/>
</bind>
</comp>

<comp id="82" class="1004" name="tmp_s_fu_82">
<pin_list>
<pin id="83" dir="0" index="0" bw="8" slack="0"/>
<pin id="84" dir="0" index="1" bw="6" slack="0"/>
<pin id="85" dir="1" index="2" bw="1" slack="2147483647"/>
</pin_list>
<bind>
<opcode="icmp(45) " fcode="icmp"/>
<opset="tmp_s/12 "/>
</bind>
</comp>

<comp id="88" class="1005" name="reg_addr_read_reg_88">
<pin_list>
<pin id="89" dir="0" index="0" bw="8" slack="1"/>
<pin id="90" dir="1" index="1" bw="8" slack="1"/>
</pin_list>
<bind>
<opset="reg_addr_read "/>
</bind>
</comp>

<comp id="93" class="1005" name="buf_reg_93">
<pin_list>
<pin id="94" dir="0" index="0" bw="8" slack="4"/>
<pin id="95" dir="1" index="1" bw="8" slack="4"/>
</pin_list>
<bind>
<opset="buf "/>
</bind>
</comp>

<comp id="98" class="1005" name="tmp_reg_98">
<pin_list>
<pin id="99" dir="0" index="0" bw="1" slack="4"/>
<pin id="100" dir="1" index="1" bw="1" slack="2147483647"/>
</pin_list>
<bind>
<opset="tmp "/>
</bind>
</comp>

<comp id="105" class="1005" name="buf_3_reg_105">
<pin_list>
<pin id="106" dir="0" index="0" bw="8" slack="2"/>
<pin id="107" dir="1" index="1" bw="8" slack="2"/>
</pin_list>
<bind>
<opset="buf_3 "/>
</bind>
</comp>

</comp_list>

<net_list>
<net id="34"><net_src comp="14" pin="0"/><net_sink comp="30" pin=0"/></net>

<net id="35"><net_src comp="0" pin="0"/><net_sink comp="30" pin=1"/></net>

<net id="52"><net_src comp="24" pin="0"/><net_sink comp="47" pin=0"/></net>

<net id="53"><net_src comp="6" pin="0"/><net_sink comp="47" pin=1"/></net>

<net id="54"><net_src comp="4" pin="0"/><net_sink comp="47" pin=2"/></net>

<net id="55"><net_src comp="47" pin="3"/><net_sink comp="39" pin=0"/></net>

<net id="62"><net_src comp="8" pin="0"/><net_sink comp="56" pin=0"/></net>

<net id="63"><net_src comp="10" pin="0"/><net_sink comp="56" pin=1"/></net>

<net id="64"><net_src comp="2" pin="0"/><net_sink comp="56" pin=2"/></net>

<net id="65"><net_src comp="4" pin="0"/><net_sink comp="56" pin=3"/></net>

<net id="66"><net_src comp="12" pin="0"/><net_sink comp="56" pin=1"/></net>

<net id="67"><net_src comp="30" pin="2"/><net_sink comp="56" pin=1"/></net>

<net id="73"><net_src comp="20" pin="0"/><net_sink comp="68" pin=0"/></net>

<net id="74"><net_src comp="22" pin="0"/><net_sink comp="68" pin=1"/></net>

<net id="75"><net_src comp="4" pin="0"/><net_sink comp="68" pin=2"/></net>

<net id="80"><net_src comp="47" pin="3"/><net_sink comp="76" pin=0"/></net>

<net id="81"><net_src comp="26" pin="0"/><net_sink comp="76" pin=1"/></net>

<net id="86"><net_src comp="47" pin="3"/><net_sink comp="82" pin=0"/></net>

<net id="87"><net_src comp="28" pin="0"/><net_sink comp="82" pin=1"/></net>

<net id="91"><net_src comp="30" pin="2"/><net_sink comp="88" pin=0"/></net>

<net id="92"><net_src comp="88" pin="1"/><net_sink comp="56" pin=1"/></net>

<net id="96"><net_src comp="47" pin="3"/><net_sink comp="93" pin=0"/></net>

<net id="97"><net_src comp="93" pin="1"/><net_sink comp="39" pin=4"/></net>

<net id="101"><net_src comp="76" pin="2"/><net_sink comp="98" pin=0"/></net>

<net id="108"><net_src comp="47" pin="3"/><net_sink comp="105" pin=0"/></net>

<net id="109"><net_src comp="105" pin="1"/><net_sink comp="39" pin=2"/></net>

</net_list>

</model> 
---------------- Datapath Model END ------------------

* FSMD analyzer results:
  - Output states:
	Port: uart_tx | {1 2 3 4 5 6 7 8 }
	Port: dummy_tmr_out | {1 2 3 4 5 6 7 8 9 10 11 12 13 14 15 16 17 18 }
 - Input state : 
	Port: bno055_uart_uart_read_reg : reg_addr | {5 }
	Port: bno055_uart_uart_read_reg : dummy_tmr_out | {1 2 3 4 5 6 7 8 9 10 11 12 13 14 15 16 17 18 }
	Port: bno055_uart_uart_read_reg : uart_rx | {11 12 13 14 15 16 17 18 }
  - Chain level:
	State 1
	State 2
	State 3
	State 4
	State 5
	State 6
	State 7
	State 8
	State 9
	State 10
	State 11
	State 12
		tmp : 1
		stg_39 : 2
		tmp_s : 1
		stg_41 : 2
	State 13
	State 14
	State 15
	State 16
	State 17
	State 18
		p_0 : 1
		stg_54 : 2


============================================================
+ Verbose Summary: Datapath Resource usage 
============================================================

* Functional unit list:
|----------|-----------------------------------------|---------|---------|---------|
| Operation|             Functional Unit             |  Delay  |    FF   |   LUT   |
|----------|-----------------------------------------|---------|---------|---------|
|          | grp_bno055_uart_uart_receive_byte_fu_47 |  1.571  |   155   |    78   |
|   call   |   grp_bno055_uart_uart_send_byte_fu_56  |  1.571  |   114   |    45   |
|          |      grp_bno055_uart_wait_tmr_fu_68     |    0    |    82   |    38   |
|----------|-----------------------------------------|---------|---------|---------|
|   icmp   |                tmp_fu_76                |    0    |    0    |    3    |
|          |               tmp_s_fu_82               |    0    |    0    |    3    |
|----------|-----------------------------------------|---------|---------|---------|
|   read   |         reg_addr_read_read_fu_30        |    0    |    0    |    0    |
|----------|-----------------------------------------|---------|---------|---------|
|   Total  |                                         |  3.142  |   351   |   167   |
|----------|-----------------------------------------|---------|---------|---------|

Memories:
N/A

* Register list:
+--------------------+--------+
|                    |   FF   |
+--------------------+--------+
|    buf_3_reg_105   |    8   |
|     buf_reg_93     |    8   |
|     p_0_reg_36     |    8   |
|reg_addr_read_reg_88|    8   |
|     tmp_reg_98     |    1   |
+--------------------+--------+
|        Total       |   33   |
+--------------------+--------+

* Multiplexer (MUX) list: 
|--------------------------------------|------|------|------|--------||---------||---------|
|                 Comp                 |  Pin | Size |  BW  | S x BW ||  Delay  ||   LUT   |
|--------------------------------------|------|------|------|--------||---------||---------|
| grp_bno055_uart_uart_send_byte_fu_56 |  p1  |   4  |   8  |   32   ||    8    |
|--------------------------------------|------|------|------|--------||---------||---------|
|                 Total                |      |      |      |   32   ||  1.571  ||    8    |
|--------------------------------------|------|------|------|--------||---------||---------|



* Summary:
+-----------+--------+--------+--------+
|           |  Delay |   FF   |   LUT  |
+-----------+--------+--------+--------+
|  Function |    3   |   351  |   167  |
|   Memory  |    -   |    -   |    -   |
|Multiplexer|    1   |    -   |    8   |
|  Register |    -   |   33   |    -   |
+-----------+--------+--------+--------+
|   Total   |    4   |   384  |   175  |
+-----------+--------+--------+--------+
