

================================================================
== Vivado HLS Report for 'bno055_uart'
================================================================
* Date:           Fri May 27 17:23:09 2016

* Version:        2016.1 (Build 1538259 on Fri Apr 08 16:12:49 MDT 2016)
* Project:        bno055_uart
* Solution:       solution1
* Product family: artix7
* Target device:  xc7a35ticsg324-1l


================================================================
== Performance Estimates
================================================================
+ Timing (ns): 
    * Summary: 
    +--------+-------+----------+------------+
    |  Clock | Target| Estimated| Uncertainty|
    +--------+-------+----------+------------+
    |ap_clk  |  10.00|      7.18|        1.25|
    +--------+-------+----------+------------+

+ Latency (clock cycles): 
    * Summary: 
    +-----+-----+-----+-----+---------+
    |  Latency  |  Interval | Pipeline|
    | min | max | min | max |   Type  |
    +-----+-----+-----+-----+---------+
    |    ?|    ?|    ?|    ?|   none  |
    +-----+-----+-----+-----+---------+

    + Detail: 
        * Instance: 
        +----------------------------------------+-----------------------------+-----+-----------+-----+-----------+---------+
        |                                        |                             |     Latency     |     Interval    | Pipeline|
        |                Instance                |            Module           | min |    max    | min |    max    |   Type  |
        +----------------------------------------+-----------------------------+-----+-----------+-----+-----------+---------+
        |grp_bno055_uart_uart_read_reg16_fu_200  |bno055_uart_uart_read_reg16  |    ?|          ?|    ?|          ?|   none  |
        |grp_bno055_uart_uart_read_reg_fu_210    |bno055_uart_uart_read_reg    |    ?|          ?|    ?|          ?|   none  |
        |grp_bno055_uart_uart_write_reg_fu_225   |bno055_uart_uart_write_reg   |    ?|          ?|    ?|          ?|   none  |
        |grp_bno055_uart_wait_tmr_fu_244         |bno055_uart_wait_tmr         |    3|  100000002|    3|  100000002|   none  |
        |grp_bno055_uart_write_mem_fu_254        |bno055_uart_write_mem        |    ?|          ?|    ?|          ?|   none  |
        |grp_bno055_uart_bin2char_fu_277         |bno055_uart_bin2char         |    0|          0|    0|          0|   none  |
        +----------------------------------------+-----------------------------+-----+-----------+-----+-----------+---------+

        * Loop: 
        +----------+-----+-----+----------+-----------+-----------+------+----------+
        |          |  Latency  | Iteration|  Initiation Interval  | Trip |          |
        | Loop Name| min | max |  Latency |  achieved |   target  | Count| Pipelined|
        +----------+-----+-----+----------+-----------+-----------+------+----------+
        |- Loop 1  |    ?|    ?|         ?|          -|          -|  inf |    no    |
        +----------+-----+-----+----------+-----------+-----------+------+----------+



================================================================
== Utilization Estimates
================================================================
* Summary: 
+-----------------+---------+-------+-------+-------+
|       Name      | BRAM_18K| DSP48E|   FF  |  LUT  |
+-----------------+---------+-------+-------+-------+
|DSP              |        -|      1|      -|      -|
|Expression       |        -|      -|      0|     25|
|FIFO             |        -|      -|      -|      -|
|Instance         |        -|      -|    815|   1312|
|Memory           |        -|      -|      -|      -|
|Multiplexer      |        -|      -|      -|    164|
|Register         |        -|      -|    153|      -|
+-----------------+---------+-------+-------+-------+
|Total            |        0|      1|    968|   1501|
+-----------------+---------+-------+-------+-------+
|Available        |      100|     90|  41600|  20800|
+-----------------+---------+-------+-------+-------+
|Utilization (%)  |        0|      1|      2|      7|
+-----------------+---------+-------+-------+-------+

+ Detail: 
    * Instance: 
    +----------------------------------------+-----------------------------+---------+-------+-----+-----+
    |                Instance                |            Module           | BRAM_18K| DSP48E|  FF | LUT |
    +----------------------------------------+-----------------------------+---------+-------+-----+-----+
    |grp_bno055_uart_bin2char_fu_277         |bno055_uart_bin2char         |        0|      0|    0|   35|
    |grp_bno055_uart_uart_read_reg_fu_210    |bno055_uart_uart_read_reg    |        0|      0|  255|  398|
    |grp_bno055_uart_uart_read_reg16_fu_200  |bno055_uart_uart_read_reg16  |        0|      0|  281|  433|
    |grp_bno055_uart_uart_write_reg_fu_225   |bno055_uart_uart_write_reg   |        0|      0|  243|  376|
    |grp_bno055_uart_wait_tmr_fu_244         |bno055_uart_wait_tmr         |        0|      0|   30|   68|
    |grp_bno055_uart_write_mem_fu_254        |bno055_uart_write_mem        |        0|      0|    6|    2|
    +----------------------------------------+-----------------------------+---------+-------+-----+-----+
    |Total                                   |                             |        0|      0|  815| 1312|
    +----------------------------------------+-----------------------------+---------+-------+-----+-----+

    * DSP48: 
    +---------------------------------------+-----------------------------------+-----------+
    |                Instance               |               Module              | Expression|
    +---------------------------------------+-----------------------------------+-----------+
    |bno055_uart_mul_mul_8ns_16ns_20_1_U27  |bno055_uart_mul_mul_8ns_16ns_20_1  |  i0 * i1  |
    +---------------------------------------+-----------------------------------+-----------+

    * Memory: 
    N/A

    * FIFO: 
    N/A

    * Expression: 
    +-----------------+----------+-------+---+----+------------+------------+
    |  Variable Name  | Operation| DSP48E| FF| LUT| Bitwidth P0| Bitwidth P1|
    +-----------------+----------+-------+---+----+------------+------------+
    |tmp_4_fu_323_p2  |    or    |      0|  0|  12|           8|           4|
    |tmp_5_fu_330_p2  |    or    |      0|  0|  13|           8|           9|
    +-----------------+----------+-------+---+----+------------+------------+
    |Total            |          |      0|  0|  25|          16|          13|
    +-----------------+----------+-------+---+----+------------+------------+

    * Multiplexer: 
    +------------------------------------------------+----+-----------+-----+-----------+
    |                      Name                      | LUT| Input Size| Bits| Total Bits|
    +------------------------------------------------+----+-----------+-----+-----------+
    |ap_NS_fsm                                       |  78|         44|    1|         44|
    |dummy_tmr_out_1_data_in                         |   1|          5|    1|          5|
    |dummy_tmr_out_1_vld_in                          |   1|          5|    1|          5|
    |grp_bno055_uart_bin2char_fu_277_val_r           |   4|          3|    4|         12|
    |grp_bno055_uart_uart_read_reg_fu_210_reg_addr   |   8|          5|    8|         40|
    |grp_bno055_uart_uart_write_reg_fu_225_data      |   8|          6|    8|         48|
    |grp_bno055_uart_uart_write_reg_fu_225_reg_addr  |   7|          6|    7|         42|
    |grp_bno055_uart_wait_tmr_fu_244_tmr             |  28|          4|   28|        112|
    |grp_bno055_uart_write_mem_fu_254_addr           |  16|          8|    8|         64|
    |grp_bno055_uart_write_mem_fu_254_data           |   8|          7|    8|         56|
    |mem_addr_1_vld_in                               |   1|          2|    1|          2|
    |mem_dout_1_vld_in                               |   1|          2|    1|          2|
    |mem_wreq_1_vld_in                               |   1|          2|    1|          2|
    |uart_tx_1_data_in                               |   1|          5|    1|          5|
    |uart_tx_1_vld_in                                |   1|          5|    1|          5|
    +------------------------------------------------+----+-----------+-----+-----------+
    |Total                                           | 164|        109|   79|        444|
    +------------------------------------------------+----+-----------+-----+-----------+

    * Register: 
    +--------------------------------------------------------+----+----+-----+-----------+
    |                          Name                          | FF | LUT| Bits| Const Bits|
    +--------------------------------------------------------+----+----+-----+-----------+
    |ap_CS_fsm                                               |  43|   0|   43|          0|
    |ap_reg_grp_bno055_uart_uart_read_reg16_fu_200_ap_start  |   1|   0|    1|          0|
    |ap_reg_grp_bno055_uart_uart_read_reg_fu_210_ap_start    |   1|   0|    1|          0|
    |ap_reg_grp_bno055_uart_uart_write_reg_fu_225_ap_start   |   1|   0|    1|          0|
    |ap_reg_grp_bno055_uart_wait_tmr_fu_244_ap_start         |   1|   0|    1|          0|
    |ap_reg_grp_bno055_uart_write_mem_fu_254_ap_start        |   1|   0|    1|          0|
    |dt_2_reg_415                                            |   8|   0|    8|          0|
    |dummy_tmr_out_0_data_reg                                |   1|   0|    1|          0|
    |dummy_tmr_out_0_vld_reg                                 |   0|   0|    1|          1|
    |dummy_tmr_out_1_data_reg                                |   1|   0|    1|          0|
    |dummy_tmr_out_1_vld_reg                                 |   0|   0|    1|          1|
    |e_tmp_1_reg_440                                         |   8|   0|    8|          0|
    |mem_addr_1_data_reg                                     |   8|   0|    8|          0|
    |mem_addr_1_vld_reg                                      |   0|   0|    1|          1|
    |mem_dout_1_data_reg                                     |   8|   0|    8|          0|
    |mem_dout_1_vld_reg                                      |   0|   0|    1|          1|
    |mem_wreq_1_data_reg                                     |   1|   0|    1|          0|
    |mem_wreq_1_vld_reg                                      |   0|   0|    1|          1|
    |p_trunc2_ext_reg_445                                    |   7|   0|    8|          1|
    |p_trunc_ext_reg_430                                     |   7|   0|    8|          1|
    |reg_292                                                 |   4|   0|    4|          0|
    |tmp_10_reg_425                                          |   4|   0|    4|          0|
    |tmp_11_reg_435                                          |   8|   0|    8|          0|
    |tmp_2_reg_450                                           |   8|   0|    8|          0|
    |tmp_4_reg_410                                           |   4|   0|    8|          4|
    |tmp_5_reg_420                                           |   7|   0|    8|          1|
    |tmp_6_reg_455                                           |   8|   0|    8|          0|
    |tmp_reg_400                                             |   6|   0|    6|          0|
    |tmp_s_reg_405                                           |   6|   0|    8|          2|
    |uart_tx_1_data_reg                                      |   1|   0|    1|          0|
    |uart_tx_1_vld_reg                                       |   0|   0|    1|          1|
    +--------------------------------------------------------+----+----+-----+-----------+
    |Total                                                   | 153|   0|  168|         15|
    +--------------------------------------------------------+----+----+-----+-----------+



================================================================
== Interface
================================================================
* Summary: 
+-----------------+-----+-----+------------+---------------+--------------+
|    RTL Ports    | Dir | Bits|  Protocol  | Source Object |    C Type    |
+-----------------+-----+-----+------------+---------------+--------------+
|ap_clk           |  in |    1| ap_ctrl_hs |  bno055_uart  | return value |
|ap_rst           |  in |    1| ap_ctrl_hs |  bno055_uart  | return value |
|ap_start         |  in |    1| ap_ctrl_hs |  bno055_uart  | return value |
|ap_done          | out |    1| ap_ctrl_hs |  bno055_uart  | return value |
|ap_idle          | out |    1| ap_ctrl_hs |  bno055_uart  | return value |
|ap_ready         | out |    1| ap_ctrl_hs |  bno055_uart  | return value |
|dummy_tmr_out_i  |  in |    1|   ap_none  | dummy_tmr_out |    pointer   |
|dummy_tmr_out_o  | out |    1|   ap_none  | dummy_tmr_out |    pointer   |
|uart_rx          |  in |    1|   ap_none  |    uart_rx    |    pointer   |
|uart_tx_i        |  in |    1|   ap_none  |    uart_tx    |    pointer   |
|uart_tx_o        | out |    1|   ap_none  |    uart_tx    |    pointer   |
|mem_addr_i       |  in |    8|   ap_none  |    mem_addr   |    pointer   |
|mem_addr_o       | out |    8|   ap_none  |    mem_addr   |    pointer   |
|mem_din          |  in |    8|   ap_none  |    mem_din    |    pointer   |
|mem_dout_i       |  in |    8|   ap_none  |    mem_dout   |    pointer   |
|mem_dout_o       | out |    8|   ap_none  |    mem_dout   |    pointer   |
|mem_wreq_i       |  in |    1|   ap_none  |    mem_wreq   |    pointer   |
|mem_wreq_o       | out |    1|   ap_none  |    mem_wreq   |    pointer   |
|mem_wack         |  in |    1|   ap_none  |    mem_wack   |    pointer   |
|mem_rreq         |  in |    1|   ap_none  |    mem_rreq   |    pointer   |
|mem_rack         |  in |    1|   ap_none  |    mem_rack   |    pointer   |
+-----------------+-----+-----+------------+---------------+--------------+

============================================================
+ Verbose Summary: Synthesis Manager
============================================================
InlineROM: 1
ExposeGlobal: 0
============================================================
+ Verbose Summary: CDFG Model
============================================================
IsTopModel: 1
ResetActiveHigh: 1
IsCombinational: 2
IsDatapathOnly: 2
HasWiredReturn: 1
HasMFsm: 0
HasVarLatency: 1
IsPipeline: 0
IsRtlPipelined: 0
IsInstanceOverlapped: 0
IsDontTouch: 0
HasImplIP: 0
IsGatedGlobalClock: 0


============================================================
+ Verbose Summary: Schedule
============================================================
* Number of FSM states: 43
* Pipeline: 0
* Dataflow Pipeline: 0

* FSM state transitions: 
1 --> 
	2  / true
2 --> 
	3  / true
3 --> 
	4  / true
4 --> 
	5  / true
5 --> 
	6  / true
6 --> 
	7  / true
7 --> 
	8  / true
8 --> 
	9  / true
9 --> 
	10  / true
10 --> 
	11  / true
11 --> 
	12  / true
12 --> 
	13  / true
13 --> 
	14  / true
14 --> 
	15  / true
15 --> 
	16  / true
16 --> 
	17  / true
17 --> 
	18  / true
18 --> 
	19  / true
19 --> 
	20  / true
20 --> 
	21  / true
21 --> 
	22  / true
22 --> 
	23  / true
23 --> 
	24  / true
24 --> 
	25  / true
25 --> 
	26  / true
26 --> 
	27  / true
27 --> 
	28  / true
28 --> 
	29  / true
29 --> 
	30  / true
30 --> 
	31  / true
31 --> 
	32  / true
32 --> 
	33  / true
33 --> 
	34  / true
34 --> 
	35  / true
35 --> 
	36  / true
36 --> 
	37  / true
37 --> 
	38  / true
38 --> 
	39  / true
39 --> 
	40  / true
40 --> 
	41  / true
41 --> 
	42  / true
42 --> 
	43  / true
43 --> 
	30  / true
* FSM state operations: 

 <State 1>: 0.00ns
ST_1: dummy_tmr_out_load [2/2] 0.00ns
:1  %dummy_tmr_out_load = call i1 @_ssdm_op_Read.ap_none.volatile.i1P(i1* @dummy_tmr_out) nounwind

ST_1: uart_rx_load [1/1] 0.00ns
:3  %uart_rx_load = call i1 @_ssdm_op_Read.ap_none.volatile.i1P(i1* @uart_rx) nounwind

ST_1: uart_tx_load [2/2] 0.00ns
:5  %uart_tx_load = call i1 @_ssdm_op_Read.ap_none.volatile.i1P(i1* @uart_tx) nounwind

ST_1: mem_addr_load [2/2] 0.00ns
:7  %mem_addr_load = call i8 @_ssdm_op_Read.ap_none.volatile.i8P(i8* @mem_addr) nounwind

ST_1: mem_din_load [1/1] 0.00ns
:9  %mem_din_load = call i8 @_ssdm_op_Read.ap_none.volatile.i8P(i8* @mem_din) nounwind

ST_1: mem_dout_load [2/2] 0.00ns
:11  %mem_dout_load = call i8 @_ssdm_op_Read.ap_none.volatile.i8P(i8* @mem_dout) nounwind

ST_1: mem_wreq_load [2/2] 0.00ns
:13  %mem_wreq_load = call i1 @_ssdm_op_Read.ap_none.volatile.i1P(i1* @mem_wreq) nounwind

ST_1: mem_wack_load [1/1] 0.00ns
:15  %mem_wack_load = call i1 @_ssdm_op_Read.ap_none.volatile.i1P(i1* @mem_wack) nounwind

ST_1: mem_rreq_load [2/2] 0.00ns
:17  %mem_rreq_load = call i1 @_ssdm_op_Read.ap_none.volatile.i1P(i1* @mem_rreq) nounwind

ST_1: mem_rack_load [1/1] 0.00ns
:19  %mem_rack_load = call i1 @_ssdm_op_Read.ap_none.volatile.i1P(i1* @mem_rack) nounwind


 <State 2>: 0.00ns
ST_2: dummy_tmr_out_load [1/2] 0.00ns
:1  %dummy_tmr_out_load = call i1 @_ssdm_op_Read.ap_none.volatile.i1P(i1* @dummy_tmr_out) nounwind

ST_2: uart_tx_load [1/2] 0.00ns
:5  %uart_tx_load = call i1 @_ssdm_op_Read.ap_none.volatile.i1P(i1* @uart_tx) nounwind

ST_2: mem_addr_load [1/2] 0.00ns
:7  %mem_addr_load = call i8 @_ssdm_op_Read.ap_none.volatile.i8P(i8* @mem_addr) nounwind

ST_2: mem_dout_load [1/2] 0.00ns
:11  %mem_dout_load = call i8 @_ssdm_op_Read.ap_none.volatile.i8P(i8* @mem_dout) nounwind

ST_2: mem_wreq_load [1/2] 0.00ns
:13  %mem_wreq_load = call i1 @_ssdm_op_Read.ap_none.volatile.i1P(i1* @mem_wreq) nounwind

ST_2: mem_rreq_load [1/2] 0.00ns
:17  %mem_rreq_load = call i1 @_ssdm_op_Read.ap_none.volatile.i1P(i1* @mem_rreq) nounwind

ST_2: stg_60 [1/1] 0.00ns
:23  call void (...)* @_ssdm_op_Wait(i32 1)

ST_2: stg_61 [2/2] 0.00ns
:24  call void @_ssdm_op_Write.ap_none.volatile.i1P(i1* @uart_tx, i1 true) nounwind


 <State 3>: 0.00ns
ST_3: stg_62 [1/2] 0.00ns
:24  call void @_ssdm_op_Write.ap_none.volatile.i1P(i1* @uart_tx, i1 true) nounwind


 <State 4>: 2.44ns
ST_4: stg_63 [2/2] 1.28ns
:21  call fastcc void @bno055_uart_write_mem(i8 zeroext 21, i8 zeroext 0)

ST_4: stg_64 [2/2] 2.44ns
:26  call fastcc void @bno055_uart_uart_write_reg(i7 zeroext 7, i8 zeroext 0) nounwind


 <State 5>: 0.00ns
ST_5: stg_65 [1/2] 0.00ns
:21  call fastcc void @bno055_uart_write_mem(i8 zeroext 21, i8 zeroext 0)

ST_5: stg_66 [1/2] 0.00ns
:26  call fastcc void @bno055_uart_uart_write_reg(i7 zeroext 7, i8 zeroext 0) nounwind


 <State 6>: 2.44ns
ST_6: stg_67 [2/2] 1.28ns
:22  call fastcc void @bno055_uart_write_mem(i8 zeroext 22, i8 zeroext 0)

ST_6: stg_68 [2/2] 2.44ns
:28  call fastcc void @bno055_uart_uart_write_reg(i7 zeroext 63, i8 zeroext -64) nounwind


 <State 7>: 0.00ns
ST_7: stg_69 [1/2] 0.00ns
:22  call fastcc void @bno055_uart_write_mem(i8 zeroext 22, i8 zeroext 0)

ST_7: stg_70 [1/2] 0.00ns
:28  call fastcc void @bno055_uart_uart_write_reg(i7 zeroext 63, i8 zeroext -64) nounwind


 <State 8>: 3.81ns
ST_8: stg_71 [2/2] 3.81ns
:30  call fastcc void @bno055_uart_wait_tmr(i28 100000000) nounwind


 <State 9>: 2.65ns
ST_9: stg_72 [1/2] 2.65ns
:30  call fastcc void @bno055_uart_wait_tmr(i28 100000000) nounwind


 <State 10>: 2.44ns
ST_10: stg_73 [2/2] 2.44ns
:32  call fastcc void @bno055_uart_uart_write_reg(i7 zeroext 7, i8 zeroext 0) nounwind


 <State 11>: 0.00ns
ST_11: stg_74 [1/2] 0.00ns
:32  call fastcc void @bno055_uart_uart_write_reg(i7 zeroext 7, i8 zeroext 0) nounwind


 <State 12>: 1.04ns
ST_12: dt [2/2] 1.04ns
:34  %dt = call fastcc zeroext i8 @bno055_uart_uart_read_reg(i8 zeroext 62)


 <State 13>: 1.57ns
ST_13: dt [1/2] 1.57ns
:34  %dt = call fastcc zeroext i8 @bno055_uart_uart_read_reg(i8 zeroext 62)

ST_13: tmp [1/1] 0.00ns
:36  %tmp = call i6 @_ssdm_op_PartSelect.i6.i8.i32.i32(i8 %dt, i32 2, i32 7)


 <State 14>: 2.44ns
ST_14: tmp_s [1/1] 0.00ns
:37  %tmp_s = call i8 @_ssdm_op_BitConcatenate.i8.i6.i2(i6 %tmp, i2 0)

ST_14: stg_79 [2/2] 2.44ns
:38  call fastcc void @bno055_uart_uart_write_reg(i7 zeroext 62, i8 zeroext %tmp_s) nounwind


 <State 15>: 0.00ns
ST_15: stg_80 [1/2] 0.00ns
:38  call fastcc void @bno055_uart_uart_write_reg(i7 zeroext 62, i8 zeroext %tmp_s) nounwind


 <State 16>: 3.81ns
ST_16: stg_81 [1/1] 0.00ns
:25  call void (...)* @_ssdm_op_Wait(i32 1)

ST_16: stg_82 [2/2] 3.81ns
:40  call fastcc void @bno055_uart_wait_tmr(i28 10000000) nounwind


 <State 17>: 2.65ns
ST_17: stg_83 [1/1] 0.00ns
:27  call void (...)* @_ssdm_op_Wait(i32 1)

ST_17: stg_84 [1/2] 2.65ns
:40  call fastcc void @bno055_uart_wait_tmr(i28 10000000) nounwind


 <State 18>: 1.04ns
ST_18: stg_85 [1/1] 0.00ns
:29  call void (...)* @_ssdm_op_Wait(i32 1)

ST_18: dt_1 [2/2] 1.04ns
:42  %dt_1 = call fastcc zeroext i8 @bno055_uart_uart_read_reg(i8 zeroext 61)


 <State 19>: 1.57ns
ST_19: stg_87 [1/1] 0.00ns
:31  call void (...)* @_ssdm_op_Wait(i32 1)

ST_19: dt_1 [1/2] 1.57ns
:42  %dt_1 = call fastcc zeroext i8 @bno055_uart_uart_read_reg(i8 zeroext 61)

ST_19: tmp_9 [1/1] 0.00ns
:44  %tmp_9 = call i4 @_ssdm_op_PartSelect.i4.i8.i32.i32(i8 %dt_1, i32 4, i32 7)


 <State 20>: 2.44ns
ST_20: stg_90 [1/1] 0.00ns
:33  call void (...)* @_ssdm_op_Wait(i32 1)

ST_20: tmp_3 [1/1] 0.00ns
:45  %tmp_3 = call i8 @_ssdm_op_BitConcatenate.i8.i4.i4(i4 %tmp_9, i4 0)

ST_20: tmp_4 [1/1] 0.00ns
:46  %tmp_4 = or i8 %tmp_3, 12

ST_20: stg_93 [2/2] 2.44ns
:47  call fastcc void @bno055_uart_uart_write_reg(i7 zeroext 61, i8 zeroext %tmp_4) nounwind


 <State 21>: 0.00ns
ST_21: stg_94 [1/1] 0.00ns
:35  call void (...)* @_ssdm_op_Wait(i32 1)

ST_21: stg_95 [1/2] 0.00ns
:47  call fastcc void @bno055_uart_uart_write_reg(i7 zeroext 61, i8 zeroext %tmp_4) nounwind


 <State 22>: 3.81ns
ST_22: stg_96 [1/1] 0.00ns
:39  call void (...)* @_ssdm_op_Wait(i32 1)

ST_22: stg_97 [2/2] 3.81ns
:49  call fastcc void @bno055_uart_wait_tmr(i28 100000000) nounwind


 <State 23>: 2.65ns
ST_23: stg_98 [1/1] 0.00ns
:41  call void (...)* @_ssdm_op_Wait(i32 1)

ST_23: stg_99 [1/2] 2.65ns
:49  call fastcc void @bno055_uart_wait_tmr(i28 100000000) nounwind


 <State 24>: 1.04ns
ST_24: stg_100 [1/1] 0.00ns
:43  call void (...)* @_ssdm_op_Wait(i32 1)

ST_24: dt_2 [2/2] 1.04ns
:51  %dt_2 = call fastcc zeroext i8 @bno055_uart_uart_read_reg(i8 zeroext 59)


 <State 25>: 1.57ns
ST_25: stg_102 [1/1] 0.00ns
:48  call void (...)* @_ssdm_op_Wait(i32 1)

ST_25: dt_2 [1/2] 1.57ns
:51  %dt_2 = call fastcc zeroext i8 @bno055_uart_uart_read_reg(i8 zeroext 59)


 <State 26>: 2.44ns
ST_26: stg_104 [1/1] 0.00ns
:50  call void (...)* @_ssdm_op_Wait(i32 1)

ST_26: tmp_5 [1/1] 0.00ns
:53  %tmp_5 = or i8 %dt_2, -128

ST_26: stg_106 [2/2] 2.44ns
:54  call fastcc void @bno055_uart_uart_write_reg(i7 zeroext 59, i8 zeroext %tmp_5) nounwind


 <State 27>: 0.00ns
ST_27: stg_107 [1/1] 0.00ns
:52  call void (...)* @_ssdm_op_Wait(i32 1)

ST_27: stg_108 [1/2] 0.00ns
:54  call fastcc void @bno055_uart_uart_write_reg(i7 zeroext 59, i8 zeroext %tmp_5) nounwind


 <State 28>: 3.81ns
ST_28: stg_109 [1/1] 0.00ns
:55  call void (...)* @_ssdm_op_Wait(i32 1)

ST_28: stg_110 [2/2] 3.81ns
:56  call fastcc void @bno055_uart_wait_tmr(i28 10000000) nounwind


 <State 29>: 2.65ns
ST_29: stg_111 [1/1] 0.00ns
:0  call void (...)* @_ssdm_op_SpecTopModule()

ST_29: stg_112 [1/1] 0.00ns
:2  call void (...)* @_ssdm_op_SpecInterface(i1* @dummy_tmr_out, [8 x i8]* @p_str6, i32 1, i32 1, i32 0, i32 0, [1 x i8]* @p_str, [1 x i8]* @p_str, [1 x i8]* @p_str, i32 0, i32 0, i32 0, i32 0, [1 x i8]* @p_str) nounwind

ST_29: stg_113 [1/1] 0.00ns
:4  call void (...)* @_ssdm_op_SpecInterface(i1* @uart_rx, [8 x i8]* @p_str6, i32 0, i32 0, i32 0, i32 0, [1 x i8]* @p_str, [1 x i8]* @p_str, [1 x i8]* @p_str, i32 0, i32 0, i32 0, i32 0, [1 x i8]* @p_str) nounwind

ST_29: stg_114 [1/1] 0.00ns
:6  call void (...)* @_ssdm_op_SpecInterface(i1* @uart_tx, [8 x i8]* @p_str6, i32 1, i32 1, i32 0, i32 0, [1 x i8]* @p_str, [1 x i8]* @p_str, [1 x i8]* @p_str, i32 0, i32 0, i32 0, i32 0, [1 x i8]* @p_str) nounwind

ST_29: stg_115 [1/1] 0.00ns
:8  call void (...)* @_ssdm_op_SpecInterface(i8* @mem_addr, [8 x i8]* @p_str6, i32 1, i32 1, i32 0, i32 0, [1 x i8]* @p_str, [1 x i8]* @p_str, [1 x i8]* @p_str, i32 0, i32 0, i32 0, i32 0, [1 x i8]* @p_str) nounwind

ST_29: stg_116 [1/1] 0.00ns
:10  call void (...)* @_ssdm_op_SpecInterface(i8* @mem_din, [8 x i8]* @p_str6, i32 0, i32 0, i32 0, i32 0, [1 x i8]* @p_str, [1 x i8]* @p_str, [1 x i8]* @p_str, i32 0, i32 0, i32 0, i32 0, [1 x i8]* @p_str) nounwind

ST_29: stg_117 [1/1] 0.00ns
:12  call void (...)* @_ssdm_op_SpecInterface(i8* @mem_dout, [8 x i8]* @p_str6, i32 1, i32 1, i32 0, i32 0, [1 x i8]* @p_str, [1 x i8]* @p_str, [1 x i8]* @p_str, i32 0, i32 0, i32 0, i32 0, [1 x i8]* @p_str) nounwind

ST_29: stg_118 [1/1] 0.00ns
:14  call void (...)* @_ssdm_op_SpecInterface(i1* @mem_wreq, [8 x i8]* @p_str6, i32 1, i32 1, i32 0, i32 0, [1 x i8]* @p_str, [1 x i8]* @p_str, [1 x i8]* @p_str, i32 0, i32 0, i32 0, i32 0, [1 x i8]* @p_str) nounwind

ST_29: stg_119 [1/1] 0.00ns
:16  call void (...)* @_ssdm_op_SpecInterface(i1* @mem_wack, [8 x i8]* @p_str6, i32 0, i32 0, i32 0, i32 0, [1 x i8]* @p_str, [1 x i8]* @p_str, [1 x i8]* @p_str, i32 0, i32 0, i32 0, i32 0, [1 x i8]* @p_str) nounwind

ST_29: stg_120 [1/1] 0.00ns
:18  call void (...)* @_ssdm_op_SpecInterface(i1* @mem_rreq, [8 x i8]* @p_str6, i32 1, i32 1, i32 0, i32 0, [1 x i8]* @p_str, [1 x i8]* @p_str, [1 x i8]* @p_str, i32 0, i32 0, i32 0, i32 0, [1 x i8]* @p_str) nounwind

ST_29: stg_121 [1/1] 0.00ns
:20  call void (...)* @_ssdm_op_SpecInterface(i1* @mem_rack, [8 x i8]* @p_str6, i32 0, i32 0, i32 0, i32 0, [1 x i8]* @p_str, [1 x i8]* @p_str, [1 x i8]* @p_str, i32 0, i32 0, i32 0, i32 0, [1 x i8]* @p_str) nounwind

ST_29: stg_122 [1/2] 2.65ns
:56  call fastcc void @bno055_uart_wait_tmr(i28 10000000) nounwind

ST_29: stg_123 [1/1] 0.00ns
:57  call void (...)* @_ssdm_op_Wait(i32 1)

ST_29: stg_124 [1/1] 0.00ns
:58  br label %1


 <State 30>: 1.04ns
ST_30: dt_3 [2/2] 1.04ns
:0  %dt_3 = call fastcc zeroext i8 @bno055_uart_uart_read_reg(i8 zeroext 0)


 <State 31>: 1.57ns
ST_31: dt_3 [1/2] 1.57ns
:0  %dt_3 = call fastcc zeroext i8 @bno055_uart_uart_read_reg(i8 zeroext 0)

ST_31: tmp_7 [1/1] 0.00ns
:2  %tmp_7 = call i4 @_ssdm_op_PartSelect.i4.i8.i32.i32(i8 %dt_3, i32 4, i32 7)

ST_31: tmp_10 [1/1] 0.00ns
:6  %tmp_10 = trunc i8 %dt_3 to i4


 <State 32>: 4.72ns
ST_32: tmp_8 [1/1] 3.44ns
:3  %tmp_8 = call fastcc zeroext i7 @bno055_uart_bin2char(i4 zeroext %tmp_7) nounwind

ST_32: p_trunc_ext [1/1] 0.00ns
:4  %p_trunc_ext = zext i7 %tmp_8 to i8

ST_32: stg_131 [2/2] 1.28ns
:5  call fastcc void @bno055_uart_write_mem(i8 zeroext 0, i8 zeroext %p_trunc_ext)

ST_32: e_tmp [2/2] 0.00ns
:11  %e_tmp = call fastcc zeroext i16 @bno055_uart_uart_read_reg16()


 <State 33>: 1.57ns
ST_33: stg_133 [1/2] 0.00ns
:5  call fastcc void @bno055_uart_write_mem(i8 zeroext 0, i8 zeroext %p_trunc_ext)

ST_33: e_tmp [1/2] 1.57ns
:11  %e_tmp = call fastcc zeroext i16 @bno055_uart_uart_read_reg16()

ST_33: tmp_11 [1/1] 0.00ns
:13  %tmp_11 = trunc i16 %e_tmp to i8

ST_33: e_tmp_1 [1/1] 0.00ns
:14  %e_tmp_1 = call i8 @_ssdm_op_PartSelect.i8.i16.i32.i32(i16 %e_tmp, i32 8, i32 15)


 <State 34>: 4.72ns
ST_34: tmp_1 [1/1] 3.44ns
:7  %tmp_1 = call fastcc zeroext i7 @bno055_uart_bin2char(i4 zeroext %tmp_10) nounwind

ST_34: p_trunc2_ext [1/1] 0.00ns
:8  %p_trunc2_ext = zext i7 %tmp_1 to i8

ST_34: stg_139 [2/2] 1.28ns
:9  call fastcc void @bno055_uart_write_mem(i8 zeroext 1, i8 zeroext %p_trunc2_ext)

ST_34: stg_140 [2/2] 3.81ns
:27  call fastcc void @bno055_uart_wait_tmr(i28 1000000) nounwind


 <State 35>: 2.65ns
ST_35: stg_141 [1/2] 0.00ns
:9  call fastcc void @bno055_uart_write_mem(i8 zeroext 1, i8 zeroext %p_trunc2_ext)

ST_35: stg_142 [1/2] 2.65ns
:27  call fastcc void @bno055_uart_wait_tmr(i28 1000000) nounwind


 <State 36>: 1.28ns
ST_36: stg_143 [2/2] 1.28ns
:19  call fastcc void @bno055_uart_write_mem(i8 zeroext -123, i8 zeroext 0)


 <State 37>: 7.18ns
ST_37: stg_144 [1/1] 0.00ns
:1  call void (...)* @_ssdm_op_Wait(i32 1)

ST_37: e [1/1] 0.00ns
:15  %e = call i16 @_ssdm_op_BitConcatenate.i16.i8.i8(i8 %tmp_11, i8 %e_tmp_1)

ST_37: e_cast [1/1] 0.00ns
:16  %e_cast = zext i16 %e to i20

ST_37: e_1 [1/1] 7.18ns
:17  %e_1 = mul i20 100, %e_cast

ST_37: stg_148 [1/2] 0.00ns
:19  call fastcc void @bno055_uart_write_mem(i8 zeroext -123, i8 zeroext 0)

ST_37: tmp_2 [1/1] 0.00ns
:20  %tmp_2 = call i8 @_ssdm_op_PartSelect.i8.i20.i32.i32(i20 %e_1, i32 12, i32 19)

ST_37: tmp_6 [1/1] 0.00ns
:22  %tmp_6 = call i8 @_ssdm_op_PartSelect.i8.i20.i32.i32(i20 %e_1, i32 4, i32 11)


 <State 38>: 1.28ns
ST_38: stg_151 [1/1] 0.00ns
:10  call void (...)* @_ssdm_op_Wait(i32 1)

ST_38: stg_152 [2/2] 1.28ns
:21  call fastcc void @bno055_uart_write_mem(i8 zeroext -125, i8 zeroext %tmp_2)


 <State 39>: 0.00ns
ST_39: stg_153 [1/1] 0.00ns
:12  call void (...)* @_ssdm_op_Wait(i32 1)

ST_39: stg_154 [1/2] 0.00ns
:21  call fastcc void @bno055_uart_write_mem(i8 zeroext -125, i8 zeroext %tmp_2)


 <State 40>: 1.28ns
ST_40: stg_155 [1/1] 0.00ns
:18  call void (...)* @_ssdm_op_Wait(i32 1)

ST_40: stg_156 [2/2] 1.28ns
:23  call fastcc void @bno055_uart_write_mem(i8 zeroext -124, i8 zeroext %tmp_6)


 <State 41>: 0.00ns
ST_41: stg_157 [1/2] 0.00ns
:23  call fastcc void @bno055_uart_write_mem(i8 zeroext -124, i8 zeroext %tmp_6)

ST_41: stg_158 [1/1] 0.00ns
:25  call void (...)* @_ssdm_op_Wait(i32 1)


 <State 42>: 1.28ns
ST_42: stg_159 [2/2] 1.28ns
:24  call fastcc void @bno055_uart_write_mem(i8 zeroext -123, i8 zeroext 1)

ST_42: stg_160 [1/1] 0.00ns
:26  call void (...)* @_ssdm_op_Wait(i32 1)


 <State 43>: 0.00ns
ST_43: stg_161 [1/2] 0.00ns
:24  call fastcc void @bno055_uart_write_mem(i8 zeroext -123, i8 zeroext 1)

ST_43: stg_162 [1/1] 0.00ns
:28  call void (...)* @_ssdm_op_Wait(i32 1)

ST_43: stg_163 [1/1] 0.00ns
:29  br label %1



============================================================
+ Verbose Summary: Binding
============================================================
STG Binding: 
---------------- STG Properties BEGIN ----------------
- Is combinational: 0
- Is one-state seq: 0
- Is datapath-only: 0
- Is clock enabled: 0
- Is pipelined: 0
- Is top level: 1
Port [ Return ] is wired: 1; IO mode=ap_ctrl_hs:ce=0
Port [ dummy_tmr_out]:  wired=1; compound=0; hidden=0; nouse=0; global=1; static=0; extern=0; dir=2; type=0; pingpong=0; private_global=1; linkage=0; visibility=0; IO mode=ap_none:ce=0
Port [ uart_rx]:  wired=1; compound=0; hidden=0; nouse=0; global=1; static=0; extern=0; dir=0; type=0; pingpong=0; private_global=1; linkage=15; visibility=0; IO mode=ap_none:ce=0
Port [ uart_tx]:  wired=1; compound=0; hidden=0; nouse=0; global=1; static=0; extern=0; dir=2; type=0; pingpong=0; private_global=1; linkage=15; visibility=0; IO mode=ap_none:ce=0
Port [ mem_addr]:  wired=1; compound=0; hidden=0; nouse=0; global=1; static=0; extern=0; dir=2; type=0; pingpong=0; private_global=1; linkage=0; visibility=0; IO mode=ap_none:ce=0
Port [ mem_din]:  wired=1; compound=0; hidden=0; nouse=0; global=1; static=0; extern=0; dir=0; type=0; pingpong=0; private_global=1; linkage=15; visibility=0; IO mode=ap_none:ce=0
Port [ mem_dout]:  wired=1; compound=0; hidden=0; nouse=0; global=1; static=0; extern=0; dir=2; type=0; pingpong=0; private_global=1; linkage=0; visibility=0; IO mode=ap_none:ce=0
Port [ mem_wreq]:  wired=1; compound=0; hidden=0; nouse=0; global=1; static=0; extern=0; dir=2; type=0; pingpong=0; private_global=1; linkage=0; visibility=0; IO mode=ap_none:ce=0
Port [ mem_wack]:  wired=1; compound=0; hidden=0; nouse=0; global=1; static=0; extern=0; dir=0; type=0; pingpong=0; private_global=1; linkage=15; visibility=0; IO mode=ap_none:ce=0
Port [ mem_rreq]:  wired=1; compound=0; hidden=0; nouse=0; global=1; static=0; extern=0; dir=0; type=0; pingpong=0; private_global=1; linkage=0; visibility=0; IO mode=ap_none:ce=0
Port [ mem_rack]:  wired=1; compound=0; hidden=0; nouse=0; global=1; static=0; extern=0; dir=0; type=0; pingpong=0; private_global=1; linkage=15; visibility=0; IO mode=ap_none:ce=0
---------------- STG Properties END ------------------

---------------- Datapath Model BEGIN ----------------

<LifeTime>
<method=bitvector/>
uart_rx_load       (read          ) [ 00000000000000000000000000000000000000000000]
mem_din_load       (read          ) [ 00000000000000000000000000000000000000000000]
mem_wack_load      (read          ) [ 00000000000000000000000000000000000000000000]
mem_rack_load      (read          ) [ 00000000000000000000000000000000000000000000]
dummy_tmr_out_load (read          ) [ 00000000000000000000000000000000000000000000]
uart_tx_load       (read          ) [ 00000000000000000000000000000000000000000000]
mem_addr_load      (read          ) [ 00000000000000000000000000000000000000000000]
mem_dout_load      (read          ) [ 00000000000000000000000000000000000000000000]
mem_wreq_load      (read          ) [ 00000000000000000000000000000000000000000000]
mem_rreq_load      (read          ) [ 00000000000000000000000000000000000000000000]
stg_60             (wait          ) [ 00000000000000000000000000000000000000000000]
stg_62             (write         ) [ 00000000000000000000000000000000000000000000]
stg_65             (call          ) [ 00000000000000000000000000000000000000000000]
stg_66             (call          ) [ 00000000000000000000000000000000000000000000]
stg_69             (call          ) [ 00000000000000000000000000000000000000000000]
stg_70             (call          ) [ 00000000000000000000000000000000000000000000]
stg_72             (call          ) [ 00000000000000000000000000000000000000000000]
stg_74             (call          ) [ 00000000000000000000000000000000000000000000]
dt                 (call          ) [ 00000000000000000000000000000000000000000000]
tmp                (partselect    ) [ 00000000000000100000000000000000000000000000]
tmp_s              (bitconcatenate) [ 00000000000000010000000000000000000000000000]
stg_80             (call          ) [ 00000000000000000000000000000000000000000000]
stg_81             (wait          ) [ 00000000000000000000000000000000000000000000]
stg_83             (wait          ) [ 00000000000000000000000000000000000000000000]
stg_84             (call          ) [ 00000000000000000000000000000000000000000000]
stg_85             (wait          ) [ 00000000000000000000000000000000000000000000]
stg_87             (wait          ) [ 00000000000000000000000000000000000000000000]
dt_1               (call          ) [ 00000000000000000000000000000000000000000000]
tmp_9              (partselect    ) [ 00000000000000000000100000000000000000000000]
stg_90             (wait          ) [ 00000000000000000000000000000000000000000000]
tmp_3              (bitconcatenate) [ 00000000000000000000000000000000000000000000]
tmp_4              (or            ) [ 00000000000000000000010000000000000000000000]
stg_94             (wait          ) [ 00000000000000000000000000000000000000000000]
stg_95             (call          ) [ 00000000000000000000000000000000000000000000]
stg_96             (wait          ) [ 00000000000000000000000000000000000000000000]
stg_98             (wait          ) [ 00000000000000000000000000000000000000000000]
stg_99             (call          ) [ 00000000000000000000000000000000000000000000]
stg_100            (wait          ) [ 00000000000000000000000000000000000000000000]
stg_102            (wait          ) [ 00000000000000000000000000000000000000000000]
dt_2               (call          ) [ 00000000000000000000000000100000000000000000]
stg_104            (wait          ) [ 00000000000000000000000000000000000000000000]
tmp_5              (or            ) [ 00000000000000000000000000010000000000000000]
stg_107            (wait          ) [ 00000000000000000000000000000000000000000000]
stg_108            (call          ) [ 00000000000000000000000000000000000000000000]
stg_109            (wait          ) [ 00000000000000000000000000000000000000000000]
stg_111            (spectopmodule ) [ 00000000000000000000000000000000000000000000]
stg_112            (specinterface ) [ 00000000000000000000000000000000000000000000]
stg_113            (specinterface ) [ 00000000000000000000000000000000000000000000]
stg_114            (specinterface ) [ 00000000000000000000000000000000000000000000]
stg_115            (specinterface ) [ 00000000000000000000000000000000000000000000]
stg_116            (specinterface ) [ 00000000000000000000000000000000000000000000]
stg_117            (specinterface ) [ 00000000000000000000000000000000000000000000]
stg_118            (specinterface ) [ 00000000000000000000000000000000000000000000]
stg_119            (specinterface ) [ 00000000000000000000000000000000000000000000]
stg_120            (specinterface ) [ 00000000000000000000000000000000000000000000]
stg_121            (specinterface ) [ 00000000000000000000000000000000000000000000]
stg_122            (call          ) [ 00000000000000000000000000000000000000000000]
stg_123            (wait          ) [ 00000000000000000000000000000000000000000000]
stg_124            (br            ) [ 00000000000000000000000000000000000000000000]
dt_3               (call          ) [ 00000000000000000000000000000000000000000000]
tmp_7              (partselect    ) [ 00000000000000000000000000000000100000000000]
tmp_10             (trunc         ) [ 00000000000000000000000000000000111000000000]
tmp_8              (call          ) [ 00000000000000000000000000000000000000000000]
p_trunc_ext        (zext          ) [ 00000000000000000000000000000000010000000000]
stg_133            (call          ) [ 00000000000000000000000000000000000000000000]
e_tmp              (call          ) [ 00000000000000000000000000000000000000000000]
tmp_11             (trunc         ) [ 00000000000000000000000000000000001111000000]
e_tmp_1            (partselect    ) [ 00000000000000000000000000000000001111000000]
tmp_1              (call          ) [ 00000000000000000000000000000000000000000000]
p_trunc2_ext       (zext          ) [ 00000000000000000000000000000000000100000000]
stg_141            (call          ) [ 00000000000000000000000000000000000000000000]
stg_142            (call          ) [ 00000000000000000000000000000000000000000000]
stg_144            (wait          ) [ 00000000000000000000000000000000000000000000]
e                  (bitconcatenate) [ 00000000000000000000000000000000000000000000]
e_cast             (zext          ) [ 00000000000000000000000000000000000000000000]
e_1                (mul           ) [ 00000000000000000000000000000000000000000000]
stg_148            (call          ) [ 00000000000000000000000000000000000000000000]
tmp_2              (partselect    ) [ 00000000000000000000000000000000000000110000]
tmp_6              (partselect    ) [ 00000000000000000000000000000000000000111100]
stg_151            (wait          ) [ 00000000000000000000000000000000000000000000]
stg_153            (wait          ) [ 00000000000000000000000000000000000000000000]
stg_154            (call          ) [ 00000000000000000000000000000000000000000000]
stg_155            (wait          ) [ 00000000000000000000000000000000000000000000]
stg_157            (call          ) [ 00000000000000000000000000000000000000000000]
stg_158            (wait          ) [ 00000000000000000000000000000000000000000000]
stg_160            (wait          ) [ 00000000000000000000000000000000000000000000]
stg_161            (call          ) [ 00000000000000000000000000000000000000000000]
stg_162            (wait          ) [ 00000000000000000000000000000000000000000000]
stg_163            (br            ) [ 00000000000000000000000000000000000000000000]
</LifeTime>

<model>

<comp_list>
<comp id="0" class="1000" name="dummy_tmr_out">
<pin_list>
<pin id="1" dir="1" index="0" bw="1" slack="0"/>
</pin_list>
<bind>
<StgValue><ssdm name="dummy_tmr_out"/></StgValue>
</bind>
</comp>

<comp id="2" class="1000" name="uart_rx">
<pin_list>
<pin id="3" dir="1" index="0" bw="1" slack="0"/>
</pin_list>
<bind>
<StgValue><ssdm name="uart_rx"/></StgValue>
</bind>
</comp>

<comp id="4" class="1000" name="uart_tx">
<pin_list>
<pin id="5" dir="1" index="0" bw="1" slack="0"/>
</pin_list>
<bind>
<StgValue><ssdm name="uart_tx"/></StgValue>
</bind>
</comp>

<comp id="6" class="1000" name="mem_addr">
<pin_list>
<pin id="7" dir="1" index="0" bw="1" slack="0"/>
</pin_list>
<bind>
<StgValue><ssdm name="mem_addr"/></StgValue>
</bind>
</comp>

<comp id="8" class="1000" name="mem_din">
<pin_list>
<pin id="9" dir="1" index="0" bw="1" slack="0"/>
</pin_list>
<bind>
<StgValue><ssdm name="mem_din"/></StgValue>
</bind>
</comp>

<comp id="10" class="1000" name="mem_dout">
<pin_list>
<pin id="11" dir="1" index="0" bw="1" slack="0"/>
</pin_list>
<bind>
<StgValue><ssdm name="mem_dout"/></StgValue>
</bind>
</comp>

<comp id="12" class="1000" name="mem_wreq">
<pin_list>
<pin id="13" dir="1" index="0" bw="1" slack="0"/>
</pin_list>
<bind>
<StgValue><ssdm name="mem_wreq"/></StgValue>
</bind>
</comp>

<comp id="14" class="1000" name="mem_wack">
<pin_list>
<pin id="15" dir="1" index="0" bw="1" slack="0"/>
</pin_list>
<bind>
<StgValue><ssdm name="mem_wack"/></StgValue>
</bind>
</comp>

<comp id="16" class="1000" name="mem_rreq">
<pin_list>
<pin id="17" dir="1" index="0" bw="1" slack="0"/>
</pin_list>
<bind>
<StgValue><ssdm name="mem_rreq"/></StgValue>
</bind>
</comp>

<comp id="18" class="1000" name="mem_rack">
<pin_list>
<pin id="19" dir="1" index="0" bw="1" slack="0"/>
</pin_list>
<bind>
<StgValue><ssdm name="mem_rack"/></StgValue>
</bind>
</comp>

<comp id="20" class="1001" name="const_20">
<pin_list>
<pin id="21" dir="1" index="0" bw="1" slack="0"/>
</pin_list>
<bind>
<StgValue><ssdm name="_ssdm_op_Read.ap_none.volatile.i1P"/></StgValue>
</bind>
</comp>

<comp id="22" class="1001" name="const_22">
<pin_list>
<pin id="23" dir="1" index="0" bw="1" slack="0"/>
</pin_list>
<bind>
<StgValue><ssdm name="_ssdm_op_Read.ap_none.volatile.i8P"/></StgValue>
</bind>
</comp>

<comp id="24" class="1001" name="const_24">
<pin_list>
<pin id="25" dir="1" index="0" bw="1" slack="2147483647"/>
</pin_list>
<bind>
<StgValue><ssdm name="_ssdm_op_Wait"/></StgValue>
</bind>
</comp>

<comp id="26" class="1001" name="const_26">
<pin_list>
<pin id="27" dir="1" index="0" bw="1" slack="2147483647"/>
</pin_list>
<bind>
<StgValue><ssdm name=""/></StgValue>
</bind>
</comp>

<comp id="28" class="1001" name="const_28">
<pin_list>
<pin id="29" dir="1" index="0" bw="1" slack="0"/>
</pin_list>
<bind>
<StgValue><ssdm name="_ssdm_op_Write.ap_none.volatile.i1P"/></StgValue>
</bind>
</comp>

<comp id="30" class="1001" name="const_30">
<pin_list>
<pin id="31" dir="1" index="0" bw="1" slack="0"/>
</pin_list>
<bind>
<StgValue><ssdm name=""/></StgValue>
</bind>
</comp>

<comp id="32" class="1001" name="const_32">
<pin_list>
<pin id="33" dir="1" index="0" bw="1" slack="0"/>
</pin_list>
<bind>
<StgValue><ssdm name="bno055_uart_write_mem"/></StgValue>
</bind>
</comp>

<comp id="34" class="1001" name="const_34">
<pin_list>
<pin id="35" dir="1" index="0" bw="1" slack="0"/>
</pin_list>
<bind>
<StgValue><ssdm name=""/></StgValue>
</bind>
</comp>

<comp id="36" class="1001" name="const_36">
<pin_list>
<pin id="37" dir="1" index="0" bw="1" slack="0"/>
</pin_list>
<bind>
<StgValue><ssdm name=""/></StgValue>
</bind>
</comp>

<comp id="38" class="1001" name="const_38">
<pin_list>
<pin id="39" dir="1" index="0" bw="1" slack="0"/>
</pin_list>
<bind>
<StgValue><ssdm name="bno055_uart_uart_write_reg"/></StgValue>
</bind>
</comp>

<comp id="40" class="1001" name="const_40">
<pin_list>
<pin id="41" dir="1" index="0" bw="1" slack="0"/>
</pin_list>
<bind>
<StgValue><ssdm name=""/></StgValue>
</bind>
</comp>

<comp id="42" class="1001" name="const_42">
<pin_list>
<pin id="43" dir="1" index="0" bw="1" slack="0"/>
</pin_list>
<bind>
<StgValue><ssdm name=""/></StgValue>
</bind>
</comp>

<comp id="44" class="1001" name="const_44">
<pin_list>
<pin id="45" dir="1" index="0" bw="1" slack="0"/>
</pin_list>
<bind>
<StgValue><ssdm name=""/></StgValue>
</bind>
</comp>

<comp id="46" class="1001" name="const_46">
<pin_list>
<pin id="47" dir="1" index="0" bw="1" slack="0"/>
</pin_list>
<bind>
<StgValue><ssdm name=""/></StgValue>
</bind>
</comp>

<comp id="48" class="1001" name="const_48">
<pin_list>
<pin id="49" dir="1" index="0" bw="1" slack="0"/>
</pin_list>
<bind>
<StgValue><ssdm name="bno055_uart_wait_tmr"/></StgValue>
</bind>
</comp>

<comp id="50" class="1001" name="const_50">
<pin_list>
<pin id="51" dir="1" index="0" bw="1" slack="0"/>
</pin_list>
<bind>
<StgValue><ssdm name=""/></StgValue>
</bind>
</comp>

<comp id="52" class="1001" name="const_52">
<pin_list>
<pin id="53" dir="1" index="0" bw="1" slack="0"/>
</pin_list>
<bind>
<StgValue><ssdm name="bno055_uart_uart_read_reg"/></StgValue>
</bind>
</comp>

<comp id="54" class="1001" name="const_54">
<pin_list>
<pin id="55" dir="1" index="0" bw="1" slack="0"/>
</pin_list>
<bind>
<StgValue><ssdm name=""/></StgValue>
</bind>
</comp>

<comp id="56" class="1001" name="const_56">
<pin_list>
<pin id="57" dir="1" index="0" bw="1" slack="0"/>
</pin_list>
<bind>
<StgValue><ssdm name="_ssdm_op_PartSelect.i6.i8.i32.i32"/></StgValue>
</bind>
</comp>

<comp id="58" class="1001" name="const_58">
<pin_list>
<pin id="59" dir="1" index="0" bw="1" slack="0"/>
</pin_list>
<bind>
<StgValue><ssdm name=""/></StgValue>
</bind>
</comp>

<comp id="60" class="1001" name="const_60">
<pin_list>
<pin id="61" dir="1" index="0" bw="1" slack="0"/>
</pin_list>
<bind>
<StgValue><ssdm name=""/></StgValue>
</bind>
</comp>

<comp id="62" class="1001" name="const_62">
<pin_list>
<pin id="63" dir="1" index="0" bw="1" slack="0"/>
</pin_list>
<bind>
<StgValue><ssdm name="_ssdm_op_BitConcatenate.i8.i6.i2"/></StgValue>
</bind>
</comp>

<comp id="64" class="1001" name="const_64">
<pin_list>
<pin id="65" dir="1" index="0" bw="1" slack="0"/>
</pin_list>
<bind>
<StgValue><ssdm name=""/></StgValue>
</bind>
</comp>

<comp id="66" class="1001" name="const_66">
<pin_list>
<pin id="67" dir="1" index="0" bw="1" slack="0"/>
</pin_list>
<bind>
<StgValue><ssdm name=""/></StgValue>
</bind>
</comp>

<comp id="68" class="1001" name="const_68">
<pin_list>
<pin id="69" dir="1" index="0" bw="1" slack="0"/>
</pin_list>
<bind>
<StgValue><ssdm name=""/></StgValue>
</bind>
</comp>

<comp id="70" class="1001" name="const_70">
<pin_list>
<pin id="71" dir="1" index="0" bw="1" slack="0"/>
</pin_list>
<bind>
<StgValue><ssdm name=""/></StgValue>
</bind>
</comp>

<comp id="72" class="1001" name="const_72">
<pin_list>
<pin id="73" dir="1" index="0" bw="1" slack="0"/>
</pin_list>
<bind>
<StgValue><ssdm name="_ssdm_op_PartSelect.i4.i8.i32.i32"/></StgValue>
</bind>
</comp>

<comp id="74" class="1001" name="const_74">
<pin_list>
<pin id="75" dir="1" index="0" bw="1" slack="0"/>
</pin_list>
<bind>
<StgValue><ssdm name=""/></StgValue>
</bind>
</comp>

<comp id="76" class="1001" name="const_76">
<pin_list>
<pin id="77" dir="1" index="0" bw="1" slack="0"/>
</pin_list>
<bind>
<StgValue><ssdm name="_ssdm_op_BitConcatenate.i8.i4.i4"/></StgValue>
</bind>
</comp>

<comp id="78" class="1001" name="const_78">
<pin_list>
<pin id="79" dir="1" index="0" bw="1" slack="0"/>
</pin_list>
<bind>
<StgValue><ssdm name=""/></StgValue>
</bind>
</comp>

<comp id="80" class="1001" name="const_80">
<pin_list>
<pin id="81" dir="1" index="0" bw="1" slack="0"/>
</pin_list>
<bind>
<StgValue><ssdm name=""/></StgValue>
</bind>
</comp>

<comp id="82" class="1001" name="const_82">
<pin_list>
<pin id="83" dir="1" index="0" bw="1" slack="0"/>
</pin_list>
<bind>
<StgValue><ssdm name=""/></StgValue>
</bind>
</comp>

<comp id="84" class="1001" name="const_84">
<pin_list>
<pin id="85" dir="1" index="0" bw="1" slack="0"/>
</pin_list>
<bind>
<StgValue><ssdm name=""/></StgValue>
</bind>
</comp>

<comp id="86" class="1001" name="const_86">
<pin_list>
<pin id="87" dir="1" index="0" bw="1" slack="0"/>
</pin_list>
<bind>
<StgValue><ssdm name=""/></StgValue>
</bind>
</comp>

<comp id="88" class="1001" name="const_88">
<pin_list>
<pin id="89" dir="1" index="0" bw="1" slack="0"/>
</pin_list>
<bind>
<StgValue><ssdm name=""/></StgValue>
</bind>
</comp>

<comp id="90" class="1001" name="const_90">
<pin_list>
<pin id="91" dir="1" index="0" bw="1" slack="2147483647"/>
</pin_list>
<bind>
<StgValue><ssdm name="_ssdm_op_SpecTopModule"/></StgValue>
</bind>
</comp>

<comp id="92" class="1001" name="const_92">
<pin_list>
<pin id="93" dir="1" index="0" bw="1" slack="2147483647"/>
</pin_list>
<bind>
<StgValue><ssdm name="_ssdm_op_SpecInterface"/></StgValue>
</bind>
</comp>

<comp id="94" class="1001" name="const_94">
<pin_list>
<pin id="95" dir="1" index="0" bw="1" slack="2147483647"/>
</pin_list>
<bind>
<StgValue><ssdm name="p_str6"/></StgValue>
</bind>
</comp>

<comp id="96" class="1001" name="const_96">
<pin_list>
<pin id="97" dir="1" index="0" bw="1" slack="2147483647"/>
</pin_list>
<bind>
<StgValue><ssdm name=""/></StgValue>
</bind>
</comp>

<comp id="98" class="1001" name="const_98">
<pin_list>
<pin id="99" dir="1" index="0" bw="1" slack="2147483647"/>
</pin_list>
<bind>
<StgValue><ssdm name="p_str"/></StgValue>
</bind>
</comp>

<comp id="100" class="1001" name="const_100">
<pin_list>
<pin id="101" dir="1" index="0" bw="1" slack="0"/>
</pin_list>
<bind>
<StgValue><ssdm name="bno055_uart_bin2char"/></StgValue>
</bind>
</comp>

<comp id="102" class="1001" name="const_102">
<pin_list>
<pin id="103" dir="1" index="0" bw="1" slack="0"/>
</pin_list>
<bind>
<StgValue><ssdm name="bno055_uart_uart_read_reg16"/></StgValue>
</bind>
</comp>

<comp id="104" class="1001" name="const_104">
<pin_list>
<pin id="105" dir="1" index="0" bw="1" slack="0"/>
</pin_list>
<bind>
<StgValue><ssdm name="_ssdm_op_PartSelect.i8.i16.i32.i32"/></StgValue>
</bind>
</comp>

<comp id="106" class="1001" name="const_106">
<pin_list>
<pin id="107" dir="1" index="0" bw="1" slack="0"/>
</pin_list>
<bind>
<StgValue><ssdm name=""/></StgValue>
</bind>
</comp>

<comp id="108" class="1001" name="const_108">
<pin_list>
<pin id="109" dir="1" index="0" bw="1" slack="0"/>
</pin_list>
<bind>
<StgValue><ssdm name=""/></StgValue>
</bind>
</comp>

<comp id="110" class="1001" name="const_110">
<pin_list>
<pin id="111" dir="1" index="0" bw="1" slack="0"/>
</pin_list>
<bind>
<StgValue><ssdm name=""/></StgValue>
</bind>
</comp>

<comp id="112" class="1001" name="const_112">
<pin_list>
<pin id="113" dir="1" index="0" bw="1" slack="0"/>
</pin_list>
<bind>
<StgValue><ssdm name=""/></StgValue>
</bind>
</comp>

<comp id="114" class="1001" name="const_114">
<pin_list>
<pin id="115" dir="1" index="0" bw="1" slack="0"/>
</pin_list>
<bind>
<StgValue><ssdm name=""/></StgValue>
</bind>
</comp>

<comp id="116" class="1001" name="const_116">
<pin_list>
<pin id="117" dir="1" index="0" bw="1" slack="0"/>
</pin_list>
<bind>
<StgValue><ssdm name="_ssdm_op_BitConcatenate.i16.i8.i8"/></StgValue>
</bind>
</comp>

<comp id="118" class="1001" name="const_118">
<pin_list>
<pin id="119" dir="1" index="0" bw="1" slack="0"/>
</pin_list>
<bind>
<StgValue><ssdm name=""/></StgValue>
</bind>
</comp>

<comp id="120" class="1001" name="const_120">
<pin_list>
<pin id="121" dir="1" index="0" bw="1" slack="0"/>
</pin_list>
<bind>
<StgValue><ssdm name="_ssdm_op_PartSelect.i8.i20.i32.i32"/></StgValue>
</bind>
</comp>

<comp id="122" class="1001" name="const_122">
<pin_list>
<pin id="123" dir="1" index="0" bw="1" slack="0"/>
</pin_list>
<bind>
<StgValue><ssdm name=""/></StgValue>
</bind>
</comp>

<comp id="124" class="1001" name="const_124">
<pin_list>
<pin id="125" dir="1" index="0" bw="1" slack="0"/>
</pin_list>
<bind>
<StgValue><ssdm name=""/></StgValue>
</bind>
</comp>

<comp id="126" class="1001" name="const_126">
<pin_list>
<pin id="127" dir="1" index="0" bw="1" slack="0"/>
</pin_list>
<bind>
<StgValue><ssdm name=""/></StgValue>
</bind>
</comp>

<comp id="128" class="1001" name="const_128">
<pin_list>
<pin id="129" dir="1" index="0" bw="1" slack="0"/>
</pin_list>
<bind>
<StgValue><ssdm name=""/></StgValue>
</bind>
</comp>

<comp id="130" class="1001" name="const_130">
<pin_list>
<pin id="131" dir="1" index="0" bw="1" slack="0"/>
</pin_list>
<bind>
<StgValue><ssdm name=""/></StgValue>
</bind>
</comp>

<comp id="132" class="1004" name="grp_read_fu_132">
<pin_list>
<pin id="133" dir="0" index="0" bw="1" slack="0"/>
<pin id="134" dir="0" index="1" bw="1" slack="0"/>
<pin id="135" dir="1" index="2" bw="1" slack="2147483647"/>
</pin_list>
<bind>
<opcode="read(1150) " fcode="read"/>
<opset="dummy_tmr_out_load/1 "/>
</bind>
</comp>

<comp id="138" class="1004" name="uart_rx_load_read_fu_138">
<pin_list>
<pin id="139" dir="0" index="0" bw="1" slack="0"/>
<pin id="140" dir="0" index="1" bw="1" slack="0"/>
<pin id="141" dir="1" index="2" bw="1" slack="2147483647"/>
</pin_list>
<bind>
<opcode="read(1150) " fcode="read"/>
<opset="uart_rx_load/1 "/>
</bind>
</comp>

<comp id="144" class="1004" name="grp_read_fu_144">
<pin_list>
<pin id="145" dir="0" index="0" bw="1" slack="0"/>
<pin id="146" dir="0" index="1" bw="1" slack="0"/>
<pin id="147" dir="1" index="2" bw="1" slack="2147483647"/>
</pin_list>
<bind>
<opcode="read(1150) " fcode="read"/>
<opset="uart_tx_load/1 "/>
</bind>
</comp>

<comp id="150" class="1004" name="grp_read_fu_150">
<pin_list>
<pin id="151" dir="0" index="0" bw="8" slack="0"/>
<pin id="152" dir="0" index="1" bw="8" slack="0"/>
<pin id="153" dir="1" index="2" bw="8" slack="2147483647"/>
</pin_list>
<bind>
<opcode="read(1150) " fcode="read"/>
<opset="mem_addr_load/1 "/>
</bind>
</comp>

<comp id="156" class="1004" name="mem_din_load_read_fu_156">
<pin_list>
<pin id="157" dir="0" index="0" bw="8" slack="0"/>
<pin id="158" dir="0" index="1" bw="8" slack="0"/>
<pin id="159" dir="1" index="2" bw="8" slack="2147483647"/>
</pin_list>
<bind>
<opcode="read(1150) " fcode="read"/>
<opset="mem_din_load/1 "/>
</bind>
</comp>

<comp id="162" class="1004" name="grp_read_fu_162">
<pin_list>
<pin id="163" dir="0" index="0" bw="8" slack="0"/>
<pin id="164" dir="0" index="1" bw="8" slack="0"/>
<pin id="165" dir="1" index="2" bw="8" slack="2147483647"/>
</pin_list>
<bind>
<opcode="read(1150) " fcode="read"/>
<opset="mem_dout_load/1 "/>
</bind>
</comp>

<comp id="168" class="1004" name="grp_read_fu_168">
<pin_list>
<pin id="169" dir="0" index="0" bw="1" slack="0"/>
<pin id="170" dir="0" index="1" bw="1" slack="0"/>
<pin id="171" dir="1" index="2" bw="1" slack="2147483647"/>
</pin_list>
<bind>
<opcode="read(1150) " fcode="read"/>
<opset="mem_wreq_load/1 "/>
</bind>
</comp>

<comp id="174" class="1004" name="mem_wack_load_read_fu_174">
<pin_list>
<pin id="175" dir="0" index="0" bw="1" slack="0"/>
<pin id="176" dir="0" index="1" bw="1" slack="0"/>
<pin id="177" dir="1" index="2" bw="1" slack="2147483647"/>
</pin_list>
<bind>
<opcode="read(1150) " fcode="read"/>
<opset="mem_wack_load/1 "/>
</bind>
</comp>

<comp id="180" class="1004" name="grp_read_fu_180">
<pin_list>
<pin id="181" dir="0" index="0" bw="1" slack="0"/>
<pin id="182" dir="0" index="1" bw="1" slack="0"/>
<pin id="183" dir="1" index="2" bw="1" slack="2147483647"/>
</pin_list>
<bind>
<opcode="read(1150) " fcode="read"/>
<opset="mem_rreq_load/1 "/>
</bind>
</comp>

<comp id="186" class="1004" name="mem_rack_load_read_fu_186">
<pin_list>
<pin id="187" dir="0" index="0" bw="1" slack="0"/>
<pin id="188" dir="0" index="1" bw="1" slack="0"/>
<pin id="189" dir="1" index="2" bw="1" slack="2147483647"/>
</pin_list>
<bind>
<opcode="read(1150) " fcode="read"/>
<opset="mem_rack_load/1 "/>
</bind>
</comp>

<comp id="192" class="1004" name="grp_write_fu_192">
<pin_list>
<pin id="193" dir="0" index="0" bw="0" slack="0"/>
<pin id="194" dir="0" index="1" bw="1" slack="0"/>
<pin id="195" dir="0" index="2" bw="1" slack="0"/>
<pin id="196" dir="1" index="3" bw="0" slack="2147483647"/>
</pin_list>
<bind>
<opcode="write(1151) " fcode="write"/>
<opset="stg_61/2 "/>
</bind>
</comp>

<comp id="200" class="1004" name="grp_bno055_uart_uart_read_reg16_fu_200">
<pin_list>
<pin id="201" dir="0" index="0" bw="16" slack="0"/>
<pin id="202" dir="0" index="1" bw="1" slack="0"/>
<pin id="203" dir="0" index="2" bw="1" slack="0"/>
<pin id="204" dir="0" index="3" bw="1" slack="0"/>
<pin id="205" dir="1" index="4" bw="16" slack="0"/>
</pin_list>
<bind>
<opcode="call(48) " fcode="call"/>
<opset="e_tmp/32 "/>
</bind>
</comp>

<comp id="210" class="1004" name="grp_bno055_uart_uart_read_reg_fu_210">
<pin_list>
<pin id="211" dir="0" index="0" bw="8" slack="0"/>
<pin id="212" dir="0" index="1" bw="7" slack="0"/>
<pin id="213" dir="0" index="2" bw="1" slack="0"/>
<pin id="214" dir="0" index="3" bw="1" slack="0"/>
<pin id="215" dir="0" index="4" bw="1" slack="0"/>
<pin id="216" dir="1" index="5" bw="8" slack="0"/>
</pin_list>
<bind>
<opcode="call(48) " fcode="call"/>
<opset="dt/12 dt_1/18 dt_2/24 dt_3/30 "/>
</bind>
</comp>

<comp id="225" class="1004" name="grp_bno055_uart_uart_write_reg_fu_225">
<pin_list>
<pin id="226" dir="0" index="0" bw="0" slack="0"/>
<pin id="227" dir="0" index="1" bw="7" slack="0"/>
<pin id="228" dir="0" index="2" bw="8" slack="0"/>
<pin id="229" dir="0" index="3" bw="1" slack="0"/>
<pin id="230" dir="0" index="4" bw="1" slack="0"/>
<pin id="231" dir="0" index="5" bw="1" slack="0"/>
<pin id="232" dir="1" index="6" bw="0" slack="2147483647"/>
</pin_list>
<bind>
<opcode="call(48) " fcode="call"/>
<opset="stg_64/4 stg_68/6 stg_73/10 stg_79/14 stg_93/20 stg_106/26 "/>
</bind>
</comp>

<comp id="244" class="1004" name="grp_bno055_uart_wait_tmr_fu_244">
<pin_list>
<pin id="245" dir="0" index="0" bw="0" slack="0"/>
<pin id="246" dir="0" index="1" bw="28" slack="0"/>
<pin id="247" dir="0" index="2" bw="1" slack="0"/>
<pin id="248" dir="1" index="3" bw="0" slack="2147483647"/>
</pin_list>
<bind>
<opcode="call(48) " fcode="call"/>
<opset="stg_71/8 stg_82/16 stg_97/22 stg_110/28 stg_140/34 "/>
</bind>
</comp>

<comp id="254" class="1004" name="grp_bno055_uart_write_mem_fu_254">
<pin_list>
<pin id="255" dir="0" index="0" bw="0" slack="0"/>
<pin id="256" dir="0" index="1" bw="8" slack="0"/>
<pin id="257" dir="0" index="2" bw="8" slack="0"/>
<pin id="258" dir="0" index="3" bw="8" slack="0"/>
<pin id="259" dir="0" index="4" bw="8" slack="0"/>
<pin id="260" dir="0" index="5" bw="1" slack="0"/>
<pin id="261" dir="0" index="6" bw="1" slack="0"/>
<pin id="262" dir="1" index="7" bw="0" slack="2147483647"/>
</pin_list>
<bind>
<opcode="call(48) " fcode="call"/>
<opset="stg_63/4 stg_67/6 stg_131/32 stg_139/34 stg_143/36 stg_152/38 stg_156/40 stg_159/42 "/>
</bind>
</comp>

<comp id="277" class="1004" name="grp_bno055_uart_bin2char_fu_277">
<pin_list>
<pin id="278" dir="0" index="0" bw="7" slack="0"/>
<pin id="279" dir="0" index="1" bw="4" slack="1"/>
<pin id="280" dir="1" index="2" bw="7" slack="0"/>
</pin_list>
<bind>
<opcode="call(48) " fcode="call"/>
<opset="tmp_8/32 tmp_1/34 "/>
</bind>
</comp>

<comp id="282" class="1004" name="grp_fu_282">
<pin_list>
<pin id="283" dir="0" index="0" bw="4" slack="0"/>
<pin id="284" dir="0" index="1" bw="8" slack="0"/>
<pin id="285" dir="0" index="2" bw="4" slack="0"/>
<pin id="286" dir="0" index="3" bw="4" slack="0"/>
<pin id="287" dir="1" index="4" bw="4" slack="1"/>
</pin_list>
<bind>
<opcode="partselect(1002) " fcode="partselect"/>
<opset="tmp_9/19 tmp_7/31 "/>
</bind>
</comp>

<comp id="292" class="1005" name="reg_292">
<pin_list>
<pin id="293" dir="0" index="0" bw="4" slack="1"/>
<pin id="294" dir="1" index="1" bw="4" slack="1"/>
</pin_list>
<bind>
<opset="tmp_9 tmp_7 "/>
</bind>
</comp>

<comp id="297" class="1004" name="tmp_fu_297">
<pin_list>
<pin id="298" dir="0" index="0" bw="6" slack="0"/>
<pin id="299" dir="0" index="1" bw="8" slack="0"/>
<pin id="300" dir="0" index="2" bw="3" slack="0"/>
<pin id="301" dir="0" index="3" bw="4" slack="0"/>
<pin id="302" dir="1" index="4" bw="6" slack="1"/>
</pin_list>
<bind>
<opcode="partselect(1002) " fcode="partselect"/>
<opset="tmp/13 "/>
</bind>
</comp>

<comp id="307" class="1004" name="tmp_s_fu_307">
<pin_list>
<pin id="308" dir="0" index="0" bw="8" slack="0"/>
<pin id="309" dir="0" index="1" bw="6" slack="1"/>
<pin id="310" dir="0" index="2" bw="1" slack="0"/>
<pin id="311" dir="1" index="3" bw="8" slack="0"/>
</pin_list>
<bind>
<opcode="bitconcatenate(1004) " fcode="bitconcatenate"/>
<opset="tmp_s/14 "/>
</bind>
</comp>

<comp id="315" class="1004" name="tmp_3_fu_315">
<pin_list>
<pin id="316" dir="0" index="0" bw="8" slack="0"/>
<pin id="317" dir="0" index="1" bw="4" slack="1"/>
<pin id="318" dir="0" index="2" bw="1" slack="0"/>
<pin id="319" dir="1" index="3" bw="8" slack="0"/>
</pin_list>
<bind>
<opcode="bitconcatenate(1004) " fcode="bitconcatenate"/>
<opset="tmp_3/20 "/>
</bind>
</comp>

<comp id="323" class="1004" name="tmp_4_fu_323">
<pin_list>
<pin id="324" dir="0" index="0" bw="8" slack="0"/>
<pin id="325" dir="0" index="1" bw="8" slack="0"/>
<pin id="326" dir="1" index="2" bw="8" slack="0"/>
</pin_list>
<bind>
<opcode="or(24) " fcode="or"/>
<opset="tmp_4/20 "/>
</bind>
</comp>

<comp id="330" class="1004" name="tmp_5_fu_330">
<pin_list>
<pin id="331" dir="0" index="0" bw="8" slack="1"/>
<pin id="332" dir="0" index="1" bw="8" slack="0"/>
<pin id="333" dir="1" index="2" bw="8" slack="0"/>
</pin_list>
<bind>
<opcode="or(24) " fcode="or"/>
<opset="tmp_5/26 "/>
</bind>
</comp>

<comp id="336" class="1004" name="tmp_10_fu_336">
<pin_list>
<pin id="337" dir="0" index="0" bw="8" slack="0"/>
<pin id="338" dir="1" index="1" bw="4" slack="3"/>
</pin_list>
<bind>
<opcode="trunc(33) " fcode="trunc"/>
<opset="tmp_10/31 "/>
</bind>
</comp>

<comp id="340" class="1004" name="p_trunc_ext_fu_340">
<pin_list>
<pin id="341" dir="0" index="0" bw="7" slack="0"/>
<pin id="342" dir="1" index="1" bw="8" slack="0"/>
</pin_list>
<bind>
<opcode="zext(34) " fcode="zext"/>
<opset="p_trunc_ext/32 "/>
</bind>
</comp>

<comp id="345" class="1004" name="tmp_11_fu_345">
<pin_list>
<pin id="346" dir="0" index="0" bw="16" slack="0"/>
<pin id="347" dir="1" index="1" bw="8" slack="4"/>
</pin_list>
<bind>
<opcode="trunc(33) " fcode="trunc"/>
<opset="tmp_11/33 "/>
</bind>
</comp>

<comp id="349" class="1004" name="e_tmp_1_fu_349">
<pin_list>
<pin id="350" dir="0" index="0" bw="8" slack="0"/>
<pin id="351" dir="0" index="1" bw="16" slack="0"/>
<pin id="352" dir="0" index="2" bw="5" slack="0"/>
<pin id="353" dir="0" index="3" bw="5" slack="0"/>
<pin id="354" dir="1" index="4" bw="8" slack="4"/>
</pin_list>
<bind>
<opcode="partselect(1002) " fcode="partselect"/>
<opset="e_tmp_1/33 "/>
</bind>
</comp>

<comp id="359" class="1004" name="p_trunc2_ext_fu_359">
<pin_list>
<pin id="360" dir="0" index="0" bw="7" slack="0"/>
<pin id="361" dir="1" index="1" bw="8" slack="0"/>
</pin_list>
<bind>
<opcode="zext(34) " fcode="zext"/>
<opset="p_trunc2_ext/34 "/>
</bind>
</comp>

<comp id="364" class="1004" name="e_fu_364">
<pin_list>
<pin id="365" dir="0" index="0" bw="16" slack="0"/>
<pin id="366" dir="0" index="1" bw="8" slack="4"/>
<pin id="367" dir="0" index="2" bw="8" slack="4"/>
<pin id="368" dir="1" index="3" bw="16" slack="0"/>
</pin_list>
<bind>
<opcode="bitconcatenate(1004) " fcode="bitconcatenate"/>
<opset="e/37 "/>
</bind>
</comp>

<comp id="370" class="1004" name="e_cast_fu_370">
<pin_list>
<pin id="371" dir="0" index="0" bw="16" slack="0"/>
<pin id="372" dir="1" index="1" bw="20" slack="0"/>
</pin_list>
<bind>
<opcode="zext(34) " fcode="zext"/>
<opset="e_cast/37 "/>
</bind>
</comp>

<comp id="374" class="1004" name="tmp_2_fu_374">
<pin_list>
<pin id="375" dir="0" index="0" bw="8" slack="0"/>
<pin id="376" dir="0" index="1" bw="20" slack="0"/>
<pin id="377" dir="0" index="2" bw="5" slack="0"/>
<pin id="378" dir="0" index="3" bw="6" slack="0"/>
<pin id="379" dir="1" index="4" bw="8" slack="1"/>
</pin_list>
<bind>
<opcode="partselect(1002) " fcode="partselect"/>
<opset="tmp_2/37 "/>
</bind>
</comp>

<comp id="383" class="1004" name="tmp_6_fu_383">
<pin_list>
<pin id="384" dir="0" index="0" bw="8" slack="0"/>
<pin id="385" dir="0" index="1" bw="20" slack="0"/>
<pin id="386" dir="0" index="2" bw="4" slack="0"/>
<pin id="387" dir="0" index="3" bw="5" slack="0"/>
<pin id="388" dir="1" index="4" bw="8" slack="3"/>
</pin_list>
<bind>
<opcode="partselect(1002) " fcode="partselect"/>
<opset="tmp_6/37 "/>
</bind>
</comp>

<comp id="392" class="1007" name="e_1_fu_392">
<pin_list>
<pin id="393" dir="0" index="0" bw="8" slack="0"/>
<pin id="394" dir="0" index="1" bw="16" slack="0"/>
<pin id="395" dir="1" index="2" bw="20" slack="0"/>
</pin_list>
<bind>
<opcode="mul(12) " fcode="mul"/>
<opset="e_1/37 "/>
</bind>
</comp>

<comp id="400" class="1005" name="tmp_reg_400">
<pin_list>
<pin id="401" dir="0" index="0" bw="6" slack="1"/>
<pin id="402" dir="1" index="1" bw="6" slack="1"/>
</pin_list>
<bind>
<opset="tmp "/>
</bind>
</comp>

<comp id="405" class="1005" name="tmp_s_reg_405">
<pin_list>
<pin id="406" dir="0" index="0" bw="8" slack="1"/>
<pin id="407" dir="1" index="1" bw="8" slack="1"/>
</pin_list>
<bind>
<opset="tmp_s "/>
</bind>
</comp>

<comp id="410" class="1005" name="tmp_4_reg_410">
<pin_list>
<pin id="411" dir="0" index="0" bw="8" slack="1"/>
<pin id="412" dir="1" index="1" bw="8" slack="1"/>
</pin_list>
<bind>
<opset="tmp_4 "/>
</bind>
</comp>

<comp id="415" class="1005" name="dt_2_reg_415">
<pin_list>
<pin id="416" dir="0" index="0" bw="8" slack="1"/>
<pin id="417" dir="1" index="1" bw="8" slack="1"/>
</pin_list>
<bind>
<opset="dt_2 "/>
</bind>
</comp>

<comp id="420" class="1005" name="tmp_5_reg_420">
<pin_list>
<pin id="421" dir="0" index="0" bw="8" slack="1"/>
<pin id="422" dir="1" index="1" bw="8" slack="1"/>
</pin_list>
<bind>
<opset="tmp_5 "/>
</bind>
</comp>

<comp id="425" class="1005" name="tmp_10_reg_425">
<pin_list>
<pin id="426" dir="0" index="0" bw="4" slack="3"/>
<pin id="427" dir="1" index="1" bw="4" slack="3"/>
</pin_list>
<bind>
<opset="tmp_10 "/>
</bind>
</comp>

<comp id="430" class="1005" name="p_trunc_ext_reg_430">
<pin_list>
<pin id="431" dir="0" index="0" bw="8" slack="1"/>
<pin id="432" dir="1" index="1" bw="8" slack="1"/>
</pin_list>
<bind>
<opset="p_trunc_ext "/>
</bind>
</comp>

<comp id="435" class="1005" name="tmp_11_reg_435">
<pin_list>
<pin id="436" dir="0" index="0" bw="8" slack="4"/>
<pin id="437" dir="1" index="1" bw="8" slack="4"/>
</pin_list>
<bind>
<opset="tmp_11 "/>
</bind>
</comp>

<comp id="440" class="1005" name="e_tmp_1_reg_440">
<pin_list>
<pin id="441" dir="0" index="0" bw="8" slack="4"/>
<pin id="442" dir="1" index="1" bw="8" slack="4"/>
</pin_list>
<bind>
<opset="e_tmp_1 "/>
</bind>
</comp>

<comp id="445" class="1005" name="p_trunc2_ext_reg_445">
<pin_list>
<pin id="446" dir="0" index="0" bw="8" slack="1"/>
<pin id="447" dir="1" index="1" bw="8" slack="1"/>
</pin_list>
<bind>
<opset="p_trunc2_ext "/>
</bind>
</comp>

<comp id="450" class="1005" name="tmp_2_reg_450">
<pin_list>
<pin id="451" dir="0" index="0" bw="8" slack="1"/>
<pin id="452" dir="1" index="1" bw="8" slack="1"/>
</pin_list>
<bind>
<opset="tmp_2 "/>
</bind>
</comp>

<comp id="455" class="1005" name="tmp_6_reg_455">
<pin_list>
<pin id="456" dir="0" index="0" bw="8" slack="3"/>
<pin id="457" dir="1" index="1" bw="8" slack="3"/>
</pin_list>
<bind>
<opset="tmp_6 "/>
</bind>
</comp>

</comp_list>

<net_list>
<net id="136"><net_src comp="20" pin="0"/><net_sink comp="132" pin=0"/></net>

<net id="137"><net_src comp="0" pin="0"/><net_sink comp="132" pin=1"/></net>

<net id="142"><net_src comp="20" pin="0"/><net_sink comp="138" pin=0"/></net>

<net id="143"><net_src comp="2" pin="0"/><net_sink comp="138" pin=1"/></net>

<net id="148"><net_src comp="20" pin="0"/><net_sink comp="144" pin=0"/></net>

<net id="149"><net_src comp="4" pin="0"/><net_sink comp="144" pin=1"/></net>

<net id="154"><net_src comp="22" pin="0"/><net_sink comp="150" pin=0"/></net>

<net id="155"><net_src comp="6" pin="0"/><net_sink comp="150" pin=1"/></net>

<net id="160"><net_src comp="22" pin="0"/><net_sink comp="156" pin=0"/></net>

<net id="161"><net_src comp="8" pin="0"/><net_sink comp="156" pin=1"/></net>

<net id="166"><net_src comp="22" pin="0"/><net_sink comp="162" pin=0"/></net>

<net id="167"><net_src comp="10" pin="0"/><net_sink comp="162" pin=1"/></net>

<net id="172"><net_src comp="20" pin="0"/><net_sink comp="168" pin=0"/></net>

<net id="173"><net_src comp="12" pin="0"/><net_sink comp="168" pin=1"/></net>

<net id="178"><net_src comp="20" pin="0"/><net_sink comp="174" pin=0"/></net>

<net id="179"><net_src comp="14" pin="0"/><net_sink comp="174" pin=1"/></net>

<net id="184"><net_src comp="20" pin="0"/><net_sink comp="180" pin=0"/></net>

<net id="185"><net_src comp="16" pin="0"/><net_sink comp="180" pin=1"/></net>

<net id="190"><net_src comp="20" pin="0"/><net_sink comp="186" pin=0"/></net>

<net id="191"><net_src comp="18" pin="0"/><net_sink comp="186" pin=1"/></net>

<net id="197"><net_src comp="28" pin="0"/><net_sink comp="192" pin=0"/></net>

<net id="198"><net_src comp="4" pin="0"/><net_sink comp="192" pin=1"/></net>

<net id="199"><net_src comp="30" pin="0"/><net_sink comp="192" pin=2"/></net>

<net id="206"><net_src comp="102" pin="0"/><net_sink comp="200" pin=0"/></net>

<net id="207"><net_src comp="4" pin="0"/><net_sink comp="200" pin=1"/></net>

<net id="208"><net_src comp="0" pin="0"/><net_sink comp="200" pin=2"/></net>

<net id="209"><net_src comp="2" pin="0"/><net_sink comp="200" pin=3"/></net>

<net id="217"><net_src comp="52" pin="0"/><net_sink comp="210" pin=0"/></net>

<net id="218"><net_src comp="54" pin="0"/><net_sink comp="210" pin=1"/></net>

<net id="219"><net_src comp="4" pin="0"/><net_sink comp="210" pin=2"/></net>

<net id="220"><net_src comp="0" pin="0"/><net_sink comp="210" pin=3"/></net>

<net id="221"><net_src comp="2" pin="0"/><net_sink comp="210" pin=4"/></net>

<net id="222"><net_src comp="70" pin="0"/><net_sink comp="210" pin=1"/></net>

<net id="223"><net_src comp="84" pin="0"/><net_sink comp="210" pin=1"/></net>

<net id="224"><net_src comp="36" pin="0"/><net_sink comp="210" pin=1"/></net>

<net id="233"><net_src comp="38" pin="0"/><net_sink comp="225" pin=0"/></net>

<net id="234"><net_src comp="40" pin="0"/><net_sink comp="225" pin=1"/></net>

<net id="235"><net_src comp="36" pin="0"/><net_sink comp="225" pin=2"/></net>

<net id="236"><net_src comp="4" pin="0"/><net_sink comp="225" pin=3"/></net>

<net id="237"><net_src comp="0" pin="0"/><net_sink comp="225" pin=4"/></net>

<net id="238"><net_src comp="2" pin="0"/><net_sink comp="225" pin=5"/></net>

<net id="239"><net_src comp="44" pin="0"/><net_sink comp="225" pin=1"/></net>

<net id="240"><net_src comp="46" pin="0"/><net_sink comp="225" pin=2"/></net>

<net id="241"><net_src comp="66" pin="0"/><net_sink comp="225" pin=1"/></net>

<net id="242"><net_src comp="82" pin="0"/><net_sink comp="225" pin=1"/></net>

<net id="243"><net_src comp="88" pin="0"/><net_sink comp="225" pin=1"/></net>

<net id="249"><net_src comp="48" pin="0"/><net_sink comp="244" pin=0"/></net>

<net id="250"><net_src comp="50" pin="0"/><net_sink comp="244" pin=1"/></net>

<net id="251"><net_src comp="0" pin="0"/><net_sink comp="244" pin=2"/></net>

<net id="252"><net_src comp="68" pin="0"/><net_sink comp="244" pin=1"/></net>

<net id="253"><net_src comp="112" pin="0"/><net_sink comp="244" pin=1"/></net>

<net id="263"><net_src comp="32" pin="0"/><net_sink comp="254" pin=0"/></net>

<net id="264"><net_src comp="34" pin="0"/><net_sink comp="254" pin=1"/></net>

<net id="265"><net_src comp="36" pin="0"/><net_sink comp="254" pin=2"/></net>

<net id="266"><net_src comp="6" pin="0"/><net_sink comp="254" pin=3"/></net>

<net id="267"><net_src comp="10" pin="0"/><net_sink comp="254" pin=4"/></net>

<net id="268"><net_src comp="12" pin="0"/><net_sink comp="254" pin=5"/></net>

<net id="269"><net_src comp="14" pin="0"/><net_sink comp="254" pin=6"/></net>

<net id="270"><net_src comp="42" pin="0"/><net_sink comp="254" pin=1"/></net>

<net id="271"><net_src comp="36" pin="0"/><net_sink comp="254" pin=1"/></net>

<net id="272"><net_src comp="110" pin="0"/><net_sink comp="254" pin=1"/></net>

<net id="273"><net_src comp="114" pin="0"/><net_sink comp="254" pin=1"/></net>

<net id="274"><net_src comp="128" pin="0"/><net_sink comp="254" pin=1"/></net>

<net id="275"><net_src comp="130" pin="0"/><net_sink comp="254" pin=1"/></net>

<net id="276"><net_src comp="110" pin="0"/><net_sink comp="254" pin=2"/></net>

<net id="281"><net_src comp="100" pin="0"/><net_sink comp="277" pin=0"/></net>

<net id="288"><net_src comp="72" pin="0"/><net_sink comp="282" pin=0"/></net>

<net id="289"><net_src comp="210" pin="5"/><net_sink comp="282" pin=1"/></net>

<net id="290"><net_src comp="74" pin="0"/><net_sink comp="282" pin=2"/></net>

<net id="291"><net_src comp="60" pin="0"/><net_sink comp="282" pin=3"/></net>

<net id="295"><net_src comp="282" pin="4"/><net_sink comp="292" pin=0"/></net>

<net id="296"><net_src comp="292" pin="1"/><net_sink comp="277" pin=1"/></net>

<net id="303"><net_src comp="56" pin="0"/><net_sink comp="297" pin=0"/></net>

<net id="304"><net_src comp="210" pin="5"/><net_sink comp="297" pin=1"/></net>

<net id="305"><net_src comp="58" pin="0"/><net_sink comp="297" pin=2"/></net>

<net id="306"><net_src comp="60" pin="0"/><net_sink comp="297" pin=3"/></net>

<net id="312"><net_src comp="62" pin="0"/><net_sink comp="307" pin=0"/></net>

<net id="313"><net_src comp="64" pin="0"/><net_sink comp="307" pin=2"/></net>

<net id="314"><net_src comp="307" pin="3"/><net_sink comp="225" pin=2"/></net>

<net id="320"><net_src comp="76" pin="0"/><net_sink comp="315" pin=0"/></net>

<net id="321"><net_src comp="292" pin="1"/><net_sink comp="315" pin=1"/></net>

<net id="322"><net_src comp="78" pin="0"/><net_sink comp="315" pin=2"/></net>

<net id="327"><net_src comp="315" pin="3"/><net_sink comp="323" pin=0"/></net>

<net id="328"><net_src comp="80" pin="0"/><net_sink comp="323" pin=1"/></net>

<net id="329"><net_src comp="323" pin="2"/><net_sink comp="225" pin=2"/></net>

<net id="334"><net_src comp="86" pin="0"/><net_sink comp="330" pin=1"/></net>

<net id="335"><net_src comp="330" pin="2"/><net_sink comp="225" pin=2"/></net>

<net id="339"><net_src comp="210" pin="5"/><net_sink comp="336" pin=0"/></net>

<net id="343"><net_src comp="277" pin="2"/><net_sink comp="340" pin=0"/></net>

<net id="344"><net_src comp="340" pin="1"/><net_sink comp="254" pin=2"/></net>

<net id="348"><net_src comp="200" pin="4"/><net_sink comp="345" pin=0"/></net>

<net id="355"><net_src comp="104" pin="0"/><net_sink comp="349" pin=0"/></net>

<net id="356"><net_src comp="200" pin="4"/><net_sink comp="349" pin=1"/></net>

<net id="357"><net_src comp="106" pin="0"/><net_sink comp="349" pin=2"/></net>

<net id="358"><net_src comp="108" pin="0"/><net_sink comp="349" pin=3"/></net>

<net id="362"><net_src comp="277" pin="2"/><net_sink comp="359" pin=0"/></net>

<net id="363"><net_src comp="359" pin="1"/><net_sink comp="254" pin=2"/></net>

<net id="369"><net_src comp="116" pin="0"/><net_sink comp="364" pin=0"/></net>

<net id="373"><net_src comp="364" pin="3"/><net_sink comp="370" pin=0"/></net>

<net id="380"><net_src comp="120" pin="0"/><net_sink comp="374" pin=0"/></net>

<net id="381"><net_src comp="122" pin="0"/><net_sink comp="374" pin=2"/></net>

<net id="382"><net_src comp="124" pin="0"/><net_sink comp="374" pin=3"/></net>

<net id="389"><net_src comp="120" pin="0"/><net_sink comp="383" pin=0"/></net>

<net id="390"><net_src comp="74" pin="0"/><net_sink comp="383" pin=2"/></net>

<net id="391"><net_src comp="126" pin="0"/><net_sink comp="383" pin=3"/></net>

<net id="396"><net_src comp="118" pin="0"/><net_sink comp="392" pin=0"/></net>

<net id="397"><net_src comp="370" pin="1"/><net_sink comp="392" pin=1"/></net>

<net id="398"><net_src comp="392" pin="2"/><net_sink comp="374" pin=1"/></net>

<net id="399"><net_src comp="392" pin="2"/><net_sink comp="383" pin=1"/></net>

<net id="403"><net_src comp="297" pin="4"/><net_sink comp="400" pin=0"/></net>

<net id="404"><net_src comp="400" pin="1"/><net_sink comp="307" pin=1"/></net>

<net id="408"><net_src comp="307" pin="3"/><net_sink comp="405" pin=0"/></net>

<net id="409"><net_src comp="405" pin="1"/><net_sink comp="225" pin=2"/></net>

<net id="413"><net_src comp="323" pin="2"/><net_sink comp="410" pin=0"/></net>

<net id="414"><net_src comp="410" pin="1"/><net_sink comp="225" pin=2"/></net>

<net id="418"><net_src comp="210" pin="5"/><net_sink comp="415" pin=0"/></net>

<net id="419"><net_src comp="415" pin="1"/><net_sink comp="330" pin=0"/></net>

<net id="423"><net_src comp="330" pin="2"/><net_sink comp="420" pin=0"/></net>

<net id="424"><net_src comp="420" pin="1"/><net_sink comp="225" pin=2"/></net>

<net id="428"><net_src comp="336" pin="1"/><net_sink comp="425" pin=0"/></net>

<net id="429"><net_src comp="425" pin="1"/><net_sink comp="277" pin=1"/></net>

<net id="433"><net_src comp="340" pin="1"/><net_sink comp="430" pin=0"/></net>

<net id="434"><net_src comp="430" pin="1"/><net_sink comp="254" pin=2"/></net>

<net id="438"><net_src comp="345" pin="1"/><net_sink comp="435" pin=0"/></net>

<net id="439"><net_src comp="435" pin="1"/><net_sink comp="364" pin=1"/></net>

<net id="443"><net_src comp="349" pin="4"/><net_sink comp="440" pin=0"/></net>

<net id="444"><net_src comp="440" pin="1"/><net_sink comp="364" pin=2"/></net>

<net id="448"><net_src comp="359" pin="1"/><net_sink comp="445" pin=0"/></net>

<net id="449"><net_src comp="445" pin="1"/><net_sink comp="254" pin=2"/></net>

<net id="453"><net_src comp="374" pin="4"/><net_sink comp="450" pin=0"/></net>

<net id="454"><net_src comp="450" pin="1"/><net_sink comp="254" pin=2"/></net>

<net id="458"><net_src comp="383" pin="4"/><net_sink comp="455" pin=0"/></net>

<net id="459"><net_src comp="455" pin="1"/><net_sink comp="254" pin=2"/></net>

</net_list>

</model> 
---------------- Datapath Model END ------------------

* FSMD analyzer results:
  - Output states:
	Port: dummy_tmr_out | {4 5 6 7 8 9 10 11 12 13 14 15 16 17 18 19 20 21 22 23 24 25 26 27 28 29 30 31 32 33 34 35 }
	Port: uart_tx | {3 4 5 6 7 10 11 12 13 14 15 18 19 20 21 24 25 26 27 30 31 32 33 }
	Port: mem_addr | {4 5 6 7 32 33 34 35 36 37 38 39 40 41 42 43 }
	Port: mem_dout | {4 5 6 7 32 33 34 35 36 37 38 39 40 41 42 43 }
	Port: mem_wreq | {4 5 6 7 32 33 34 35 36 37 38 39 40 41 42 43 }
 - Input state : 
	Port: bno055_uart : dummy_tmr_out | {1 4 5 6 7 8 9 10 11 12 13 14 15 16 17 18 19 20 21 22 23 24 25 26 27 28 29 30 31 32 33 34 35 }
	Port: bno055_uart : uart_rx | {1 4 5 6 7 10 11 12 13 14 15 18 19 20 21 24 25 26 27 30 31 32 33 }
	Port: bno055_uart : uart_tx | {1 }
	Port: bno055_uart : mem_addr | {1 }
	Port: bno055_uart : mem_din | {1 }
	Port: bno055_uart : mem_dout | {1 }
	Port: bno055_uart : mem_wreq | {1 }
	Port: bno055_uart : mem_wack | {1 4 5 6 7 32 33 34 35 36 37 38 39 40 41 42 43 }
	Port: bno055_uart : mem_rreq | {1 }
	Port: bno055_uart : mem_rack | {1 }
  - Chain level:
	State 1
	State 2
	State 3
	State 4
	State 5
	State 6
	State 7
	State 8
	State 9
	State 10
	State 11
	State 12
	State 13
		tmp : 1
	State 14
		stg_79 : 1
	State 15
	State 16
	State 17
	State 18
	State 19
		tmp_9 : 1
	State 20
		tmp_4 : 1
		stg_93 : 1
	State 21
	State 22
	State 23
	State 24
	State 25
	State 26
	State 27
	State 28
	State 29
	State 30
	State 31
		tmp_7 : 1
		tmp_10 : 1
	State 32
		p_trunc_ext : 1
		stg_131 : 2
	State 33
		tmp_11 : 1
		e_tmp_1 : 1
	State 34
		p_trunc2_ext : 1
		stg_139 : 2
	State 35
	State 36
	State 37
		e_cast : 1
		e_1 : 2
		tmp_2 : 3
		tmp_6 : 3
	State 38
	State 39
	State 40
	State 41
	State 42
	State 43


============================================================
+ Verbose Summary: Datapath Resource usage 
============================================================

* Functional unit list:
|----------|----------------------------------------|---------|---------|---------|---------|
| Operation|             Functional Unit            |  DSP48E |  Delay  |    FF   |   LUT   |
|----------|----------------------------------------|---------|---------|---------|---------|
|          | grp_bno055_uart_uart_read_reg16_fu_200 |    0    |  4.713  |   408   |   175   |
|          |  grp_bno055_uart_uart_read_reg_fu_210  |    0    |  4.713  |   384   |   175   |
|   call   |  grp_bno055_uart_uart_write_reg_fu_225 |    0    |  5.081  |   367   |   169   |
|          |     grp_bno055_uart_wait_tmr_fu_244    |    0    |    0    |    82   |    38   |
|          |    grp_bno055_uart_write_mem_fu_254    |    0    |  1.571  |    16   |    0    |
|          |     grp_bno055_uart_bin2char_fu_277    |    0    |    0    |    7    |    0    |
|----------|----------------------------------------|---------|---------|---------|---------|
|    mul   |               e_1_fu_392               |    1    |    0    |    0    |    0    |
|----------|----------------------------------------|---------|---------|---------|---------|
|          |             grp_read_fu_132            |    0    |    0    |    0    |    0    |
|          |        uart_rx_load_read_fu_138        |    0    |    0    |    0    |    0    |
|          |             grp_read_fu_144            |    0    |    0    |    0    |    0    |
|          |             grp_read_fu_150            |    0    |    0    |    0    |    0    |
|   read   |        mem_din_load_read_fu_156        |    0    |    0    |    0    |    0    |
|          |             grp_read_fu_162            |    0    |    0    |    0    |    0    |
|          |             grp_read_fu_168            |    0    |    0    |    0    |    0    |
|          |        mem_wack_load_read_fu_174       |    0    |    0    |    0    |    0    |
|          |             grp_read_fu_180            |    0    |    0    |    0    |    0    |
|          |        mem_rack_load_read_fu_186       |    0    |    0    |    0    |    0    |
|----------|----------------------------------------|---------|---------|---------|---------|
|   write  |            grp_write_fu_192            |    0    |    0    |    0    |    0    |
|----------|----------------------------------------|---------|---------|---------|---------|
|          |               grp_fu_282               |    0    |    0    |    0    |    0    |
|          |               tmp_fu_297               |    0    |    0    |    0    |    0    |
|partselect|             e_tmp_1_fu_349             |    0    |    0    |    0    |    0    |
|          |              tmp_2_fu_374              |    0    |    0    |    0    |    0    |
|          |              tmp_6_fu_383              |    0    |    0    |    0    |    0    |
|----------|----------------------------------------|---------|---------|---------|---------|
|          |              tmp_s_fu_307              |    0    |    0    |    0    |    0    |
|bitconcatenate|              tmp_3_fu_315              |    0    |    0    |    0    |    0    |
|          |                e_fu_364                |    0    |    0    |    0    |    0    |
|----------|----------------------------------------|---------|---------|---------|---------|
|    or    |              tmp_4_fu_323              |    0    |    0    |    0    |    0    |
|          |              tmp_5_fu_330              |    0    |    0    |    0    |    0    |
|----------|----------------------------------------|---------|---------|---------|---------|
|   trunc  |              tmp_10_fu_336             |    0    |    0    |    0    |    0    |
|          |              tmp_11_fu_345             |    0    |    0    |    0    |    0    |
|----------|----------------------------------------|---------|---------|---------|---------|
|          |           p_trunc_ext_fu_340           |    0    |    0    |    0    |    0    |
|   zext   |           p_trunc2_ext_fu_359          |    0    |    0    |    0    |    0    |
|          |              e_cast_fu_370             |    0    |    0    |    0    |    0    |
|----------|----------------------------------------|---------|---------|---------|---------|
|   Total  |                                        |    1    |  16.078 |   1264  |   557   |
|----------|----------------------------------------|---------|---------|---------|---------|

Memories:
N/A

* Register list:
+--------------------+--------+
|                    |   FF   |
+--------------------+--------+
|    dt_2_reg_415    |    8   |
|   e_tmp_1_reg_440  |    8   |
|p_trunc2_ext_reg_445|    8   |
| p_trunc_ext_reg_430|    8   |
|       reg_292      |    4   |
|   tmp_10_reg_425   |    4   |
|   tmp_11_reg_435   |    8   |
|    tmp_2_reg_450   |    8   |
|    tmp_4_reg_410   |    8   |
|    tmp_5_reg_420   |    8   |
|    tmp_6_reg_455   |    8   |
|     tmp_reg_400    |    6   |
|    tmp_s_reg_405   |    8   |
+--------------------+--------+
|        Total       |   94   |
+--------------------+--------+

* Multiplexer (MUX) list: 
|---------------------------------------|------|------|------|--------||---------||---------|
|                  Comp                 |  Pin | Size |  BW  | S x BW ||  Delay  ||   LUT   |
|---------------------------------------|------|------|------|--------||---------||---------|
|  grp_bno055_uart_uart_read_reg_fu_210 |  p1  |   4  |   7  |   28   ||    7    |
| grp_bno055_uart_uart_write_reg_fu_225 |  p1  |   5  |   7  |   35   ||    7    |
| grp_bno055_uart_uart_write_reg_fu_225 |  p2  |   8  |   8  |   64   ||    8    |
|    grp_bno055_uart_wait_tmr_fu_244    |  p1  |   3  |  28  |   84   |
|    grp_bno055_uart_write_mem_fu_254   |  p1  |   7  |   8  |   56   ||    8    |
|    grp_bno055_uart_write_mem_fu_254   |  p2  |   8  |   8  |   64   ||    8    |
|    grp_bno055_uart_bin2char_fu_277    |  p1  |   2  |   4  |    8   ||    4    |
|---------------------------------------|------|------|------|--------||---------||---------|
|                 Total                 |      |      |      |   339  ||  12.469 ||    42   |
|---------------------------------------|------|------|------|--------||---------||---------|



* Summary:
+-----------+--------+--------+--------+--------+
|           | DSP48E |  Delay |   FF   |   LUT  |
+-----------+--------+--------+--------+--------+
|  Function |    1   |   16   |  1264  |   557  |
|   Memory  |    -   |    -   |    -   |    -   |
|Multiplexer|    -   |   12   |    -   |   42   |
|  Register |    -   |    -   |   94   |    -   |
+-----------+--------+--------+--------+--------+
|   Total   |    1   |   28   |  1358  |   599  |
+-----------+--------+--------+--------+--------+
