

================================================================
== Vivado HLS Report for 'bno055_uart_bin2char'
================================================================
* Date:           Fri May 27 17:23:04 2016

* Version:        2016.1 (Build 1538259 on Fri Apr 08 16:12:49 MDT 2016)
* Project:        bno055_uart
* Solution:       solution1
* Product family: artix7
* Target device:  xc7a35ticsg324-1l


================================================================
== Performance Estimates
================================================================
+ Timing (ns): 
    * Summary: 
    +--------+-------+----------+------------+
    |  Clock | Target| Estimated| Uncertainty|
    +--------+-------+----------+------------+
    |ap_clk  |  10.00|      3.44|        1.25|
    +--------+-------+----------+------------+

+ Latency (clock cycles): 
    * Summary: 
    +-----+-----+-----+-----+---------+
    |  Latency  |  Interval | Pipeline|
    | min | max | min | max |   Type  |
    +-----+-----+-----+-----+---------+
    |    0|    0|    0|    0|   none  |
    +-----+-----+-----+-----+---------+

    + Detail: 
        * Instance: 
        N/A

        * Loop: 
        N/A

============================================================
+ Verbose Summary: Synthesis Manager
============================================================
InlineROM: 1
ExposeGlobal: 0
============================================================
+ Verbose Summary: CDFG Model
============================================================
IsTopModel: 0
ResetActiveHigh: 1
IsCombinational: 0
IsDatapathOnly: 0
HasWiredReturn: 1
HasMFsm: 0
HasVarLatency: 0
IsPipeline: 0
IsRtlPipelined: 0
IsInstanceOverlapped: 0
IsDontTouch: 0
HasImplIP: 0
IsGatedGlobalClock: 0


============================================================
+ Verbose Summary: Schedule
============================================================
* Number of FSM states: 1
* Pipeline: 0
* Dataflow Pipeline: 0

* FSM state transitions: 
1 --> 
* FSM state operations: 

 <State 1>: 3.44ns
ST_1: val_read [1/1] 1.04ns
:0  %val_read = call i4 @_ssdm_op_Read.ap_auto.i4(i4 %val)

ST_1: stg_3 [1/1] 2.40ns
:1  switch i4 %val_read, label %15 [
    i4 0, label %._crit_edge
    i4 1, label %1
    i4 2, label %2
    i4 3, label %3
    i4 4, label %4
    i4 5, label %5
    i4 6, label %6
    i4 7, label %7
    i4 -8, label %8
    i4 -7, label %9
    i4 -6, label %10
    i4 -5, label %11
    i4 -4, label %12
    i4 -3, label %13
    i4 -2, label %14
  ]

ST_1: stg_4 [1/1] 2.23ns
:0  br label %._crit_edge

ST_1: stg_5 [1/1] 2.23ns
:0  br label %._crit_edge

ST_1: stg_6 [1/1] 2.23ns
:0  br label %._crit_edge

ST_1: stg_7 [1/1] 2.23ns
:0  br label %._crit_edge

ST_1: stg_8 [1/1] 2.23ns
:0  br label %._crit_edge

ST_1: stg_9 [1/1] 2.23ns
:0  br label %._crit_edge

ST_1: stg_10 [1/1] 2.23ns
:0  br label %._crit_edge

ST_1: stg_11 [1/1] 2.23ns
:0  br label %._crit_edge

ST_1: stg_12 [1/1] 2.23ns
:0  br label %._crit_edge

ST_1: stg_13 [1/1] 2.23ns
:0  br label %._crit_edge

ST_1: stg_14 [1/1] 2.23ns
:0  br label %._crit_edge

ST_1: stg_15 [1/1] 2.23ns
:0  br label %._crit_edge

ST_1: stg_16 [1/1] 2.23ns
:0  br label %._crit_edge

ST_1: stg_17 [1/1] 2.23ns
:0  br label %._crit_edge

ST_1: stg_18 [1/1] 2.23ns
:0  br label %._crit_edge

ST_1: retval [1/1] 0.00ns
._crit_edge:0  %retval = phi i7 [ -58, %15 ], [ -59, %14 ], [ -60, %13 ], [ -61, %12 ], [ -62, %11 ], [ -63, %10 ], [ 57, %9 ], [ 56, %8 ], [ 55, %7 ], [ 54, %6 ], [ 53, %5 ], [ 52, %4 ], [ 51, %3 ], [ 50, %2 ], [ 49, %1 ], [ 48, %0 ]

ST_1: stg_20 [1/1] 0.00ns
._crit_edge:1  ret i7 %retval



============================================================
+ Verbose Summary: Timing violations
============================================================
Target clock period: 10ns, clock uncertainty: 1.25ns.

 No timing violations. 


============================================================
+ Verbose Summary: Binding
============================================================
N/A
* FSMD analyzer results:
  - Output states:
 - Input state : 
  - Chain level:
	State 1


============================================================
+ Verbose Summary: Datapath Resource usage 
============================================================
N/A
