

================================================================
== Vivado HLS Report for 'bno055_uart_uart_send_byte'
================================================================
* Date:           Fri May 27 17:23:06 2016

* Version:        2016.1 (Build 1538259 on Fri Apr 08 16:12:49 MDT 2016)
* Project:        bno055_uart
* Solution:       solution1
* Product family: artix7
* Target device:  xc7a35ticsg324-1l


================================================================
== Performance Estimates
================================================================
+ Timing (ns): 
    * Summary: 
    +--------+-------+----------+------------+
    |  Clock | Target| Estimated| Uncertainty|
    +--------+-------+----------+------------+
    |ap_clk  |  10.00|      2.89|        1.25|
    +--------+-------+----------+------------+

+ Latency (clock cycles): 
    * Summary: 
    +-----+------------+-----+------------+---------+
    |      Latency     |     Interval     | Pipeline|
    | min |     max    | min |     max    |   Type  |
    +-----+------------+-----+------------+---------+
    |   60|  1000000050|   60|  1000000050|   none  |
    +-----+------------+-----+------------+---------+

    + Detail: 
        * Instance: 
        +--------------------------------+----------------------+-----+-----------+-----+-----------+---------+
        |                                |                      |     Latency     |     Interval    | Pipeline|
        |            Instance            |        Module        | min |    max    | min |    max    |   Type  |
        +--------------------------------+----------------------+-----+-----------+-----+-----------+---------+
        |grp_bno055_uart_wait_tmr_fu_71  |bno055_uart_wait_tmr  |    3|  100000002|    3|  100000002|   none  |
        +--------------------------------+----------------------+-----+-----------+-----+-----------+---------+

        * Loop: 
        +----------+-----+-----------+---------------+-----------+-----------+------+----------+
        |          |     Latency     |   Iteration   |  Initiation Interval  | Trip |          |
        | Loop Name| min |    max    |    Latency    |  achieved |   target  | Count| Pipelined|
        +----------+-----+-----------+---------------+-----------+-----------+------+----------+
        |- Loop 1  |   48|  800000040| 6 ~ 100000005 |          -|          -|     8|    no    |
        +----------+-----+-----------+---------------+-----------+-----------+------+----------+



================================================================
== Utilization Estimates
================================================================
* Summary: 
+-----------------+---------+-------+-------+-------+
|       Name      | BRAM_18K| DSP48E|   FF  |  LUT  |
+-----------------+---------+-------+-------+-------+
|DSP              |        -|      -|      -|      -|
|Expression       |        -|      -|      0|      6|
|FIFO             |        -|      -|      -|      -|
|Instance         |        -|      -|     30|     68|
|Memory           |        -|      -|      -|      -|
|Multiplexer      |        -|      -|      -|     19|
|Register         |        -|      -|     33|      -|
+-----------------+---------+-------+-------+-------+
|Total            |        0|      0|     63|     93|
+-----------------+---------+-------+-------+-------+
|Available        |      100|     90|  41600|  20800|
+-----------------+---------+-------+-------+-------+
|Utilization (%)  |        0|      0|   ~0  |   ~0  |
+-----------------+---------+-------+-------+-------+

+ Detail: 
    * Instance: 
    +--------------------------------+----------------------+---------+-------+----+----+
    |            Instance            |        Module        | BRAM_18K| DSP48E| FF | LUT|
    +--------------------------------+----------------------+---------+-------+----+----+
    |grp_bno055_uart_wait_tmr_fu_71  |bno055_uart_wait_tmr  |        0|      0|  30|  68|
    +--------------------------------+----------------------+---------+-------+----+----+
    |Total                           |                      |        0|      0|  30|  68|
    +--------------------------------+----------------------+---------+-------+----+----+

    * DSP48: 
    N/A

    * Memory: 
    N/A

    * FIFO: 
    N/A

    * Expression: 
    +-------------------+----------+-------+---+----+------------+------------+
    |   Variable Name   | Operation| DSP48E| FF| LUT| Bitwidth P0| Bitwidth P1|
    +-------------------+----------+-------+---+----+------------+------------+
    |i_1_fu_85_p2       |     +    |      0|  0|   4|           4|           1|
    |exitcond_fu_79_p2  |   icmp   |      0|  0|   2|           4|           5|
    +-------------------+----------+-------+---+----+------------+------------+
    |Total              |          |      0|  0|   6|           8|           6|
    +-------------------+----------+-------+---+----+------------+------------+

    * Multiplexer: 
    +------------------------+----+-----------+-----+-----------+
    |          Name          | LUT| Input Size| Bits| Total Bits|
    +------------------------+----+-----------+-----+-----------+
    |ap_NS_fsm               |   4|         10|    1|         10|
    |dummy_tmr_out_o         |   1|          2|    1|          2|
    |dummy_tmr_out_o_ap_vld  |   1|          2|    1|          2|
    |i_reg_51                |   4|          2|    4|          8|
    |p_Val2_s_reg_62         |   8|          2|    8|         16|
    |uart_tx                 |   1|          4|    1|          4|
    +------------------------+----+-----------+-----+-----------+
    |Total                   |  19|         22|   16|         42|
    +------------------------+----+-----------+-----+-----------+

    * Register: 
    +------------------------------------------------+---+----+-----+-----------+
    |                      Name                      | FF| LUT| Bits| Const Bits|
    +------------------------------------------------+---+----+-----+-----------+
    |ap_CS_fsm                                       |  9|   0|    9|          0|
    |ap_reg_grp_bno055_uart_wait_tmr_fu_71_ap_start  |  1|   0|    1|          0|
    |i_1_reg_118                                     |  4|   0|    4|          0|
    |i_reg_51                                        |  4|   0|    4|          0|
    |p_Val2_s_reg_62                                 |  8|   0|    8|          0|
    |tmp_reg_123                                     |  7|   0|    8|          1|
    +------------------------------------------------+---+----+-----+-----------+
    |Total                                           | 33|   0|   34|          1|
    +------------------------------------------------+---+----+-----+-----------+



================================================================
== Interface
================================================================
* Summary: 
+------------------------+-----+-----+------------+----------------------------+--------------+
|        RTL Ports       | Dir | Bits|  Protocol  |        Source Object       |    C Type    |
+------------------------+-----+-----+------------+----------------------------+--------------+
|ap_clk                  |  in |    1| ap_ctrl_hs | bno055_uart_uart_send_byte | return value |
|ap_rst                  |  in |    1| ap_ctrl_hs | bno055_uart_uart_send_byte | return value |
|ap_start                |  in |    1| ap_ctrl_hs | bno055_uart_uart_send_byte | return value |
|ap_done                 | out |    1| ap_ctrl_hs | bno055_uart_uart_send_byte | return value |
|ap_idle                 | out |    1| ap_ctrl_hs | bno055_uart_uart_send_byte | return value |
|ap_ready                | out |    1| ap_ctrl_hs | bno055_uart_uart_send_byte | return value |
|data                    |  in |    8|   ap_none  |            data            |    scalar    |
|uart_tx                 | out |    1|   ap_vld   |           uart_tx          |    pointer   |
|uart_tx_ap_vld          | out |    1|   ap_vld   |           uart_tx          |    pointer   |
|dummy_tmr_out_i         |  in |    1|   ap_ovld  |        dummy_tmr_out       |    pointer   |
|dummy_tmr_out_o         | out |    1|   ap_ovld  |        dummy_tmr_out       |    pointer   |
|dummy_tmr_out_o_ap_vld  | out |    1|   ap_ovld  |        dummy_tmr_out       |    pointer   |
+------------------------+-----+-----+------------+----------------------------+--------------+

============================================================
+ Verbose Summary: Synthesis Manager
============================================================
InlineROM: 1
ExposeGlobal: 0
============================================================
+ Verbose Summary: CDFG Model
============================================================
IsTopModel: 0
ResetActiveHigh: 1
IsCombinational: 2
IsDatapathOnly: 2
HasWiredReturn: 1
HasMFsm: 0
HasVarLatency: 1
IsPipeline: 0
IsRtlPipelined: 0
IsInstanceOverlapped: 0
IsDontTouch: 0
HasImplIP: 0
IsGatedGlobalClock: 0


============================================================
+ Verbose Summary: Schedule
============================================================
* Number of FSM states: 9
* Pipeline: 0
* Dataflow Pipeline: 0

* FSM state transitions: 
1 --> 
	2  / true
2 --> 
	3  / true
3 --> 
	4  / true
4 --> 
	5  / true
5 --> 
	6  / (!exitcond)
	8  / (exitcond)
6 --> 
	7  / true
7 --> 
	5  / true
8 --> 
	9  / true
9 --> 
* FSM state operations: 

 <State 1>: 1.28ns
ST_1: data_read [1/1] 1.28ns
:0  %data_read = call i8 @_ssdm_op_Read.ap_auto.i8(i8 %data) nounwind


 <State 2>: 0.00ns
ST_2: stg_11 [1/1] 0.00ns
:1  call void (...)* @_ssdm_op_Wait(i32 1)

ST_2: stg_12 [1/1] 0.00ns
:2  call void @_ssdm_op_Write.ap_none.volatile.i1P(i1* @uart_tx, i1 false) nounwind


 <State 3>: 2.65ns
ST_3: stg_13 [1/1] 0.00ns
:3  call void (...)* @_ssdm_op_Wait(i32 1)

ST_3: stg_14 [2/2] 2.65ns
:4  call fastcc void @bno055_uart_wait_tmr(i28 868) nounwind


 <State 4>: 2.65ns
ST_4: stg_15 [1/2] 2.65ns
:4  call fastcc void @bno055_uart_wait_tmr(i28 868) nounwind

ST_4: stg_16 [1/1] 0.00ns
:5  call void (...)* @_ssdm_op_Wait(i32 1)

ST_4: stg_17 [1/1] 1.57ns
:6  br label %1


 <State 5>: 2.33ns
ST_5: i [1/1] 0.00ns
:0  %i = phi i4 [ 0, %0 ], [ %i_1, %2 ]

ST_5: p_Val2_s [1/1] 0.00ns
:1  %p_Val2_s = phi i8 [ %data_read, %0 ], [ %tmp, %2 ]

ST_5: exitcond [1/1] 2.33ns
:2  %exitcond = icmp eq i4 %i, -8

ST_5: empty [1/1] 0.00ns
:3  %empty = call i32 (...)* @_ssdm_op_SpecLoopTripCount(i64 8, i64 8, i64 8) nounwind

ST_5: i_1 [1/1] 0.75ns
:4  %i_1 = add i4 %i, 1

ST_5: stg_23 [1/1] 0.00ns
:5  br i1 %exitcond, label %3, label %2

ST_5: dt [1/1] 0.00ns
:0  %dt = trunc i8 %p_Val2_s to i1

ST_5: data_assign [1/1] 0.00ns
:1  %data_assign = call i7 @_ssdm_op_PartSelect.i7.i8.i32.i32(i8 %p_Val2_s, i32 1, i32 7)

ST_5: tmp [1/1] 0.00ns
:2  %tmp = zext i7 %data_assign to i8

ST_5: stg_27 [1/1] 0.00ns
:3  call void (...)* @_ssdm_op_Wait(i32 1)

ST_5: stg_28 [1/1] 0.00ns
:4  call void @_ssdm_op_Write.ap_none.volatile.i1P(i1* @uart_tx, i1 %dt) nounwind

ST_5: stg_29 [1/1] 0.00ns
:0  call void (...)* @_ssdm_op_Wait(i32 1)

ST_5: stg_30 [1/1] 0.00ns
:1  call void @_ssdm_op_Write.ap_none.volatile.i1P(i1* @uart_tx, i1 true) nounwind


 <State 6>: 2.65ns
ST_6: stg_31 [1/1] 0.00ns
:5  call void (...)* @_ssdm_op_Wait(i32 1)

ST_6: stg_32 [2/2] 2.65ns
:6  call fastcc void @bno055_uart_wait_tmr(i28 868) nounwind


 <State 7>: 2.65ns
ST_7: stg_33 [1/2] 2.65ns
:6  call fastcc void @bno055_uart_wait_tmr(i28 868) nounwind

ST_7: stg_34 [1/1] 0.00ns
:7  call void (...)* @_ssdm_op_Wait(i32 1)

ST_7: stg_35 [1/1] 0.00ns
:8  br label %1


 <State 8>: 2.65ns
ST_8: stg_36 [1/1] 0.00ns
:2  call void (...)* @_ssdm_op_Wait(i32 1)

ST_8: stg_37 [2/2] 2.65ns
:3  call fastcc void @bno055_uart_wait_tmr(i28 868) nounwind


 <State 9>: 2.65ns
ST_9: stg_38 [1/2] 2.65ns
:3  call fastcc void @bno055_uart_wait_tmr(i28 868) nounwind

ST_9: stg_39 [1/1] 0.00ns
:4  call void (...)* @_ssdm_op_Wait(i32 1)

ST_9: stg_40 [1/1] 0.00ns
:5  ret void



============================================================
+ Verbose Summary: Binding
============================================================
STG Binding: 
---------------- STG Properties BEGIN ----------------
- Is combinational: 0
- Is one-state seq: 0
- Is datapath-only: 0
- Is clock enabled: 0
- Is pipelined: 0
- Is top level: 0
Port [ Return ] is wired: 1; IO mode=ap_ctrl_hs:ce=0
Port [ data]:  wired=1; compound=0; hidden=0; nouse=0; global=0; static=0; extern=0; dir=0; type=0; pingpong=0; private_global=0; IO mode=ap_none:ce=0
Port [ uart_tx]:  wired=1; compound=0; hidden=0; nouse=0; global=1; static=0; extern=0; dir=1; type=0; pingpong=0; private_global=0; linkage=15; visibility=0; IO mode=ap_vld:ce=0
Port [ dummy_tmr_out]:  wired=1; compound=0; hidden=0; nouse=0; global=1; static=0; extern=0; dir=2; type=0; pingpong=0; private_global=0; linkage=0; visibility=0; IO mode=ap_ovld:ce=0
---------------- STG Properties END ------------------

---------------- Datapath Model BEGIN ----------------

<LifeTime>
<method=bitvector/>
data_read   (read             ) [ 0011111100]
stg_11      (wait             ) [ 0000000000]
stg_12      (write            ) [ 0000000000]
stg_13      (wait             ) [ 0000000000]
stg_15      (call             ) [ 0000000000]
stg_16      (wait             ) [ 0000000000]
stg_17      (br               ) [ 0000111100]
i           (phi              ) [ 0000010000]
p_Val2_s    (phi              ) [ 0000010000]
exitcond    (icmp             ) [ 0000011100]
empty       (speclooptripcount) [ 0000000000]
i_1         (add              ) [ 0000111100]
stg_23      (br               ) [ 0000000000]
dt          (trunc            ) [ 0000000000]
data_assign (partselect       ) [ 0000000000]
tmp         (zext             ) [ 0000111100]
stg_27      (wait             ) [ 0000000000]
stg_28      (write            ) [ 0000000000]
stg_29      (wait             ) [ 0000000000]
stg_30      (write            ) [ 0000000000]
stg_31      (wait             ) [ 0000000000]
stg_33      (call             ) [ 0000000000]
stg_34      (wait             ) [ 0000000000]
stg_35      (br               ) [ 0000111100]
stg_36      (wait             ) [ 0000000000]
stg_38      (call             ) [ 0000000000]
stg_39      (wait             ) [ 0000000000]
stg_40      (ret              ) [ 0000000000]
</LifeTime>

<model>

<comp_list>
<comp id="0" class="1000" name="data">
<pin_list>
<pin id="1" dir="1" index="0" bw="1" slack="0"/>
</pin_list>
<bind>
<StgValue><ssdm name="data"/></StgValue>
</bind>
</comp>

<comp id="2" class="1000" name="uart_tx">
<pin_list>
<pin id="3" dir="1" index="0" bw="1" slack="0"/>
</pin_list>
<bind>
<StgValue><ssdm name="uart_tx"/></StgValue>
</bind>
</comp>

<comp id="4" class="1000" name="dummy_tmr_out">
<pin_list>
<pin id="5" dir="1" index="0" bw="1" slack="0"/>
</pin_list>
<bind>
<StgValue><ssdm name="dummy_tmr_out"/></StgValue>
</bind>
</comp>

<comp id="6" class="1001" name="const_6">
<pin_list>
<pin id="7" dir="1" index="0" bw="1" slack="0"/>
</pin_list>
<bind>
<StgValue><ssdm name="_ssdm_op_Read.ap_auto.i8"/></StgValue>
</bind>
</comp>

<comp id="8" class="1001" name="const_8">
<pin_list>
<pin id="9" dir="1" index="0" bw="1" slack="2147483647"/>
</pin_list>
<bind>
<StgValue><ssdm name="_ssdm_op_Wait"/></StgValue>
</bind>
</comp>

<comp id="10" class="1001" name="const_10">
<pin_list>
<pin id="11" dir="1" index="0" bw="1" slack="0"/>
</pin_list>
<bind>
<StgValue><ssdm name=""/></StgValue>
</bind>
</comp>

<comp id="12" class="1001" name="const_12">
<pin_list>
<pin id="13" dir="1" index="0" bw="1" slack="0"/>
</pin_list>
<bind>
<StgValue><ssdm name="_ssdm_op_Write.ap_none.volatile.i1P"/></StgValue>
</bind>
</comp>

<comp id="14" class="1001" name="const_14">
<pin_list>
<pin id="15" dir="1" index="0" bw="1" slack="0"/>
</pin_list>
<bind>
<StgValue><ssdm name=""/></StgValue>
</bind>
</comp>

<comp id="16" class="1001" name="const_16">
<pin_list>
<pin id="17" dir="1" index="0" bw="1" slack="0"/>
</pin_list>
<bind>
<StgValue><ssdm name="bno055_uart_wait_tmr"/></StgValue>
</bind>
</comp>

<comp id="18" class="1001" name="const_18">
<pin_list>
<pin id="19" dir="1" index="0" bw="1" slack="0"/>
</pin_list>
<bind>
<StgValue><ssdm name=""/></StgValue>
</bind>
</comp>

<comp id="20" class="1001" name="const_20">
<pin_list>
<pin id="21" dir="1" index="0" bw="1" slack="1"/>
</pin_list>
<bind>
<StgValue><ssdm name=""/></StgValue>
</bind>
</comp>

<comp id="22" class="1001" name="const_22">
<pin_list>
<pin id="23" dir="1" index="0" bw="1" slack="0"/>
</pin_list>
<bind>
<StgValue><ssdm name=""/></StgValue>
</bind>
</comp>

<comp id="24" class="1001" name="const_24">
<pin_list>
<pin id="25" dir="1" index="0" bw="1" slack="2147483647"/>
</pin_list>
<bind>
<StgValue><ssdm name="_ssdm_op_SpecLoopTripCount"/></StgValue>
</bind>
</comp>

<comp id="26" class="1001" name="const_26">
<pin_list>
<pin id="27" dir="1" index="0" bw="1" slack="2147483647"/>
</pin_list>
<bind>
<StgValue><ssdm name=""/></StgValue>
</bind>
</comp>

<comp id="28" class="1001" name="const_28">
<pin_list>
<pin id="29" dir="1" index="0" bw="1" slack="0"/>
</pin_list>
<bind>
<StgValue><ssdm name=""/></StgValue>
</bind>
</comp>

<comp id="30" class="1001" name="const_30">
<pin_list>
<pin id="31" dir="1" index="0" bw="1" slack="0"/>
</pin_list>
<bind>
<StgValue><ssdm name="_ssdm_op_PartSelect.i7.i8.i32.i32"/></StgValue>
</bind>
</comp>

<comp id="32" class="1001" name="const_32">
<pin_list>
<pin id="33" dir="1" index="0" bw="1" slack="0"/>
</pin_list>
<bind>
<StgValue><ssdm name=""/></StgValue>
</bind>
</comp>

<comp id="34" class="1001" name="const_34">
<pin_list>
<pin id="35" dir="1" index="0" bw="1" slack="0"/>
</pin_list>
<bind>
<StgValue><ssdm name=""/></StgValue>
</bind>
</comp>

<comp id="36" class="1004" name="data_read_read_fu_36">
<pin_list>
<pin id="37" dir="0" index="0" bw="8" slack="0"/>
<pin id="38" dir="0" index="1" bw="8" slack="0"/>
<pin id="39" dir="1" index="2" bw="8" slack="4"/>
</pin_list>
<bind>
<opcode="read(1150) " fcode="read"/>
<opset="data_read/1 "/>
</bind>
</comp>

<comp id="42" class="1004" name="grp_write_fu_42">
<pin_list>
<pin id="43" dir="0" index="0" bw="0" slack="0"/>
<pin id="44" dir="0" index="1" bw="1" slack="0"/>
<pin id="45" dir="0" index="2" bw="1" slack="0"/>
<pin id="46" dir="1" index="3" bw="0" slack="2147483647"/>
</pin_list>
<bind>
<opcode="write(1151) " fcode="write"/>
<opset="stg_12/2 stg_28/5 stg_30/5 "/>
</bind>
</comp>

<comp id="51" class="1005" name="i_reg_51">
<pin_list>
<pin id="52" dir="0" index="0" bw="4" slack="1"/>
<pin id="53" dir="1" index="1" bw="4" slack="1"/>
</pin_list>
<bind>
<opset="i (phireg) "/>
</bind>
</comp>

<comp id="55" class="1004" name="i_phi_fu_55">
<pin_list>
<pin id="56" dir="0" index="0" bw="1" slack="1"/>
<pin id="57" dir="0" index="1" bw="0" slack="2147483647"/>
<pin id="58" dir="0" index="2" bw="4" slack="0"/>
<pin id="59" dir="0" index="3" bw="0" slack="2147483647"/>
<pin id="60" dir="1" index="4" bw="4" slack="0"/>
</pin_list>
<bind>
<opcode="phi(47) " fcode="phi"/>
<opset="i/5 "/>
</bind>
</comp>

<comp id="62" class="1005" name="p_Val2_s_reg_62">
<pin_list>
<pin id="63" dir="0" index="0" bw="8" slack="2147483647"/>
<pin id="64" dir="1" index="1" bw="8" slack="2147483647"/>
</pin_list>
<bind>
<opset="p_Val2_s (phireg) "/>
</bind>
</comp>

<comp id="65" class="1004" name="p_Val2_s_phi_fu_65">
<pin_list>
<pin id="66" dir="0" index="0" bw="8" slack="4"/>
<pin id="67" dir="0" index="1" bw="0" slack="2147483647"/>
<pin id="68" dir="0" index="2" bw="7" slack="0"/>
<pin id="69" dir="0" index="3" bw="0" slack="2147483647"/>
<pin id="70" dir="1" index="4" bw="8" slack="0"/>
</pin_list>
<bind>
<opcode="phi(47) " fcode="phi"/>
<opset="p_Val2_s/5 "/>
</bind>
</comp>

<comp id="71" class="1004" name="grp_bno055_uart_wait_tmr_fu_71">
<pin_list>
<pin id="72" dir="0" index="0" bw="0" slack="0"/>
<pin id="73" dir="0" index="1" bw="11" slack="0"/>
<pin id="74" dir="0" index="2" bw="1" slack="0"/>
<pin id="75" dir="1" index="3" bw="0" slack="2147483647"/>
</pin_list>
<bind>
<opcode="call(48) " fcode="call"/>
<opset="stg_14/3 stg_32/6 stg_37/8 "/>
</bind>
</comp>

<comp id="79" class="1004" name="exitcond_fu_79">
<pin_list>
<pin id="80" dir="0" index="0" bw="4" slack="0"/>
<pin id="81" dir="0" index="1" bw="4" slack="0"/>
<pin id="82" dir="1" index="2" bw="1" slack="2147483647"/>
</pin_list>
<bind>
<opcode="icmp(45) " fcode="icmp"/>
<opset="exitcond/5 "/>
</bind>
</comp>

<comp id="85" class="1004" name="i_1_fu_85">
<pin_list>
<pin id="86" dir="0" index="0" bw="4" slack="0"/>
<pin id="87" dir="0" index="1" bw="1" slack="0"/>
<pin id="88" dir="1" index="2" bw="4" slack="0"/>
</pin_list>
<bind>
<opcode="add(8) " fcode="add"/>
<opset="i_1/5 "/>
</bind>
</comp>

<comp id="91" class="1004" name="dt_fu_91">
<pin_list>
<pin id="92" dir="0" index="0" bw="8" slack="0"/>
<pin id="93" dir="1" index="1" bw="1" slack="0"/>
</pin_list>
<bind>
<opcode="trunc(33) " fcode="trunc"/>
<opset="dt/5 "/>
</bind>
</comp>

<comp id="96" class="1004" name="data_assign_fu_96">
<pin_list>
<pin id="97" dir="0" index="0" bw="7" slack="0"/>
<pin id="98" dir="0" index="1" bw="8" slack="0"/>
<pin id="99" dir="0" index="2" bw="1" slack="0"/>
<pin id="100" dir="0" index="3" bw="4" slack="0"/>
<pin id="101" dir="1" index="4" bw="7" slack="0"/>
</pin_list>
<bind>
<opcode="partselect(1002) " fcode="partselect"/>
<opset="data_assign/5 "/>
</bind>
</comp>

<comp id="106" class="1004" name="tmp_fu_106">
<pin_list>
<pin id="107" dir="0" index="0" bw="7" slack="0"/>
<pin id="108" dir="1" index="1" bw="8" slack="0"/>
</pin_list>
<bind>
<opcode="zext(34) " fcode="zext"/>
<opset="tmp/5 "/>
</bind>
</comp>

<comp id="110" class="1005" name="data_read_reg_110">
<pin_list>
<pin id="111" dir="0" index="0" bw="8" slack="4"/>
<pin id="112" dir="1" index="1" bw="8" slack="4"/>
</pin_list>
<bind>
<opset="data_read "/>
</bind>
</comp>

<comp id="118" class="1005" name="i_1_reg_118">
<pin_list>
<pin id="119" dir="0" index="0" bw="4" slack="0"/>
<pin id="120" dir="1" index="1" bw="4" slack="0"/>
</pin_list>
<bind>
<opset="i_1 "/>
</bind>
</comp>

<comp id="123" class="1005" name="tmp_reg_123">
<pin_list>
<pin id="124" dir="0" index="0" bw="8" slack="0"/>
<pin id="125" dir="1" index="1" bw="8" slack="0"/>
</pin_list>
<bind>
<opset="tmp "/>
</bind>
</comp>

</comp_list>

<net_list>
<net id="40"><net_src comp="6" pin="0"/><net_sink comp="36" pin=0"/></net>

<net id="41"><net_src comp="0" pin="0"/><net_sink comp="36" pin=1"/></net>

<net id="47"><net_src comp="12" pin="0"/><net_sink comp="42" pin=0"/></net>

<net id="48"><net_src comp="2" pin="0"/><net_sink comp="42" pin=1"/></net>

<net id="49"><net_src comp="14" pin="0"/><net_sink comp="42" pin=2"/></net>

<net id="50"><net_src comp="34" pin="0"/><net_sink comp="42" pin=2"/></net>

<net id="54"><net_src comp="20" pin="0"/><net_sink comp="51" pin=0"/></net>

<net id="61"><net_src comp="51" pin="1"/><net_sink comp="55" pin=0"/></net>

<net id="76"><net_src comp="16" pin="0"/><net_sink comp="71" pin=0"/></net>

<net id="77"><net_src comp="18" pin="0"/><net_sink comp="71" pin=1"/></net>

<net id="78"><net_src comp="4" pin="0"/><net_sink comp="71" pin=2"/></net>

<net id="83"><net_src comp="55" pin="4"/><net_sink comp="79" pin=0"/></net>

<net id="84"><net_src comp="22" pin="0"/><net_sink comp="79" pin=1"/></net>

<net id="89"><net_src comp="55" pin="4"/><net_sink comp="85" pin=0"/></net>

<net id="90"><net_src comp="28" pin="0"/><net_sink comp="85" pin=1"/></net>

<net id="94"><net_src comp="65" pin="4"/><net_sink comp="91" pin=0"/></net>

<net id="95"><net_src comp="91" pin="1"/><net_sink comp="42" pin=2"/></net>

<net id="102"><net_src comp="30" pin="0"/><net_sink comp="96" pin=0"/></net>

<net id="103"><net_src comp="65" pin="4"/><net_sink comp="96" pin=1"/></net>

<net id="104"><net_src comp="10" pin="0"/><net_sink comp="96" pin=2"/></net>

<net id="105"><net_src comp="32" pin="0"/><net_sink comp="96" pin=3"/></net>

<net id="109"><net_src comp="96" pin="4"/><net_sink comp="106" pin=0"/></net>

<net id="113"><net_src comp="36" pin="2"/><net_sink comp="110" pin=0"/></net>

<net id="114"><net_src comp="110" pin="1"/><net_sink comp="65" pin=0"/></net>

<net id="121"><net_src comp="85" pin="2"/><net_sink comp="118" pin=0"/></net>

<net id="122"><net_src comp="118" pin="1"/><net_sink comp="55" pin=2"/></net>

<net id="126"><net_src comp="106" pin="1"/><net_sink comp="123" pin=0"/></net>

<net id="127"><net_src comp="123" pin="1"/><net_sink comp="65" pin=2"/></net>

</net_list>

</model> 
---------------- Datapath Model END ------------------

* FSMD analyzer results:
  - Output states:
	Port: uart_tx | {2 5 }
	Port: dummy_tmr_out | {3 4 6 7 8 9 }
 - Input state : 
	Port: bno055_uart_uart_send_byte : data | {1 }
	Port: bno055_uart_uart_send_byte : uart_tx | {}
	Port: bno055_uart_uart_send_byte : dummy_tmr_out | {3 4 6 7 8 9 }
  - Chain level:
	State 1
	State 2
	State 3
	State 4
	State 5
		exitcond : 1
		i_1 : 1
		stg_23 : 2
		dt : 1
		data_assign : 1
		tmp : 2
		stg_28 : 2
	State 6
	State 7
	State 8
	State 9


============================================================
+ Verbose Summary: Datapath Resource usage 
============================================================

* Functional unit list:
|----------|--------------------------------|---------|---------|
| Operation|         Functional Unit        |    FF   |   LUT   |
|----------|--------------------------------|---------|---------|
|   call   | grp_bno055_uart_wait_tmr_fu_71 |    82   |    38   |
|----------|--------------------------------|---------|---------|
|    add   |            i_1_fu_85           |    0    |    4    |
|----------|--------------------------------|---------|---------|
|   icmp   |         exitcond_fu_79         |    0    |    2    |
|----------|--------------------------------|---------|---------|
|   read   |      data_read_read_fu_36      |    0    |    0    |
|----------|--------------------------------|---------|---------|
|   write  |         grp_write_fu_42        |    0    |    0    |
|----------|--------------------------------|---------|---------|
|   trunc  |            dt_fu_91            |    0    |    0    |
|----------|--------------------------------|---------|---------|
|partselect|        data_assign_fu_96       |    0    |    0    |
|----------|--------------------------------|---------|---------|
|   zext   |           tmp_fu_106           |    0    |    0    |
|----------|--------------------------------|---------|---------|
|   Total  |                                |    82   |    44   |
|----------|--------------------------------|---------|---------|

Memories:
N/A

* Register list:
+-----------------+--------+
|                 |   FF   |
+-----------------+--------+
|data_read_reg_110|    8   |
|   i_1_reg_118   |    4   |
|     i_reg_51    |    4   |
| p_Val2_s_reg_62 |    8   |
|   tmp_reg_123   |    8   |
+-----------------+--------+
|      Total      |   32   |
+-----------------+--------+

* Multiplexer (MUX) list: 
|-----------------|------|------|------|--------||---------||---------|
|       Comp      |  Pin | Size |  BW  | S x BW ||  Delay  ||   LUT   |
|-----------------|------|------|------|--------||---------||---------|
| grp_write_fu_42 |  p2  |   3  |   1  |    3   ||    1    |
|-----------------|------|------|------|--------||---------||---------|
|      Total      |      |      |      |    3   ||  1.571  ||    1    |
|-----------------|------|------|------|--------||---------||---------|



* Summary:
+-----------+--------+--------+--------+
|           |  Delay |   FF   |   LUT  |
+-----------+--------+--------+--------+
|  Function |    -   |   82   |   44   |
|   Memory  |    -   |    -   |    -   |
|Multiplexer|    1   |    -   |    1   |
|  Register |    -   |   32   |    -   |
+-----------+--------+--------+--------+
|   Total   |    1   |   114  |   45   |
+-----------+--------+--------+--------+
