

================================================================
== Vivado HLS Report for 'bno055_uart_uart_write_reg'
================================================================
* Date:           Fri May 27 17:23:03 2016

* Version:        2016.1 (Build 1538259 on Fri Apr 08 16:12:49 MDT 2016)
* Project:        bno055_uart
* Solution:       solution1
* Product family: artix7
* Target device:  xc7a35ticsg324-1l


================================================================
== Performance Estimates
================================================================
+ Timing (ns): 
    * Summary: 
    +--------+-------+----------+------------+
    |  Clock | Target| Estimated| Uncertainty|
    +--------+-------+----------+------------+
    |ap_clk  |  10.00|      3.72|        1.25|
    +--------+-------+----------+------------+

+ Latency (clock cycles): 
    * Summary: 
    +-----+-----+-----+-----+---------+
    |  Latency  |  Interval | Pipeline|
    | min | max | min | max |   Type  |
    +-----+-----+-----+-----+---------+
    |    ?|    ?|    ?|    ?|   none  |
    +-----+-----+-----+-----+---------+

    + Detail: 
        * Instance: 
        N/A

        * Loop: 
        N/A

============================================================
+ Verbose Summary: Synthesis Manager
============================================================
InlineROM: 1
ExposeGlobal: 0
============================================================
+ Verbose Summary: CDFG Model
============================================================
IsTopModel: 0
ResetActiveHigh: 1
IsCombinational: 0
IsDatapathOnly: 0
HasWiredReturn: 1
HasMFsm: 0
HasVarLatency: 1
IsPipeline: 0
IsRtlPipelined: 0
IsInstanceOverlapped: 0
IsDontTouch: 0
HasImplIP: 0
IsGatedGlobalClock: 0


============================================================
+ Verbose Summary: Schedule
============================================================
* Number of FSM states: 16
* Pipeline: 0
* Dataflow Pipeline: 0

* FSM state transitions: 
1 --> 
	2  / true
2 --> 
	3  / true
3 --> 
	4  / true
4 --> 
	5  / true
5 --> 
	6  / true
6 --> 
	7  / true
7 --> 
	8  / true
8 --> 
	9  / true
9 --> 
	10  / true
10 --> 
	11  / true
11 --> 
	12  / true
12 --> 
	13  / true
13 --> 
	14  / true
14 --> 
	15  / true
15 --> 
	16  / true
16 --> 
* FSM state operations: 

 <State 1>: 2.44ns
ST_1: stg_17 [2/2] 2.44ns
:3  call fastcc void @bno055_uart_uart_send_byte(i8 zeroext -86)


 <State 2>: 0.00ns
ST_2: stg_18 [1/2] 0.00ns
:3  call fastcc void @bno055_uart_uart_send_byte(i8 zeroext -86)


 <State 3>: 2.44ns
ST_3: stg_19 [2/2] 2.44ns
:5  call fastcc void @bno055_uart_uart_send_byte(i8 zeroext 0)


 <State 4>: 0.00ns
ST_4: stg_20 [1/2] 0.00ns
:5  call fastcc void @bno055_uart_uart_send_byte(i8 zeroext 0)


 <State 5>: 3.72ns
ST_5: reg_addr_read [1/1] 1.28ns
:1  %reg_addr_read = call i7 @_ssdm_op_Read.ap_auto.i7(i7 %reg_addr)

ST_5: reg_addr_cast [1/1] 0.00ns
:2  %reg_addr_cast = zext i7 %reg_addr_read to i8

ST_5: stg_23 [2/2] 2.44ns
:7  call fastcc void @bno055_uart_uart_send_byte(i8 zeroext %reg_addr_cast)


 <State 6>: 0.00ns
ST_6: stg_24 [1/2] 0.00ns
:7  call fastcc void @bno055_uart_uart_send_byte(i8 zeroext %reg_addr_cast)


 <State 7>: 2.44ns
ST_7: stg_25 [2/2] 2.44ns
:9  call fastcc void @bno055_uart_uart_send_byte(i8 zeroext 1)


 <State 8>: 1.28ns
ST_8: data_read [1/1] 1.28ns
:0  %data_read = call i8 @_ssdm_op_Read.ap_auto.i8(i8 %data)

ST_8: stg_27 [1/2] 0.00ns
:9  call fastcc void @bno055_uart_uart_send_byte(i8 zeroext 1)


 <State 9>: 2.44ns
ST_9: stg_28 [1/1] 0.00ns
:4  call void (...)* @_ssdm_op_Wait(i32 1)

ST_9: stg_29 [2/2] 2.44ns
:11  call fastcc void @bno055_uart_uart_send_byte(i8 zeroext %data_read)


 <State 10>: 0.00ns
ST_10: stg_30 [1/1] 0.00ns
:6  call void (...)* @_ssdm_op_Wait(i32 1)

ST_10: stg_31 [1/2] 0.00ns
:11  call fastcc void @bno055_uart_uart_send_byte(i8 zeroext %data_read)


 <State 11>: 2.65ns
ST_11: stg_32 [1/1] 0.00ns
:8  call void (...)* @_ssdm_op_Wait(i32 1)

ST_11: stg_33 [2/2] 2.65ns
:13  call fastcc void @bno055_uart_wait_tmr(i28 1)


 <State 12>: 2.65ns
ST_12: stg_34 [1/1] 0.00ns
:10  call void (...)* @_ssdm_op_Wait(i32 1)

ST_12: stg_35 [1/2] 2.65ns
:13  call fastcc void @bno055_uart_wait_tmr(i28 1)


 <State 13>: 0.00ns
ST_13: stg_36 [1/1] 0.00ns
:12  call void (...)* @_ssdm_op_Wait(i32 1)

ST_13: empty [2/2] 0.00ns
:15  %empty = call fastcc zeroext i8 @bno055_uart_uart_receive_byte()


 <State 14>: 0.00ns
ST_14: stg_38 [1/1] 0.00ns
:14  call void (...)* @_ssdm_op_Wait(i32 1)

ST_14: empty [1/2] 0.00ns
:15  %empty = call fastcc zeroext i8 @bno055_uart_uart_receive_byte()


 <State 15>: 0.00ns
ST_15: stg_40 [1/1] 0.00ns
:16  call void (...)* @_ssdm_op_Wait(i32 1)

ST_15: empty_8 [2/2] 0.00ns
:17  %empty_8 = call fastcc zeroext i8 @bno055_uart_uart_receive_byte()


 <State 16>: 0.00ns
ST_16: empty_8 [1/2] 0.00ns
:17  %empty_8 = call fastcc zeroext i8 @bno055_uart_uart_receive_byte()

ST_16: stg_43 [1/1] 0.00ns
:18  call void (...)* @_ssdm_op_Wait(i32 1)

ST_16: stg_44 [1/1] 0.00ns
:19  ret void



============================================================
+ Verbose Summary: Binding
============================================================
STG Binding: 
---------------- STG Properties BEGIN ----------------
- Is combinational: 0
- Is one-state seq: 0
- Is datapath-only: 0
- Is clock enabled: 0
- Is pipelined: 0
- Is top level: 0
Port [ Return ] is wired: 1; IO mode=ap_ctrl_hs:ce=0
Port [ reg_addr]:  wired=1; compound=0; hidden=0; nouse=0; global=0; static=0; extern=0; dir=0; type=0; pingpong=0; private_global=0; IO mode=ap_none:ce=0
Port [ data]:  wired=1; compound=0; hidden=0; nouse=0; global=0; static=0; extern=0; dir=0; type=0; pingpong=0; private_global=0; IO mode=ap_none:ce=0
Port [ uart_tx]:  wired=1; compound=0; hidden=0; nouse=0; global=1; static=0; extern=0; dir=1; type=0; pingpong=0; private_global=0; linkage=15; visibility=0; IO mode=ap_vld:ce=0
Port [ dummy_tmr_out]:  wired=1; compound=0; hidden=0; nouse=0; global=1; static=0; extern=0; dir=2; type=0; pingpong=0; private_global=0; linkage=0; visibility=0; IO mode=ap_ovld:ce=0
Port [ uart_rx]:  wired=1; compound=0; hidden=0; nouse=0; global=1; static=0; extern=0; dir=0; type=0; pingpong=0; private_global=0; linkage=15; visibility=0; IO mode=ap_none:ce=0
---------------- STG Properties END ------------------

---------------- Datapath Model BEGIN ----------------

<LifeTime>
<method=bitvector/>
stg_18        (call) [ 00000000000000000]
stg_20        (call) [ 00000000000000000]
reg_addr_read (read) [ 00000000000000000]
reg_addr_cast (zext) [ 00000010000000000]
stg_24        (call) [ 00000000000000000]
data_read     (read) [ 00000000011000000]
stg_27        (call) [ 00000000000000000]
stg_28        (wait) [ 00000000000000000]
stg_30        (wait) [ 00000000000000000]
stg_31        (call) [ 00000000000000000]
stg_32        (wait) [ 00000000000000000]
stg_34        (wait) [ 00000000000000000]
stg_35        (call) [ 00000000000000000]
stg_36        (wait) [ 00000000000000000]
stg_38        (wait) [ 00000000000000000]
empty         (call) [ 00000000000000000]
stg_40        (wait) [ 00000000000000000]
empty_8       (call) [ 00000000000000000]
stg_43        (wait) [ 00000000000000000]
stg_44        (ret ) [ 00000000000000000]
</LifeTime>

<model>

<comp_list>
<comp id="0" class="1000" name="reg_addr">
<pin_list>
<pin id="1" dir="1" index="0" bw="1" slack="0"/>
</pin_list>
<bind>
<StgValue><ssdm name="reg_addr"/></StgValue>
</bind>
</comp>

<comp id="2" class="1000" name="data">
<pin_list>
<pin id="3" dir="1" index="0" bw="1" slack="0"/>
</pin_list>
<bind>
<StgValue><ssdm name="data"/></StgValue>
</bind>
</comp>

<comp id="4" class="1000" name="uart_tx">
<pin_list>
<pin id="5" dir="1" index="0" bw="1" slack="0"/>
</pin_list>
<bind>
<StgValue><ssdm name="uart_tx"/></StgValue>
</bind>
</comp>

<comp id="6" class="1000" name="dummy_tmr_out">
<pin_list>
<pin id="7" dir="1" index="0" bw="1" slack="0"/>
</pin_list>
<bind>
<StgValue><ssdm name="dummy_tmr_out"/></StgValue>
</bind>
</comp>

<comp id="8" class="1000" name="uart_rx">
<pin_list>
<pin id="9" dir="1" index="0" bw="1" slack="0"/>
</pin_list>
<bind>
<StgValue><ssdm name="uart_rx"/></StgValue>
</bind>
</comp>

<comp id="10" class="1001" name="const_10">
<pin_list>
<pin id="11" dir="1" index="0" bw="1" slack="0"/>
</pin_list>
<bind>
<StgValue><ssdm name="bno055_uart_uart_send_byte"/></StgValue>
</bind>
</comp>

<comp id="12" class="1001" name="const_12">
<pin_list>
<pin id="13" dir="1" index="0" bw="1" slack="0"/>
</pin_list>
<bind>
<StgValue><ssdm name=""/></StgValue>
</bind>
</comp>

<comp id="14" class="1001" name="const_14">
<pin_list>
<pin id="15" dir="1" index="0" bw="1" slack="0"/>
</pin_list>
<bind>
<StgValue><ssdm name=""/></StgValue>
</bind>
</comp>

<comp id="16" class="1001" name="const_16">
<pin_list>
<pin id="17" dir="1" index="0" bw="1" slack="0"/>
</pin_list>
<bind>
<StgValue><ssdm name="_ssdm_op_Read.ap_auto.i7"/></StgValue>
</bind>
</comp>

<comp id="18" class="1001" name="const_18">
<pin_list>
<pin id="19" dir="1" index="0" bw="1" slack="0"/>
</pin_list>
<bind>
<StgValue><ssdm name=""/></StgValue>
</bind>
</comp>

<comp id="20" class="1001" name="const_20">
<pin_list>
<pin id="21" dir="1" index="0" bw="1" slack="0"/>
</pin_list>
<bind>
<StgValue><ssdm name="_ssdm_op_Read.ap_auto.i8"/></StgValue>
</bind>
</comp>

<comp id="22" class="1001" name="const_22">
<pin_list>
<pin id="23" dir="1" index="0" bw="1" slack="2147483647"/>
</pin_list>
<bind>
<StgValue><ssdm name="_ssdm_op_Wait"/></StgValue>
</bind>
</comp>

<comp id="24" class="1001" name="const_24">
<pin_list>
<pin id="25" dir="1" index="0" bw="1" slack="2147483647"/>
</pin_list>
<bind>
<StgValue><ssdm name=""/></StgValue>
</bind>
</comp>

<comp id="26" class="1001" name="const_26">
<pin_list>
<pin id="27" dir="1" index="0" bw="1" slack="0"/>
</pin_list>
<bind>
<StgValue><ssdm name="bno055_uart_wait_tmr"/></StgValue>
</bind>
</comp>

<comp id="28" class="1001" name="const_28">
<pin_list>
<pin id="29" dir="1" index="0" bw="1" slack="0"/>
</pin_list>
<bind>
<StgValue><ssdm name=""/></StgValue>
</bind>
</comp>

<comp id="30" class="1001" name="const_30">
<pin_list>
<pin id="31" dir="1" index="0" bw="1" slack="0"/>
</pin_list>
<bind>
<StgValue><ssdm name="bno055_uart_uart_receive_byte"/></StgValue>
</bind>
</comp>

<comp id="32" class="1004" name="reg_addr_read_read_fu_32">
<pin_list>
<pin id="33" dir="0" index="0" bw="7" slack="0"/>
<pin id="34" dir="0" index="1" bw="7" slack="0"/>
<pin id="35" dir="1" index="2" bw="7" slack="0"/>
</pin_list>
<bind>
<opcode="read(1150) " fcode="read"/>
<opset="reg_addr_read/5 "/>
</bind>
</comp>

<comp id="38" class="1004" name="data_read_read_fu_38">
<pin_list>
<pin id="39" dir="0" index="0" bw="8" slack="0"/>
<pin id="40" dir="0" index="1" bw="8" slack="0"/>
<pin id="41" dir="1" index="2" bw="8" slack="1"/>
</pin_list>
<bind>
<opcode="read(1150) " fcode="read"/>
<opset="data_read/8 "/>
</bind>
</comp>

<comp id="44" class="1004" name="grp_bno055_uart_uart_receive_byte_fu_44">
<pin_list>
<pin id="45" dir="0" index="0" bw="8" slack="0"/>
<pin id="46" dir="0" index="1" bw="1" slack="0"/>
<pin id="47" dir="0" index="2" bw="1" slack="0"/>
<pin id="48" dir="1" index="3" bw="8" slack="2147483647"/>
</pin_list>
<bind>
<opcode="call(48) " fcode="call"/>
<opset="empty/13 empty_8/15 "/>
</bind>
</comp>

<comp id="52" class="1004" name="grp_bno055_uart_uart_send_byte_fu_52">
<pin_list>
<pin id="53" dir="0" index="0" bw="0" slack="0"/>
<pin id="54" dir="0" index="1" bw="8" slack="0"/>
<pin id="55" dir="0" index="2" bw="1" slack="0"/>
<pin id="56" dir="0" index="3" bw="1" slack="0"/>
<pin id="57" dir="1" index="4" bw="0" slack="2147483647"/>
</pin_list>
<bind>
<opcode="call(48) " fcode="call"/>
<opset="stg_17/1 stg_19/3 stg_23/5 stg_25/7 stg_29/9 "/>
</bind>
</comp>

<comp id="64" class="1004" name="grp_bno055_uart_wait_tmr_fu_64">
<pin_list>
<pin id="65" dir="0" index="0" bw="0" slack="0"/>
<pin id="66" dir="0" index="1" bw="1" slack="0"/>
<pin id="67" dir="0" index="2" bw="1" slack="0"/>
<pin id="68" dir="1" index="3" bw="0" slack="2147483647"/>
</pin_list>
<bind>
<opcode="call(48) " fcode="call"/>
<opset="stg_33/11 "/>
</bind>
</comp>

<comp id="72" class="1004" name="reg_addr_cast_fu_72">
<pin_list>
<pin id="73" dir="0" index="0" bw="7" slack="0"/>
<pin id="74" dir="1" index="1" bw="8" slack="0"/>
</pin_list>
<bind>
<opcode="zext(34) " fcode="zext"/>
<opset="reg_addr_cast/5 "/>
</bind>
</comp>

<comp id="77" class="1005" name="reg_addr_cast_reg_77">
<pin_list>
<pin id="78" dir="0" index="0" bw="8" slack="1"/>
<pin id="79" dir="1" index="1" bw="8" slack="1"/>
</pin_list>
<bind>
<opset="reg_addr_cast "/>
</bind>
</comp>

<comp id="82" class="1005" name="data_read_reg_82">
<pin_list>
<pin id="83" dir="0" index="0" bw="8" slack="1"/>
<pin id="84" dir="1" index="1" bw="8" slack="1"/>
</pin_list>
<bind>
<opset="data_read "/>
</bind>
</comp>

</comp_list>

<net_list>
<net id="36"><net_src comp="16" pin="0"/><net_sink comp="32" pin=0"/></net>

<net id="37"><net_src comp="0" pin="0"/><net_sink comp="32" pin=1"/></net>

<net id="42"><net_src comp="20" pin="0"/><net_sink comp="38" pin=0"/></net>

<net id="43"><net_src comp="2" pin="0"/><net_sink comp="38" pin=1"/></net>

<net id="49"><net_src comp="30" pin="0"/><net_sink comp="44" pin=0"/></net>

<net id="50"><net_src comp="8" pin="0"/><net_sink comp="44" pin=1"/></net>

<net id="51"><net_src comp="6" pin="0"/><net_sink comp="44" pin=2"/></net>

<net id="58"><net_src comp="10" pin="0"/><net_sink comp="52" pin=0"/></net>

<net id="59"><net_src comp="12" pin="0"/><net_sink comp="52" pin=1"/></net>

<net id="60"><net_src comp="4" pin="0"/><net_sink comp="52" pin=2"/></net>

<net id="61"><net_src comp="6" pin="0"/><net_sink comp="52" pin=3"/></net>

<net id="62"><net_src comp="14" pin="0"/><net_sink comp="52" pin=1"/></net>

<net id="63"><net_src comp="18" pin="0"/><net_sink comp="52" pin=1"/></net>

<net id="69"><net_src comp="26" pin="0"/><net_sink comp="64" pin=0"/></net>

<net id="70"><net_src comp="28" pin="0"/><net_sink comp="64" pin=1"/></net>

<net id="71"><net_src comp="6" pin="0"/><net_sink comp="64" pin=2"/></net>

<net id="75"><net_src comp="32" pin="2"/><net_sink comp="72" pin=0"/></net>

<net id="76"><net_src comp="72" pin="1"/><net_sink comp="52" pin=1"/></net>

<net id="80"><net_src comp="72" pin="1"/><net_sink comp="77" pin=0"/></net>

<net id="81"><net_src comp="77" pin="1"/><net_sink comp="52" pin=1"/></net>

<net id="85"><net_src comp="38" pin="2"/><net_sink comp="82" pin=0"/></net>

<net id="86"><net_src comp="82" pin="1"/><net_sink comp="52" pin=1"/></net>

</net_list>

</model> 
---------------- Datapath Model END ------------------

* FSMD analyzer results:
  - Output states:
	Port: uart_tx | {1 2 3 4 5 6 7 8 9 10 }
	Port: dummy_tmr_out | {1 2 3 4 5 6 7 8 9 10 11 12 13 14 15 16 }
 - Input state : 
	Port: bno055_uart_uart_write_reg : reg_addr | {5 }
	Port: bno055_uart_uart_write_reg : data | {8 }
	Port: bno055_uart_uart_write_reg : dummy_tmr_out | {1 2 3 4 5 6 7 8 9 10 11 12 13 14 15 16 }
	Port: bno055_uart_uart_write_reg : uart_rx | {13 14 15 16 }
  - Chain level:
	State 1
	State 2
	State 3
	State 4
	State 5
		stg_23 : 1
	State 6
	State 7
	State 8
	State 9
	State 10
	State 11
	State 12
	State 13
	State 14
	State 15
	State 16


============================================================
+ Verbose Summary: Datapath Resource usage 
============================================================

* Functional unit list:
|----------|-----------------------------------------|---------|---------|---------|
| Operation|             Functional Unit             |  Delay  |    FF   |   LUT   |
|----------|-----------------------------------------|---------|---------|---------|
|          | grp_bno055_uart_uart_receive_byte_fu_44 |  1.571  |   155   |    78   |
|   call   |   grp_bno055_uart_uart_send_byte_fu_52  |  1.571  |   114   |    45   |
|          |      grp_bno055_uart_wait_tmr_fu_64     |    0    |    82   |    38   |
|----------|-----------------------------------------|---------|---------|---------|
|   read   |         reg_addr_read_read_fu_32        |    0    |    0    |    0    |
|          |           data_read_read_fu_38          |    0    |    0    |    0    |
|----------|-----------------------------------------|---------|---------|---------|
|   zext   |           reg_addr_cast_fu_72           |    0    |    0    |    0    |
|----------|-----------------------------------------|---------|---------|---------|
|   Total  |                                         |  3.142  |   351   |   161   |
|----------|-----------------------------------------|---------|---------|---------|

Memories:
N/A

* Register list:
+--------------------+--------+
|                    |   FF   |
+--------------------+--------+
|  data_read_reg_82  |    8   |
|reg_addr_cast_reg_77|    8   |
+--------------------+--------+
|        Total       |   16   |
+--------------------+--------+

* Multiplexer (MUX) list: 
|--------------------------------------|------|------|------|--------||---------||---------|
|                 Comp                 |  Pin | Size |  BW  | S x BW ||  Delay  ||   LUT   |
|--------------------------------------|------|------|------|--------||---------||---------|
| grp_bno055_uart_uart_send_byte_fu_52 |  p1  |   6  |   8  |   48   ||    8    |
|--------------------------------------|------|------|------|--------||---------||---------|
|                 Total                |      |      |      |   48   ||  1.939  ||    8    |
|--------------------------------------|------|------|------|--------||---------||---------|



* Summary:
+-----------+--------+--------+--------+
|           |  Delay |   FF   |   LUT  |
+-----------+--------+--------+--------+
|  Function |    3   |   351  |   161  |
|   Memory  |    -   |    -   |    -   |
|Multiplexer|    1   |    -   |    8   |
|  Register |    -   |   16   |    -   |
+-----------+--------+--------+--------+
|   Total   |    5   |   367  |   169  |
+-----------+--------+--------+--------+
