==============================================================
File generated by Vivado(TM) HLS - High-Level Synthesis from C, C++ and SystemC
Version: 2016.1
Copyright (C) 1986-2016 Xilinx, Inc. All Rights Reserved.

==============================================================

@I [SYN-201] Setting up clock 'default' with a period of 10ns.
@I [HLS-10] Setting target device to 'xc7a35ticsg324-1l'
@I [SYN-201] Setting up clock 'default' with a period of 10ns.
@I [HLS-10] Analyzing design file 'sharedmem.c' ... 
@I [HLS-10] Validating synthesis directives ...
@I [HLS-10] Starting code transformations ...
@I [HLS-10] Checking synthesizability ...
@W [XFORM-561] 'Loop-2' (sharedmem.c:144:3) in function 'sharedmem' is an infinite loop.
@I [HLS-111] Elapsed time: 13.426 seconds; current memory usage: 75.3 MB.
@I [HLS-10] Starting hardware synthesis ...
@I [HLS-10] Synthesizing 'sharedmem' ...
@I [HLS-10] ----------------------------------------------------------------
@I [HLS-10] -- Scheduling module 'sharedmem' 
@I [HLS-10] ----------------------------------------------------------------
@I [SCHED-11] Starting scheduling ...
@I [SCHED-11] Finished scheduling.
@I [HLS-111] Elapsed time: 0.316 seconds; current memory usage: 78.9 MB.
@I [HLS-10] ----------------------------------------------------------------
@I [HLS-10] -- Exploring micro-architecture for module 'sharedmem' 
@I [HLS-10] ----------------------------------------------------------------
@I [BIND-100] Starting micro-architecture generation ...
@I [BIND-101] Performing variable lifetime analysis.
@I [BIND-101] Exploring resource sharing.
@I [BIND-101] Binding ...
@I [BIND-100] Finished micro-architecture generation.
@I [HLS-111] Elapsed time: 0.285 seconds; current memory usage: 78.9 MB.
@I [HLS-10] ----------------------------------------------------------------
@I [HLS-10] -- Generating RTL for module 'sharedmem' 
@I [HLS-10] ----------------------------------------------------------------
@I [RTGEN-500] Setting interface mode on port 'sharedmem/addr0' to 'ap_none' (register).
@I [RTGEN-500] Setting interface mode on port 'sharedmem/din0' to 'ap_none'.
@I [RTGEN-500] Setting interface mode on port 'sharedmem/dout0' to 'ap_none' (register).
@W [RTGEN-101] Port 'dout0' with mode 'ap_none' may require an associated data valid signal to correctly communicate with other blocks or a test bench; automatic C/RTL co-simulation may not be able to verify such a port.
@I [RTGEN-500] Setting interface mode on port 'sharedmem/r_req0' to 'ap_none'.
@I [RTGEN-500] Setting interface mode on port 'sharedmem/r_ack0' to 'ap_none' (register).
@W [RTGEN-101] Port 'r_ack0' with mode 'ap_none' may require an associated data valid signal to correctly communicate with other blocks or a test bench; automatic C/RTL co-simulation may not be able to verify such a port.
@I [RTGEN-500] Setting interface mode on port 'sharedmem/w_req0' to 'ap_none'.
@I [RTGEN-500] Setting interface mode on port 'sharedmem/w_ack0' to 'ap_none' (register).
@W [RTGEN-101] Port 'w_ack0' with mode 'ap_none' may require an associated data valid signal to correctly communicate with other blocks or a test bench; automatic C/RTL co-simulation may not be able to verify such a port.
@I [RTGEN-500] Setting interface mode on port 'sharedmem/addr1' to 'ap_none' (register).
@I [RTGEN-500] Setting interface mode on port 'sharedmem/din1' to 'ap_none'.
@I [RTGEN-500] Setting interface mode on port 'sharedmem/dout1' to 'ap_none' (register).
@W [RTGEN-101] Port 'dout1' with mode 'ap_none' may require an associated data valid signal to correctly communicate with other blocks or a test bench; automatic C/RTL co-simulation may not be able to verify such a port.
@I [RTGEN-500] Setting interface mode on port 'sharedmem/r_req1' to 'ap_none'.
@I [RTGEN-500] Setting interface mode on port 'sharedmem/r_ack1' to 'ap_none' (register).
@W [RTGEN-101] Port 'r_ack1' with mode 'ap_none' may require an associated data valid signal to correctly communicate with other blocks or a test bench; automatic C/RTL co-simulation may not be able to verify such a port.
@I [RTGEN-500] Setting interface mode on port 'sharedmem/w_req1' to 'ap_none'.
@I [RTGEN-500] Setting interface mode on port 'sharedmem/w_ack1' to 'ap_none' (register).
@W [RTGEN-101] Port 'w_ack1' with mode 'ap_none' may require an associated data valid signal to correctly communicate with other blocks or a test bench; automatic C/RTL co-simulation may not be able to verify such a port.
@I [RTGEN-500] Setting interface mode on port 'sharedmem/addr2' to 'ap_none' (register).
@I [RTGEN-500] Setting interface mode on port 'sharedmem/din2' to 'ap_none'.
@I [RTGEN-500] Setting interface mode on port 'sharedmem/dout2' to 'ap_none' (register).
@W [RTGEN-101] Port 'dout2' with mode 'ap_none' may require an associated data valid signal to correctly communicate with other blocks or a test bench; automatic C/RTL co-simulation may not be able to verify such a port.
@I [RTGEN-500] Setting interface mode on port 'sharedmem/r_req2' to 'ap_none'.
@I [RTGEN-500] Setting interface mode on port 'sharedmem/r_ack2' to 'ap_none' (register).
@W [RTGEN-101] Port 'r_ack2' with mode 'ap_none' may require an associated data valid signal to correctly communicate with other blocks or a test bench; automatic C/RTL co-simulation may not be able to verify such a port.
@I [RTGEN-500] Setting interface mode on port 'sharedmem/w_req2' to 'ap_none'.
@I [RTGEN-500] Setting interface mode on port 'sharedmem/w_ack2' to 'ap_none' (register).
@W [RTGEN-101] Port 'w_ack2' with mode 'ap_none' may require an associated data valid signal to correctly communicate with other blocks or a test bench; automatic C/RTL co-simulation may not be able to verify such a port.
@I [RTGEN-500] Setting interface mode on port 'sharedmem/addr3' to 'ap_none' (register).
@I [RTGEN-500] Setting interface mode on port 'sharedmem/din3' to 'ap_none'.
@I [RTGEN-500] Setting interface mode on port 'sharedmem/dout3' to 'ap_none' (register).
@W [RTGEN-101] Port 'dout3' with mode 'ap_none' may require an associated data valid signal to correctly communicate with other blocks or a test bench; automatic C/RTL co-simulation may not be able to verify such a port.
@I [RTGEN-500] Setting interface mode on port 'sharedmem/r_req3' to 'ap_none'.
@I [RTGEN-500] Setting interface mode on port 'sharedmem/r_ack3' to 'ap_none' (register).
@W [RTGEN-101] Port 'r_ack3' with mode 'ap_none' may require an associated data valid signal to correctly communicate with other blocks or a test bench; automatic C/RTL co-simulation may not be able to verify such a port.
@I [RTGEN-500] Setting interface mode on port 'sharedmem/w_req3' to 'ap_none'.
@I [RTGEN-500] Setting interface mode on port 'sharedmem/w_ack3' to 'ap_none' (register).
@W [RTGEN-101] Port 'w_ack3' with mode 'ap_none' may require an associated data valid signal to correctly communicate with other blocks or a test bench; automatic C/RTL co-simulation may not be able to verify such a port.
@I [RTGEN-500] Setting interface mode on function 'sharedmem' to 'ap_ctrl_hs'.
@W [RTGEN-101] Global scalar 'addr0' will be exposed as RTL port.
@W [RTGEN-101] Global scalar 'din0' will be exposed as RTL port.
@W [RTGEN-101] Global scalar 'dout0' will be exposed as RTL port.
@W [RTGEN-101] Global scalar 'r_req0' will be exposed as RTL port.
@W [RTGEN-101] Global scalar 'r_ack0' will be exposed as RTL port.
@W [RTGEN-101] Global scalar 'w_req0' will be exposed as RTL port.
@W [RTGEN-101] Global scalar 'w_ack0' will be exposed as RTL port.
@W [RTGEN-101] Global scalar 'addr1' will be exposed as RTL port.
@W [RTGEN-101] Global scalar 'din1' will be exposed as RTL port.
@W [RTGEN-101] Global scalar 'dout1' will be exposed as RTL port.
@W [RTGEN-101] Global scalar 'r_req1' will be exposed as RTL port.
@W [RTGEN-101] Global scalar 'r_ack1' will be exposed as RTL port.
@W [RTGEN-101] Global scalar 'w_req1' will be exposed as RTL port.
@W [RTGEN-101] Global scalar 'w_ack1' will be exposed as RTL port.
@W [RTGEN-101] Global scalar 'addr2' will be exposed as RTL port.
@W [RTGEN-101] Global scalar 'din2' will be exposed as RTL port.
@W [RTGEN-101] Global scalar 'dout2' will be exposed as RTL port.
@W [RTGEN-101] Global scalar 'r_req2' will be exposed as RTL port.
@W [RTGEN-101] Global scalar 'r_ack2' will be exposed as RTL port.
@W [RTGEN-101] Global scalar 'w_req2' will be exposed as RTL port.
@W [RTGEN-101] Global scalar 'w_ack2' will be exposed as RTL port.
@W [RTGEN-101] Global scalar 'addr3' will be exposed as RTL port.
@W [RTGEN-101] Global scalar 'din3' will be exposed as RTL port.
@W [RTGEN-101] Global scalar 'dout3' will be exposed as RTL port.
@W [RTGEN-101] Global scalar 'r_req3' will be exposed as RTL port.
@W [RTGEN-101] Global scalar 'r_ack3' will be exposed as RTL port.
@W [RTGEN-101] Global scalar 'w_req3' will be exposed as RTL port.
@W [RTGEN-101] Global scalar 'w_ack3' will be exposed as RTL port.
@I [RTGEN-100] Finished creating RTL model for 'sharedmem'.
@I [HLS-111] Elapsed time: 0.739 seconds; current memory usage: 79.2 MB.
@I [RTMG-278] Implementing memory 'sharedmem_mem_ram' using block RAMs.
@I [HLS-10] Finished generating all RTL models.
@I [SYSC-301] Generating SystemC RTL for sharedmem.
@I [VHDL-304] Generating VHDL RTL for sharedmem.
@I [VLOG-307] Generating Verilog RTL for sharedmem.
@I [HLS-112] Total elapsed time: 17.6 seconds; peak memory usage: 79.2 MB.
