

================================================================
== Vivado HLS Report for 'motor_ctrl_wait_tmr'
================================================================
* Date:           Fri May 27 23:00:19 2016

* Version:        2016.1 (Build 1538259 on Fri Apr 08 16:12:49 MDT 2016)
* Project:        motor_ctrl
* Solution:       solution1
* Product family: artix7
* Target device:  xc7a35ticsg324-1l


================================================================
== Performance Estimates
================================================================
+ Timing (ns): 
    * Summary: 
    +--------+-------+----------+------------+
    |  Clock | Target| Estimated| Uncertainty|
    +--------+-------+----------+------------+
    |ap_clk  |  10.00|      2.78|        1.25|
    +--------+-------+----------+------------+

+ Latency (clock cycles): 
    * Summary: 
    +--------+--------+--------+--------+---------+
    |     Latency     |     Interval    | Pipeline|
    |   min  |   max  |   min  |   max  |   Type  |
    +--------+--------+--------+--------+---------+
    |  100001|  100001|  100001|  100001|   none  |
    +--------+--------+--------+--------+---------+

    + Detail: 
        * Instance: 
        N/A

        * Loop: 
        +----------+--------+--------+----------+-----------+-----------+--------+----------+
        |          |     Latency     | Iteration|  Initiation Interval  |  Trip  |          |
        | Loop Name|   min  |   max  |  Latency |  achieved |   target  |  Count | Pipelined|
        +----------+--------+--------+----------+-----------+-----------+--------+----------+
        |- Loop 1  |  100000|  100000|         1|          -|          -|  100000|    no    |
        +----------+--------+--------+----------+-----------+-----------+--------+----------+

============================================================
+ Verbose Summary: Synthesis Manager
============================================================
InlineROM: 1
ExposeGlobal: 0
============================================================
+ Verbose Summary: CDFG Model
============================================================
IsTopModel: 0
ResetActiveHigh: 1
IsCombinational: 0
IsDatapathOnly: 0
HasWiredReturn: 1
HasMFsm: 0
HasVarLatency: 1
IsPipeline: 0
IsRtlPipelined: 0
IsInstanceOverlapped: 0
IsDontTouch: 0
HasImplIP: 0
IsGatedGlobalClock: 0


============================================================
+ Verbose Summary: Schedule
============================================================
* Number of FSM states: 2
* Pipeline: 0
* Dataflow Pipeline: 0

* FSM state transitions: 
1 --> 
	2  / true
2 --> 
	2  / (!exitcond)
* FSM state operations: 

 <State 1>: 1.57ns
ST_1: stg_3 [1/1] 0.00ns
:0  call void (...)* @_ssdm_op_Wait(i32 1)

ST_1: stg_4 [1/1] 1.57ns
:1  br label %1


 <State 2>: 2.78ns
ST_2: t [1/1] 0.00ns
:0  %t = phi i17 [ 0, %0 ], [ %t_1, %2 ]

ST_2: exitcond [1/1] 2.78ns
:1  %exitcond = icmp eq i17 %t, -31072

ST_2: empty [1/1] 0.00ns
:2  %empty = call i32 (...)* @_ssdm_op_SpecLoopTripCount(i64 100000, i64 100000, i64 100000) nounwind

ST_2: t_1 [1/1] 2.03ns
:3  %t_1 = add i17 %t, 1

ST_2: stg_9 [1/1] 0.00ns
:4  br i1 %exitcond, label %3, label %2

ST_2: dummy_tmr_out_read [1/1] 0.00ns
:0  %dummy_tmr_out_read = call i1 @_ssdm_op_Read.ap_none.volatile.i1P(i1* @dummy_tmr_out) nounwind

ST_2: not_s [1/1] 1.37ns
:1  %not_s = xor i1 %dummy_tmr_out_read, true

ST_2: stg_12 [1/1] 0.00ns
:2  call void @_ssdm_op_Write.ap_none.volatile.i1P(i1* @dummy_tmr_out, i1 %not_s) nounwind

ST_2: stg_13 [1/1] 0.00ns
:3  br label %1

ST_2: stg_14 [1/1] 0.00ns
:0  call void (...)* @_ssdm_op_Wait(i32 1)

ST_2: stg_15 [1/1] 0.00ns
:1  ret void



============================================================
+ Verbose Summary: Binding
============================================================
STG Binding: 
---------------- STG Properties BEGIN ----------------
- Is combinational: 0
- Is one-state seq: 0
- Is datapath-only: 0
- Is clock enabled: 0
- Is pipelined: 0
- Is top level: 0
Port [ Return ] is wired: 1; IO mode=ap_ctrl_hs:ce=0
Port [ dummy_tmr_out]:  wired=1; compound=0; hidden=0; nouse=0; global=1; static=0; extern=0; dir=2; type=0; pingpong=0; private_global=0; linkage=0; visibility=0; IO mode=ap_ovld:ce=0
---------------- STG Properties END ------------------

---------------- Datapath Model BEGIN ----------------

<LifeTime>
<method=bitvector/>
stg_3              (wait             ) [ 000]
stg_4              (br               ) [ 011]
t                  (phi              ) [ 001]
exitcond           (icmp             ) [ 001]
empty              (speclooptripcount) [ 000]
t_1                (add              ) [ 011]
stg_9              (br               ) [ 000]
dummy_tmr_out_read (read             ) [ 000]
not_s              (xor              ) [ 000]
stg_12             (write            ) [ 000]
stg_13             (br               ) [ 011]
stg_14             (wait             ) [ 000]
stg_15             (ret              ) [ 000]
</LifeTime>

<model>

<comp_list>
<comp id="0" class="1000" name="dummy_tmr_out">
<pin_list>
<pin id="1" dir="1" index="0" bw="1" slack="0"/>
</pin_list>
<bind>
<StgValue><ssdm name="dummy_tmr_out"/></StgValue>
</bind>
</comp>

<comp id="2" class="1001" name="const_2">
<pin_list>
<pin id="3" dir="1" index="0" bw="1" slack="2147483647"/>
</pin_list>
<bind>
<StgValue><ssdm name="_ssdm_op_Wait"/></StgValue>
</bind>
</comp>

<comp id="4" class="1001" name="const_4">
<pin_list>
<pin id="5" dir="1" index="0" bw="1" slack="2147483647"/>
</pin_list>
<bind>
<StgValue><ssdm name=""/></StgValue>
</bind>
</comp>

<comp id="6" class="1001" name="const_6">
<pin_list>
<pin id="7" dir="1" index="0" bw="1" slack="1"/>
</pin_list>
<bind>
<StgValue><ssdm name=""/></StgValue>
</bind>
</comp>

<comp id="8" class="1001" name="const_8">
<pin_list>
<pin id="9" dir="1" index="0" bw="1" slack="0"/>
</pin_list>
<bind>
<StgValue><ssdm name=""/></StgValue>
</bind>
</comp>

<comp id="10" class="1001" name="const_10">
<pin_list>
<pin id="11" dir="1" index="0" bw="1" slack="2147483647"/>
</pin_list>
<bind>
<StgValue><ssdm name="_ssdm_op_SpecLoopTripCount"/></StgValue>
</bind>
</comp>

<comp id="12" class="1001" name="const_12">
<pin_list>
<pin id="13" dir="1" index="0" bw="1" slack="2147483647"/>
</pin_list>
<bind>
<StgValue><ssdm name=""/></StgValue>
</bind>
</comp>

<comp id="14" class="1001" name="const_14">
<pin_list>
<pin id="15" dir="1" index="0" bw="1" slack="0"/>
</pin_list>
<bind>
<StgValue><ssdm name=""/></StgValue>
</bind>
</comp>

<comp id="16" class="1001" name="const_16">
<pin_list>
<pin id="17" dir="1" index="0" bw="1" slack="0"/>
</pin_list>
<bind>
<StgValue><ssdm name="_ssdm_op_Read.ap_none.volatile.i1P"/></StgValue>
</bind>
</comp>

<comp id="18" class="1001" name="const_18">
<pin_list>
<pin id="19" dir="1" index="0" bw="1" slack="0"/>
</pin_list>
<bind>
<StgValue><ssdm name=""/></StgValue>
</bind>
</comp>

<comp id="20" class="1001" name="const_20">
<pin_list>
<pin id="21" dir="1" index="0" bw="1" slack="0"/>
</pin_list>
<bind>
<StgValue><ssdm name="_ssdm_op_Write.ap_none.volatile.i1P"/></StgValue>
</bind>
</comp>

<comp id="22" class="1004" name="dummy_tmr_out_read_read_fu_22">
<pin_list>
<pin id="23" dir="0" index="0" bw="1" slack="0"/>
<pin id="24" dir="0" index="1" bw="1" slack="0"/>
<pin id="25" dir="1" index="2" bw="1" slack="0"/>
</pin_list>
<bind>
<opcode="read(1150) " fcode="read"/>
<opset="dummy_tmr_out_read/2 "/>
</bind>
</comp>

<comp id="28" class="1004" name="stg_12_write_fu_28">
<pin_list>
<pin id="29" dir="0" index="0" bw="0" slack="0"/>
<pin id="30" dir="0" index="1" bw="1" slack="0"/>
<pin id="31" dir="0" index="2" bw="1" slack="0"/>
<pin id="32" dir="1" index="3" bw="0" slack="2147483647"/>
</pin_list>
<bind>
<opcode="write(1151) " fcode="write"/>
<opset="stg_12/2 "/>
</bind>
</comp>

<comp id="35" class="1005" name="t_reg_35">
<pin_list>
<pin id="36" dir="0" index="0" bw="17" slack="1"/>
<pin id="37" dir="1" index="1" bw="17" slack="1"/>
</pin_list>
<bind>
<opset="t (phireg) "/>
</bind>
</comp>

<comp id="39" class="1004" name="t_phi_fu_39">
<pin_list>
<pin id="40" dir="0" index="0" bw="1" slack="1"/>
<pin id="41" dir="0" index="1" bw="0" slack="2147483647"/>
<pin id="42" dir="0" index="2" bw="17" slack="0"/>
<pin id="43" dir="0" index="3" bw="0" slack="2147483647"/>
<pin id="44" dir="1" index="4" bw="17" slack="0"/>
</pin_list>
<bind>
<opcode="phi(47) " fcode="phi"/>
<opset="t/2 "/>
</bind>
</comp>

<comp id="46" class="1004" name="exitcond_fu_46">
<pin_list>
<pin id="47" dir="0" index="0" bw="17" slack="0"/>
<pin id="48" dir="0" index="1" bw="16" slack="0"/>
<pin id="49" dir="1" index="2" bw="1" slack="2147483647"/>
</pin_list>
<bind>
<opcode="icmp(45) " fcode="icmp"/>
<opset="exitcond/2 "/>
</bind>
</comp>

<comp id="52" class="1004" name="t_1_fu_52">
<pin_list>
<pin id="53" dir="0" index="0" bw="17" slack="0"/>
<pin id="54" dir="0" index="1" bw="1" slack="0"/>
<pin id="55" dir="1" index="2" bw="17" slack="0"/>
</pin_list>
<bind>
<opcode="add(8) " fcode="add"/>
<opset="t_1/2 "/>
</bind>
</comp>

<comp id="58" class="1004" name="not_s_fu_58">
<pin_list>
<pin id="59" dir="0" index="0" bw="1" slack="0"/>
<pin id="60" dir="0" index="1" bw="1" slack="0"/>
<pin id="61" dir="1" index="2" bw="1" slack="0"/>
</pin_list>
<bind>
<opcode="xor(25) " fcode="xor"/>
<opset="not_s/2 "/>
</bind>
</comp>

<comp id="68" class="1005" name="t_1_reg_68">
<pin_list>
<pin id="69" dir="0" index="0" bw="17" slack="0"/>
<pin id="70" dir="1" index="1" bw="17" slack="0"/>
</pin_list>
<bind>
<opset="t_1 "/>
</bind>
</comp>

</comp_list>

<net_list>
<net id="26"><net_src comp="16" pin="0"/><net_sink comp="22" pin=0"/></net>

<net id="27"><net_src comp="0" pin="0"/><net_sink comp="22" pin=1"/></net>

<net id="33"><net_src comp="20" pin="0"/><net_sink comp="28" pin=0"/></net>

<net id="34"><net_src comp="0" pin="0"/><net_sink comp="28" pin=1"/></net>

<net id="38"><net_src comp="6" pin="0"/><net_sink comp="35" pin=0"/></net>

<net id="45"><net_src comp="35" pin="1"/><net_sink comp="39" pin=0"/></net>

<net id="50"><net_src comp="39" pin="4"/><net_sink comp="46" pin=0"/></net>

<net id="51"><net_src comp="8" pin="0"/><net_sink comp="46" pin=1"/></net>

<net id="56"><net_src comp="39" pin="4"/><net_sink comp="52" pin=0"/></net>

<net id="57"><net_src comp="14" pin="0"/><net_sink comp="52" pin=1"/></net>

<net id="62"><net_src comp="22" pin="2"/><net_sink comp="58" pin=0"/></net>

<net id="63"><net_src comp="18" pin="0"/><net_sink comp="58" pin=1"/></net>

<net id="64"><net_src comp="58" pin="2"/><net_sink comp="28" pin=2"/></net>

<net id="71"><net_src comp="52" pin="2"/><net_sink comp="68" pin=0"/></net>

<net id="72"><net_src comp="68" pin="1"/><net_sink comp="39" pin=2"/></net>

</net_list>

</model> 
---------------- Datapath Model END ------------------

* FSMD analyzer results:
  - Output states:
	Port: dummy_tmr_out | {2 }
 - Input state : 
	Port: motor_ctrl_wait_tmr : dummy_tmr_out | {2 }
  - Chain level:
	State 1
	State 2
		exitcond : 1
		t_1 : 1
		stg_9 : 2


============================================================
+ Verbose Summary: Datapath Resource usage 
============================================================

* Functional unit list:
|----------|-------------------------------|---------|---------|
| Operation|        Functional Unit        |    FF   |   LUT   |
|----------|-------------------------------|---------|---------|
|    add   |           t_1_fu_52           |    0    |    17   |
|----------|-------------------------------|---------|---------|
|   icmp   |         exitcond_fu_46        |    0    |    6    |
|----------|-------------------------------|---------|---------|
|    xor   |          not_s_fu_58          |    0    |    1    |
|----------|-------------------------------|---------|---------|
|   read   | dummy_tmr_out_read_read_fu_22 |    0    |    0    |
|----------|-------------------------------|---------|---------|
|   write  |       stg_12_write_fu_28      |    0    |    0    |
|----------|-------------------------------|---------|---------|
|   Total  |                               |    0    |    24   |
|----------|-------------------------------|---------|---------|

Memories:
N/A

* Register list:
+----------+--------+
|          |   FF   |
+----------+--------+
|t_1_reg_68|   17   |
| t_reg_35 |   17   |
+----------+--------+
|   Total  |   34   |
+----------+--------+

* Multiplexer (MUX) list: 
|--------|------|------|------|--------|
|  Comp  |  Pin | Size |  BW  | S x BW |
|--------|------|------|------|--------|
|  Total |      |      |      |    0   |
|--------|------|------|------|--------|



* Summary:
+-----------+--------+--------+
|           |   FF   |   LUT  |
+-----------+--------+--------+
|  Function |    0   |   24   |
|   Memory  |    -   |    -   |
|Multiplexer|    -   |    -   |
|  Register |   34   |    -   |
+-----------+--------+--------+
|   Total   |   34   |   24   |
+-----------+--------+--------+
