

================================================================
== Vivado HLS Report for 'lcddrv_wait_tmr'
================================================================
* Date:           Fri May 27 17:26:43 2016

* Version:        2016.1 (Build 1538259 on Fri Apr 08 16:12:49 MDT 2016)
* Project:        lcddrv
* Solution:       solution1
* Product family: artix7
* Target device:  xc7a35ticsg324-1l


================================================================
== Performance Estimates
================================================================
+ Timing (ns): 
    * Summary: 
    +--------+-------+----------+------------+
    |  Clock | Target| Estimated| Uncertainty|
    +--------+-------+----------+------------+
    |ap_clk  |  10.00|      2.86|        1.25|
    +--------+-------+----------+------------+

+ Latency (clock cycles): 
    * Summary: 
    +------+----------+------+----------+---------+
    |     Latency     |     Interval    | Pipeline|
    |  min |    max   |  min |    max   |   Type  |
    +------+----------+------+----------+---------+
    |  1002|  10000002|  1002|  10000002|   none  |
    +------+----------+------+----------+---------+

    + Detail: 
        * Instance: 
        N/A

        * Loop: 
        +----------+------+----------+----------+-----------+-----------+-----------------+----------+
        |          |     Latency     | Iteration|  Initiation Interval  |       Trip      |          |
        | Loop Name|  min |    max   |  Latency |  achieved |   target  |      Count      | Pipelined|
        +----------+------+----------+----------+-----------+-----------+-----------------+----------+
        |- Loop 1  |  1000|  10000000|         1|          -|          -| 1000 ~ 10000000 |    no    |
        +----------+------+----------+----------+-----------+-----------+-----------------+----------+



================================================================
== Utilization Estimates
================================================================
* Summary: 
+-----------------+---------+-------+-------+-------+
|       Name      | BRAM_18K| DSP48E|   FF  |  LUT  |
+-----------------+---------+-------+-------+-------+
|DSP              |        -|      -|      -|      -|
|Expression       |        -|      -|      0|     35|
|FIFO             |        -|      -|      -|      -|
|Instance         |        -|      -|      -|      -|
|Memory           |        -|      -|      -|      -|
|Multiplexer      |        -|      -|      -|     26|
|Register         |        -|      -|     27|      -|
+-----------------+---------+-------+-------+-------+
|Total            |        0|      0|     27|     61|
+-----------------+---------+-------+-------+-------+
|Available        |      100|     90|  41600|  20800|
+-----------------+---------+-------+-------+-------+
|Utilization (%)  |        0|      0|   ~0  |   ~0  |
+-----------------+---------+-------+-------+-------+

+ Detail: 
    * Instance: 
    N/A

    * DSP48: 
    N/A

    * Memory: 
    N/A

    * FIFO: 
    N/A

    * Expression: 
    +-------------------+----------+-------+---+----+------------+------------+
    |   Variable Name   | Operation| DSP48E| FF| LUT| Bitwidth P0| Bitwidth P1|
    +-------------------+----------+-------+---+----+------------+------------+
    |t_1_fu_67_p2       |     +    |      0|  0|  24|          24|           1|
    |exitcond_fu_62_p2  |   icmp   |      0|  0|   9|          25|          25|
    |not_s_fu_73_p2     |    xor   |      0|  0|   2|           1|           2|
    +-------------------+----------+-------+---+----+------------+------------+
    |Total              |          |      0|  0|  35|          50|          28|
    +-------------------+----------+-------+---+----+------------+------------+

    * Multiplexer: 
    +-----------------+----+-----------+-----+-----------+
    |       Name      | LUT| Input Size| Bits| Total Bits|
    +-----------------+----+-----------+-----+-----------+
    |ap_NS_fsm        |   1|          4|    1|          4|
    |dummy_tmr_out_o  |   1|          2|    1|          2|
    |t_reg_47         |  24|          2|   24|         48|
    +-----------------+----+-----------+-----+-----------+
    |Total            |  26|          8|   26|         54|
    +-----------------+----+-----------+-----+-----------+

    * Register: 
    +-----------+----+----+-----+-----------+
    |    Name   | FF | LUT| Bits| Const Bits|
    +-----------+----+----+-----+-----------+
    |ap_CS_fsm  |   3|   0|    3|          0|
    |t_reg_47   |  24|   0|   24|          0|
    +-----------+----+----+-----+-----------+
    |Total      |  27|   0|   27|          0|
    +-----------+----+----+-----+-----------+



================================================================
== Interface
================================================================
* Summary: 
+------------------------+-----+-----+------------+-----------------+--------------+
|        RTL Ports       | Dir | Bits|  Protocol  |  Source Object  |    C Type    |
+------------------------+-----+-----+------------+-----------------+--------------+
|ap_clk                  |  in |    1| ap_ctrl_hs | lcddrv_wait_tmr | return value |
|ap_rst                  |  in |    1| ap_ctrl_hs | lcddrv_wait_tmr | return value |
|ap_start                |  in |    1| ap_ctrl_hs | lcddrv_wait_tmr | return value |
|ap_done                 | out |    1| ap_ctrl_hs | lcddrv_wait_tmr | return value |
|ap_idle                 | out |    1| ap_ctrl_hs | lcddrv_wait_tmr | return value |
|ap_ready                | out |    1| ap_ctrl_hs | lcddrv_wait_tmr | return value |
|tmr                     |  in |   25|   ap_none  |       tmr       |    scalar    |
|dummy_tmr_out_i         |  in |    1|   ap_ovld  |  dummy_tmr_out  |    pointer   |
|dummy_tmr_out_o         | out |    1|   ap_ovld  |  dummy_tmr_out  |    pointer   |
|dummy_tmr_out_o_ap_vld  | out |    1|   ap_ovld  |  dummy_tmr_out  |    pointer   |
+------------------------+-----+-----+------------+-----------------+--------------+

