==============================================================
File generated by Vivado(TM) HLS - High-Level Synthesis from C, C++ and SystemC
Version: 2016.1
Copyright (C) 1986-2016 Xilinx, Inc. All Rights Reserved.

==============================================================

@I [SYN-201] Setting up clock 'default' with a period of 10ns.
@I [HLS-10] Setting target device to 'xc7a35ticsg324-1l'
@I [SYN-201] Setting up clock 'default' with a period of 10ns.
@I [HLS-10] Analyzing design file 'motor_ctrl.c' ... 
@I [HLS-10] Validating synthesis directives ...
@I [HLS-10] Starting code transformations ...
@I [HLS-10] Checking synthesizability ...
@I [XFORM-401] Performing if-conversion on hyperblock from (motor_ctrl.c:308:10) to (motor_ctrl.c:392:3) in function 'motor_ctrl'... converting 10 basic blocks.
@I [XFORM-603] Evaluating the output(s) of a call to function 'bin2char' (motor_ctrl.c:411:17) in function 'motor_ctrl' and propagating its result(s) since all actual argument(s) to the function are constants.
@I [XFORM-603] Evaluating the output(s) of a call to function 'bin2char' (motor_ctrl.c:414:17) in function 'motor_ctrl' and propagating its result(s) since all actual argument(s) to the function are constants.
@W [XFORM-561] 'Loop-2' (motor_ctrl.c:256:3) in function 'motor_ctrl' is an infinite loop.
@I [HLS-111] Elapsed time: 15.574 seconds; current memory usage: 122 MB.
@I [HLS-10] Starting hardware synthesis ...
@I [HLS-10] Synthesizing 'motor_ctrl' ...
@I [HLS-10] ----------------------------------------------------------------
@I [HLS-10] -- Scheduling module 'motor_ctrl_write_mem' 
@I [HLS-10] ----------------------------------------------------------------
@I [SCHED-11] Starting scheduling ...
@I [SCHED-11] Finished scheduling.
@I [HLS-111] Elapsed time: 0.249 seconds; current memory usage: 124 MB.
@I [HLS-10] ----------------------------------------------------------------
@I [HLS-10] -- Exploring micro-architecture for module 'motor_ctrl_write_mem' 
@I [HLS-10] ----------------------------------------------------------------
@I [BIND-100] Starting micro-architecture generation ...
@I [BIND-101] Performing variable lifetime analysis.
@I [BIND-101] Exploring resource sharing.
@I [BIND-101] Binding ...
@I [BIND-100] Finished micro-architecture generation.
@I [HLS-111] Elapsed time: 0.1 seconds; current memory usage: 123 MB.
@I [HLS-10] ----------------------------------------------------------------
@I [HLS-10] -- Scheduling module 'motor_ctrl_read_mem' 
@I [HLS-10] ----------------------------------------------------------------
@I [SCHED-11] Starting scheduling ...
@I [SCHED-11] Finished scheduling.
@I [HLS-111] Elapsed time: 0.128 seconds; current memory usage: 124 MB.
@I [HLS-10] ----------------------------------------------------------------
@I [HLS-10] -- Exploring micro-architecture for module 'motor_ctrl_read_mem' 
@I [HLS-10] ----------------------------------------------------------------
@I [BIND-100] Starting micro-architecture generation ...
@I [BIND-101] Performing variable lifetime analysis.
@I [BIND-101] Exploring resource sharing.
@I [BIND-101] Binding ...
@I [BIND-100] Finished micro-architecture generation.
@I [HLS-111] Elapsed time: 0.088 seconds; current memory usage: 124 MB.
@I [HLS-10] ----------------------------------------------------------------
@I [HLS-10] -- Scheduling module 'motor_ctrl_bin2char' 
@I [HLS-10] ----------------------------------------------------------------
@I [SCHED-11] Starting scheduling ...
@I [SCHED-11] Finished scheduling.
@I [HLS-111] Elapsed time: 0.116 seconds; current memory usage: 124 MB.
@I [HLS-10] ----------------------------------------------------------------
@I [HLS-10] -- Exploring micro-architecture for module 'motor_ctrl_bin2char' 
@I [HLS-10] ----------------------------------------------------------------
@I [BIND-100] Starting micro-architecture generation ...
@I [BIND-101] Performing variable lifetime analysis.
@I [BIND-101] Exploring resource sharing.
@I [BIND-101] Binding ...
@I [BIND-100] Finished micro-architecture generation.
@I [HLS-111] Elapsed time: 0.122 seconds; current memory usage: 124 MB.
@I [HLS-10] ----------------------------------------------------------------
@I [HLS-10] -- Scheduling module 'motor_ctrl_diff_angle' 
@I [HLS-10] ----------------------------------------------------------------
@I [SCHED-11] Starting scheduling ...
@I [SCHED-11] Finished scheduling.
@I [HLS-111] Elapsed time: 0.169 seconds; current memory usage: 125 MB.
@I [HLS-10] ----------------------------------------------------------------
@I [HLS-10] -- Exploring micro-architecture for module 'motor_ctrl_diff_angle' 
@I [HLS-10] ----------------------------------------------------------------
@I [BIND-100] Starting micro-architecture generation ...
@I [BIND-101] Performing variable lifetime analysis.
@I [BIND-101] Exploring resource sharing.
@I [BIND-101] Binding ...
@I [BIND-100] Finished micro-architecture generation.
@I [HLS-111] Elapsed time: 0.127 seconds; current memory usage: 125 MB.
@I [HLS-10] ----------------------------------------------------------------
@I [HLS-10] -- Scheduling module 'motor_ctrl_wait_tmr' 
@I [HLS-10] ----------------------------------------------------------------
@I [SCHED-11] Starting scheduling ...
@I [SCHED-11] Finished scheduling.
@I [HLS-111] Elapsed time: 0.164 seconds; current memory usage: 125 MB.
@I [HLS-10] ----------------------------------------------------------------
@I [HLS-10] -- Exploring micro-architecture for module 'motor_ctrl_wait_tmr' 
@I [HLS-10] ----------------------------------------------------------------
@I [BIND-100] Starting micro-architecture generation ...
@I [BIND-101] Performing variable lifetime analysis.
@I [BIND-101] Exploring resource sharing.
@I [BIND-101] Binding ...
@I [BIND-100] Finished micro-architecture generation.
@I [HLS-111] Elapsed time: 0.085 seconds; current memory usage: 125 MB.
@I [HLS-10] ----------------------------------------------------------------
@I [HLS-10] -- Scheduling module 'motor_ctrl' 
@I [HLS-10] ----------------------------------------------------------------
@I [SCHED-11] Starting scheduling ...
@I [SCHED-11] Finished scheduling.
@I [HLS-111] Elapsed time: 0.389 seconds; current memory usage: 128 MB.
@I [HLS-10] ----------------------------------------------------------------
@I [HLS-10] -- Exploring micro-architecture for module 'motor_ctrl' 
@I [HLS-10] ----------------------------------------------------------------
@I [BIND-100] Starting micro-architecture generation ...
@I [BIND-101] Performing variable lifetime analysis.
@I [BIND-101] Exploring resource sharing.
@I [BIND-101] Binding ...
@I [BIND-100] Finished micro-architecture generation.
@I [HLS-111] Elapsed time: 0.418 seconds; current memory usage: 128 MB.
@I [HLS-10] ----------------------------------------------------------------
@I [HLS-10] -- Generating RTL for module 'motor_ctrl_write_mem' 
@I [HLS-10] ----------------------------------------------------------------
@I [RTGEN-100] Finished creating RTL model for 'motor_ctrl_write_mem'.
@I [HLS-111] Elapsed time: 0.548 seconds; current memory usage: 129 MB.
@I [HLS-10] ----------------------------------------------------------------
@I [HLS-10] -- Generating RTL for module 'motor_ctrl_read_mem' 
@I [HLS-10] ----------------------------------------------------------------
@I [RTGEN-100] Finished creating RTL model for 'motor_ctrl_read_mem'.
@I [HLS-111] Elapsed time: 0.285 seconds; current memory usage: 129 MB.
@I [HLS-10] ----------------------------------------------------------------
@I [HLS-10] -- Generating RTL for module 'motor_ctrl_bin2char' 
@I [HLS-10] ----------------------------------------------------------------
@I [RTGEN-100] Finished creating RTL model for 'motor_ctrl_bin2char'.
@I [HLS-111] Elapsed time: 0.247 seconds; current memory usage: 129 MB.
@I [HLS-10] ----------------------------------------------------------------
@I [HLS-10] -- Generating RTL for module 'motor_ctrl_diff_angle' 
@I [HLS-10] ----------------------------------------------------------------
@I [RTGEN-100] Generating core module 'motor_ctrl_urem_19ns_17ns_19_23_seq': 1 instance(s).
@I [RTGEN-100] Generating core module 'motor_ctrl_urem_21ns_17ns_20_25_seq': 1 instance(s).
@I [RTGEN-100] Finished creating RTL model for 'motor_ctrl_diff_angle'.
@I [HLS-111] Elapsed time: 0.301 seconds; current memory usage: 128 MB.
@I [HLS-10] ----------------------------------------------------------------
@I [HLS-10] -- Generating RTL for module 'motor_ctrl_wait_tmr' 
@I [HLS-10] ----------------------------------------------------------------
@I [RTGEN-100] Finished creating RTL model for 'motor_ctrl_wait_tmr'.
@I [HLS-111] Elapsed time: 0.401 seconds; current memory usage: 128 MB.
@I [HLS-10] ----------------------------------------------------------------
@I [HLS-10] -- Generating RTL for module 'motor_ctrl' 
@I [HLS-10] ----------------------------------------------------------------
@I [RTGEN-500] Setting interface mode on port 'motor_ctrl/dummy_tmr_out' to 'ap_none' (register).
@W [RTGEN-101] Port 'dummy_tmr_out' with mode 'ap_none' may require an associated data valid signal to correctly communicate with other blocks or a test bench; automatic C/RTL co-simulation may not be able to verify such a port.
@I [RTGEN-500] Setting interface mode on port 'motor_ctrl/l_dir' to 'ap_none' (register).
@W [RTGEN-101] Port 'l_dir' with mode 'ap_none' may require an associated data valid signal to correctly communicate with other blocks or a test bench; automatic C/RTL co-simulation may not be able to verify such a port.
@I [RTGEN-500] Setting interface mode on port 'motor_ctrl/l_pwm' to 'ap_none' (register).
@W [RTGEN-101] Port 'l_pwm' with mode 'ap_none' may require an associated data valid signal to correctly communicate with other blocks or a test bench; automatic C/RTL co-simulation may not be able to verify such a port.
@I [RTGEN-500] Setting interface mode on port 'motor_ctrl/r_dir' to 'ap_none' (register).
@W [RTGEN-101] Port 'r_dir' with mode 'ap_none' may require an associated data valid signal to correctly communicate with other blocks or a test bench; automatic C/RTL co-simulation may not be able to verify such a port.
@I [RTGEN-500] Setting interface mode on port 'motor_ctrl/r_pwm' to 'ap_none' (register).
@W [RTGEN-101] Port 'r_pwm' with mode 'ap_none' may require an associated data valid signal to correctly communicate with other blocks or a test bench; automatic C/RTL co-simulation may not be able to verify such a port.
@I [RTGEN-500] Setting interface mode on port 'motor_ctrl/mem_addr' to 'ap_none' (register).
@W [RTGEN-101] Port 'mem_addr' with mode 'ap_none' may require an associated data valid signal to correctly communicate with other blocks or a test bench; automatic C/RTL co-simulation may not be able to verify such a port.
@I [RTGEN-500] Setting interface mode on port 'motor_ctrl/mem_din' to 'ap_none'.
@I [RTGEN-500] Setting interface mode on port 'motor_ctrl/mem_dout' to 'ap_none' (register).
@W [RTGEN-101] Port 'mem_dout' with mode 'ap_none' may require an associated data valid signal to correctly communicate with other blocks or a test bench; automatic C/RTL co-simulation may not be able to verify such a port.
@I [RTGEN-500] Setting interface mode on port 'motor_ctrl/mem_wreq' to 'ap_none' (register).
@W [RTGEN-101] Port 'mem_wreq' with mode 'ap_none' may require an associated data valid signal to correctly communicate with other blocks or a test bench; automatic C/RTL co-simulation may not be able to verify such a port.
@I [RTGEN-500] Setting interface mode on port 'motor_ctrl/mem_wack' to 'ap_none'.
@I [RTGEN-500] Setting interface mode on port 'motor_ctrl/mem_rreq' to 'ap_none' (register).
@W [RTGEN-101] Port 'mem_rreq' with mode 'ap_none' may require an associated data valid signal to correctly communicate with other blocks or a test bench; automatic C/RTL co-simulation may not be able to verify such a port.
@I [RTGEN-500] Setting interface mode on port 'motor_ctrl/mem_rack' to 'ap_none'.
@I [RTGEN-500] Setting interface mode on function 'motor_ctrl' to 'ap_ctrl_hs'.
@W [RTGEN-101] Global scalar 'dummy_tmr_out' will be exposed as RTL port.
@W [RTGEN-101] Global scalar 'l_dir' will be exposed as RTL port.
@W [RTGEN-101] Global scalar 'l_pwm' will be exposed as RTL port.
@W [RTGEN-101] Global scalar 'r_dir' will be exposed as RTL port.
@W [RTGEN-101] Global scalar 'r_pwm' will be exposed as RTL port.
@W [RTGEN-101] Global scalar 'mem_addr' will be exposed as RTL port.
@W [RTGEN-101] Global scalar 'mem_din' will be exposed as RTL port.
@W [RTGEN-101] Global scalar 'mem_dout' will be exposed as RTL port.
@W [RTGEN-101] Global scalar 'mem_wreq' will be exposed as RTL port.
@W [RTGEN-101] Global scalar 'mem_wack' will be exposed as RTL port.
@W [RTGEN-101] Global scalar 'mem_rreq' will be exposed as RTL port.
@W [RTGEN-101] Global scalar 'mem_rack' will be exposed as RTL port.
@I [RTGEN-100] Finished creating RTL model for 'motor_ctrl'.
@I [HLS-111] Elapsed time: 1.237 seconds; current memory usage: 130 MB.
@I [RTMG-282] Generating pipelined core: 'motor_ctrl_urem_19ns_17ns_19_23_seq_div'
@I [RTMG-282] Generating pipelined core: 'motor_ctrl_urem_21ns_17ns_20_25_seq_div'
@I [HLS-10] Finished generating all RTL models.
@I [SYSC-301] Generating SystemC RTL for motor_ctrl.
@I [VHDL-304] Generating VHDL RTL for motor_ctrl.
@I [VLOG-307] Generating Verilog RTL for motor_ctrl.
@I [HLS-112] Total elapsed time: 23.646 seconds; peak memory usage: 130 MB.
