

================================================================
== Vivado HLS Report for 'bno055_uart_uart_read_reg'
================================================================
* Date:           Fri May 27 17:23:03 2016

* Version:        2016.1 (Build 1538259 on Fri Apr 08 16:12:49 MDT 2016)
* Project:        bno055_uart
* Solution:       solution1
* Product family: artix7
* Target device:  xc7a35ticsg324-1l


================================================================
== Performance Estimates
================================================================
+ Timing (ns): 
    * Summary: 
    +--------+-------+----------+------------+
    |  Clock | Target| Estimated| Uncertainty|
    +--------+-------+----------+------------+
    |ap_clk  |  10.00|      4.04|        1.25|
    +--------+-------+----------+------------+

+ Latency (clock cycles): 
    * Summary: 
    +-----+-----+-----+-----+---------+
    |  Latency  |  Interval | Pipeline|
    | min | max | min | max |   Type  |
    +-----+-----+-----+-----+---------+
    |    ?|    ?|    ?|    ?|   none  |
    +-----+-----+-----+-----+---------+

    + Detail: 
        * Instance: 
        N/A

        * Loop: 
        N/A

============================================================
+ Verbose Summary: Synthesis Manager
============================================================
InlineROM: 1
ExposeGlobal: 0
============================================================
+ Verbose Summary: CDFG Model
============================================================
IsTopModel: 0
ResetActiveHigh: 1
IsCombinational: 0
IsDatapathOnly: 0
HasWiredReturn: 1
HasMFsm: 0
HasVarLatency: 1
IsPipeline: 0
IsRtlPipelined: 0
IsInstanceOverlapped: 0
IsDontTouch: 0
HasImplIP: 0
IsGatedGlobalClock: 0


============================================================
+ Verbose Summary: Schedule
============================================================
* Number of FSM states: 18
* Pipeline: 0
* Dataflow Pipeline: 0

* FSM state transitions: 
1 --> 
	2  / true
2 --> 
	3  / true
3 --> 
	4  / true
4 --> 
	5  / true
5 --> 
	6  / true
6 --> 
	7  / true
7 --> 
	8  / true
8 --> 
	9  / true
9 --> 
	10  / true
10 --> 
	11  / true
11 --> 
	12  / true
12 --> 
	15  / (tmp)
	13  / (!tmp & tmp_s)
	18  / (!tmp & !tmp_s)
13 --> 
	14  / true
14 --> 
	18  / true
15 --> 
	16  / true
16 --> 
	17  / true
17 --> 
	18  / true
18 --> 
* FSM state operations: 

 <State 1>: 1.28ns
ST_1: stg_19 [2/2] 1.28ns
:1  call fastcc void @bno055_uart_uart_send_byte(i8 zeroext -86)


 <State 2>: 0.00ns
ST_2: stg_20 [1/2] 0.00ns
:1  call fastcc void @bno055_uart_uart_send_byte(i8 zeroext -86)


 <State 3>: 1.28ns
ST_3: stg_21 [2/2] 1.28ns
:3  call fastcc void @bno055_uart_uart_send_byte(i8 zeroext 1)


 <State 4>: 0.00ns
ST_4: stg_22 [1/2] 0.00ns
:3  call fastcc void @bno055_uart_uart_send_byte(i8 zeroext 1)


 <State 5>: 2.32ns
ST_5: reg_addr_read [1/1] 1.04ns
:0  %reg_addr_read = call i8 @_ssdm_op_Read.ap_auto.i8(i8 %reg_addr) nounwind

ST_5: stg_24 [2/2] 1.28ns
:5  call fastcc void @bno055_uart_uart_send_byte(i8 zeroext %reg_addr_read)


 <State 6>: 0.00ns
ST_6: stg_25 [1/2] 0.00ns
:5  call fastcc void @bno055_uart_uart_send_byte(i8 zeroext %reg_addr_read)


 <State 7>: 1.28ns
ST_7: stg_26 [1/1] 0.00ns
:2  call void (...)* @_ssdm_op_Wait(i32 1)

ST_7: stg_27 [2/2] 1.28ns
:7  call fastcc void @bno055_uart_uart_send_byte(i8 zeroext 1)


 <State 8>: 0.00ns
ST_8: stg_28 [1/1] 0.00ns
:4  call void (...)* @_ssdm_op_Wait(i32 1)

ST_8: stg_29 [1/2] 0.00ns
:7  call fastcc void @bno055_uart_uart_send_byte(i8 zeroext 1)


 <State 9>: 2.65ns
ST_9: stg_30 [1/1] 0.00ns
:6  call void (...)* @_ssdm_op_Wait(i32 1)

ST_9: stg_31 [2/2] 2.65ns
:9  call fastcc void @bno055_uart_wait_tmr(i28 1) nounwind


 <State 10>: 2.65ns
ST_10: stg_32 [1/1] 0.00ns
:8  call void (...)* @_ssdm_op_Wait(i32 1)

ST_10: stg_33 [1/2] 2.65ns
:9  call fastcc void @bno055_uart_wait_tmr(i28 1) nounwind


 <State 11>: 0.00ns
ST_11: stg_34 [1/1] 0.00ns
:10  call void (...)* @_ssdm_op_Wait(i32 1)

ST_11: buf [2/2] 0.00ns
:11  %buf = call fastcc zeroext i8 @bno055_uart_uart_receive_byte()


 <State 12>: 4.04ns
ST_12: buf [1/2] 0.00ns
:11  %buf = call fastcc zeroext i8 @bno055_uart_uart_receive_byte()

ST_12: stg_37 [1/1] 0.00ns
:12  call void (...)* @_ssdm_op_Wait(i32 1)

ST_12: tmp [1/1] 2.47ns
:13  %tmp = icmp eq i8 %buf, -69

ST_12: stg_39 [1/1] 0.00ns
:14  br i1 %tmp, label %1, label %2

ST_12: tmp_s [1/1] 2.47ns
:0  %tmp_s = icmp eq i8 %buf, -18

ST_12: stg_41 [1/1] 1.57ns
:1  br i1 %tmp_s, label %3, label %._crit_edge


 <State 13>: 0.00ns
ST_13: buf_3 [2/2] 0.00ns
:1  %buf_3 = call fastcc zeroext i8 @bno055_uart_uart_receive_byte()


 <State 14>: 1.57ns
ST_14: stg_43 [1/1] 0.00ns
:0  call void (...)* @_ssdm_op_Wait(i32 1)

ST_14: buf_3 [1/2] 0.00ns
:1  %buf_3 = call fastcc zeroext i8 @bno055_uart_uart_receive_byte()

ST_14: stg_45 [1/1] 1.57ns
:2  br label %._crit_edge


 <State 15>: 0.00ns
ST_15: empty [2/2] 0.00ns
:1  %empty = call fastcc zeroext i8 @bno055_uart_uart_receive_byte()


 <State 16>: 0.00ns
ST_16: empty [1/2] 0.00ns
:1  %empty = call fastcc zeroext i8 @bno055_uart_uart_receive_byte()


 <State 17>: 0.00ns
ST_17: stg_48 [1/1] 0.00ns
:0  call void (...)* @_ssdm_op_Wait(i32 1)

ST_17: buf_2 [2/2] 0.00ns
:3  %buf_2 = call fastcc zeroext i8 @bno055_uart_uart_receive_byte()


 <State 18>: 1.57ns
ST_18: stg_50 [1/1] 0.00ns
:2  call void (...)* @_ssdm_op_Wait(i32 1)

ST_18: buf_2 [1/2] 0.00ns
:3  %buf_2 = call fastcc zeroext i8 @bno055_uart_uart_receive_byte()

ST_18: stg_52 [1/1] 1.57ns
:4  br label %._crit_edge

ST_18: p_0 [1/1] 0.00ns
._crit_edge:0  %p_0 = phi i8 [ %buf_2, %1 ], [ %buf_3, %3 ], [ %buf, %2 ]

ST_18: stg_54 [1/1] 0.00ns
._crit_edge:1  ret i8 %p_0



============================================================
+ Verbose Summary: Timing violations
============================================================
Target clock period: 10ns, clock uncertainty: 1.25ns.

 No timing violations. 


============================================================
+ Verbose Summary: Binding
============================================================
N/A
* FSMD analyzer results:
  - Output states:
 - Input state : 
  - Chain level:
	State 1
	State 2
	State 3
	State 4
	State 5
	State 6
	State 7
	State 8
	State 9
	State 10
	State 11
	State 12
	State 13
	State 14
	State 15
	State 16
	State 17
	State 18


============================================================
+ Verbose Summary: Datapath Resource usage 
============================================================
N/A
