==============================================================
File generated by Vivado(TM) HLS - High-Level Synthesis from C, C++ and SystemC
Version: 2016.1
Copyright (C) 1986-2016 Xilinx, Inc. All Rights Reserved.

==============================================================

@I [SYN-201] Setting up clock 'default' with a period of 10ns.
@I [HLS-10] Setting target device to 'xc7a35ticsg324-1l'
@I [SYN-201] Setting up clock 'default' with a period of 10ns.
@I [HLS-10] Analyzing design file 'lcddrv.c' ... 
@I [HLS-10] Validating synthesis directives ...
@I [HLS-10] Starting code transformations ...
@I [HLS-10] Checking synthesizability ...
@W [XFORM-561] 'Loop-1' (lcddrv.c:185:8) in function 'lcddrv' is an infinite loop.
@I [HLS-111] Elapsed time: 12.035 seconds; current memory usage: 110 MB.
@I [HLS-10] Starting hardware synthesis ...
@I [HLS-10] Synthesizing 'lcddrv' ...
@I [HLS-10] ----------------------------------------------------------------
@I [HLS-10] -- Scheduling module 'lcddrv_wait_tmr' 
@I [HLS-10] ----------------------------------------------------------------
@I [SCHED-11] Starting scheduling ...
@I [SCHED-11] Finished scheduling.
@I [HLS-111] Elapsed time: 0.18 seconds; current memory usage: 112 MB.
@I [HLS-10] ----------------------------------------------------------------
@I [HLS-10] -- Exploring micro-architecture for module 'lcddrv_wait_tmr' 
@I [HLS-10] ----------------------------------------------------------------
@I [BIND-100] Starting micro-architecture generation ...
@I [BIND-101] Performing variable lifetime analysis.
@I [BIND-101] Exploring resource sharing.
@I [BIND-101] Binding ...
@I [BIND-100] Finished micro-architecture generation.
@I [HLS-111] Elapsed time: 0.116 seconds; current memory usage: 112 MB.
@I [HLS-10] ----------------------------------------------------------------
@I [HLS-10] -- Scheduling module 'lcddrv_lcd_send_cmd' 
@I [HLS-10] ----------------------------------------------------------------
@I [SCHED-11] Starting scheduling ...
@I [SCHED-11] Finished scheduling.
@I [HLS-111] Elapsed time: 0.11 seconds; current memory usage: 112 MB.
@I [HLS-10] ----------------------------------------------------------------
@I [HLS-10] -- Exploring micro-architecture for module 'lcddrv_lcd_send_cmd' 
@I [HLS-10] ----------------------------------------------------------------
@I [BIND-100] Starting micro-architecture generation ...
@I [BIND-101] Performing variable lifetime analysis.
@I [BIND-101] Exploring resource sharing.
@I [BIND-101] Binding ...
@I [BIND-100] Finished micro-architecture generation.
@I [HLS-111] Elapsed time: 0.114 seconds; current memory usage: 112 MB.
@I [HLS-10] ----------------------------------------------------------------
@I [HLS-10] -- Scheduling module 'lcddrv_init_lcd' 
@I [HLS-10] ----------------------------------------------------------------
@I [SCHED-11] Starting scheduling ...
@I [SCHED-11] Finished scheduling.
@I [HLS-111] Elapsed time: 0.131 seconds; current memory usage: 112 MB.
@I [HLS-10] ----------------------------------------------------------------
@I [HLS-10] -- Exploring micro-architecture for module 'lcddrv_init_lcd' 
@I [HLS-10] ----------------------------------------------------------------
@I [BIND-100] Starting micro-architecture generation ...
@I [BIND-101] Performing variable lifetime analysis.
@I [BIND-101] Exploring resource sharing.
@I [BIND-101] Binding ...
@I [BIND-100] Finished micro-architecture generation.
@I [HLS-111] Elapsed time: 0.116 seconds; current memory usage: 112 MB.
@I [HLS-10] ----------------------------------------------------------------
@I [HLS-10] -- Scheduling module 'lcddrv_read_mem' 
@I [HLS-10] ----------------------------------------------------------------
@I [SCHED-11] Starting scheduling ...
@I [SCHED-11] Finished scheduling.
@I [HLS-111] Elapsed time: 0.153 seconds; current memory usage: 113 MB.
@I [HLS-10] ----------------------------------------------------------------
@I [HLS-10] -- Exploring micro-architecture for module 'lcddrv_read_mem' 
@I [HLS-10] ----------------------------------------------------------------
@I [BIND-100] Starting micro-architecture generation ...
@I [BIND-101] Performing variable lifetime analysis.
@I [BIND-101] Exploring resource sharing.
@I [BIND-101] Binding ...
@I [BIND-100] Finished micro-architecture generation.
@I [HLS-111] Elapsed time: 0.116 seconds; current memory usage: 113 MB.
@I [HLS-10] ----------------------------------------------------------------
@I [HLS-10] -- Scheduling module 'lcddrv' 
@I [HLS-10] ----------------------------------------------------------------
@I [SCHED-11] Starting scheduling ...
@I [SCHED-11] Finished scheduling.
@I [HLS-111] Elapsed time: 0.132 seconds; current memory usage: 113 MB.
@I [HLS-10] ----------------------------------------------------------------
@I [HLS-10] -- Exploring micro-architecture for module 'lcddrv' 
@I [HLS-10] ----------------------------------------------------------------
@I [BIND-100] Starting micro-architecture generation ...
@I [BIND-101] Performing variable lifetime analysis.
@I [BIND-101] Exploring resource sharing.
@I [BIND-101] Binding ...
@I [BIND-100] Finished micro-architecture generation.
@I [HLS-111] Elapsed time: 0.2 seconds; current memory usage: 113 MB.
@I [HLS-10] ----------------------------------------------------------------
@I [HLS-10] -- Generating RTL for module 'lcddrv_wait_tmr' 
@I [HLS-10] ----------------------------------------------------------------
@I [RTGEN-100] Finished creating RTL model for 'lcddrv_wait_tmr'.
@I [HLS-111] Elapsed time: 0.201 seconds; current memory usage: 113 MB.
@I [HLS-10] ----------------------------------------------------------------
@I [HLS-10] -- Generating RTL for module 'lcddrv_lcd_send_cmd' 
@I [HLS-10] ----------------------------------------------------------------
@I [RTGEN-100] Finished creating RTL model for 'lcddrv_lcd_send_cmd'.
@I [HLS-111] Elapsed time: 0.285 seconds; current memory usage: 113 MB.
@I [HLS-10] ----------------------------------------------------------------
@I [HLS-10] -- Generating RTL for module 'lcddrv_init_lcd' 
@I [HLS-10] ----------------------------------------------------------------
@I [RTGEN-100] Finished creating RTL model for 'lcddrv_init_lcd'.
@I [HLS-111] Elapsed time: 0.432 seconds; current memory usage: 113 MB.
@I [HLS-10] ----------------------------------------------------------------
@I [HLS-10] -- Generating RTL for module 'lcddrv_read_mem' 
@I [HLS-10] ----------------------------------------------------------------
@I [RTGEN-100] Finished creating RTL model for 'lcddrv_read_mem'.
@I [HLS-111] Elapsed time: 0.307 seconds; current memory usage: 113 MB.
@I [HLS-10] ----------------------------------------------------------------
@I [HLS-10] -- Generating RTL for module 'lcddrv' 
@I [HLS-10] ----------------------------------------------------------------
@I [RTGEN-500] Setting interface mode on port 'lcddrv/dummy_tmr_out' to 'ap_none' (register).
@W [RTGEN-101] Port 'dummy_tmr_out' with mode 'ap_none' may require an associated data valid signal to correctly communicate with other blocks or a test bench; automatic C/RTL co-simulation may not be able to verify such a port.
@I [RTGEN-500] Setting interface mode on port 'lcddrv/rs' to 'ap_none' (register).
@W [RTGEN-101] Port 'rs' with mode 'ap_none' may require an associated data valid signal to correctly communicate with other blocks or a test bench; automatic C/RTL co-simulation may not be able to verify such a port.
@I [RTGEN-500] Setting interface mode on port 'lcddrv/en' to 'ap_none' (register).
@W [RTGEN-101] Port 'en' with mode 'ap_none' may require an associated data valid signal to correctly communicate with other blocks or a test bench; automatic C/RTL co-simulation may not be able to verify such a port.
@I [RTGEN-500] Setting interface mode on port 'lcddrv/data' to 'ap_none' (register).
@W [RTGEN-101] Port 'data' with mode 'ap_none' may require an associated data valid signal to correctly communicate with other blocks or a test bench; automatic C/RTL co-simulation may not be able to verify such a port.
@I [RTGEN-500] Setting interface mode on port 'lcddrv/ind' to 'ap_none' (register).
@I [RTGEN-500] Setting interface mode on port 'lcddrv/mem_addr' to 'ap_none' (register).
@W [RTGEN-101] Port 'mem_addr' with mode 'ap_none' may require an associated data valid signal to correctly communicate with other blocks or a test bench; automatic C/RTL co-simulation may not be able to verify such a port.
@I [RTGEN-500] Setting interface mode on port 'lcddrv/mem_din' to 'ap_none'.
@I [RTGEN-500] Setting interface mode on port 'lcddrv/mem_req' to 'ap_none' (register).
@W [RTGEN-101] Port 'mem_req' with mode 'ap_none' may require an associated data valid signal to correctly communicate with other blocks or a test bench; automatic C/RTL co-simulation may not be able to verify such a port.
@I [RTGEN-500] Setting interface mode on port 'lcddrv/mem_ack' to 'ap_none'.
@I [RTGEN-500] Setting interface mode on function 'lcddrv' to 'ap_ctrl_hs'.
@W [RTGEN-101] Global scalar 'dummy_tmr_out' will be exposed as RTL port.
@W [RTGEN-101] Global scalar 'rs' will be exposed as RTL port.
@W [RTGEN-101] Global scalar 'en' will be exposed as RTL port.
@W [RTGEN-101] Global scalar 'data' will be exposed as RTL port.
@W [RTGEN-101] Global scalar 'ind' will be exposed as RTL port.
@W [RTGEN-101] Global scalar 'mem_addr' will be exposed as RTL port.
@W [RTGEN-101] Global scalar 'mem_din' will be exposed as RTL port.
@W [RTGEN-101] Global scalar 'mem_req' will be exposed as RTL port.
@W [RTGEN-101] Global scalar 'mem_ack' will be exposed as RTL port.
@I [RTGEN-100] Finished creating RTL model for 'lcddrv'.
@I [HLS-111] Elapsed time: 0.559 seconds; current memory usage: 114 MB.
@I [HLS-10] Finished generating all RTL models.
@I [SYSC-301] Generating SystemC RTL for lcddrv.
@I [VHDL-304] Generating VHDL RTL for lcddrv.
@I [VLOG-307] Generating Verilog RTL for lcddrv.
@I [HLS-112] Total elapsed time: 16.369 seconds; peak memory usage: 114 MB.
