

================================================================
== Vivado HLS Report for 'lcddrv_lcd_send_cmd'
================================================================
* Date:           Fri May 27 17:26:43 2016

* Version:        2016.1 (Build 1538259 on Fri Apr 08 16:12:49 MDT 2016)
* Project:        lcddrv
* Solution:       solution1
* Product family: artix7
* Target device:  xc7a35ticsg324-1l


================================================================
== Performance Estimates
================================================================
+ Timing (ns): 
    * Summary: 
    +--------+-------+----------+------------+
    |  Clock | Target| Estimated| Uncertainty|
    +--------+-------+----------+------------+
    |ap_clk  |  10.00|      2.86|        1.25|
    +--------+-------+----------+------------+

+ Latency (clock cycles): 
    * Summary: 
    +------+----------+------+----------+---------+
    |     Latency     |     Interval    | Pipeline|
    |  min |    max   |  min |    max   |   Type  |
    +------+----------+------+----------+---------+
    |  4016|  40000016|  4016|  40000016|   none  |
    +------+----------+------+----------+---------+

    + Detail: 
        * Instance: 
        +---------------------------+-----------------+------+----------+------+----------+---------+
        |                           |                 |     Latency     |     Interval    | Pipeline|
        |          Instance         |      Module     |  min |    max   |  min |    max   |   Type  |
        +---------------------------+-----------------+------+----------+------+----------+---------+
        |grp_lcddrv_wait_tmr_fu_67  |lcddrv_wait_tmr  |  1002|  10000002|  1002|  10000002|   none  |
        +---------------------------+-----------------+------+----------+------+----------+---------+

        * Loop: 
        N/A



================================================================
== Utilization Estimates
================================================================
* Summary: 
+-----------------+---------+-------+-------+-------+
|       Name      | BRAM_18K| DSP48E|   FF  |  LUT  |
+-----------------+---------+-------+-------+-------+
|DSP              |        -|      -|      -|      -|
|Expression       |        -|      -|      -|      -|
|FIFO             |        -|      -|      -|      -|
|Instance         |        -|      -|     27|     61|
|Memory           |        -|      -|      -|      -|
|Multiplexer      |        -|      -|      -|      7|
|Register         |        -|      -|     10|      -|
+-----------------+---------+-------+-------+-------+
|Total            |        0|      0|     37|     68|
+-----------------+---------+-------+-------+-------+
|Available        |      100|     90|  41600|  20800|
+-----------------+---------+-------+-------+-------+
|Utilization (%)  |        0|      0|   ~0  |   ~0  |
+-----------------+---------+-------+-------+-------+

+ Detail: 
    * Instance: 
    +---------------------------+-----------------+---------+-------+----+----+
    |          Instance         |      Module     | BRAM_18K| DSP48E| FF | LUT|
    +---------------------------+-----------------+---------+-------+----+----+
    |grp_lcddrv_wait_tmr_fu_67  |lcddrv_wait_tmr  |        0|      0|  27|  61|
    +---------------------------+-----------------+---------+-------+----+----+
    |Total                      |                 |        0|      0|  27|  61|
    +---------------------------+-----------------+---------+-------+----+----+

    * DSP48: 
    N/A

    * Memory: 
    N/A

    * FIFO: 
    N/A

    * Expression: 
    N/A

    * Multiplexer: 
    +------------------------+----+-----------+-----+-----------+
    |          Name          | LUT| Input Size| Bits| Total Bits|
    +------------------------+----+-----------+-----+-----------+
    |ap_NS_fsm               |   4|         10|    1|         10|
    |dummy_tmr_out_o         |   1|          2|    1|          2|
    |dummy_tmr_out_o_ap_vld  |   1|          2|    1|          2|
    |en                      |   1|          3|    1|          3|
    +------------------------+----+-----------+-----+-----------+
    |Total                   |   7|         17|    4|         17|
    +------------------------+----+-----------+-----+-----------+

    * Register: 
    +-------------------------------------------+---+----+-----+-----------+
    |                    Name                   | FF| LUT| Bits| Const Bits|
    +-------------------------------------------+---+----+-----+-----------+
    |ap_CS_fsm                                  |  9|   0|    9|          0|
    |ap_reg_grp_lcddrv_wait_tmr_fu_67_ap_start  |  1|   0|    1|          0|
    +-------------------------------------------+---+----+-----+-----------+
    |Total                                      | 10|   0|   10|          0|
    +-------------------------------------------+---+----+-----+-----------+



================================================================
== Interface
================================================================
* Summary: 
+------------------------+-----+-----+------------+---------------------+--------------+
|        RTL Ports       | Dir | Bits|  Protocol  |    Source Object    |    C Type    |
+------------------------+-----+-----+------------+---------------------+--------------+
|ap_clk                  |  in |    1| ap_ctrl_hs | lcddrv_lcd_send_cmd | return value |
|ap_rst                  |  in |    1| ap_ctrl_hs | lcddrv_lcd_send_cmd | return value |
|ap_start                |  in |    1| ap_ctrl_hs | lcddrv_lcd_send_cmd | return value |
|ap_done                 | out |    1| ap_ctrl_hs | lcddrv_lcd_send_cmd | return value |
|ap_idle                 | out |    1| ap_ctrl_hs | lcddrv_lcd_send_cmd | return value |
|ap_ready                | out |    1| ap_ctrl_hs | lcddrv_lcd_send_cmd | return value |
|mode                    |  in |    1|   ap_none  |         mode        |    scalar    |
|wd                      |  in |    4|   ap_none  |          wd         |    scalar    |
|en                      | out |    1|   ap_vld   |          en         |    pointer   |
|en_ap_vld               | out |    1|   ap_vld   |          en         |    pointer   |
|dummy_tmr_out_i         |  in |    1|   ap_ovld  |    dummy_tmr_out    |    pointer   |
|dummy_tmr_out_o         | out |    1|   ap_ovld  |    dummy_tmr_out    |    pointer   |
|dummy_tmr_out_o_ap_vld  | out |    1|   ap_ovld  |    dummy_tmr_out    |    pointer   |
|rs                      | out |    1|   ap_vld   |          rs         |    pointer   |
|rs_ap_vld               | out |    1|   ap_vld   |          rs         |    pointer   |
|data                    | out |    4|   ap_vld   |         data        |    pointer   |
|data_ap_vld             | out |    1|   ap_vld   |         data        |    pointer   |
+------------------------+-----+-----+------------+---------------------+--------------+

